2023-11-21 10:12 before_fed Round:   0 | Epochs:   0 | Domain: p | loss: 0.0509 | Acc: 98.25%
2023-11-21 10:12 before_fed Round:   0 | Epochs:   0 | Domain: c | loss: 0.2055 | Acc: 92.41%
2023-11-21 10:13 before_fed Round:   0 | Epochs:   0 | Domain: s | loss: 0.1886 | Acc: 93.47%
2023-11-21 10:13 after_fed Round:   0 | Epochs:   0 | Domain: p | loss: 0.5299 | Acc: 87.13%
2023-11-21 10:13 after_fed Round:   0 | Epochs:   0 | Domain: c | loss: 0.6578 | Acc: 79.32%
2023-11-21 10:13 after_fed Round:   0 | Epochs:   0 | Domain: s | loss: 0.3653 | Acc: 87.94%
2023-11-21 10:13 Model saved! Best Val Acc: 85.23%
2023-11-21 10:13 test_domain Round:   0 | Epochs:   0 | Domain: a | loss: 1.0282 | Acc: 63.72%
2023-11-21 10:13 before_fed Round:   1 | Epochs:   5 | Domain: p | loss: 0.0523 | Acc: 98.83%
2023-11-21 10:13 before_fed Round:   1 | Epochs:   5 | Domain: c | loss: 0.1484 | Acc: 95.78%
2023-11-21 10:14 before_fed Round:   1 | Epochs:   5 | Domain: s | loss: 0.1898 | Acc: 93.22%
2023-11-21 10:14 after_fed Round:   1 | Epochs:   5 | Domain: p | loss: 0.2295 | Acc: 94.74%
2023-11-21 10:14 after_fed Round:   1 | Epochs:   5 | Domain: c | loss: 0.4787 | Acc: 83.54%
2023-11-21 10:14 after_fed Round:   1 | Epochs:   5 | Domain: s | loss: 0.2188 | Acc: 91.21%
2023-11-21 10:14 Model saved! Best Val Acc: 89.69%
2023-11-21 10:14 test_domain Round:   1 | Epochs:   5 | Domain: a | loss: 0.7679 | Acc: 73.83%
2023-11-21 10:14 before_fed Round:   2 | Epochs:  10 | Domain: p | loss: 0.0444 | Acc: 99.42%
2023-11-21 10:14 before_fed Round:   2 | Epochs:  10 | Domain: c | loss: 0.2548 | Acc: 92.41%
2023-11-21 10:14 before_fed Round:   2 | Epochs:  10 | Domain: s | loss: 0.1881 | Acc: 93.97%
2023-11-21 10:14 after_fed Round:   2 | Epochs:  10 | Domain: p | loss: 0.1995 | Acc: 94.15%
2023-11-21 10:14 after_fed Round:   2 | Epochs:  10 | Domain: c | loss: 0.3955 | Acc: 89.45%
2023-11-21 10:14 after_fed Round:   2 | Epochs:  10 | Domain: s | loss: 0.2027 | Acc: 92.71%
2023-11-21 10:14 Model saved! Best Val Acc: 92.05%
2023-11-21 10:14 test_domain Round:   2 | Epochs:  10 | Domain: a | loss: 0.8264 | Acc: 73.68%
2023-11-21 10:14 before_fed Round:   3 | Epochs:  15 | Domain: p | loss: 0.0351 | Acc: 99.42%
2023-11-21 10:15 before_fed Round:   3 | Epochs:  15 | Domain: c | loss: 0.1650 | Acc: 94.94%
2023-11-21 10:15 before_fed Round:   3 | Epochs:  15 | Domain: s | loss: 0.2340 | Acc: 93.97%
2023-11-21 10:15 after_fed Round:   3 | Epochs:  15 | Domain: p | loss: 0.1739 | Acc: 93.57%
2023-11-21 10:15 after_fed Round:   3 | Epochs:  15 | Domain: c | loss: 0.3423 | Acc: 90.72%
2023-11-21 10:15 after_fed Round:   3 | Epochs:  15 | Domain: s | loss: 0.2317 | Acc: 91.71%
2023-11-21 10:15 test_domain Round:   3 | Epochs:  15 | Domain: a | loss: 0.8230 | Acc: 74.66%
2023-11-21 10:15 before_fed Round:   4 | Epochs:  20 | Domain: p | loss: 0.0244 | Acc: 99.42%
2023-11-21 10:15 before_fed Round:   4 | Epochs:  20 | Domain: c | loss: 0.1783 | Acc: 94.09%
2023-11-21 10:16 before_fed Round:   4 | Epochs:  20 | Domain: s | loss: 0.1724 | Acc: 94.47%
2023-11-21 10:16 after_fed Round:   4 | Epochs:  20 | Domain: p | loss: 0.1916 | Acc: 92.40%
2023-11-21 10:16 after_fed Round:   4 | Epochs:  20 | Domain: c | loss: 0.3637 | Acc: 89.87%
2023-11-21 10:16 after_fed Round:   4 | Epochs:  20 | Domain: s | loss: 0.1781 | Acc: 93.72%
2023-11-21 10:16 Model saved! Best Val Acc: 92.31%
2023-11-21 10:16 test_domain Round:   4 | Epochs:  20 | Domain: a | loss: 0.8093 | Acc: 75.63%
2023-11-21 10:16 before_fed Round:   5 | Epochs:  25 | Domain: p | loss: 0.0295 | Acc: 99.42%
2023-11-21 10:16 before_fed Round:   5 | Epochs:  25 | Domain: c | loss: 0.1845 | Acc: 92.83%
2023-11-21 10:17 before_fed Round:   5 | Epochs:  25 | Domain: s | loss: 0.1446 | Acc: 95.48%
2023-11-21 10:17 after_fed Round:   5 | Epochs:  25 | Domain: p | loss: 0.1914 | Acc: 93.57%
2023-11-21 10:17 after_fed Round:   5 | Epochs:  25 | Domain: c | loss: 0.4423 | Acc: 88.19%
2023-11-21 10:17 after_fed Round:   5 | Epochs:  25 | Domain: s | loss: 0.1727 | Acc: 93.47%
2023-11-21 10:17 test_domain Round:   5 | Epochs:  25 | Domain: a | loss: 0.8672 | Acc: 75.49%
2023-11-21 10:17 before_fed Round:   6 | Epochs:  30 | Domain: p | loss: 0.0333 | Acc: 99.42%
2023-11-21 10:17 before_fed Round:   6 | Epochs:  30 | Domain: c | loss: 0.2145 | Acc: 94.09%
2023-11-21 10:17 before_fed Round:   6 | Epochs:  30 | Domain: s | loss: 0.1474 | Acc: 94.22%
2023-11-21 10:17 after_fed Round:   6 | Epochs:  30 | Domain: p | loss: 0.1274 | Acc: 96.49%
2023-11-21 10:17 after_fed Round:   6 | Epochs:  30 | Domain: c | loss: 0.4146 | Acc: 89.87%
2023-11-21 10:17 after_fed Round:   6 | Epochs:  30 | Domain: s | loss: 0.1665 | Acc: 93.72%
2023-11-21 10:17 Model saved! Best Val Acc: 93.17%
2023-11-21 10:17 test_domain Round:   6 | Epochs:  30 | Domain: a | loss: 0.8573 | Acc: 75.44%
2023-11-21 10:17 before_fed Round:   7 | Epochs:  35 | Domain: p | loss: 0.0363 | Acc: 98.25%
2023-11-21 10:18 before_fed Round:   7 | Epochs:  35 | Domain: c | loss: 0.1917 | Acc: 94.94%
2023-11-21 10:18 before_fed Round:   7 | Epochs:  35 | Domain: s | loss: 0.1053 | Acc: 95.48%
2023-11-21 10:18 after_fed Round:   7 | Epochs:  35 | Domain: p | loss: 0.1265 | Acc: 96.49%
2023-11-21 10:18 after_fed Round:   7 | Epochs:  35 | Domain: c | loss: 0.4062 | Acc: 89.45%
2023-11-21 10:18 after_fed Round:   7 | Epochs:  35 | Domain: s | loss: 0.1476 | Acc: 93.72%
2023-11-21 10:18 test_domain Round:   7 | Epochs:  35 | Domain: a | loss: 0.8446 | Acc: 76.51%
2023-11-21 10:18 before_fed Round:   8 | Epochs:  40 | Domain: p | loss: 0.0222 | Acc: 99.42%
2023-11-21 10:18 before_fed Round:   8 | Epochs:  40 | Domain: c | loss: 0.1616 | Acc: 94.94%
2023-11-21 10:19 before_fed Round:   8 | Epochs:  40 | Domain: s | loss: 0.1135 | Acc: 95.98%
2023-11-21 10:19 after_fed Round:   8 | Epochs:  40 | Domain: p | loss: 0.1563 | Acc: 95.32%
2023-11-21 10:19 after_fed Round:   8 | Epochs:  40 | Domain: c | loss: 0.4593 | Acc: 88.61%
2023-11-21 10:19 after_fed Round:   8 | Epochs:  40 | Domain: s | loss: 0.1368 | Acc: 95.23%
2023-11-21 10:19 Model saved! Best Val Acc: 93.29%
2023-11-21 10:19 test_domain Round:   8 | Epochs:  40 | Domain: a | loss: 0.8566 | Acc: 76.76%
2023-11-21 10:19 before_fed Round:   9 | Epochs:  45 | Domain: p | loss: 0.0229 | Acc: 99.42%
2023-11-21 10:19 before_fed Round:   9 | Epochs:  45 | Domain: c | loss: 0.2739 | Acc: 92.41%
2023-11-21 10:20 before_fed Round:   9 | Epochs:  45 | Domain: s | loss: 0.1860 | Acc: 94.97%
2023-11-21 10:20 after_fed Round:   9 | Epochs:  45 | Domain: p | loss: 0.1301 | Acc: 95.32%
2023-11-21 10:20 after_fed Round:   9 | Epochs:  45 | Domain: c | loss: 0.4697 | Acc: 88.61%
2023-11-21 10:20 after_fed Round:   9 | Epochs:  45 | Domain: s | loss: 0.1825 | Acc: 93.97%
2023-11-21 10:20 test_domain Round:   9 | Epochs:  45 | Domain: a | loss: 0.8666 | Acc: 76.95%
2023-11-21 10:20 before_fed Round:  10 | Epochs:  50 | Domain: p | loss: 0.0319 | Acc: 98.83%
2023-11-21 10:20 before_fed Round:  10 | Epochs:  50 | Domain: c | loss: 0.2382 | Acc: 94.09%
2023-11-21 10:20 before_fed Round:  10 | Epochs:  50 | Domain: s | loss: 0.2404 | Acc: 93.72%
2023-11-21 10:20 after_fed Round:  10 | Epochs:  50 | Domain: p | loss: 0.1471 | Acc: 94.74%
2023-11-21 10:20 after_fed Round:  10 | Epochs:  50 | Domain: c | loss: 0.4094 | Acc: 89.45%
2023-11-21 10:20 after_fed Round:  10 | Epochs:  50 | Domain: s | loss: 0.1873 | Acc: 92.96%
2023-11-21 10:20 test_domain Round:  10 | Epochs:  50 | Domain: a | loss: 0.9340 | Acc: 75.00%
2023-11-21 10:21 before_fed Round:  11 | Epochs:  55 | Domain: p | loss: 0.0193 | Acc: 99.42%
2023-11-21 10:21 before_fed Round:  11 | Epochs:  55 | Domain: c | loss: 0.2016 | Acc: 94.94%
2023-11-21 10:21 before_fed Round:  11 | Epochs:  55 | Domain: s | loss: 0.1615 | Acc: 94.72%
2023-11-21 10:21 after_fed Round:  11 | Epochs:  55 | Domain: p | loss: 0.1200 | Acc: 94.74%
2023-11-21 10:21 after_fed Round:  11 | Epochs:  55 | Domain: c | loss: 0.4134 | Acc: 90.30%
2023-11-21 10:21 after_fed Round:  11 | Epochs:  55 | Domain: s | loss: 0.1775 | Acc: 93.72%
2023-11-21 10:21 test_domain Round:  11 | Epochs:  55 | Domain: a | loss: 0.8301 | Acc: 77.64%
2023-11-21 10:21 before_fed Round:  12 | Epochs:  60 | Domain: p | loss: 0.0589 | Acc: 97.08%
2023-11-21 10:21 before_fed Round:  12 | Epochs:  60 | Domain: c | loss: 0.2376 | Acc: 91.98%
2023-11-21 10:22 before_fed Round:  12 | Epochs:  60 | Domain: s | loss: 0.1858 | Acc: 94.72%
2023-11-21 10:22 after_fed Round:  12 | Epochs:  60 | Domain: p | loss: 0.1272 | Acc: 95.32%
2023-11-21 10:22 after_fed Round:  12 | Epochs:  60 | Domain: c | loss: 0.4503 | Acc: 88.61%
2023-11-21 10:22 after_fed Round:  12 | Epochs:  60 | Domain: s | loss: 0.1806 | Acc: 93.72%
2023-11-21 10:22 test_domain Round:  12 | Epochs:  60 | Domain: a | loss: 0.8784 | Acc: 77.25%
2023-11-21 10:22 before_fed Round:  13 | Epochs:  65 | Domain: p | loss: 0.0224 | Acc: 98.83%
2023-11-21 10:22 before_fed Round:  13 | Epochs:  65 | Domain: c | loss: 0.2170 | Acc: 94.09%
2023-11-21 10:23 before_fed Round:  13 | Epochs:  65 | Domain: s | loss: 0.1342 | Acc: 95.48%
2023-11-21 10:23 after_fed Round:  13 | Epochs:  65 | Domain: p | loss: 0.1219 | Acc: 95.32%
2023-11-21 10:23 after_fed Round:  13 | Epochs:  65 | Domain: c | loss: 0.4025 | Acc: 89.87%
2023-11-21 10:23 after_fed Round:  13 | Epochs:  65 | Domain: s | loss: 0.1762 | Acc: 94.22%
2023-11-21 10:23 test_domain Round:  13 | Epochs:  65 | Domain: a | loss: 0.8540 | Acc: 77.64%
2023-11-21 10:23 before_fed Round:  14 | Epochs:  70 | Domain: p | loss: 0.0401 | Acc: 99.42%
2023-11-21 10:23 before_fed Round:  14 | Epochs:  70 | Domain: c | loss: 0.1837 | Acc: 94.09%
2023-11-21 10:23 before_fed Round:  14 | Epochs:  70 | Domain: s | loss: 0.1593 | Acc: 94.97%
2023-11-21 10:23 after_fed Round:  14 | Epochs:  70 | Domain: p | loss: 0.1375 | Acc: 95.32%
2023-11-21 10:23 after_fed Round:  14 | Epochs:  70 | Domain: c | loss: 0.4226 | Acc: 90.72%
2023-11-21 10:23 after_fed Round:  14 | Epochs:  70 | Domain: s | loss: 0.1795 | Acc: 93.72%
2023-11-21 10:23 test_domain Round:  14 | Epochs:  70 | Domain: a | loss: 0.9381 | Acc: 76.76%
2023-11-21 10:24 before_fed Round:  15 | Epochs:  75 | Domain: p | loss: 0.0220 | Acc: 98.83%
2023-11-21 10:24 before_fed Round:  15 | Epochs:  75 | Domain: c | loss: 0.2536 | Acc: 93.67%
2023-11-21 10:24 before_fed Round:  15 | Epochs:  75 | Domain: s | loss: 0.1448 | Acc: 94.97%
2023-11-21 10:24 after_fed Round:  15 | Epochs:  75 | Domain: p | loss: 0.1421 | Acc: 94.74%
2023-11-21 10:24 after_fed Round:  15 | Epochs:  75 | Domain: c | loss: 0.4912 | Acc: 89.87%
2023-11-21 10:24 after_fed Round:  15 | Epochs:  75 | Domain: s | loss: 0.1699 | Acc: 93.97%
2023-11-21 10:24 test_domain Round:  15 | Epochs:  75 | Domain: a | loss: 0.9402 | Acc: 76.27%
2023-11-21 10:24 before_fed Round:  16 | Epochs:  80 | Domain: p | loss: 0.0220 | Acc: 98.83%
2023-11-21 10:24 before_fed Round:  16 | Epochs:  80 | Domain: c | loss: 0.2296 | Acc: 94.51%
2023-11-21 10:25 before_fed Round:  16 | Epochs:  80 | Domain: s | loss: 0.1678 | Acc: 93.72%
2023-11-21 10:25 after_fed Round:  16 | Epochs:  80 | Domain: p | loss: 0.1359 | Acc: 94.74%
2023-11-21 10:25 after_fed Round:  16 | Epochs:  80 | Domain: c | loss: 0.4185 | Acc: 90.72%
2023-11-21 10:25 after_fed Round:  16 | Epochs:  80 | Domain: s | loss: 0.1760 | Acc: 94.47%
2023-11-21 10:25 Model saved! Best Val Acc: 93.42%
2023-11-21 10:25 test_domain Round:  16 | Epochs:  80 | Domain: a | loss: 1.0035 | Acc: 75.39%
2023-11-21 10:25 before_fed Round:  17 | Epochs:  85 | Domain: p | loss: 0.0312 | Acc: 98.83%
2023-11-21 10:25 before_fed Round:  17 | Epochs:  85 | Domain: c | loss: 0.2504 | Acc: 93.25%
2023-11-21 10:26 before_fed Round:  17 | Epochs:  85 | Domain: s | loss: 0.1765 | Acc: 94.97%
2023-11-21 10:26 after_fed Round:  17 | Epochs:  85 | Domain: p | loss: 0.1352 | Acc: 95.32%
2023-11-21 10:26 after_fed Round:  17 | Epochs:  85 | Domain: c | loss: 0.3881 | Acc: 90.72%
2023-11-21 10:26 after_fed Round:  17 | Epochs:  85 | Domain: s | loss: 0.1619 | Acc: 93.47%
2023-11-21 10:26 test_domain Round:  17 | Epochs:  85 | Domain: a | loss: 0.9244 | Acc: 76.86%
2023-11-21 10:26 before_fed Round:  18 | Epochs:  90 | Domain: p | loss: 0.0187 | Acc: 98.83%
2023-11-21 10:26 before_fed Round:  18 | Epochs:  90 | Domain: c | loss: 0.2518 | Acc: 93.25%
2023-11-21 10:26 before_fed Round:  18 | Epochs:  90 | Domain: s | loss: 0.1689 | Acc: 95.23%
2023-11-21 10:26 after_fed Round:  18 | Epochs:  90 | Domain: p | loss: 0.1123 | Acc: 95.91%
2023-11-21 10:26 after_fed Round:  18 | Epochs:  90 | Domain: c | loss: 0.4649 | Acc: 90.30%
2023-11-21 10:26 after_fed Round:  18 | Epochs:  90 | Domain: s | loss: 0.1695 | Acc: 93.97%
2023-11-21 10:26 test_domain Round:  18 | Epochs:  90 | Domain: a | loss: 0.9839 | Acc: 76.12%
2023-11-21 10:27 before_fed Round:  19 | Epochs:  95 | Domain: p | loss: 0.0418 | Acc: 98.83%
2023-11-21 10:27 before_fed Round:  19 | Epochs:  95 | Domain: c | loss: 0.2196 | Acc: 94.94%
2023-11-21 10:27 before_fed Round:  19 | Epochs:  95 | Domain: s | loss: 0.1211 | Acc: 95.48%
2023-11-21 10:27 after_fed Round:  19 | Epochs:  95 | Domain: p | loss: 0.1105 | Acc: 95.91%
2023-11-21 10:27 after_fed Round:  19 | Epochs:  95 | Domain: c | loss: 0.4005 | Acc: 91.98%
2023-11-21 10:27 after_fed Round:  19 | Epochs:  95 | Domain: s | loss: 0.1766 | Acc: 94.72%
2023-11-21 10:27 Model saved! Best Val Acc: 94.16%
2023-11-21 10:27 test_domain Round:  19 | Epochs:  95 | Domain: a | loss: 0.8703 | Acc: 77.73%
2023-11-21 10:27 before_fed Round:  20 | Epochs: 100 | Domain: p | loss: 0.0335 | Acc: 98.83%
2023-11-21 10:28 before_fed Round:  20 | Epochs: 100 | Domain: c | loss: 0.2489 | Acc: 94.51%
2023-11-21 10:28 before_fed Round:  20 | Epochs: 100 | Domain: s | loss: 0.1285 | Acc: 94.97%
2023-11-21 10:28 after_fed Round:  20 | Epochs: 100 | Domain: p | loss: 0.1366 | Acc: 95.32%
2023-11-21 10:28 after_fed Round:  20 | Epochs: 100 | Domain: c | loss: 0.4256 | Acc: 90.30%
2023-11-21 10:28 after_fed Round:  20 | Epochs: 100 | Domain: s | loss: 0.1651 | Acc: 93.97%
2023-11-21 10:28 test_domain Round:  20 | Epochs: 100 | Domain: a | loss: 0.9434 | Acc: 78.03%
2023-11-21 10:28 before_fed Round:  21 | Epochs: 105 | Domain: p | loss: 0.0471 | Acc: 98.25%
2023-11-21 10:28 before_fed Round:  21 | Epochs: 105 | Domain: c | loss: 0.2282 | Acc: 94.94%
2023-11-21 10:29 before_fed Round:  21 | Epochs: 105 | Domain: s | loss: 0.1703 | Acc: 94.47%
2023-11-21 10:29 after_fed Round:  21 | Epochs: 105 | Domain: p | loss: 0.1408 | Acc: 95.32%
2023-11-21 10:29 after_fed Round:  21 | Epochs: 105 | Domain: c | loss: 0.3852 | Acc: 92.41%
2023-11-21 10:29 after_fed Round:  21 | Epochs: 105 | Domain: s | loss: 0.1720 | Acc: 93.72%
2023-11-21 10:29 test_domain Round:  21 | Epochs: 105 | Domain: a | loss: 1.0429 | Acc: 75.54%
2023-11-21 10:29 before_fed Round:  22 | Epochs: 110 | Domain: p | loss: 0.0360 | Acc: 98.83%
2023-11-21 10:29 before_fed Round:  22 | Epochs: 110 | Domain: c | loss: 0.1998 | Acc: 94.09%
2023-11-21 10:29 before_fed Round:  22 | Epochs: 110 | Domain: s | loss: 0.1751 | Acc: 93.72%
2023-11-21 10:29 after_fed Round:  22 | Epochs: 110 | Domain: p | loss: 0.1402 | Acc: 95.32%
2023-11-21 10:29 after_fed Round:  22 | Epochs: 110 | Domain: c | loss: 0.3974 | Acc: 91.14%
2023-11-21 10:29 after_fed Round:  22 | Epochs: 110 | Domain: s | loss: 0.1652 | Acc: 92.96%
2023-11-21 10:29 test_domain Round:  22 | Epochs: 110 | Domain: a | loss: 1.0706 | Acc: 73.93%
2023-11-21 10:30 before_fed Round:  23 | Epochs: 115 | Domain: p | loss: 0.0279 | Acc: 99.42%
2023-11-21 10:30 before_fed Round:  23 | Epochs: 115 | Domain: c | loss: 0.1961 | Acc: 95.36%
2023-11-21 10:30 before_fed Round:  23 | Epochs: 115 | Domain: s | loss: 0.1711 | Acc: 94.47%
2023-11-21 10:30 after_fed Round:  23 | Epochs: 115 | Domain: p | loss: 0.1075 | Acc: 95.32%
2023-11-21 10:30 after_fed Round:  23 | Epochs: 115 | Domain: c | loss: 0.4357 | Acc: 90.72%
2023-11-21 10:30 after_fed Round:  23 | Epochs: 115 | Domain: s | loss: 0.1677 | Acc: 92.96%
2023-11-21 10:30 test_domain Round:  23 | Epochs: 115 | Domain: a | loss: 0.9402 | Acc: 77.34%
2023-11-21 10:30 before_fed Round:  24 | Epochs: 120 | Domain: p | loss: 0.0227 | Acc: 98.83%
2023-11-21 10:31 before_fed Round:  24 | Epochs: 120 | Domain: c | loss: 0.2176 | Acc: 94.09%
2023-11-21 10:31 before_fed Round:  24 | Epochs: 120 | Domain: s | loss: 0.1672 | Acc: 94.72%
2023-11-21 10:31 after_fed Round:  24 | Epochs: 120 | Domain: p | loss: 0.1088 | Acc: 95.91%
2023-11-21 10:31 after_fed Round:  24 | Epochs: 120 | Domain: c | loss: 0.3996 | Acc: 89.45%
2023-11-21 10:31 after_fed Round:  24 | Epochs: 120 | Domain: s | loss: 0.2032 | Acc: 93.97%
2023-11-21 10:31 test_domain Round:  24 | Epochs: 120 | Domain: a | loss: 0.9447 | Acc: 78.42%
2023-11-21 10:31 before_fed Round:  25 | Epochs: 125 | Domain: p | loss: 0.0286 | Acc: 98.83%
2023-11-21 10:31 before_fed Round:  25 | Epochs: 125 | Domain: c | loss: 0.2075 | Acc: 94.94%
2023-11-21 10:32 before_fed Round:  25 | Epochs: 125 | Domain: s | loss: 0.1683 | Acc: 94.47%
2023-11-21 10:32 after_fed Round:  25 | Epochs: 125 | Domain: p | loss: 0.1126 | Acc: 97.66%
2023-11-21 10:32 after_fed Round:  25 | Epochs: 125 | Domain: c | loss: 0.3745 | Acc: 90.30%
2023-11-21 10:32 after_fed Round:  25 | Epochs: 125 | Domain: s | loss: 0.1933 | Acc: 94.22%
2023-11-21 10:32 test_domain Round:  25 | Epochs: 125 | Domain: a | loss: 0.9311 | Acc: 77.93%
2023-11-21 10:32 before_fed Round:  26 | Epochs: 130 | Domain: p | loss: 0.0328 | Acc: 98.83%
2023-11-21 10:32 before_fed Round:  26 | Epochs: 130 | Domain: c | loss: 0.2483 | Acc: 93.67%
2023-11-21 10:32 before_fed Round:  26 | Epochs: 130 | Domain: s | loss: 0.1371 | Acc: 94.47%
2023-11-21 10:32 after_fed Round:  26 | Epochs: 130 | Domain: p | loss: 0.0965 | Acc: 96.49%
2023-11-21 10:32 after_fed Round:  26 | Epochs: 130 | Domain: c | loss: 0.4339 | Acc: 90.30%
2023-11-21 10:32 after_fed Round:  26 | Epochs: 130 | Domain: s | loss: 0.1907 | Acc: 94.22%
2023-11-21 10:32 test_domain Round:  26 | Epochs: 130 | Domain: a | loss: 0.8779 | Acc: 77.88%
2023-11-21 10:33 before_fed Round:  27 | Epochs: 135 | Domain: p | loss: 0.0445 | Acc: 98.83%
2023-11-21 10:33 before_fed Round:  27 | Epochs: 135 | Domain: c | loss: 0.1886 | Acc: 95.36%
2023-11-21 10:33 before_fed Round:  27 | Epochs: 135 | Domain: s | loss: 0.1991 | Acc: 94.22%
2023-11-21 10:33 after_fed Round:  27 | Epochs: 135 | Domain: p | loss: 0.0849 | Acc: 97.08%
2023-11-21 10:33 after_fed Round:  27 | Epochs: 135 | Domain: c | loss: 0.4150 | Acc: 91.14%
2023-11-21 10:33 after_fed Round:  27 | Epochs: 135 | Domain: s | loss: 0.1687 | Acc: 93.47%
2023-11-21 10:33 test_domain Round:  27 | Epochs: 135 | Domain: a | loss: 0.9551 | Acc: 75.59%
2023-11-21 10:33 before_fed Round:  28 | Epochs: 140 | Domain: p | loss: 0.0446 | Acc: 98.83%
2023-11-21 10:34 before_fed Round:  28 | Epochs: 140 | Domain: c | loss: 0.2524 | Acc: 94.51%
2023-11-21 10:34 before_fed Round:  28 | Epochs: 140 | Domain: s | loss: 0.1213 | Acc: 96.48%
2023-11-21 10:34 after_fed Round:  28 | Epochs: 140 | Domain: p | loss: 0.1044 | Acc: 96.49%
2023-11-21 10:34 after_fed Round:  28 | Epochs: 140 | Domain: c | loss: 0.4839 | Acc: 90.30%
2023-11-21 10:34 after_fed Round:  28 | Epochs: 140 | Domain: s | loss: 0.1727 | Acc: 92.96%
2023-11-21 10:34 test_domain Round:  28 | Epochs: 140 | Domain: a | loss: 0.9613 | Acc: 77.49%
2023-11-21 10:34 before_fed Round:  29 | Epochs: 145 | Domain: p | loss: 0.0271 | Acc: 99.42%
2023-11-21 10:34 before_fed Round:  29 | Epochs: 145 | Domain: c | loss: 0.2402 | Acc: 94.51%
2023-11-21 10:35 before_fed Round:  29 | Epochs: 145 | Domain: s | loss: 0.1459 | Acc: 95.23%
2023-11-21 10:35 after_fed Round:  29 | Epochs: 145 | Domain: p | loss: 0.0907 | Acc: 97.08%
2023-11-21 10:35 after_fed Round:  29 | Epochs: 145 | Domain: c | loss: 0.4199 | Acc: 91.14%
2023-11-21 10:35 after_fed Round:  29 | Epochs: 145 | Domain: s | loss: 0.1827 | Acc: 92.96%
2023-11-21 10:35 test_domain Round:  29 | Epochs: 145 | Domain: a | loss: 1.0069 | Acc: 77.54%
2023-11-21 10:35 before_fed Round:  30 | Epochs: 150 | Domain: p | loss: 0.0354 | Acc: 98.25%
2023-11-21 10:35 before_fed Round:  30 | Epochs: 150 | Domain: c | loss: 0.3057 | Acc: 93.67%
2023-11-21 10:35 before_fed Round:  30 | Epochs: 150 | Domain: s | loss: 0.1880 | Acc: 95.23%
2023-11-21 10:35 after_fed Round:  30 | Epochs: 150 | Domain: p | loss: 0.0907 | Acc: 95.91%
2023-11-21 10:35 after_fed Round:  30 | Epochs: 150 | Domain: c | loss: 0.4782 | Acc: 90.30%
2023-11-21 10:35 after_fed Round:  30 | Epochs: 150 | Domain: s | loss: 0.1708 | Acc: 92.96%
2023-11-21 10:35 test_domain Round:  30 | Epochs: 150 | Domain: a | loss: 1.0155 | Acc: 77.25%
2023-11-21 10:36 before_fed Round:  31 | Epochs: 155 | Domain: p | loss: 0.0247 | Acc: 98.83%
2023-11-21 10:36 before_fed Round:  31 | Epochs: 155 | Domain: c | loss: 0.2043 | Acc: 94.09%
2023-11-21 10:36 before_fed Round:  31 | Epochs: 155 | Domain: s | loss: 0.1247 | Acc: 95.48%
2023-11-21 10:36 after_fed Round:  31 | Epochs: 155 | Domain: p | loss: 0.1389 | Acc: 95.32%
2023-11-21 10:36 after_fed Round:  31 | Epochs: 155 | Domain: c | loss: 0.4205 | Acc: 90.72%
2023-11-21 10:36 after_fed Round:  31 | Epochs: 155 | Domain: s | loss: 0.1859 | Acc: 93.97%
2023-11-21 10:36 test_domain Round:  31 | Epochs: 155 | Domain: a | loss: 1.0583 | Acc: 75.78%
2023-11-21 10:36 before_fed Round:  32 | Epochs: 160 | Domain: p | loss: 0.0179 | Acc: 99.42%
2023-11-21 10:37 before_fed Round:  32 | Epochs: 160 | Domain: c | loss: 0.2410 | Acc: 94.09%
2023-11-21 10:37 before_fed Round:  32 | Epochs: 160 | Domain: s | loss: 0.1297 | Acc: 95.98%
2023-11-21 10:37 after_fed Round:  32 | Epochs: 160 | Domain: p | loss: 0.1170 | Acc: 96.49%
2023-11-21 10:37 after_fed Round:  32 | Epochs: 160 | Domain: c | loss: 0.4272 | Acc: 91.56%
2023-11-21 10:37 after_fed Round:  32 | Epochs: 160 | Domain: s | loss: 0.1716 | Acc: 93.72%
2023-11-21 10:37 test_domain Round:  32 | Epochs: 160 | Domain: a | loss: 0.9522 | Acc: 77.88%
2023-11-21 10:37 before_fed Round:  33 | Epochs: 165 | Domain: p | loss: 0.0215 | Acc: 98.83%
2023-11-21 10:37 before_fed Round:  33 | Epochs: 165 | Domain: c | loss: 0.2360 | Acc: 93.67%
2023-11-21 10:38 before_fed Round:  33 | Epochs: 165 | Domain: s | loss: 0.1191 | Acc: 95.98%
2023-11-21 10:38 after_fed Round:  33 | Epochs: 165 | Domain: p | loss: 0.1156 | Acc: 96.49%
2023-11-21 10:38 after_fed Round:  33 | Epochs: 165 | Domain: c | loss: 0.4232 | Acc: 91.56%
2023-11-21 10:38 after_fed Round:  33 | Epochs: 165 | Domain: s | loss: 0.1626 | Acc: 93.47%
2023-11-21 10:38 test_domain Round:  33 | Epochs: 165 | Domain: a | loss: 0.9480 | Acc: 78.27%
2023-11-21 10:38 before_fed Round:  34 | Epochs: 170 | Domain: p | loss: 0.0136 | Acc: 100.00%
2023-11-21 10:38 before_fed Round:  34 | Epochs: 170 | Domain: c | loss: 0.2310 | Acc: 94.09%
2023-11-21 10:38 before_fed Round:  34 | Epochs: 170 | Domain: s | loss: 0.1278 | Acc: 94.97%
2023-11-21 10:38 after_fed Round:  34 | Epochs: 170 | Domain: p | loss: 0.0976 | Acc: 96.49%
2023-11-21 10:38 after_fed Round:  34 | Epochs: 170 | Domain: c | loss: 0.4340 | Acc: 91.56%
2023-11-21 10:38 after_fed Round:  34 | Epochs: 170 | Domain: s | loss: 0.1669 | Acc: 93.47%
2023-11-21 10:38 test_domain Round:  34 | Epochs: 170 | Domain: a | loss: 0.9142 | Acc: 78.91%
2023-11-21 10:39 before_fed Round:  35 | Epochs: 175 | Domain: p | loss: 0.0145 | Acc: 99.42%
2023-11-21 10:39 before_fed Round:  35 | Epochs: 175 | Domain: c | loss: 0.2425 | Acc: 94.09%
2023-11-21 10:39 before_fed Round:  35 | Epochs: 175 | Domain: s | loss: 0.1266 | Acc: 95.48%
2023-11-21 10:39 after_fed Round:  35 | Epochs: 175 | Domain: p | loss: 0.1195 | Acc: 96.49%
2023-11-21 10:39 after_fed Round:  35 | Epochs: 175 | Domain: c | loss: 0.4424 | Acc: 91.14%
2023-11-21 10:39 after_fed Round:  35 | Epochs: 175 | Domain: s | loss: 0.1674 | Acc: 93.22%
2023-11-21 10:39 test_domain Round:  35 | Epochs: 175 | Domain: a | loss: 0.9775 | Acc: 78.22%
2023-11-21 10:39 before_fed Round:  36 | Epochs: 180 | Domain: p | loss: 0.0149 | Acc: 99.42%
2023-11-21 10:40 before_fed Round:  36 | Epochs: 180 | Domain: c | loss: 0.2627 | Acc: 94.09%
2023-11-21 10:40 before_fed Round:  36 | Epochs: 180 | Domain: s | loss: 0.1318 | Acc: 95.23%
2023-11-21 10:40 after_fed Round:  36 | Epochs: 180 | Domain: p | loss: 0.1005 | Acc: 96.49%
2023-11-21 10:40 after_fed Round:  36 | Epochs: 180 | Domain: c | loss: 0.4517 | Acc: 91.56%
2023-11-21 10:40 after_fed Round:  36 | Epochs: 180 | Domain: s | loss: 0.1594 | Acc: 93.47%
2023-11-21 10:40 test_domain Round:  36 | Epochs: 180 | Domain: a | loss: 0.9080 | Acc: 78.81%
2023-11-21 10:40 before_fed Round:  37 | Epochs: 185 | Domain: p | loss: 0.0152 | Acc: 99.42%
2023-11-21 10:40 before_fed Round:  37 | Epochs: 185 | Domain: c | loss: 0.2603 | Acc: 93.25%
2023-11-21 10:41 before_fed Round:  37 | Epochs: 185 | Domain: s | loss: 0.1154 | Acc: 96.23%
2023-11-21 10:41 after_fed Round:  37 | Epochs: 185 | Domain: p | loss: 0.1129 | Acc: 96.49%
2023-11-21 10:41 after_fed Round:  37 | Epochs: 185 | Domain: c | loss: 0.4350 | Acc: 91.14%
2023-11-21 10:41 after_fed Round:  37 | Epochs: 185 | Domain: s | loss: 0.1607 | Acc: 93.72%
2023-11-21 10:41 test_domain Round:  37 | Epochs: 185 | Domain: a | loss: 0.9539 | Acc: 78.42%
2023-11-21 10:41 before_fed Round:  38 | Epochs: 190 | Domain: p | loss: 0.0135 | Acc: 100.00%
2023-11-21 10:41 before_fed Round:  38 | Epochs: 190 | Domain: c | loss: 0.2684 | Acc: 93.25%
2023-11-21 10:41 before_fed Round:  38 | Epochs: 190 | Domain: s | loss: 0.1107 | Acc: 95.98%
2023-11-21 10:41 after_fed Round:  38 | Epochs: 190 | Domain: p | loss: 0.0969 | Acc: 95.91%
2023-11-21 10:41 after_fed Round:  38 | Epochs: 190 | Domain: c | loss: 0.4721 | Acc: 90.72%
2023-11-21 10:41 after_fed Round:  38 | Epochs: 190 | Domain: s | loss: 0.1556 | Acc: 94.22%
2023-11-21 10:41 test_domain Round:  38 | Epochs: 190 | Domain: a | loss: 0.9447 | Acc: 78.37%
2023-11-21 10:42 before_fed Round:  39 | Epochs: 195 | Domain: p | loss: 0.0146 | Acc: 99.42%
2023-11-21 10:42 before_fed Round:  39 | Epochs: 195 | Domain: c | loss: 0.2415 | Acc: 94.51%
2023-11-21 10:42 before_fed Round:  39 | Epochs: 195 | Domain: s | loss: 0.1213 | Acc: 95.23%
2023-11-21 10:42 after_fed Round:  39 | Epochs: 195 | Domain: p | loss: 0.1040 | Acc: 95.91%
2023-11-21 10:42 after_fed Round:  39 | Epochs: 195 | Domain: c | loss: 0.4593 | Acc: 91.14%
2023-11-21 10:42 after_fed Round:  39 | Epochs: 195 | Domain: s | loss: 0.1604 | Acc: 93.97%
2023-11-21 10:42 test_domain Round:  39 | Epochs: 195 | Domain: a | loss: 0.9363 | Acc: 78.71%
2023-11-21 10:42 before_fed Round:  40 | Epochs: 200 | Domain: p | loss: 0.0146 | Acc: 99.42%
2023-11-21 10:43 before_fed Round:  40 | Epochs: 200 | Domain: c | loss: 0.2218 | Acc: 94.09%
2023-11-21 10:43 before_fed Round:  40 | Epochs: 200 | Domain: s | loss: 0.1210 | Acc: 95.98%
2023-11-21 10:43 after_fed Round:  40 | Epochs: 200 | Domain: p | loss: 0.1018 | Acc: 96.49%
2023-11-21 10:43 after_fed Round:  40 | Epochs: 200 | Domain: c | loss: 0.4129 | Acc: 91.56%
2023-11-21 10:43 after_fed Round:  40 | Epochs: 200 | Domain: s | loss: 0.1586 | Acc: 94.22%
2023-11-21 10:43 test_domain Round:  40 | Epochs: 200 | Domain: a | loss: 0.9213 | Acc: 78.91%
