2023-11-19 19:50 before_fed Round:   0 | Epochs:   0 | Domain: a | loss: 0.3331 | Acc: 90.87%
2023-11-19 19:51 before_fed Round:   0 | Epochs:   0 | Domain: c | loss: 0.2143 | Acc: 91.56%
2023-11-19 19:51 before_fed Round:   0 | Epochs:   0 | Domain: s | loss: 0.2025 | Acc: 92.71%
2023-11-19 19:51 after_fed Round:   0 | Epochs:   0 | Domain: a | loss: 0.9414 | Acc: 69.23%
2023-11-19 19:51 after_fed Round:   0 | Epochs:   0 | Domain: c | loss: 0.6426 | Acc: 78.90%
2023-11-19 19:51 after_fed Round:   0 | Epochs:   0 | Domain: s | loss: 0.4377 | Acc: 91.21%
2023-11-19 19:51 Model saved! Best Val Acc: 82.33%
2023-11-19 19:51 test_domain Round:   0 | Epochs:   0 | Domain: p | loss: 0.6414 | Acc: 80.48%
2023-11-19 19:51 before_fed Round:   1 | Epochs:   5 | Domain: a | loss: 0.2839 | Acc: 90.38%
2023-11-19 19:51 before_fed Round:   1 | Epochs:   5 | Domain: c | loss: 0.1753 | Acc: 94.94%
2023-11-19 19:52 before_fed Round:   1 | Epochs:   5 | Domain: s | loss: 0.2145 | Acc: 92.46%
2023-11-19 19:52 after_fed Round:   1 | Epochs:   5 | Domain: a | loss: 0.6620 | Acc: 78.85%
2023-11-19 19:52 after_fed Round:   1 | Epochs:   5 | Domain: c | loss: 0.4792 | Acc: 81.43%
2023-11-19 19:52 after_fed Round:   1 | Epochs:   5 | Domain: s | loss: 0.2524 | Acc: 91.46%
2023-11-19 19:52 Model saved! Best Val Acc: 85.53%
2023-11-19 19:52 test_domain Round:   1 | Epochs:   5 | Domain: p | loss: 0.3854 | Acc: 89.52%
2023-11-19 19:52 before_fed Round:   2 | Epochs:  10 | Domain: a | loss: 0.2941 | Acc: 89.90%
2023-11-19 19:52 before_fed Round:   2 | Epochs:  10 | Domain: c | loss: 0.1532 | Acc: 94.94%
2023-11-19 19:53 before_fed Round:   2 | Epochs:  10 | Domain: s | loss: 0.1674 | Acc: 93.47%
2023-11-19 19:53 after_fed Round:   2 | Epochs:  10 | Domain: a | loss: 0.6022 | Acc: 79.81%
2023-11-19 19:53 after_fed Round:   2 | Epochs:  10 | Domain: c | loss: 0.4460 | Acc: 84.39%
2023-11-19 19:53 after_fed Round:   2 | Epochs:  10 | Domain: s | loss: 0.1975 | Acc: 93.47%
2023-11-19 19:53 Model saved! Best Val Acc: 87.55%
2023-11-19 19:53 test_domain Round:   2 | Epochs:  10 | Domain: p | loss: 0.3053 | Acc: 91.26%
2023-11-19 19:53 before_fed Round:   3 | Epochs:  15 | Domain: a | loss: 0.2795 | Acc: 91.35%
2023-11-19 19:53 before_fed Round:   3 | Epochs:  15 | Domain: c | loss: 0.1946 | Acc: 93.67%
2023-11-19 19:53 before_fed Round:   3 | Epochs:  15 | Domain: s | loss: 0.1829 | Acc: 93.22%
2023-11-19 19:53 after_fed Round:   3 | Epochs:  15 | Domain: a | loss: 0.5571 | Acc: 81.73%
2023-11-19 19:53 after_fed Round:   3 | Epochs:  15 | Domain: c | loss: 0.3025 | Acc: 90.30%
2023-11-19 19:53 after_fed Round:   3 | Epochs:  15 | Domain: s | loss: 0.1992 | Acc: 92.71%
2023-11-19 19:53 Model saved! Best Val Acc: 89.33%
2023-11-19 19:53 test_domain Round:   3 | Epochs:  15 | Domain: p | loss: 0.2985 | Acc: 91.08%
2023-11-19 19:54 before_fed Round:   4 | Epochs:  20 | Domain: a | loss: 0.3066 | Acc: 90.87%
2023-11-19 19:54 before_fed Round:   4 | Epochs:  20 | Domain: c | loss: 0.1480 | Acc: 94.51%
2023-11-19 19:54 before_fed Round:   4 | Epochs:  20 | Domain: s | loss: 0.1631 | Acc: 94.47%
2023-11-19 19:54 after_fed Round:   4 | Epochs:  20 | Domain: a | loss: 0.5701 | Acc: 82.21%
2023-11-19 19:54 after_fed Round:   4 | Epochs:  20 | Domain: c | loss: 0.3185 | Acc: 88.19%
2023-11-19 19:54 after_fed Round:   4 | Epochs:  20 | Domain: s | loss: 0.1815 | Acc: 92.46%
2023-11-19 19:54 test_domain Round:   4 | Epochs:  20 | Domain: p | loss: 0.2591 | Acc: 91.98%
2023-11-19 19:54 before_fed Round:   5 | Epochs:  25 | Domain: a | loss: 0.2676 | Acc: 91.35%
2023-11-19 19:55 before_fed Round:   5 | Epochs:  25 | Domain: c | loss: 0.1499 | Acc: 94.94%
2023-11-19 19:55 before_fed Round:   5 | Epochs:  25 | Domain: s | loss: 0.1447 | Acc: 94.97%
2023-11-19 19:55 after_fed Round:   5 | Epochs:  25 | Domain: a | loss: 0.5502 | Acc: 81.73%
2023-11-19 19:55 after_fed Round:   5 | Epochs:  25 | Domain: c | loss: 0.3020 | Acc: 90.30%
2023-11-19 19:55 after_fed Round:   5 | Epochs:  25 | Domain: s | loss: 0.1728 | Acc: 94.22%
2023-11-19 19:55 Model saved! Best Val Acc: 90.04%
2023-11-19 19:55 test_domain Round:   5 | Epochs:  25 | Domain: p | loss: 0.2572 | Acc: 91.92%
2023-11-19 19:55 before_fed Round:   6 | Epochs:  30 | Domain: a | loss: 0.2684 | Acc: 92.79%
2023-11-19 19:55 before_fed Round:   6 | Epochs:  30 | Domain: c | loss: 0.1789 | Acc: 94.09%
2023-11-19 19:56 before_fed Round:   6 | Epochs:  30 | Domain: s | loss: 0.1276 | Acc: 94.97%
2023-11-19 19:56 after_fed Round:   6 | Epochs:  30 | Domain: a | loss: 0.5124 | Acc: 84.13%
2023-11-19 19:56 after_fed Round:   6 | Epochs:  30 | Domain: c | loss: 0.3395 | Acc: 87.76%
2023-11-19 19:56 after_fed Round:   6 | Epochs:  30 | Domain: s | loss: 0.1718 | Acc: 93.97%
2023-11-19 19:56 test_domain Round:   6 | Epochs:  30 | Domain: p | loss: 0.2601 | Acc: 91.68%
2023-11-19 19:56 before_fed Round:   7 | Epochs:  35 | Domain: a | loss: 0.3254 | Acc: 91.35%
2023-11-19 19:56 before_fed Round:   7 | Epochs:  35 | Domain: c | loss: 0.1750 | Acc: 93.67%
2023-11-19 19:57 before_fed Round:   7 | Epochs:  35 | Domain: s | loss: 0.1967 | Acc: 94.72%
2023-11-19 19:57 after_fed Round:   7 | Epochs:  35 | Domain: a | loss: 0.5344 | Acc: 84.62%
2023-11-19 19:57 after_fed Round:   7 | Epochs:  35 | Domain: c | loss: 0.3330 | Acc: 89.45%
2023-11-19 19:57 after_fed Round:   7 | Epochs:  35 | Domain: s | loss: 0.2127 | Acc: 93.22%
2023-11-19 19:57 test_domain Round:   7 | Epochs:  35 | Domain: p | loss: 0.2747 | Acc: 92.04%
2023-11-19 19:57 before_fed Round:   8 | Epochs:  40 | Domain: a | loss: 0.3297 | Acc: 91.35%
2023-11-19 19:57 before_fed Round:   8 | Epochs:  40 | Domain: c | loss: 0.1765 | Acc: 93.67%
2023-11-19 19:57 before_fed Round:   8 | Epochs:  40 | Domain: s | loss: 0.2159 | Acc: 93.47%
2023-11-19 19:57 after_fed Round:   8 | Epochs:  40 | Domain: a | loss: 0.4957 | Acc: 84.62%
2023-11-19 19:57 after_fed Round:   8 | Epochs:  40 | Domain: c | loss: 0.2735 | Acc: 89.87%
2023-11-19 19:57 after_fed Round:   8 | Epochs:  40 | Domain: s | loss: 0.2278 | Acc: 92.21%
2023-11-19 19:57 test_domain Round:   8 | Epochs:  40 | Domain: p | loss: 0.2363 | Acc: 92.34%
2023-11-19 19:58 before_fed Round:   9 | Epochs:  45 | Domain: a | loss: 0.2505 | Acc: 94.23%
2023-11-19 19:58 before_fed Round:   9 | Epochs:  45 | Domain: c | loss: 0.2092 | Acc: 93.67%
2023-11-19 19:58 before_fed Round:   9 | Epochs:  45 | Domain: s | loss: 0.1394 | Acc: 95.48%
2023-11-19 19:58 after_fed Round:   9 | Epochs:  45 | Domain: a | loss: 0.4956 | Acc: 84.13%
2023-11-19 19:58 after_fed Round:   9 | Epochs:  45 | Domain: c | loss: 0.3125 | Acc: 89.45%
2023-11-19 19:58 after_fed Round:   9 | Epochs:  45 | Domain: s | loss: 0.1874 | Acc: 93.22%
2023-11-19 19:58 test_domain Round:   9 | Epochs:  45 | Domain: p | loss: 0.2401 | Acc: 92.69%
2023-11-19 19:58 before_fed Round:  10 | Epochs:  50 | Domain: a | loss: 0.3206 | Acc: 91.35%
2023-11-19 19:59 before_fed Round:  10 | Epochs:  50 | Domain: c | loss: 0.1919 | Acc: 94.09%
2023-11-19 19:59 before_fed Round:  10 | Epochs:  50 | Domain: s | loss: 0.1975 | Acc: 93.72%
2023-11-19 19:59 after_fed Round:  10 | Epochs:  50 | Domain: a | loss: 0.5222 | Acc: 84.62%
2023-11-19 19:59 after_fed Round:  10 | Epochs:  50 | Domain: c | loss: 0.2735 | Acc: 92.41%
2023-11-19 19:59 after_fed Round:  10 | Epochs:  50 | Domain: s | loss: 0.1939 | Acc: 92.96%
2023-11-19 19:59 Model saved! Best Val Acc: 90.75%
2023-11-19 19:59 test_domain Round:  10 | Epochs:  50 | Domain: p | loss: 0.2690 | Acc: 91.68%
2023-11-19 19:59 before_fed Round:  11 | Epochs:  55 | Domain: a | loss: 0.2651 | Acc: 92.31%
2023-11-19 20:00 before_fed Round:  11 | Epochs:  55 | Domain: c | loss: 0.1942 | Acc: 94.94%
2023-11-19 20:00 before_fed Round:  11 | Epochs:  55 | Domain: s | loss: 0.1823 | Acc: 94.47%
2023-11-19 20:00 after_fed Round:  11 | Epochs:  55 | Domain: a | loss: 0.4924 | Acc: 86.54%
2023-11-19 20:00 after_fed Round:  11 | Epochs:  55 | Domain: c | loss: 0.3151 | Acc: 89.87%
2023-11-19 20:00 after_fed Round:  11 | Epochs:  55 | Domain: s | loss: 0.1819 | Acc: 93.22%
2023-11-19 20:00 test_domain Round:  11 | Epochs:  55 | Domain: p | loss: 0.2757 | Acc: 91.56%
2023-11-19 20:00 before_fed Round:  12 | Epochs:  60 | Domain: a | loss: 0.2864 | Acc: 92.79%
2023-11-19 20:00 before_fed Round:  12 | Epochs:  60 | Domain: c | loss: 0.1837 | Acc: 95.36%
2023-11-19 20:01 before_fed Round:  12 | Epochs:  60 | Domain: s | loss: 0.1771 | Acc: 94.22%
2023-11-19 20:01 after_fed Round:  12 | Epochs:  60 | Domain: a | loss: 0.4764 | Acc: 85.58%
2023-11-19 20:01 after_fed Round:  12 | Epochs:  60 | Domain: c | loss: 0.3190 | Acc: 89.03%
2023-11-19 20:01 after_fed Round:  12 | Epochs:  60 | Domain: s | loss: 0.1546 | Acc: 94.47%
2023-11-19 20:01 test_domain Round:  12 | Epochs:  60 | Domain: p | loss: 0.2783 | Acc: 91.38%
2023-11-19 20:01 before_fed Round:  13 | Epochs:  65 | Domain: a | loss: 0.2852 | Acc: 92.31%
2023-11-19 20:01 before_fed Round:  13 | Epochs:  65 | Domain: c | loss: 0.2492 | Acc: 93.67%
2023-11-19 20:01 before_fed Round:  13 | Epochs:  65 | Domain: s | loss: 0.2192 | Acc: 93.72%
2023-11-19 20:01 after_fed Round:  13 | Epochs:  65 | Domain: a | loss: 0.4827 | Acc: 86.06%
2023-11-19 20:01 after_fed Round:  13 | Epochs:  65 | Domain: c | loss: 0.2896 | Acc: 92.83%
2023-11-19 20:01 after_fed Round:  13 | Epochs:  65 | Domain: s | loss: 0.1804 | Acc: 93.47%
2023-11-19 20:01 Model saved! Best Val Acc: 91.46%
2023-11-19 20:02 test_domain Round:  13 | Epochs:  65 | Domain: p | loss: 0.2492 | Acc: 92.87%
2023-11-19 20:02 before_fed Round:  14 | Epochs:  70 | Domain: a | loss: 0.2796 | Acc: 91.35%
2023-11-19 20:02 before_fed Round:  14 | Epochs:  70 | Domain: c | loss: 0.1814 | Acc: 95.36%
2023-11-19 20:02 before_fed Round:  14 | Epochs:  70 | Domain: s | loss: 0.2147 | Acc: 93.72%
2023-11-19 20:02 after_fed Round:  14 | Epochs:  70 | Domain: a | loss: 0.4906 | Acc: 86.54%
2023-11-19 20:02 after_fed Round:  14 | Epochs:  70 | Domain: c | loss: 0.2501 | Acc: 93.25%
2023-11-19 20:02 after_fed Round:  14 | Epochs:  70 | Domain: s | loss: 0.1773 | Acc: 93.47%
2023-11-19 20:02 Model saved! Best Val Acc: 91.70%
2023-11-19 20:02 test_domain Round:  14 | Epochs:  70 | Domain: p | loss: 0.2463 | Acc: 93.11%
2023-11-19 20:03 before_fed Round:  15 | Epochs:  75 | Domain: a | loss: 0.2261 | Acc: 93.75%
2023-11-19 20:03 before_fed Round:  15 | Epochs:  75 | Domain: c | loss: 0.1949 | Acc: 94.09%
2023-11-19 20:03 before_fed Round:  15 | Epochs:  75 | Domain: s | loss: 0.1545 | Acc: 95.23%
2023-11-19 20:03 after_fed Round:  15 | Epochs:  75 | Domain: a | loss: 0.4913 | Acc: 87.50%
2023-11-19 20:03 after_fed Round:  15 | Epochs:  75 | Domain: c | loss: 0.3090 | Acc: 89.87%
2023-11-19 20:03 after_fed Round:  15 | Epochs:  75 | Domain: s | loss: 0.1565 | Acc: 93.97%
2023-11-19 20:03 test_domain Round:  15 | Epochs:  75 | Domain: p | loss: 0.2288 | Acc: 92.63%
2023-11-19 20:03 before_fed Round:  16 | Epochs:  80 | Domain: a | loss: 0.2513 | Acc: 93.27%
2023-11-19 20:04 before_fed Round:  16 | Epochs:  80 | Domain: c | loss: 0.1746 | Acc: 95.78%
2023-11-19 20:04 before_fed Round:  16 | Epochs:  80 | Domain: s | loss: 0.1732 | Acc: 94.47%
2023-11-19 20:04 after_fed Round:  16 | Epochs:  80 | Domain: a | loss: 0.4571 | Acc: 85.58%
2023-11-19 20:04 after_fed Round:  16 | Epochs:  80 | Domain: c | loss: 0.2971 | Acc: 91.14%
2023-11-19 20:04 after_fed Round:  16 | Epochs:  80 | Domain: s | loss: 0.1754 | Acc: 92.96%
2023-11-19 20:04 test_domain Round:  16 | Epochs:  80 | Domain: p | loss: 0.2317 | Acc: 92.81%
2023-11-19 20:04 before_fed Round:  17 | Epochs:  85 | Domain: a | loss: 0.3120 | Acc: 92.79%
2023-11-19 20:04 before_fed Round:  17 | Epochs:  85 | Domain: c | loss: 0.1594 | Acc: 95.36%
2023-11-19 20:05 before_fed Round:  17 | Epochs:  85 | Domain: s | loss: 0.1828 | Acc: 93.97%
2023-11-19 20:05 after_fed Round:  17 | Epochs:  85 | Domain: a | loss: 0.4447 | Acc: 85.58%
2023-11-19 20:05 after_fed Round:  17 | Epochs:  85 | Domain: c | loss: 0.2502 | Acc: 92.41%
2023-11-19 20:05 after_fed Round:  17 | Epochs:  85 | Domain: s | loss: 0.1977 | Acc: 92.71%
2023-11-19 20:05 test_domain Round:  17 | Epochs:  85 | Domain: p | loss: 0.2487 | Acc: 93.11%
2023-11-19 20:05 before_fed Round:  18 | Epochs:  90 | Domain: a | loss: 0.2883 | Acc: 90.87%
2023-11-19 20:05 before_fed Round:  18 | Epochs:  90 | Domain: c | loss: 0.2180 | Acc: 92.83%
2023-11-19 20:06 before_fed Round:  18 | Epochs:  90 | Domain: s | loss: 0.1800 | Acc: 94.47%
2023-11-19 20:06 after_fed Round:  18 | Epochs:  90 | Domain: a | loss: 0.4441 | Acc: 87.98%
2023-11-19 20:06 after_fed Round:  18 | Epochs:  90 | Domain: c | loss: 0.3486 | Acc: 88.61%
2023-11-19 20:06 after_fed Round:  18 | Epochs:  90 | Domain: s | loss: 0.1815 | Acc: 93.47%
2023-11-19 20:06 test_domain Round:  18 | Epochs:  90 | Domain: p | loss: 0.2226 | Acc: 93.41%
2023-11-19 20:06 before_fed Round:  19 | Epochs:  95 | Domain: a | loss: 0.2739 | Acc: 92.79%
2023-11-19 20:06 before_fed Round:  19 | Epochs:  95 | Domain: c | loss: 0.1714 | Acc: 95.78%
2023-11-19 20:06 before_fed Round:  19 | Epochs:  95 | Domain: s | loss: 0.2298 | Acc: 94.47%
2023-11-19 20:06 after_fed Round:  19 | Epochs:  95 | Domain: a | loss: 0.4426 | Acc: 87.02%
2023-11-19 20:06 after_fed Round:  19 | Epochs:  95 | Domain: c | loss: 0.3147 | Acc: 90.72%
2023-11-19 20:06 after_fed Round:  19 | Epochs:  95 | Domain: s | loss: 0.1941 | Acc: 92.71%
2023-11-19 20:06 test_domain Round:  19 | Epochs:  95 | Domain: p | loss: 0.2663 | Acc: 92.22%
2023-11-19 20:07 before_fed Round:  20 | Epochs: 100 | Domain: a | loss: 0.2573 | Acc: 93.75%
2023-11-19 20:07 before_fed Round:  20 | Epochs: 100 | Domain: c | loss: 0.1983 | Acc: 94.09%
2023-11-19 20:07 before_fed Round:  20 | Epochs: 100 | Domain: s | loss: 0.1792 | Acc: 94.22%
2023-11-19 20:07 after_fed Round:  20 | Epochs: 100 | Domain: a | loss: 0.5084 | Acc: 87.50%
2023-11-19 20:07 after_fed Round:  20 | Epochs: 100 | Domain: c | loss: 0.2900 | Acc: 90.72%
2023-11-19 20:07 after_fed Round:  20 | Epochs: 100 | Domain: s | loss: 0.1779 | Acc: 93.97%
2023-11-19 20:07 test_domain Round:  20 | Epochs: 100 | Domain: p | loss: 0.2852 | Acc: 92.10%
2023-11-19 20:07 before_fed Round:  21 | Epochs: 105 | Domain: a | loss: 0.3150 | Acc: 92.31%
2023-11-19 20:08 before_fed Round:  21 | Epochs: 105 | Domain: c | loss: 0.1629 | Acc: 95.78%
2023-11-19 20:08 before_fed Round:  21 | Epochs: 105 | Domain: s | loss: 0.1407 | Acc: 94.97%
2023-11-19 20:08 after_fed Round:  21 | Epochs: 105 | Domain: a | loss: 0.5239 | Acc: 86.06%
2023-11-19 20:08 after_fed Round:  21 | Epochs: 105 | Domain: c | loss: 0.3452 | Acc: 89.87%
2023-11-19 20:08 after_fed Round:  21 | Epochs: 105 | Domain: s | loss: 0.1517 | Acc: 93.97%
2023-11-19 20:08 test_domain Round:  21 | Epochs: 105 | Domain: p | loss: 0.3147 | Acc: 91.32%
2023-11-19 20:08 before_fed Round:  22 | Epochs: 110 | Domain: a | loss: 0.2802 | Acc: 93.27%
2023-11-19 20:08 before_fed Round:  22 | Epochs: 110 | Domain: c | loss: 0.1894 | Acc: 95.36%
2023-11-19 20:09 before_fed Round:  22 | Epochs: 110 | Domain: s | loss: 0.1915 | Acc: 94.47%
2023-11-19 20:09 after_fed Round:  22 | Epochs: 110 | Domain: a | loss: 0.4584 | Acc: 88.46%
2023-11-19 20:09 after_fed Round:  22 | Epochs: 110 | Domain: c | loss: 0.2953 | Acc: 92.41%
2023-11-19 20:09 after_fed Round:  22 | Epochs: 110 | Domain: s | loss: 0.1861 | Acc: 93.97%
2023-11-19 20:09 Model saved! Best Val Acc: 92.17%
2023-11-19 20:09 test_domain Round:  22 | Epochs: 110 | Domain: p | loss: 0.2917 | Acc: 92.10%
2023-11-19 20:09 before_fed Round:  23 | Epochs: 115 | Domain: a | loss: 0.2263 | Acc: 93.27%
2023-11-19 20:09 before_fed Round:  23 | Epochs: 115 | Domain: c | loss: 0.2322 | Acc: 92.83%
2023-11-19 20:10 before_fed Round:  23 | Epochs: 115 | Domain: s | loss: 0.1918 | Acc: 93.97%
2023-11-19 20:10 after_fed Round:  23 | Epochs: 115 | Domain: a | loss: 0.4998 | Acc: 85.58%
2023-11-19 20:10 after_fed Round:  23 | Epochs: 115 | Domain: c | loss: 0.3740 | Acc: 89.03%
2023-11-19 20:10 after_fed Round:  23 | Epochs: 115 | Domain: s | loss: 0.1667 | Acc: 94.22%
2023-11-19 20:10 test_domain Round:  23 | Epochs: 115 | Domain: p | loss: 0.3187 | Acc: 91.44%
2023-11-19 20:10 before_fed Round:  24 | Epochs: 120 | Domain: a | loss: 0.2559 | Acc: 92.31%
2023-11-19 20:10 before_fed Round:  24 | Epochs: 120 | Domain: c | loss: 0.1831 | Acc: 94.94%
2023-11-19 20:10 before_fed Round:  24 | Epochs: 120 | Domain: s | loss: 0.1876 | Acc: 95.48%
2023-11-19 20:10 after_fed Round:  24 | Epochs: 120 | Domain: a | loss: 0.4808 | Acc: 87.02%
2023-11-19 20:10 after_fed Round:  24 | Epochs: 120 | Domain: c | loss: 0.3350 | Acc: 90.30%
2023-11-19 20:10 after_fed Round:  24 | Epochs: 120 | Domain: s | loss: 0.1704 | Acc: 93.97%
2023-11-19 20:10 test_domain Round:  24 | Epochs: 120 | Domain: p | loss: 0.2805 | Acc: 92.87%
2023-11-19 20:11 before_fed Round:  25 | Epochs: 125 | Domain: a | loss: 0.3072 | Acc: 92.79%
2023-11-19 20:11 before_fed Round:  25 | Epochs: 125 | Domain: c | loss: 0.1860 | Acc: 93.67%
2023-11-19 20:11 before_fed Round:  25 | Epochs: 125 | Domain: s | loss: 0.1789 | Acc: 95.23%
2023-11-19 20:11 after_fed Round:  25 | Epochs: 125 | Domain: a | loss: 0.4784 | Acc: 86.06%
2023-11-19 20:11 after_fed Round:  25 | Epochs: 125 | Domain: c | loss: 0.3785 | Acc: 88.19%
2023-11-19 20:11 after_fed Round:  25 | Epochs: 125 | Domain: s | loss: 0.1594 | Acc: 94.72%
2023-11-19 20:11 test_domain Round:  25 | Epochs: 125 | Domain: p | loss: 0.2618 | Acc: 92.81%
2023-11-19 20:11 before_fed Round:  26 | Epochs: 130 | Domain: a | loss: 0.2780 | Acc: 94.23%
2023-11-19 20:12 before_fed Round:  26 | Epochs: 130 | Domain: c | loss: 0.2047 | Acc: 94.51%
2023-11-19 20:12 before_fed Round:  26 | Epochs: 130 | Domain: s | loss: 0.1665 | Acc: 94.97%
2023-11-19 20:12 after_fed Round:  26 | Epochs: 130 | Domain: a | loss: 0.4456 | Acc: 85.58%
2023-11-19 20:12 after_fed Round:  26 | Epochs: 130 | Domain: c | loss: 0.3626 | Acc: 89.03%
2023-11-19 20:12 after_fed Round:  26 | Epochs: 130 | Domain: s | loss: 0.1641 | Acc: 94.97%
2023-11-19 20:12 test_domain Round:  26 | Epochs: 130 | Domain: p | loss: 0.2583 | Acc: 92.16%
2023-11-19 20:12 before_fed Round:  27 | Epochs: 135 | Domain: a | loss: 0.2946 | Acc: 92.79%
2023-11-19 20:12 before_fed Round:  27 | Epochs: 135 | Domain: c | loss: 0.2211 | Acc: 94.09%
2023-11-19 20:13 before_fed Round:  27 | Epochs: 135 | Domain: s | loss: 0.1789 | Acc: 95.23%
2023-11-19 20:13 after_fed Round:  27 | Epochs: 135 | Domain: a | loss: 0.4880 | Acc: 86.54%
2023-11-19 20:13 after_fed Round:  27 | Epochs: 135 | Domain: c | loss: 0.4074 | Acc: 88.61%
2023-11-19 20:13 after_fed Round:  27 | Epochs: 135 | Domain: s | loss: 0.1787 | Acc: 94.22%
2023-11-19 20:13 test_domain Round:  27 | Epochs: 135 | Domain: p | loss: 0.2838 | Acc: 91.98%
2023-11-19 20:13 before_fed Round:  28 | Epochs: 140 | Domain: a | loss: 0.2571 | Acc: 93.27%
2023-11-19 20:13 before_fed Round:  28 | Epochs: 140 | Domain: c | loss: 0.1865 | Acc: 95.36%
2023-11-19 20:14 before_fed Round:  28 | Epochs: 140 | Domain: s | loss: 0.2159 | Acc: 93.97%
2023-11-19 20:14 after_fed Round:  28 | Epochs: 140 | Domain: a | loss: 0.4427 | Acc: 86.54%
2023-11-19 20:14 after_fed Round:  28 | Epochs: 140 | Domain: c | loss: 0.3339 | Acc: 91.98%
2023-11-19 20:14 after_fed Round:  28 | Epochs: 140 | Domain: s | loss: 0.1962 | Acc: 93.47%
2023-11-19 20:14 test_domain Round:  28 | Epochs: 140 | Domain: p | loss: 0.2578 | Acc: 92.10%
2023-11-19 20:14 before_fed Round:  29 | Epochs: 145 | Domain: a | loss: 0.2259 | Acc: 94.23%
2023-11-19 20:14 before_fed Round:  29 | Epochs: 145 | Domain: c | loss: 0.2180 | Acc: 94.09%
2023-11-19 20:14 before_fed Round:  29 | Epochs: 145 | Domain: s | loss: 0.1878 | Acc: 95.23%
2023-11-19 20:14 after_fed Round:  29 | Epochs: 145 | Domain: a | loss: 0.4778 | Acc: 87.98%
2023-11-19 20:14 after_fed Round:  29 | Epochs: 145 | Domain: c | loss: 0.3228 | Acc: 92.41%
2023-11-19 20:14 after_fed Round:  29 | Epochs: 145 | Domain: s | loss: 0.2006 | Acc: 93.72%
2023-11-19 20:14 test_domain Round:  29 | Epochs: 145 | Domain: p | loss: 0.3017 | Acc: 91.44%
2023-11-19 20:15 before_fed Round:  30 | Epochs: 150 | Domain: a | loss: 0.2689 | Acc: 92.79%
2023-11-19 20:15 before_fed Round:  30 | Epochs: 150 | Domain: c | loss: 0.2254 | Acc: 92.83%
2023-11-19 20:15 before_fed Round:  30 | Epochs: 150 | Domain: s | loss: 0.1902 | Acc: 93.97%
2023-11-19 20:15 after_fed Round:  30 | Epochs: 150 | Domain: a | loss: 0.4774 | Acc: 86.06%
2023-11-19 20:15 after_fed Round:  30 | Epochs: 150 | Domain: c | loss: 0.3531 | Acc: 91.14%
2023-11-19 20:15 after_fed Round:  30 | Epochs: 150 | Domain: s | loss: 0.1775 | Acc: 93.97%
2023-11-19 20:15 test_domain Round:  30 | Epochs: 150 | Domain: p | loss: 0.2449 | Acc: 92.81%
2023-11-19 20:15 before_fed Round:  31 | Epochs: 155 | Domain: a | loss: 0.2513 | Acc: 90.87%
2023-11-19 20:16 before_fed Round:  31 | Epochs: 155 | Domain: c | loss: 0.2199 | Acc: 94.09%
2023-11-19 20:16 before_fed Round:  31 | Epochs: 155 | Domain: s | loss: 0.1359 | Acc: 95.23%
2023-11-19 20:16 after_fed Round:  31 | Epochs: 155 | Domain: a | loss: 0.4479 | Acc: 85.10%
2023-11-19 20:16 after_fed Round:  31 | Epochs: 155 | Domain: c | loss: 0.3224 | Acc: 90.30%
2023-11-19 20:16 after_fed Round:  31 | Epochs: 155 | Domain: s | loss: 0.1559 | Acc: 94.22%
2023-11-19 20:16 test_domain Round:  31 | Epochs: 155 | Domain: p | loss: 0.2481 | Acc: 92.51%
2023-11-19 20:16 before_fed Round:  32 | Epochs: 160 | Domain: a | loss: 0.2809 | Acc: 94.23%
2023-11-19 20:16 before_fed Round:  32 | Epochs: 160 | Domain: c | loss: 0.1850 | Acc: 96.20%
2023-11-19 20:17 before_fed Round:  32 | Epochs: 160 | Domain: s | loss: 0.1654 | Acc: 95.73%
2023-11-19 20:17 after_fed Round:  32 | Epochs: 160 | Domain: a | loss: 0.4304 | Acc: 88.94%
2023-11-19 20:17 after_fed Round:  32 | Epochs: 160 | Domain: c | loss: 0.2776 | Acc: 92.41%
2023-11-19 20:17 after_fed Round:  32 | Epochs: 160 | Domain: s | loss: 0.1718 | Acc: 93.72%
2023-11-19 20:17 test_domain Round:  32 | Epochs: 160 | Domain: p | loss: 0.2605 | Acc: 92.81%
2023-11-19 20:17 before_fed Round:  33 | Epochs: 165 | Domain: a | loss: 0.2834 | Acc: 92.31%
2023-11-19 20:17 before_fed Round:  33 | Epochs: 165 | Domain: c | loss: 0.1956 | Acc: 94.94%
2023-11-19 20:18 before_fed Round:  33 | Epochs: 165 | Domain: s | loss: 0.1495 | Acc: 95.23%
2023-11-19 20:18 after_fed Round:  33 | Epochs: 165 | Domain: a | loss: 0.4232 | Acc: 87.50%
2023-11-19 20:18 after_fed Round:  33 | Epochs: 165 | Domain: c | loss: 0.4137 | Acc: 89.03%
2023-11-19 20:18 after_fed Round:  33 | Epochs: 165 | Domain: s | loss: 0.1870 | Acc: 94.22%
2023-11-19 20:18 test_domain Round:  33 | Epochs: 165 | Domain: p | loss: 0.2664 | Acc: 92.87%
2023-11-19 20:18 before_fed Round:  34 | Epochs: 170 | Domain: a | loss: 0.2885 | Acc: 94.23%
2023-11-19 20:18 before_fed Round:  34 | Epochs: 170 | Domain: c | loss: 0.1894 | Acc: 94.51%
2023-11-19 20:18 before_fed Round:  34 | Epochs: 170 | Domain: s | loss: 0.1750 | Acc: 94.97%
2023-11-19 20:18 after_fed Round:  34 | Epochs: 170 | Domain: a | loss: 0.4571 | Acc: 88.46%
2023-11-19 20:18 after_fed Round:  34 | Epochs: 170 | Domain: c | loss: 0.3242 | Acc: 91.56%
2023-11-19 20:18 after_fed Round:  34 | Epochs: 170 | Domain: s | loss: 0.2086 | Acc: 93.47%
2023-11-19 20:18 test_domain Round:  34 | Epochs: 170 | Domain: p | loss: 0.2691 | Acc: 92.46%
2023-11-19 20:19 before_fed Round:  35 | Epochs: 175 | Domain: a | loss: 0.2564 | Acc: 93.75%
2023-11-19 20:19 before_fed Round:  35 | Epochs: 175 | Domain: c | loss: 0.1877 | Acc: 93.67%
2023-11-19 20:19 before_fed Round:  35 | Epochs: 175 | Domain: s | loss: 0.1374 | Acc: 95.48%
2023-11-19 20:19 after_fed Round:  35 | Epochs: 175 | Domain: a | loss: 0.4589 | Acc: 87.50%
2023-11-19 20:19 after_fed Round:  35 | Epochs: 175 | Domain: c | loss: 0.3069 | Acc: 91.98%
2023-11-19 20:19 after_fed Round:  35 | Epochs: 175 | Domain: s | loss: 0.1934 | Acc: 93.97%
2023-11-19 20:19 test_domain Round:  35 | Epochs: 175 | Domain: p | loss: 0.2534 | Acc: 92.69%
2023-11-19 20:19 before_fed Round:  36 | Epochs: 180 | Domain: a | loss: 0.2723 | Acc: 92.79%
2023-11-19 20:20 before_fed Round:  36 | Epochs: 180 | Domain: c | loss: 0.1785 | Acc: 94.51%
2023-11-19 20:20 before_fed Round:  36 | Epochs: 180 | Domain: s | loss: 0.1510 | Acc: 95.98%
2023-11-19 20:20 after_fed Round:  36 | Epochs: 180 | Domain: a | loss: 0.4451 | Acc: 86.06%
2023-11-19 20:20 after_fed Round:  36 | Epochs: 180 | Domain: c | loss: 0.3297 | Acc: 91.14%
2023-11-19 20:20 after_fed Round:  36 | Epochs: 180 | Domain: s | loss: 0.1598 | Acc: 94.97%
2023-11-19 20:20 test_domain Round:  36 | Epochs: 180 | Domain: p | loss: 0.2506 | Acc: 92.57%
2023-11-19 20:20 before_fed Round:  37 | Epochs: 185 | Domain: a | loss: 0.2108 | Acc: 94.23%
2023-11-19 20:20 before_fed Round:  37 | Epochs: 185 | Domain: c | loss: 0.1600 | Acc: 95.78%
2023-11-19 20:21 before_fed Round:  37 | Epochs: 185 | Domain: s | loss: 0.1373 | Acc: 95.48%
2023-11-19 20:21 after_fed Round:  37 | Epochs: 185 | Domain: a | loss: 0.3967 | Acc: 88.46%
2023-11-19 20:21 after_fed Round:  37 | Epochs: 185 | Domain: c | loss: 0.2930 | Acc: 91.56%
2023-11-19 20:21 after_fed Round:  37 | Epochs: 185 | Domain: s | loss: 0.1418 | Acc: 94.97%
2023-11-19 20:21 Model saved! Best Val Acc: 92.41%
2023-11-19 20:21 test_domain Round:  37 | Epochs: 185 | Domain: p | loss: 0.2411 | Acc: 92.93%
2023-11-19 20:21 before_fed Round:  38 | Epochs: 190 | Domain: a | loss: 0.3011 | Acc: 92.31%
2023-11-19 20:21 before_fed Round:  38 | Epochs: 190 | Domain: c | loss: 0.1798 | Acc: 95.36%
2023-11-19 20:22 before_fed Round:  38 | Epochs: 190 | Domain: s | loss: 0.1740 | Acc: 95.23%
2023-11-19 20:22 after_fed Round:  38 | Epochs: 190 | Domain: a | loss: 0.3929 | Acc: 87.98%
2023-11-19 20:22 after_fed Round:  38 | Epochs: 190 | Domain: c | loss: 0.2980 | Acc: 91.56%
2023-11-19 20:22 after_fed Round:  38 | Epochs: 190 | Domain: s | loss: 0.1698 | Acc: 94.22%
2023-11-19 20:22 test_domain Round:  38 | Epochs: 190 | Domain: p | loss: 0.2505 | Acc: 93.17%
2023-11-19 20:22 before_fed Round:  39 | Epochs: 195 | Domain: a | loss: 0.2803 | Acc: 94.23%
2023-11-19 20:22 before_fed Round:  39 | Epochs: 195 | Domain: c | loss: 0.2077 | Acc: 95.78%
2023-11-19 20:22 before_fed Round:  39 | Epochs: 195 | Domain: s | loss: 0.1335 | Acc: 95.73%
2023-11-19 20:22 after_fed Round:  39 | Epochs: 195 | Domain: a | loss: 0.4066 | Acc: 87.02%
2023-11-19 20:22 after_fed Round:  39 | Epochs: 195 | Domain: c | loss: 0.2807 | Acc: 91.56%
2023-11-19 20:22 after_fed Round:  39 | Epochs: 195 | Domain: s | loss: 0.1656 | Acc: 94.22%
2023-11-19 20:22 test_domain Round:  39 | Epochs: 195 | Domain: p | loss: 0.2669 | Acc: 92.75%
2023-11-19 20:23 before_fed Round:  40 | Epochs: 200 | Domain: a | loss: 0.2556 | Acc: 93.27%
2023-11-19 20:23 before_fed Round:  40 | Epochs: 200 | Domain: c | loss: 0.2083 | Acc: 94.09%
2023-11-19 20:23 before_fed Round:  40 | Epochs: 200 | Domain: s | loss: 0.1516 | Acc: 95.48%
2023-11-19 20:23 after_fed Round:  40 | Epochs: 200 | Domain: a | loss: 0.4107 | Acc: 87.98%
2023-11-19 20:23 after_fed Round:  40 | Epochs: 200 | Domain: c | loss: 0.2746 | Acc: 91.56%
2023-11-19 20:23 after_fed Round:  40 | Epochs: 200 | Domain: s | loss: 0.1637 | Acc: 94.22%
2023-11-19 20:23 test_domain Round:  40 | Epochs: 200 | Domain: p | loss: 0.2633 | Acc: 92.87%
