2023-11-21 10:48 before_fed Round:   0 | Epochs:   0 | Domain: p | loss: 0.0513 | Acc: 98.83%
2023-11-21 10:48 before_fed Round:   0 | Epochs:   0 | Domain: a | loss: 0.2974 | Acc: 90.87%
2023-11-21 10:48 before_fed Round:   0 | Epochs:   0 | Domain: s | loss: 0.2021 | Acc: 93.22%
2023-11-21 10:48 after_fed Round:   0 | Epochs:   0 | Domain: p | loss: 0.2957 | Acc: 94.74%
2023-11-21 10:48 after_fed Round:   0 | Epochs:   0 | Domain: a | loss: 0.8125 | Acc: 70.19%
2023-11-21 10:48 after_fed Round:   0 | Epochs:   0 | Domain: s | loss: 0.4172 | Acc: 88.44%
2023-11-21 10:48 Model saved! Best Val Acc: 84.93%
2023-11-21 10:48 test_domain Round:   0 | Epochs:   0 | Domain: c | loss: 0.9376 | Acc: 65.74%
2023-11-21 10:49 before_fed Round:   1 | Epochs:   5 | Domain: p | loss: 0.0452 | Acc: 99.42%
2023-11-21 10:49 before_fed Round:   1 | Epochs:   5 | Domain: a | loss: 0.2913 | Acc: 91.35%
2023-11-21 10:49 before_fed Round:   1 | Epochs:   5 | Domain: s | loss: 0.2218 | Acc: 92.96%
2023-11-21 10:49 after_fed Round:   1 | Epochs:   5 | Domain: p | loss: 0.1437 | Acc: 95.32%
2023-11-21 10:49 after_fed Round:   1 | Epochs:   5 | Domain: a | loss: 0.7213 | Acc: 74.52%
2023-11-21 10:49 after_fed Round:   1 | Epochs:   5 | Domain: s | loss: 0.2676 | Acc: 91.21%
2023-11-21 10:49 Model saved! Best Val Acc: 87.64%
2023-11-21 10:49 test_domain Round:   1 | Epochs:   5 | Domain: c | loss: 0.8688 | Acc: 70.05%
2023-11-21 10:49 before_fed Round:   2 | Epochs:  10 | Domain: p | loss: 0.0244 | Acc: 99.42%
2023-11-21 10:50 before_fed Round:   2 | Epochs:  10 | Domain: a | loss: 0.2898 | Acc: 90.38%
2023-11-21 10:50 before_fed Round:   2 | Epochs:  10 | Domain: s | loss: 0.2094 | Acc: 93.22%
2023-11-21 10:50 after_fed Round:   2 | Epochs:  10 | Domain: p | loss: 0.0801 | Acc: 97.66%
2023-11-21 10:50 after_fed Round:   2 | Epochs:  10 | Domain: a | loss: 0.5594 | Acc: 81.25%
2023-11-21 10:50 after_fed Round:   2 | Epochs:  10 | Domain: s | loss: 0.2827 | Acc: 88.94%
2023-11-21 10:50 Model saved! Best Val Acc: 88.79%
2023-11-21 10:50 test_domain Round:   2 | Epochs:  10 | Domain: c | loss: 0.9003 | Acc: 70.65%
2023-11-21 10:50 before_fed Round:   3 | Epochs:  15 | Domain: p | loss: 0.0302 | Acc: 98.83%
2023-11-21 10:50 before_fed Round:   3 | Epochs:  15 | Domain: a | loss: 0.2964 | Acc: 92.79%
2023-11-21 10:51 before_fed Round:   3 | Epochs:  15 | Domain: s | loss: 0.1705 | Acc: 95.23%
2023-11-21 10:51 after_fed Round:   3 | Epochs:  15 | Domain: p | loss: 0.0658 | Acc: 97.08%
2023-11-21 10:51 after_fed Round:   3 | Epochs:  15 | Domain: a | loss: 0.5873 | Acc: 81.73%
2023-11-21 10:51 after_fed Round:   3 | Epochs:  15 | Domain: s | loss: 0.2046 | Acc: 92.71%
2023-11-21 10:51 Model saved! Best Val Acc: 90.72%
2023-11-21 10:51 test_domain Round:   3 | Epochs:  15 | Domain: c | loss: 0.7705 | Acc: 75.94%
2023-11-21 10:51 before_fed Round:   4 | Epochs:  20 | Domain: p | loss: 0.0135 | Acc: 100.00%
2023-11-21 10:51 before_fed Round:   4 | Epochs:  20 | Domain: a | loss: 0.2569 | Acc: 92.79%
2023-11-21 10:51 before_fed Round:   4 | Epochs:  20 | Domain: s | loss: 0.1683 | Acc: 94.72%
2023-11-21 10:51 after_fed Round:   4 | Epochs:  20 | Domain: p | loss: 0.0617 | Acc: 98.25%
2023-11-21 10:51 after_fed Round:   4 | Epochs:  20 | Domain: a | loss: 0.5268 | Acc: 83.17%
2023-11-21 10:51 after_fed Round:   4 | Epochs:  20 | Domain: s | loss: 0.2181 | Acc: 92.71%
2023-11-21 10:51 Model saved! Best Val Acc: 91.37%
2023-11-21 10:51 test_domain Round:   4 | Epochs:  20 | Domain: c | loss: 0.7654 | Acc: 76.24%
2023-11-21 10:52 before_fed Round:   5 | Epochs:  25 | Domain: p | loss: 0.0172 | Acc: 100.00%
2023-11-21 10:52 before_fed Round:   5 | Epochs:  25 | Domain: a | loss: 0.2631 | Acc: 92.79%
2023-11-21 10:52 before_fed Round:   5 | Epochs:  25 | Domain: s | loss: 0.1939 | Acc: 93.47%
2023-11-21 10:52 after_fed Round:   5 | Epochs:  25 | Domain: p | loss: 0.0471 | Acc: 98.83%
2023-11-21 10:52 after_fed Round:   5 | Epochs:  25 | Domain: a | loss: 0.5115 | Acc: 84.62%
2023-11-21 10:52 after_fed Round:   5 | Epochs:  25 | Domain: s | loss: 0.2142 | Acc: 93.22%
2023-11-21 10:52 Model saved! Best Val Acc: 92.14%
2023-11-21 10:52 test_domain Round:   5 | Epochs:  25 | Domain: c | loss: 0.9677 | Acc: 72.87%
2023-11-21 10:52 before_fed Round:   6 | Epochs:  30 | Domain: p | loss: 0.0201 | Acc: 99.42%
2023-11-21 10:53 before_fed Round:   6 | Epochs:  30 | Domain: a | loss: 0.2751 | Acc: 90.87%
2023-11-21 10:53 before_fed Round:   6 | Epochs:  30 | Domain: s | loss: 0.1595 | Acc: 95.23%
2023-11-21 10:53 after_fed Round:   6 | Epochs:  30 | Domain: p | loss: 0.0470 | Acc: 98.25%
2023-11-21 10:53 after_fed Round:   6 | Epochs:  30 | Domain: a | loss: 0.5115 | Acc: 84.13%
2023-11-21 10:53 after_fed Round:   6 | Epochs:  30 | Domain: s | loss: 0.2066 | Acc: 92.21%
2023-11-21 10:53 test_domain Round:   6 | Epochs:  30 | Domain: c | loss: 0.8377 | Acc: 76.96%
2023-11-21 10:53 before_fed Round:   7 | Epochs:  35 | Domain: p | loss: 0.0397 | Acc: 98.83%
2023-11-21 10:53 before_fed Round:   7 | Epochs:  35 | Domain: a | loss: 0.2228 | Acc: 91.83%
2023-11-21 10:54 before_fed Round:   7 | Epochs:  35 | Domain: s | loss: 0.1799 | Acc: 93.97%
2023-11-21 10:54 after_fed Round:   7 | Epochs:  35 | Domain: p | loss: 0.0468 | Acc: 97.66%
2023-11-21 10:54 after_fed Round:   7 | Epochs:  35 | Domain: a | loss: 0.5330 | Acc: 82.69%
2023-11-21 10:54 after_fed Round:   7 | Epochs:  35 | Domain: s | loss: 0.2074 | Acc: 93.47%
2023-11-21 10:54 test_domain Round:   7 | Epochs:  35 | Domain: c | loss: 0.9754 | Acc: 73.93%
2023-11-21 10:54 before_fed Round:   8 | Epochs:  40 | Domain: p | loss: 0.0184 | Acc: 99.42%
2023-11-21 10:54 before_fed Round:   8 | Epochs:  40 | Domain: a | loss: 0.2650 | Acc: 92.31%
2023-11-21 10:54 before_fed Round:   8 | Epochs:  40 | Domain: s | loss: 0.1775 | Acc: 95.23%
2023-11-21 10:54 after_fed Round:   8 | Epochs:  40 | Domain: p | loss: 0.0538 | Acc: 97.08%
2023-11-21 10:54 after_fed Round:   8 | Epochs:  40 | Domain: a | loss: 0.4388 | Acc: 86.54%
2023-11-21 10:54 after_fed Round:   8 | Epochs:  40 | Domain: s | loss: 0.2249 | Acc: 93.47%
2023-11-21 10:54 Model saved! Best Val Acc: 92.40%
2023-11-21 10:54 test_domain Round:   8 | Epochs:  40 | Domain: c | loss: 0.8110 | Acc: 77.35%
2023-11-21 10:55 before_fed Round:   9 | Epochs:  45 | Domain: p | loss: 0.0110 | Acc: 100.00%
2023-11-21 10:55 before_fed Round:   9 | Epochs:  45 | Domain: a | loss: 0.2336 | Acc: 93.27%
2023-11-21 10:55 before_fed Round:   9 | Epochs:  45 | Domain: s | loss: 0.1900 | Acc: 94.72%
2023-11-21 10:55 after_fed Round:   9 | Epochs:  45 | Domain: p | loss: 0.0513 | Acc: 97.66%
2023-11-21 10:55 after_fed Round:   9 | Epochs:  45 | Domain: a | loss: 0.4679 | Acc: 86.06%
2023-11-21 10:55 after_fed Round:   9 | Epochs:  45 | Domain: s | loss: 0.2244 | Acc: 92.21%
2023-11-21 10:55 test_domain Round:   9 | Epochs:  45 | Domain: c | loss: 0.9962 | Acc: 75.43%
2023-11-21 10:55 before_fed Round:  10 | Epochs:  50 | Domain: p | loss: 0.0216 | Acc: 99.42%
2023-11-21 10:56 before_fed Round:  10 | Epochs:  50 | Domain: a | loss: 0.2049 | Acc: 94.23%
2023-11-21 10:56 before_fed Round:  10 | Epochs:  50 | Domain: s | loss: 0.2101 | Acc: 93.47%
2023-11-21 10:56 after_fed Round:  10 | Epochs:  50 | Domain: p | loss: 0.0423 | Acc: 97.66%
2023-11-21 10:56 after_fed Round:  10 | Epochs:  50 | Domain: a | loss: 0.4393 | Acc: 85.58%
2023-11-21 10:56 after_fed Round:  10 | Epochs:  50 | Domain: s | loss: 0.2597 | Acc: 91.46%
2023-11-21 10:56 test_domain Round:  10 | Epochs:  50 | Domain: c | loss: 0.9117 | Acc: 75.51%
2023-11-21 10:56 before_fed Round:  11 | Epochs:  55 | Domain: p | loss: 0.0166 | Acc: 98.83%
2023-11-21 10:56 before_fed Round:  11 | Epochs:  55 | Domain: a | loss: 0.2141 | Acc: 92.31%
2023-11-21 10:57 before_fed Round:  11 | Epochs:  55 | Domain: s | loss: 0.1570 | Acc: 94.47%
2023-11-21 10:57 after_fed Round:  11 | Epochs:  55 | Domain: p | loss: 0.0611 | Acc: 97.08%
2023-11-21 10:57 after_fed Round:  11 | Epochs:  55 | Domain: a | loss: 0.4717 | Acc: 87.02%
2023-11-21 10:57 after_fed Round:  11 | Epochs:  55 | Domain: s | loss: 0.2132 | Acc: 92.46%
2023-11-21 10:57 test_domain Round:  11 | Epochs:  55 | Domain: c | loss: 0.9239 | Acc: 76.24%
2023-11-21 10:57 before_fed Round:  12 | Epochs:  60 | Domain: p | loss: 0.0133 | Acc: 100.00%
2023-11-21 10:57 before_fed Round:  12 | Epochs:  60 | Domain: a | loss: 0.3148 | Acc: 90.38%
2023-11-21 10:57 before_fed Round:  12 | Epochs:  60 | Domain: s | loss: 0.1804 | Acc: 94.72%
2023-11-21 10:57 after_fed Round:  12 | Epochs:  60 | Domain: p | loss: 0.0444 | Acc: 98.25%
2023-11-21 10:57 after_fed Round:  12 | Epochs:  60 | Domain: a | loss: 0.4339 | Acc: 86.06%
2023-11-21 10:57 after_fed Round:  12 | Epochs:  60 | Domain: s | loss: 0.1929 | Acc: 93.47%
2023-11-21 10:57 Model saved! Best Val Acc: 92.53%
2023-11-21 10:57 test_domain Round:  12 | Epochs:  60 | Domain: c | loss: 0.8320 | Acc: 77.52%
2023-11-21 10:58 before_fed Round:  13 | Epochs:  65 | Domain: p | loss: 0.0061 | Acc: 100.00%
2023-11-21 10:58 before_fed Round:  13 | Epochs:  65 | Domain: a | loss: 0.2666 | Acc: 92.79%
2023-11-21 10:58 before_fed Round:  13 | Epochs:  65 | Domain: s | loss: 0.1666 | Acc: 92.46%
2023-11-21 10:58 after_fed Round:  13 | Epochs:  65 | Domain: p | loss: 0.0299 | Acc: 99.42%
2023-11-21 10:58 after_fed Round:  13 | Epochs:  65 | Domain: a | loss: 0.4807 | Acc: 84.62%
2023-11-21 10:58 after_fed Round:  13 | Epochs:  65 | Domain: s | loss: 0.1928 | Acc: 92.96%
2023-11-21 10:58 test_domain Round:  13 | Epochs:  65 | Domain: c | loss: 0.9222 | Acc: 76.92%
2023-11-21 10:58 before_fed Round:  14 | Epochs:  70 | Domain: p | loss: 0.0416 | Acc: 97.66%
2023-11-21 10:59 before_fed Round:  14 | Epochs:  70 | Domain: a | loss: 0.2890 | Acc: 92.79%
2023-11-21 10:59 before_fed Round:  14 | Epochs:  70 | Domain: s | loss: 0.1981 | Acc: 93.97%
2023-11-21 10:59 after_fed Round:  14 | Epochs:  70 | Domain: p | loss: 0.0373 | Acc: 98.25%
2023-11-21 10:59 after_fed Round:  14 | Epochs:  70 | Domain: a | loss: 0.4253 | Acc: 87.98%
2023-11-21 10:59 after_fed Round:  14 | Epochs:  70 | Domain: s | loss: 0.2127 | Acc: 93.22%
2023-11-21 10:59 Model saved! Best Val Acc: 92.91%
2023-11-21 10:59 test_domain Round:  14 | Epochs:  70 | Domain: c | loss: 0.9745 | Acc: 75.73%
2023-11-21 10:59 before_fed Round:  15 | Epochs:  75 | Domain: p | loss: 0.0090 | Acc: 100.00%
2023-11-21 10:59 before_fed Round:  15 | Epochs:  75 | Domain: a | loss: 0.2650 | Acc: 92.79%
2023-11-21 11:00 before_fed Round:  15 | Epochs:  75 | Domain: s | loss: 0.1973 | Acc: 94.47%
2023-11-21 11:00 after_fed Round:  15 | Epochs:  75 | Domain: p | loss: 0.0551 | Acc: 96.49%
2023-11-21 11:00 after_fed Round:  15 | Epochs:  75 | Domain: a | loss: 0.4702 | Acc: 85.10%
2023-11-21 11:00 after_fed Round:  15 | Epochs:  75 | Domain: s | loss: 0.2124 | Acc: 93.22%
2023-11-21 11:00 test_domain Round:  15 | Epochs:  75 | Domain: c | loss: 1.0177 | Acc: 75.43%
2023-11-21 11:00 before_fed Round:  16 | Epochs:  80 | Domain: p | loss: 0.0153 | Acc: 99.42%
2023-11-21 11:00 before_fed Round:  16 | Epochs:  80 | Domain: a | loss: 0.2660 | Acc: 92.79%
2023-11-21 11:00 before_fed Round:  16 | Epochs:  80 | Domain: s | loss: 0.2147 | Acc: 94.97%
2023-11-21 11:00 after_fed Round:  16 | Epochs:  80 | Domain: p | loss: 0.0386 | Acc: 98.83%
2023-11-21 11:00 after_fed Round:  16 | Epochs:  80 | Domain: a | loss: 0.4723 | Acc: 84.13%
2023-11-21 11:00 after_fed Round:  16 | Epochs:  80 | Domain: s | loss: 0.2192 | Acc: 93.22%
2023-11-21 11:00 test_domain Round:  16 | Epochs:  80 | Domain: c | loss: 1.0078 | Acc: 74.62%
2023-11-21 11:01 before_fed Round:  17 | Epochs:  85 | Domain: p | loss: 0.0085 | Acc: 99.42%
2023-11-21 11:01 before_fed Round:  17 | Epochs:  85 | Domain: a | loss: 0.3182 | Acc: 93.27%
2023-11-21 11:01 before_fed Round:  17 | Epochs:  85 | Domain: s | loss: 0.1981 | Acc: 93.97%
2023-11-21 11:01 after_fed Round:  17 | Epochs:  85 | Domain: p | loss: 0.0430 | Acc: 98.25%
2023-11-21 11:01 after_fed Round:  17 | Epochs:  85 | Domain: a | loss: 0.4821 | Acc: 85.10%
2023-11-21 11:01 after_fed Round:  17 | Epochs:  85 | Domain: s | loss: 0.1871 | Acc: 93.22%
2023-11-21 11:01 test_domain Round:  17 | Epochs:  85 | Domain: c | loss: 0.8838 | Acc: 77.35%
2023-11-21 11:01 before_fed Round:  18 | Epochs:  90 | Domain: p | loss: 0.0113 | Acc: 99.42%
2023-11-21 11:02 before_fed Round:  18 | Epochs:  90 | Domain: a | loss: 0.2916 | Acc: 92.31%
2023-11-21 11:02 before_fed Round:  18 | Epochs:  90 | Domain: s | loss: 0.1747 | Acc: 94.22%
2023-11-21 11:02 after_fed Round:  18 | Epochs:  90 | Domain: p | loss: 0.0283 | Acc: 98.83%
2023-11-21 11:02 after_fed Round:  18 | Epochs:  90 | Domain: a | loss: 0.4468 | Acc: 85.58%
2023-11-21 11:02 after_fed Round:  18 | Epochs:  90 | Domain: s | loss: 0.1641 | Acc: 94.47%
2023-11-21 11:02 Model saved! Best Val Acc: 93.04%
2023-11-21 11:02 test_domain Round:  18 | Epochs:  90 | Domain: c | loss: 0.9240 | Acc: 77.73%
2023-11-21 11:02 before_fed Round:  19 | Epochs:  95 | Domain: p | loss: 0.0098 | Acc: 99.42%
2023-11-21 11:02 before_fed Round:  19 | Epochs:  95 | Domain: a | loss: 0.3045 | Acc: 91.35%
2023-11-21 11:03 before_fed Round:  19 | Epochs:  95 | Domain: s | loss: 0.1627 | Acc: 94.97%
2023-11-21 11:03 after_fed Round:  19 | Epochs:  95 | Domain: p | loss: 0.0227 | Acc: 98.83%
2023-11-21 11:03 after_fed Round:  19 | Epochs:  95 | Domain: a | loss: 0.4615 | Acc: 85.10%
2023-11-21 11:03 after_fed Round:  19 | Epochs:  95 | Domain: s | loss: 0.1883 | Acc: 93.22%
2023-11-21 11:03 test_domain Round:  19 | Epochs:  95 | Domain: c | loss: 0.9663 | Acc: 76.02%
2023-11-21 11:03 before_fed Round:  20 | Epochs: 100 | Domain: p | loss: 0.0060 | Acc: 100.00%
2023-11-21 11:03 before_fed Round:  20 | Epochs: 100 | Domain: a | loss: 0.2808 | Acc: 92.31%
2023-11-21 11:03 before_fed Round:  20 | Epochs: 100 | Domain: s | loss: 0.1968 | Acc: 93.47%
2023-11-21 11:03 after_fed Round:  20 | Epochs: 100 | Domain: p | loss: 0.0431 | Acc: 97.66%
2023-11-21 11:03 after_fed Round:  20 | Epochs: 100 | Domain: a | loss: 0.4649 | Acc: 85.10%
2023-11-21 11:03 after_fed Round:  20 | Epochs: 100 | Domain: s | loss: 0.1881 | Acc: 93.72%
2023-11-21 11:03 test_domain Round:  20 | Epochs: 100 | Domain: c | loss: 0.9064 | Acc: 76.71%
2023-11-21 11:04 before_fed Round:  21 | Epochs: 105 | Domain: p | loss: 0.0137 | Acc: 100.00%
2023-11-21 11:04 before_fed Round:  21 | Epochs: 105 | Domain: a | loss: 0.2454 | Acc: 93.27%
2023-11-21 11:04 before_fed Round:  21 | Epochs: 105 | Domain: s | loss: 0.1720 | Acc: 94.47%
2023-11-21 11:04 after_fed Round:  21 | Epochs: 105 | Domain: p | loss: 0.0341 | Acc: 98.83%
2023-11-21 11:04 after_fed Round:  21 | Epochs: 105 | Domain: a | loss: 0.5238 | Acc: 86.06%
2023-11-21 11:04 after_fed Round:  21 | Epochs: 105 | Domain: s | loss: 0.1932 | Acc: 93.47%
2023-11-21 11:04 test_domain Round:  21 | Epochs: 105 | Domain: c | loss: 0.8559 | Acc: 77.77%
2023-11-21 11:04 before_fed Round:  22 | Epochs: 110 | Domain: p | loss: 0.0190 | Acc: 98.83%
2023-11-21 11:05 before_fed Round:  22 | Epochs: 110 | Domain: a | loss: 0.3193 | Acc: 94.23%
2023-11-21 11:05 before_fed Round:  22 | Epochs: 110 | Domain: s | loss: 0.1342 | Acc: 95.48%
2023-11-21 11:05 after_fed Round:  22 | Epochs: 110 | Domain: p | loss: 0.0474 | Acc: 98.25%
2023-11-21 11:05 after_fed Round:  22 | Epochs: 110 | Domain: a | loss: 0.5045 | Acc: 85.58%
2023-11-21 11:05 after_fed Round:  22 | Epochs: 110 | Domain: s | loss: 0.1690 | Acc: 94.22%
2023-11-21 11:05 test_domain Round:  22 | Epochs: 110 | Domain: c | loss: 0.9437 | Acc: 76.37%
2023-11-21 11:05 before_fed Round:  23 | Epochs: 115 | Domain: p | loss: 0.0311 | Acc: 99.42%
2023-11-21 11:05 before_fed Round:  23 | Epochs: 115 | Domain: a | loss: 0.3443 | Acc: 93.75%
2023-11-21 11:06 before_fed Round:  23 | Epochs: 115 | Domain: s | loss: 0.1679 | Acc: 94.47%
2023-11-21 11:06 after_fed Round:  23 | Epochs: 115 | Domain: p | loss: 0.0473 | Acc: 98.83%
2023-11-21 11:06 after_fed Round:  23 | Epochs: 115 | Domain: a | loss: 0.5034 | Acc: 86.06%
2023-11-21 11:06 after_fed Round:  23 | Epochs: 115 | Domain: s | loss: 0.1955 | Acc: 93.22%
2023-11-21 11:06 test_domain Round:  23 | Epochs: 115 | Domain: c | loss: 0.8884 | Acc: 77.65%
2023-11-21 11:06 before_fed Round:  24 | Epochs: 120 | Domain: p | loss: 0.0042 | Acc: 100.00%
2023-11-21 11:06 before_fed Round:  24 | Epochs: 120 | Domain: a | loss: 0.3319 | Acc: 93.27%
2023-11-21 11:06 before_fed Round:  24 | Epochs: 120 | Domain: s | loss: 0.1600 | Acc: 94.72%
2023-11-21 11:06 after_fed Round:  24 | Epochs: 120 | Domain: p | loss: 0.0238 | Acc: 100.00%
2023-11-21 11:06 after_fed Round:  24 | Epochs: 120 | Domain: a | loss: 0.5196 | Acc: 84.62%
2023-11-21 11:06 after_fed Round:  24 | Epochs: 120 | Domain: s | loss: 0.1813 | Acc: 92.96%
2023-11-21 11:06 test_domain Round:  24 | Epochs: 120 | Domain: c | loss: 0.9030 | Acc: 76.83%
2023-11-21 11:07 before_fed Round:  25 | Epochs: 125 | Domain: p | loss: 0.0106 | Acc: 100.00%
2023-11-21 11:07 before_fed Round:  25 | Epochs: 125 | Domain: a | loss: 0.2903 | Acc: 92.79%
2023-11-21 11:07 before_fed Round:  25 | Epochs: 125 | Domain: s | loss: 0.1616 | Acc: 94.97%
2023-11-21 11:07 after_fed Round:  25 | Epochs: 125 | Domain: p | loss: 0.0242 | Acc: 99.42%
2023-11-21 11:07 after_fed Round:  25 | Epochs: 125 | Domain: a | loss: 0.4372 | Acc: 89.90%
2023-11-21 11:07 after_fed Round:  25 | Epochs: 125 | Domain: s | loss: 0.1850 | Acc: 93.72%
2023-11-21 11:07 Model saved! Best Val Acc: 93.94%
2023-11-21 11:07 test_domain Round:  25 | Epochs: 125 | Domain: c | loss: 0.9638 | Acc: 76.28%
2023-11-21 11:07 before_fed Round:  26 | Epochs: 130 | Domain: p | loss: 0.0140 | Acc: 99.42%
2023-11-21 11:08 before_fed Round:  26 | Epochs: 130 | Domain: a | loss: 0.2707 | Acc: 93.75%
2023-11-21 11:08 before_fed Round:  26 | Epochs: 130 | Domain: s | loss: 0.1575 | Acc: 94.97%
2023-11-21 11:08 after_fed Round:  26 | Epochs: 130 | Domain: p | loss: 0.0288 | Acc: 98.83%
2023-11-21 11:08 after_fed Round:  26 | Epochs: 130 | Domain: a | loss: 0.4198 | Acc: 88.46%
2023-11-21 11:08 after_fed Round:  26 | Epochs: 130 | Domain: s | loss: 0.1974 | Acc: 93.97%
2023-11-21 11:08 test_domain Round:  26 | Epochs: 130 | Domain: c | loss: 1.0105 | Acc: 75.47%
2023-11-21 11:08 before_fed Round:  27 | Epochs: 135 | Domain: p | loss: 0.0247 | Acc: 99.42%
2023-11-21 11:08 before_fed Round:  27 | Epochs: 135 | Domain: a | loss: 0.2958 | Acc: 91.83%
2023-11-21 11:09 before_fed Round:  27 | Epochs: 135 | Domain: s | loss: 0.1781 | Acc: 94.47%
2023-11-21 11:09 after_fed Round:  27 | Epochs: 135 | Domain: p | loss: 0.0305 | Acc: 98.25%
2023-11-21 11:09 after_fed Round:  27 | Epochs: 135 | Domain: a | loss: 0.4238 | Acc: 87.50%
2023-11-21 11:09 after_fed Round:  27 | Epochs: 135 | Domain: s | loss: 0.2314 | Acc: 92.46%
2023-11-21 11:09 test_domain Round:  27 | Epochs: 135 | Domain: c | loss: 0.9173 | Acc: 76.79%
2023-11-21 11:09 before_fed Round:  28 | Epochs: 140 | Domain: p | loss: 0.0071 | Acc: 100.00%
2023-11-21 11:09 before_fed Round:  28 | Epochs: 140 | Domain: a | loss: 0.3011 | Acc: 92.79%
2023-11-21 11:09 before_fed Round:  28 | Epochs: 140 | Domain: s | loss: 0.2474 | Acc: 92.96%
2023-11-21 11:09 after_fed Round:  28 | Epochs: 140 | Domain: p | loss: 0.0383 | Acc: 98.25%
2023-11-21 11:09 after_fed Round:  28 | Epochs: 140 | Domain: a | loss: 0.3720 | Acc: 90.87%
2023-11-21 11:09 after_fed Round:  28 | Epochs: 140 | Domain: s | loss: 0.2399 | Acc: 92.71%
2023-11-21 11:09 test_domain Round:  28 | Epochs: 140 | Domain: c | loss: 0.8884 | Acc: 77.39%
2023-11-21 11:10 before_fed Round:  29 | Epochs: 145 | Domain: p | loss: 0.0113 | Acc: 100.00%
2023-11-21 11:10 before_fed Round:  29 | Epochs: 145 | Domain: a | loss: 0.3057 | Acc: 93.27%
2023-11-21 11:10 before_fed Round:  29 | Epochs: 145 | Domain: s | loss: 0.1805 | Acc: 94.72%
2023-11-21 11:10 after_fed Round:  29 | Epochs: 145 | Domain: p | loss: 0.0253 | Acc: 99.42%
2023-11-21 11:10 after_fed Round:  29 | Epochs: 145 | Domain: a | loss: 0.4052 | Acc: 88.46%
2023-11-21 11:10 after_fed Round:  29 | Epochs: 145 | Domain: s | loss: 0.2007 | Acc: 93.22%
2023-11-21 11:10 test_domain Round:  29 | Epochs: 145 | Domain: c | loss: 0.9092 | Acc: 77.77%
2023-11-21 11:10 before_fed Round:  30 | Epochs: 150 | Domain: p | loss: 0.0179 | Acc: 99.42%
2023-11-21 11:11 before_fed Round:  30 | Epochs: 150 | Domain: a | loss: 0.3008 | Acc: 91.35%
2023-11-21 11:11 before_fed Round:  30 | Epochs: 150 | Domain: s | loss: 0.1752 | Acc: 94.72%
2023-11-21 11:11 after_fed Round:  30 | Epochs: 150 | Domain: p | loss: 0.0326 | Acc: 98.83%
2023-11-21 11:11 after_fed Round:  30 | Epochs: 150 | Domain: a | loss: 0.4183 | Acc: 88.46%
2023-11-21 11:11 after_fed Round:  30 | Epochs: 150 | Domain: s | loss: 0.1941 | Acc: 93.97%
2023-11-21 11:11 test_domain Round:  30 | Epochs: 150 | Domain: c | loss: 0.9069 | Acc: 77.39%
2023-11-21 11:11 before_fed Round:  31 | Epochs: 155 | Domain: p | loss: 0.0168 | Acc: 100.00%
2023-11-21 11:11 before_fed Round:  31 | Epochs: 155 | Domain: a | loss: 0.2611 | Acc: 91.35%
2023-11-21 11:12 before_fed Round:  31 | Epochs: 155 | Domain: s | loss: 0.2130 | Acc: 93.72%
2023-11-21 11:12 after_fed Round:  31 | Epochs: 155 | Domain: p | loss: 0.0199 | Acc: 100.00%
2023-11-21 11:12 after_fed Round:  31 | Epochs: 155 | Domain: a | loss: 0.5135 | Acc: 85.58%
2023-11-21 11:12 after_fed Round:  31 | Epochs: 155 | Domain: s | loss: 0.1847 | Acc: 93.47%
2023-11-21 11:12 test_domain Round:  31 | Epochs: 155 | Domain: c | loss: 0.9092 | Acc: 77.69%
2023-11-21 11:12 before_fed Round:  32 | Epochs: 160 | Domain: p | loss: 0.0091 | Acc: 100.00%
2023-11-21 11:12 before_fed Round:  32 | Epochs: 160 | Domain: a | loss: 0.2554 | Acc: 94.71%
2023-11-21 11:12 before_fed Round:  32 | Epochs: 160 | Domain: s | loss: 0.1676 | Acc: 93.97%
2023-11-21 11:12 after_fed Round:  32 | Epochs: 160 | Domain: p | loss: 0.0275 | Acc: 98.83%
2023-11-21 11:12 after_fed Round:  32 | Epochs: 160 | Domain: a | loss: 0.4571 | Acc: 87.02%
2023-11-21 11:12 after_fed Round:  32 | Epochs: 160 | Domain: s | loss: 0.1863 | Acc: 93.72%
2023-11-21 11:12 test_domain Round:  32 | Epochs: 160 | Domain: c | loss: 0.9143 | Acc: 77.35%
2023-11-21 11:13 before_fed Round:  33 | Epochs: 165 | Domain: p | loss: 0.0083 | Acc: 100.00%
2023-11-21 11:13 before_fed Round:  33 | Epochs: 165 | Domain: a | loss: 0.2475 | Acc: 94.23%
2023-11-21 11:13 before_fed Round:  33 | Epochs: 165 | Domain: s | loss: 0.1593 | Acc: 95.23%
2023-11-21 11:13 after_fed Round:  33 | Epochs: 165 | Domain: p | loss: 0.0323 | Acc: 98.25%
2023-11-21 11:13 after_fed Round:  33 | Epochs: 165 | Domain: a | loss: 0.4268 | Acc: 88.46%
2023-11-21 11:13 after_fed Round:  33 | Epochs: 165 | Domain: s | loss: 0.1837 | Acc: 93.97%
2023-11-21 11:13 test_domain Round:  33 | Epochs: 165 | Domain: c | loss: 0.9399 | Acc: 76.92%
2023-11-21 11:13 before_fed Round:  34 | Epochs: 170 | Domain: p | loss: 0.0127 | Acc: 99.42%
2023-11-21 11:14 before_fed Round:  34 | Epochs: 170 | Domain: a | loss: 0.2525 | Acc: 94.23%
2023-11-21 11:14 before_fed Round:  34 | Epochs: 170 | Domain: s | loss: 0.1618 | Acc: 94.72%
2023-11-21 11:14 after_fed Round:  34 | Epochs: 170 | Domain: p | loss: 0.0298 | Acc: 98.25%
2023-11-21 11:14 after_fed Round:  34 | Epochs: 170 | Domain: a | loss: 0.4190 | Acc: 88.46%
2023-11-21 11:14 after_fed Round:  34 | Epochs: 170 | Domain: s | loss: 0.1963 | Acc: 92.46%
2023-11-21 11:14 test_domain Round:  34 | Epochs: 170 | Domain: c | loss: 0.8551 | Acc: 78.33%
2023-11-21 11:14 before_fed Round:  35 | Epochs: 175 | Domain: p | loss: 0.0110 | Acc: 99.42%
2023-11-21 11:14 before_fed Round:  35 | Epochs: 175 | Domain: a | loss: 0.2577 | Acc: 94.23%
2023-11-21 11:15 before_fed Round:  35 | Epochs: 175 | Domain: s | loss: 0.1401 | Acc: 94.97%
2023-11-21 11:15 after_fed Round:  35 | Epochs: 175 | Domain: p | loss: 0.0282 | Acc: 98.25%
2023-11-21 11:15 after_fed Round:  35 | Epochs: 175 | Domain: a | loss: 0.4248 | Acc: 88.46%
2023-11-21 11:15 after_fed Round:  35 | Epochs: 175 | Domain: s | loss: 0.1761 | Acc: 93.47%
2023-11-21 11:15 test_domain Round:  35 | Epochs: 175 | Domain: c | loss: 0.9589 | Acc: 76.71%
2023-11-21 11:15 before_fed Round:  36 | Epochs: 180 | Domain: p | loss: 0.0148 | Acc: 99.42%
2023-11-21 11:15 before_fed Round:  36 | Epochs: 180 | Domain: a | loss: 0.2571 | Acc: 94.71%
2023-11-21 11:15 before_fed Round:  36 | Epochs: 180 | Domain: s | loss: 0.1421 | Acc: 94.72%
2023-11-21 11:15 after_fed Round:  36 | Epochs: 180 | Domain: p | loss: 0.0259 | Acc: 98.25%
2023-11-21 11:15 after_fed Round:  36 | Epochs: 180 | Domain: a | loss: 0.4410 | Acc: 87.50%
2023-11-21 11:15 after_fed Round:  36 | Epochs: 180 | Domain: s | loss: 0.1685 | Acc: 93.97%
2023-11-21 11:15 test_domain Round:  36 | Epochs: 180 | Domain: c | loss: 0.8857 | Acc: 77.99%
2023-11-21 11:16 before_fed Round:  37 | Epochs: 185 | Domain: p | loss: 0.0117 | Acc: 99.42%
2023-11-21 11:16 before_fed Round:  37 | Epochs: 185 | Domain: a | loss: 0.2546 | Acc: 94.23%
2023-11-21 11:16 before_fed Round:  37 | Epochs: 185 | Domain: s | loss: 0.1975 | Acc: 93.97%
2023-11-21 11:16 after_fed Round:  37 | Epochs: 185 | Domain: p | loss: 0.0296 | Acc: 98.25%
2023-11-21 11:16 after_fed Round:  37 | Epochs: 185 | Domain: a | loss: 0.4296 | Acc: 87.98%
2023-11-21 11:16 after_fed Round:  37 | Epochs: 185 | Domain: s | loss: 0.1944 | Acc: 93.22%
2023-11-21 11:16 test_domain Round:  37 | Epochs: 185 | Domain: c | loss: 0.8374 | Acc: 78.88%
2023-11-21 11:16 before_fed Round:  38 | Epochs: 190 | Domain: p | loss: 0.0102 | Acc: 99.42%
2023-11-21 11:17 before_fed Round:  38 | Epochs: 190 | Domain: a | loss: 0.2529 | Acc: 94.23%
2023-11-21 11:17 before_fed Round:  38 | Epochs: 190 | Domain: s | loss: 0.1481 | Acc: 94.47%
2023-11-21 11:17 after_fed Round:  38 | Epochs: 190 | Domain: p | loss: 0.0329 | Acc: 98.25%
2023-11-21 11:17 after_fed Round:  38 | Epochs: 190 | Domain: a | loss: 0.4225 | Acc: 88.46%
2023-11-21 11:17 after_fed Round:  38 | Epochs: 190 | Domain: s | loss: 0.1846 | Acc: 93.72%
2023-11-21 11:17 test_domain Round:  38 | Epochs: 190 | Domain: c | loss: 0.8954 | Acc: 77.86%
2023-11-21 11:17 before_fed Round:  39 | Epochs: 195 | Domain: p | loss: 0.0096 | Acc: 100.00%
2023-11-21 11:17 before_fed Round:  39 | Epochs: 195 | Domain: a | loss: 0.2543 | Acc: 94.23%
2023-11-21 11:18 before_fed Round:  39 | Epochs: 195 | Domain: s | loss: 0.1478 | Acc: 94.47%
2023-11-21 11:18 after_fed Round:  39 | Epochs: 195 | Domain: p | loss: 0.0249 | Acc: 98.83%
2023-11-21 11:18 after_fed Round:  39 | Epochs: 195 | Domain: a | loss: 0.4191 | Acc: 87.50%
2023-11-21 11:18 after_fed Round:  39 | Epochs: 195 | Domain: s | loss: 0.1764 | Acc: 93.22%
2023-11-21 11:18 test_domain Round:  39 | Epochs: 195 | Domain: c | loss: 0.9001 | Acc: 77.73%
2023-11-21 11:18 before_fed Round:  40 | Epochs: 200 | Domain: p | loss: 0.0155 | Acc: 99.42%
2023-11-21 11:18 before_fed Round:  40 | Epochs: 200 | Domain: a | loss: 0.2682 | Acc: 94.71%
2023-11-21 11:18 before_fed Round:  40 | Epochs: 200 | Domain: s | loss: 0.1391 | Acc: 95.48%
2023-11-21 11:18 after_fed Round:  40 | Epochs: 200 | Domain: p | loss: 0.0247 | Acc: 99.42%
2023-11-21 11:18 after_fed Round:  40 | Epochs: 200 | Domain: a | loss: 0.4166 | Acc: 87.50%
2023-11-21 11:18 after_fed Round:  40 | Epochs: 200 | Domain: s | loss: 0.1839 | Acc: 93.22%
2023-11-21 11:18 test_domain Round:  40 | Epochs: 200 | Domain: c | loss: 0.9163 | Acc: 77.05%
