2023-11-19 16:56 before_fed Round:   0 | Epochs:   0 | Domain: p | loss: 0.0374 | Acc: 98.83%
2023-11-19 16:56 before_fed Round:   0 | Epochs:   0 | Domain: a | loss: 0.3369 | Acc: 86.54%
2023-11-19 16:56 before_fed Round:   0 | Epochs:   0 | Domain: c | loss: 0.2295 | Acc: 93.67%
2023-11-19 16:56 after_fed Round:   0 | Epochs:   0 | Domain: p | loss: 0.0614 | Acc: 99.42%
2023-11-19 16:56 after_fed Round:   0 | Epochs:   0 | Domain: a | loss: 0.4943 | Acc: 81.25%
2023-11-19 16:56 after_fed Round:   0 | Epochs:   0 | Domain: c | loss: 0.6612 | Acc: 72.15%
2023-11-19 16:56 Model saved! Best Val Acc: 82.74%
2023-11-19 16:56 test_domain Round:   0 | Epochs:   0 | Domain: s | loss: 1.0151 | Acc: 61.75%
2023-11-19 16:56 before_fed Round:   1 | Epochs:   5 | Domain: p | loss: 0.0331 | Acc: 99.42%
2023-11-19 16:56 before_fed Round:   1 | Epochs:   5 | Domain: a | loss: 0.2606 | Acc: 91.83%
2023-11-19 16:57 before_fed Round:   1 | Epochs:   5 | Domain: c | loss: 0.2164 | Acc: 93.67%
2023-11-19 16:57 after_fed Round:   1 | Epochs:   5 | Domain: p | loss: 0.0368 | Acc: 99.42%
2023-11-19 16:57 after_fed Round:   1 | Epochs:   5 | Domain: a | loss: 0.3930 | Acc: 86.06%
2023-11-19 16:57 after_fed Round:   1 | Epochs:   5 | Domain: c | loss: 0.4105 | Acc: 86.92%
2023-11-19 16:57 Model saved! Best Val Acc: 90.07%
2023-11-19 16:57 test_domain Round:   1 | Epochs:   5 | Domain: s | loss: 0.7415 | Acc: 72.74%
2023-11-19 16:57 before_fed Round:   2 | Epochs:  10 | Domain: p | loss: 0.0357 | Acc: 99.42%
2023-11-19 16:57 before_fed Round:   2 | Epochs:  10 | Domain: a | loss: 0.2667 | Acc: 89.90%
2023-11-19 16:57 before_fed Round:   2 | Epochs:  10 | Domain: c | loss: 0.1612 | Acc: 95.36%
2023-11-19 16:57 after_fed Round:   2 | Epochs:  10 | Domain: p | loss: 0.0513 | Acc: 98.83%
2023-11-19 16:57 after_fed Round:   2 | Epochs:  10 | Domain: a | loss: 0.3721 | Acc: 87.50%
2023-11-19 16:57 after_fed Round:   2 | Epochs:  10 | Domain: c | loss: 0.3897 | Acc: 88.19%
2023-11-19 16:57 Model saved! Best Val Acc: 90.89%
2023-11-19 16:57 test_domain Round:   2 | Epochs:  10 | Domain: s | loss: 0.7020 | Acc: 75.06%
2023-11-19 16:57 before_fed Round:   3 | Epochs:  15 | Domain: p | loss: 0.0146 | Acc: 99.42%
2023-11-19 16:58 before_fed Round:   3 | Epochs:  15 | Domain: a | loss: 0.2763 | Acc: 91.83%
2023-11-19 16:58 before_fed Round:   3 | Epochs:  15 | Domain: c | loss: 0.1390 | Acc: 94.94%
2023-11-19 16:58 after_fed Round:   3 | Epochs:  15 | Domain: p | loss: 0.0379 | Acc: 98.83%
2023-11-19 16:58 after_fed Round:   3 | Epochs:  15 | Domain: a | loss: 0.3398 | Acc: 87.98%
2023-11-19 16:58 after_fed Round:   3 | Epochs:  15 | Domain: c | loss: 0.3261 | Acc: 90.72%
2023-11-19 16:58 Model saved! Best Val Acc: 92.03%
2023-11-19 16:58 test_domain Round:   3 | Epochs:  15 | Domain: s | loss: 0.6159 | Acc: 79.13%
2023-11-19 16:58 before_fed Round:   4 | Epochs:  20 | Domain: p | loss: 0.0218 | Acc: 99.42%
2023-11-19 16:58 before_fed Round:   4 | Epochs:  20 | Domain: a | loss: 0.2236 | Acc: 92.31%
2023-11-19 16:59 before_fed Round:   4 | Epochs:  20 | Domain: c | loss: 0.1690 | Acc: 94.09%
2023-11-19 16:59 after_fed Round:   4 | Epochs:  20 | Domain: p | loss: 0.0480 | Acc: 98.83%
2023-11-19 16:59 after_fed Round:   4 | Epochs:  20 | Domain: a | loss: 0.3588 | Acc: 89.90%
2023-11-19 16:59 after_fed Round:   4 | Epochs:  20 | Domain: c | loss: 0.3060 | Acc: 91.98%
2023-11-19 16:59 Model saved! Best Val Acc: 93.17%
2023-11-19 16:59 test_domain Round:   4 | Epochs:  20 | Domain: s | loss: 0.5873 | Acc: 80.05%
2023-11-19 16:59 before_fed Round:   5 | Epochs:  25 | Domain: p | loss: 0.0217 | Acc: 99.42%
2023-11-19 16:59 before_fed Round:   5 | Epochs:  25 | Domain: a | loss: 0.3002 | Acc: 89.90%
2023-11-19 16:59 before_fed Round:   5 | Epochs:  25 | Domain: c | loss: 0.1761 | Acc: 94.09%
2023-11-19 16:59 after_fed Round:   5 | Epochs:  25 | Domain: p | loss: 0.0429 | Acc: 98.83%
2023-11-19 16:59 after_fed Round:   5 | Epochs:  25 | Domain: a | loss: 0.3555 | Acc: 89.42%
2023-11-19 16:59 after_fed Round:   5 | Epochs:  25 | Domain: c | loss: 0.3346 | Acc: 90.30%
2023-11-19 16:59 test_domain Round:   5 | Epochs:  25 | Domain: s | loss: 0.5864 | Acc: 79.82%
2023-11-19 16:59 before_fed Round:   6 | Epochs:  30 | Domain: p | loss: 0.0234 | Acc: 98.83%
2023-11-19 17:00 before_fed Round:   6 | Epochs:  30 | Domain: a | loss: 0.3123 | Acc: 90.87%
2023-11-19 17:00 before_fed Round:   6 | Epochs:  30 | Domain: c | loss: 0.1481 | Acc: 94.51%
2023-11-19 17:00 after_fed Round:   6 | Epochs:  30 | Domain: p | loss: 0.0330 | Acc: 98.83%
2023-11-19 17:00 after_fed Round:   6 | Epochs:  30 | Domain: a | loss: 0.3207 | Acc: 91.83%
2023-11-19 17:00 after_fed Round:   6 | Epochs:  30 | Domain: c | loss: 0.2933 | Acc: 91.56%
2023-11-19 17:00 Model saved! Best Val Acc: 93.65%
2023-11-19 17:00 test_domain Round:   6 | Epochs:  30 | Domain: s | loss: 0.5781 | Acc: 80.91%
2023-11-19 17:00 before_fed Round:   7 | Epochs:  35 | Domain: p | loss: 0.0330 | Acc: 99.42%
2023-11-19 17:00 before_fed Round:   7 | Epochs:  35 | Domain: a | loss: 0.3202 | Acc: 90.87%
2023-11-19 17:01 before_fed Round:   7 | Epochs:  35 | Domain: c | loss: 0.1437 | Acc: 95.36%
2023-11-19 17:01 after_fed Round:   7 | Epochs:  35 | Domain: p | loss: 0.0635 | Acc: 98.25%
2023-11-19 17:01 after_fed Round:   7 | Epochs:  35 | Domain: a | loss: 0.3518 | Acc: 91.83%
2023-11-19 17:01 after_fed Round:   7 | Epochs:  35 | Domain: c | loss: 0.2762 | Acc: 92.41%
2023-11-19 17:01 Model saved! Best Val Acc: 93.82%
2023-11-19 17:01 test_domain Round:   7 | Epochs:  35 | Domain: s | loss: 0.6761 | Acc: 78.70%
2023-11-19 17:01 before_fed Round:   8 | Epochs:  40 | Domain: p | loss: 0.0249 | Acc: 99.42%
2023-11-19 17:01 before_fed Round:   8 | Epochs:  40 | Domain: a | loss: 0.2152 | Acc: 94.23%
2023-11-19 17:01 before_fed Round:   8 | Epochs:  40 | Domain: c | loss: 0.1824 | Acc: 94.94%
2023-11-19 17:01 after_fed Round:   8 | Epochs:  40 | Domain: p | loss: 0.0474 | Acc: 98.83%
2023-11-19 17:01 after_fed Round:   8 | Epochs:  40 | Domain: a | loss: 0.3673 | Acc: 91.35%
2023-11-19 17:01 after_fed Round:   8 | Epochs:  40 | Domain: c | loss: 0.2892 | Acc: 92.41%
2023-11-19 17:01 test_domain Round:   8 | Epochs:  40 | Domain: s | loss: 0.6391 | Acc: 79.94%
2023-11-19 17:01 before_fed Round:   9 | Epochs:  45 | Domain: p | loss: 0.0355 | Acc: 99.42%
2023-11-19 17:02 before_fed Round:   9 | Epochs:  45 | Domain: a | loss: 0.2655 | Acc: 92.31%
2023-11-19 17:02 before_fed Round:   9 | Epochs:  45 | Domain: c | loss: 0.1803 | Acc: 94.94%
2023-11-19 17:02 after_fed Round:   9 | Epochs:  45 | Domain: p | loss: 0.0356 | Acc: 98.83%
2023-11-19 17:02 after_fed Round:   9 | Epochs:  45 | Domain: a | loss: 0.3253 | Acc: 91.83%
2023-11-19 17:02 after_fed Round:   9 | Epochs:  45 | Domain: c | loss: 0.3133 | Acc: 92.83%
2023-11-19 17:02 Model saved! Best Val Acc: 94.14%
2023-11-19 17:02 test_domain Round:   9 | Epochs:  45 | Domain: s | loss: 0.6250 | Acc: 80.25%
2023-11-19 17:02 before_fed Round:  10 | Epochs:  50 | Domain: p | loss: 0.0271 | Acc: 99.42%
2023-11-19 17:02 before_fed Round:  10 | Epochs:  50 | Domain: a | loss: 0.2551 | Acc: 92.31%
2023-11-19 17:02 before_fed Round:  10 | Epochs:  50 | Domain: c | loss: 0.1562 | Acc: 94.51%
2023-11-19 17:02 after_fed Round:  10 | Epochs:  50 | Domain: p | loss: 0.0497 | Acc: 98.83%
2023-11-19 17:02 after_fed Round:  10 | Epochs:  50 | Domain: a | loss: 0.3052 | Acc: 91.35%
2023-11-19 17:02 after_fed Round:  10 | Epochs:  50 | Domain: c | loss: 0.2462 | Acc: 93.25%
2023-11-19 17:02 Model saved! Best Val Acc: 94.14%
2023-11-19 17:03 test_domain Round:  10 | Epochs:  50 | Domain: s | loss: 0.7354 | Acc: 77.45%
2023-11-19 17:03 before_fed Round:  11 | Epochs:  55 | Domain: p | loss: 0.0373 | Acc: 99.42%
2023-11-19 17:03 before_fed Round:  11 | Epochs:  55 | Domain: a | loss: 0.3043 | Acc: 92.79%
2023-11-19 17:03 before_fed Round:  11 | Epochs:  55 | Domain: c | loss: 0.1308 | Acc: 95.78%
2023-11-19 17:03 after_fed Round:  11 | Epochs:  55 | Domain: p | loss: 0.0618 | Acc: 98.83%
2023-11-19 17:03 after_fed Round:  11 | Epochs:  55 | Domain: a | loss: 0.3380 | Acc: 90.38%
2023-11-19 17:03 after_fed Round:  11 | Epochs:  55 | Domain: c | loss: 0.2703 | Acc: 94.09%
2023-11-19 17:03 Model saved! Best Val Acc: 94.15%
2023-11-19 17:03 test_domain Round:  11 | Epochs:  55 | Domain: s | loss: 0.6826 | Acc: 79.13%
2023-11-19 17:03 before_fed Round:  12 | Epochs:  60 | Domain: p | loss: 0.0491 | Acc: 99.42%
2023-11-19 17:04 before_fed Round:  12 | Epochs:  60 | Domain: a | loss: 0.3297 | Acc: 92.31%
2023-11-19 17:04 before_fed Round:  12 | Epochs:  60 | Domain: c | loss: 0.1801 | Acc: 94.94%
2023-11-19 17:04 after_fed Round:  12 | Epochs:  60 | Domain: p | loss: 0.0616 | Acc: 98.25%
2023-11-19 17:04 after_fed Round:  12 | Epochs:  60 | Domain: a | loss: 0.2979 | Acc: 91.83%
2023-11-19 17:04 after_fed Round:  12 | Epochs:  60 | Domain: c | loss: 0.2825 | Acc: 92.41%
2023-11-19 17:04 test_domain Round:  12 | Epochs:  60 | Domain: s | loss: 0.6216 | Acc: 80.61%
2023-11-19 17:04 before_fed Round:  13 | Epochs:  65 | Domain: p | loss: 0.0372 | Acc: 99.42%
2023-11-19 17:04 before_fed Round:  13 | Epochs:  65 | Domain: a | loss: 0.3912 | Acc: 90.87%
2023-11-19 17:04 before_fed Round:  13 | Epochs:  65 | Domain: c | loss: 0.2080 | Acc: 94.09%
2023-11-19 17:04 after_fed Round:  13 | Epochs:  65 | Domain: p | loss: 0.0639 | Acc: 98.25%
2023-11-19 17:04 after_fed Round:  13 | Epochs:  65 | Domain: a | loss: 0.3445 | Acc: 91.35%
2023-11-19 17:04 after_fed Round:  13 | Epochs:  65 | Domain: c | loss: 0.3408 | Acc: 91.56%
2023-11-19 17:04 test_domain Round:  13 | Epochs:  65 | Domain: s | loss: 0.5794 | Acc: 82.13%
2023-11-19 17:05 before_fed Round:  14 | Epochs:  70 | Domain: p | loss: 0.0442 | Acc: 99.42%
2023-11-19 17:05 before_fed Round:  14 | Epochs:  70 | Domain: a | loss: 0.2600 | Acc: 92.79%
2023-11-19 17:05 before_fed Round:  14 | Epochs:  70 | Domain: c | loss: 0.1650 | Acc: 94.94%
2023-11-19 17:05 after_fed Round:  14 | Epochs:  70 | Domain: p | loss: 0.0789 | Acc: 98.25%
2023-11-19 17:05 after_fed Round:  14 | Epochs:  70 | Domain: a | loss: 0.3611 | Acc: 91.35%
2023-11-19 17:05 after_fed Round:  14 | Epochs:  70 | Domain: c | loss: 0.2776 | Acc: 94.09%
2023-11-19 17:05 Model saved! Best Val Acc: 94.31%
2023-11-19 17:05 test_domain Round:  14 | Epochs:  70 | Domain: s | loss: 0.6080 | Acc: 80.12%
2023-11-19 17:05 before_fed Round:  15 | Epochs:  75 | Domain: p | loss: 0.0534 | Acc: 99.42%
2023-11-19 17:06 before_fed Round:  15 | Epochs:  75 | Domain: a | loss: 0.3013 | Acc: 92.79%
2023-11-19 17:06 before_fed Round:  15 | Epochs:  75 | Domain: c | loss: 0.1735 | Acc: 94.09%
2023-11-19 17:06 after_fed Round:  15 | Epochs:  75 | Domain: p | loss: 0.0682 | Acc: 98.25%
2023-11-19 17:06 after_fed Round:  15 | Epochs:  75 | Domain: a | loss: 0.3336 | Acc: 92.79%
2023-11-19 17:06 after_fed Round:  15 | Epochs:  75 | Domain: c | loss: 0.3015 | Acc: 91.98%
2023-11-19 17:06 test_domain Round:  15 | Epochs:  75 | Domain: s | loss: 0.5752 | Acc: 81.70%
2023-11-19 17:06 before_fed Round:  16 | Epochs:  80 | Domain: p | loss: 0.0674 | Acc: 99.42%
2023-11-19 17:06 before_fed Round:  16 | Epochs:  80 | Domain: a | loss: 0.2133 | Acc: 93.75%
2023-11-19 17:06 before_fed Round:  16 | Epochs:  80 | Domain: c | loss: 0.1776 | Acc: 94.94%
2023-11-19 17:06 after_fed Round:  16 | Epochs:  80 | Domain: p | loss: 0.0808 | Acc: 98.25%
2023-11-19 17:06 after_fed Round:  16 | Epochs:  80 | Domain: a | loss: 0.3139 | Acc: 92.79%
2023-11-19 17:06 after_fed Round:  16 | Epochs:  80 | Domain: c | loss: 0.2636 | Acc: 94.09%
2023-11-19 17:06 Model saved! Best Val Acc: 94.80%
2023-11-19 17:06 test_domain Round:  16 | Epochs:  80 | Domain: s | loss: 0.6648 | Acc: 79.94%
2023-11-19 17:07 before_fed Round:  17 | Epochs:  85 | Domain: p | loss: 0.0465 | Acc: 98.83%
2023-11-19 17:07 before_fed Round:  17 | Epochs:  85 | Domain: a | loss: 0.2548 | Acc: 93.27%
2023-11-19 17:07 before_fed Round:  17 | Epochs:  85 | Domain: c | loss: 0.1396 | Acc: 96.20%
2023-11-19 17:07 after_fed Round:  17 | Epochs:  85 | Domain: p | loss: 0.0819 | Acc: 98.25%
2023-11-19 17:07 after_fed Round:  17 | Epochs:  85 | Domain: a | loss: 0.3395 | Acc: 92.31%
2023-11-19 17:07 after_fed Round:  17 | Epochs:  85 | Domain: c | loss: 0.2982 | Acc: 91.98%
2023-11-19 17:07 test_domain Round:  17 | Epochs:  85 | Domain: s | loss: 0.6707 | Acc: 80.68%
2023-11-19 17:07 before_fed Round:  18 | Epochs:  90 | Domain: p | loss: 0.0272 | Acc: 99.42%
2023-11-19 17:07 before_fed Round:  18 | Epochs:  90 | Domain: a | loss: 0.3101 | Acc: 93.75%
2023-11-19 17:08 before_fed Round:  18 | Epochs:  90 | Domain: c | loss: 0.1965 | Acc: 94.51%
2023-11-19 17:08 after_fed Round:  18 | Epochs:  90 | Domain: p | loss: 0.0720 | Acc: 98.25%
2023-11-19 17:08 after_fed Round:  18 | Epochs:  90 | Domain: a | loss: 0.3478 | Acc: 92.79%
2023-11-19 17:08 after_fed Round:  18 | Epochs:  90 | Domain: c | loss: 0.2775 | Acc: 92.83%
2023-11-19 17:08 test_domain Round:  18 | Epochs:  90 | Domain: s | loss: 0.6725 | Acc: 80.68%
2023-11-19 17:08 before_fed Round:  19 | Epochs:  95 | Domain: p | loss: 0.0337 | Acc: 99.42%
2023-11-19 17:08 before_fed Round:  19 | Epochs:  95 | Domain: a | loss: 0.3692 | Acc: 93.75%
2023-11-19 17:08 before_fed Round:  19 | Epochs:  95 | Domain: c | loss: 0.1880 | Acc: 95.78%
2023-11-19 17:08 after_fed Round:  19 | Epochs:  95 | Domain: p | loss: 0.0605 | Acc: 98.25%
2023-11-19 17:08 after_fed Round:  19 | Epochs:  95 | Domain: a | loss: 0.3766 | Acc: 92.31%
2023-11-19 17:08 after_fed Round:  19 | Epochs:  95 | Domain: c | loss: 0.3023 | Acc: 92.41%
2023-11-19 17:08 test_domain Round:  19 | Epochs:  95 | Domain: s | loss: 0.6221 | Acc: 81.37%
2023-11-19 17:09 before_fed Round:  20 | Epochs: 100 | Domain: p | loss: 0.0308 | Acc: 99.42%
2023-11-19 17:09 before_fed Round:  20 | Epochs: 100 | Domain: a | loss: 0.3473 | Acc: 92.79%
2023-11-19 17:09 before_fed Round:  20 | Epochs: 100 | Domain: c | loss: 0.1793 | Acc: 95.36%
2023-11-19 17:09 after_fed Round:  20 | Epochs: 100 | Domain: p | loss: 0.0866 | Acc: 97.66%
2023-11-19 17:09 after_fed Round:  20 | Epochs: 100 | Domain: a | loss: 0.3924 | Acc: 91.35%
2023-11-19 17:09 after_fed Round:  20 | Epochs: 100 | Domain: c | loss: 0.2671 | Acc: 94.51%
2023-11-19 17:09 test_domain Round:  20 | Epochs: 100 | Domain: s | loss: 0.5919 | Acc: 81.88%
2023-11-19 17:09 before_fed Round:  21 | Epochs: 105 | Domain: p | loss: 0.0269 | Acc: 99.42%
2023-11-19 17:09 before_fed Round:  21 | Epochs: 105 | Domain: a | loss: 0.3517 | Acc: 92.79%
2023-11-19 17:10 before_fed Round:  21 | Epochs: 105 | Domain: c | loss: 0.1879 | Acc: 94.94%
2023-11-19 17:10 after_fed Round:  21 | Epochs: 105 | Domain: p | loss: 0.0619 | Acc: 98.83%
2023-11-19 17:10 after_fed Round:  21 | Epochs: 105 | Domain: a | loss: 0.3437 | Acc: 91.35%
2023-11-19 17:10 after_fed Round:  21 | Epochs: 105 | Domain: c | loss: 0.3079 | Acc: 92.83%
2023-11-19 17:10 test_domain Round:  21 | Epochs: 105 | Domain: s | loss: 0.5867 | Acc: 81.95%
2023-11-19 17:10 before_fed Round:  22 | Epochs: 110 | Domain: p | loss: 0.0201 | Acc: 99.42%
2023-11-19 17:10 before_fed Round:  22 | Epochs: 110 | Domain: a | loss: 0.3516 | Acc: 92.31%
2023-11-19 17:10 before_fed Round:  22 | Epochs: 110 | Domain: c | loss: 0.1783 | Acc: 93.67%
2023-11-19 17:10 after_fed Round:  22 | Epochs: 110 | Domain: p | loss: 0.0604 | Acc: 98.25%
2023-11-19 17:10 after_fed Round:  22 | Epochs: 110 | Domain: a | loss: 0.3831 | Acc: 92.79%
2023-11-19 17:10 after_fed Round:  22 | Epochs: 110 | Domain: c | loss: 0.2988 | Acc: 92.83%
2023-11-19 17:10 test_domain Round:  22 | Epochs: 110 | Domain: s | loss: 0.6204 | Acc: 81.19%
2023-11-19 17:10 before_fed Round:  23 | Epochs: 115 | Domain: p | loss: 0.0414 | Acc: 98.83%
2023-11-19 17:11 before_fed Round:  23 | Epochs: 115 | Domain: a | loss: 0.3291 | Acc: 90.87%
2023-11-19 17:11 before_fed Round:  23 | Epochs: 115 | Domain: c | loss: 0.1582 | Acc: 95.78%
2023-11-19 17:11 after_fed Round:  23 | Epochs: 115 | Domain: p | loss: 0.0614 | Acc: 98.25%
2023-11-19 17:11 after_fed Round:  23 | Epochs: 115 | Domain: a | loss: 0.3091 | Acc: 92.79%
2023-11-19 17:11 after_fed Round:  23 | Epochs: 115 | Domain: c | loss: 0.2819 | Acc: 92.83%
2023-11-19 17:11 test_domain Round:  23 | Epochs: 115 | Domain: s | loss: 0.6485 | Acc: 80.71%
2023-11-19 17:11 before_fed Round:  24 | Epochs: 120 | Domain: p | loss: 0.0546 | Acc: 99.42%
2023-11-19 17:11 before_fed Round:  24 | Epochs: 120 | Domain: a | loss: 0.3483 | Acc: 92.31%
2023-11-19 17:12 before_fed Round:  24 | Epochs: 120 | Domain: c | loss: 0.1513 | Acc: 96.20%
2023-11-19 17:12 after_fed Round:  24 | Epochs: 120 | Domain: p | loss: 0.0628 | Acc: 98.83%
2023-11-19 17:12 after_fed Round:  24 | Epochs: 120 | Domain: a | loss: 0.3302 | Acc: 92.79%
2023-11-19 17:12 after_fed Round:  24 | Epochs: 120 | Domain: c | loss: 0.2689 | Acc: 93.25%
2023-11-19 17:12 test_domain Round:  24 | Epochs: 120 | Domain: s | loss: 0.6432 | Acc: 80.94%
2023-11-19 17:12 before_fed Round:  25 | Epochs: 125 | Domain: p | loss: 0.0394 | Acc: 99.42%
2023-11-19 17:12 before_fed Round:  25 | Epochs: 125 | Domain: a | loss: 0.3281 | Acc: 91.83%
2023-11-19 17:12 before_fed Round:  25 | Epochs: 125 | Domain: c | loss: 0.1766 | Acc: 95.78%
2023-11-19 17:12 after_fed Round:  25 | Epochs: 125 | Domain: p | loss: 0.0695 | Acc: 98.25%
2023-11-19 17:12 after_fed Round:  25 | Epochs: 125 | Domain: a | loss: 0.3624 | Acc: 90.38%
2023-11-19 17:12 after_fed Round:  25 | Epochs: 125 | Domain: c | loss: 0.3041 | Acc: 92.83%
2023-11-19 17:12 test_domain Round:  25 | Epochs: 125 | Domain: s | loss: 0.7180 | Acc: 79.87%
2023-11-19 17:12 before_fed Round:  26 | Epochs: 130 | Domain: p | loss: 0.0397 | Acc: 98.83%
2023-11-19 17:13 before_fed Round:  26 | Epochs: 130 | Domain: a | loss: 0.2816 | Acc: 92.79%
2023-11-19 17:13 before_fed Round:  26 | Epochs: 130 | Domain: c | loss: 0.1940 | Acc: 94.51%
2023-11-19 17:13 after_fed Round:  26 | Epochs: 130 | Domain: p | loss: 0.0635 | Acc: 98.25%
2023-11-19 17:13 after_fed Round:  26 | Epochs: 130 | Domain: a | loss: 0.3209 | Acc: 92.31%
2023-11-19 17:13 after_fed Round:  26 | Epochs: 130 | Domain: c | loss: 0.2648 | Acc: 94.09%
2023-11-19 17:13 test_domain Round:  26 | Epochs: 130 | Domain: s | loss: 0.7261 | Acc: 80.17%
2023-11-19 17:13 before_fed Round:  27 | Epochs: 135 | Domain: p | loss: 0.0430 | Acc: 99.42%
2023-11-19 17:13 before_fed Round:  27 | Epochs: 135 | Domain: a | loss: 0.2957 | Acc: 93.75%
2023-11-19 17:14 before_fed Round:  27 | Epochs: 135 | Domain: c | loss: 0.1786 | Acc: 94.94%
2023-11-19 17:14 after_fed Round:  27 | Epochs: 135 | Domain: p | loss: 0.0597 | Acc: 98.83%
2023-11-19 17:14 after_fed Round:  27 | Epochs: 135 | Domain: a | loss: 0.3284 | Acc: 91.35%
2023-11-19 17:14 after_fed Round:  27 | Epochs: 135 | Domain: c | loss: 0.2960 | Acc: 93.25%
2023-11-19 17:14 test_domain Round:  27 | Epochs: 135 | Domain: s | loss: 0.6948 | Acc: 80.89%
2023-11-19 17:14 before_fed Round:  28 | Epochs: 140 | Domain: p | loss: 0.0350 | Acc: 99.42%
2023-11-19 17:14 before_fed Round:  28 | Epochs: 140 | Domain: a | loss: 0.2999 | Acc: 92.31%
2023-11-19 17:14 before_fed Round:  28 | Epochs: 140 | Domain: c | loss: 0.1768 | Acc: 94.51%
2023-11-19 17:14 after_fed Round:  28 | Epochs: 140 | Domain: p | loss: 0.0479 | Acc: 98.83%
2023-11-19 17:14 after_fed Round:  28 | Epochs: 140 | Domain: a | loss: 0.3338 | Acc: 91.35%
2023-11-19 17:14 after_fed Round:  28 | Epochs: 140 | Domain: c | loss: 0.2959 | Acc: 92.83%
2023-11-19 17:14 test_domain Round:  28 | Epochs: 140 | Domain: s | loss: 0.6632 | Acc: 81.27%
2023-11-19 17:14 before_fed Round:  29 | Epochs: 145 | Domain: p | loss: 0.0416 | Acc: 99.42%
2023-11-19 17:15 before_fed Round:  29 | Epochs: 145 | Domain: a | loss: 0.3054 | Acc: 93.27%
2023-11-19 17:15 before_fed Round:  29 | Epochs: 145 | Domain: c | loss: 0.1568 | Acc: 95.36%
2023-11-19 17:15 after_fed Round:  29 | Epochs: 145 | Domain: p | loss: 0.0673 | Acc: 98.83%
2023-11-19 17:15 after_fed Round:  29 | Epochs: 145 | Domain: a | loss: 0.3681 | Acc: 89.90%
2023-11-19 17:15 after_fed Round:  29 | Epochs: 145 | Domain: c | loss: 0.3086 | Acc: 93.25%
2023-11-19 17:15 test_domain Round:  29 | Epochs: 145 | Domain: s | loss: 0.6806 | Acc: 81.06%
2023-11-19 17:15 before_fed Round:  30 | Epochs: 150 | Domain: p | loss: 0.0662 | Acc: 98.25%
2023-11-19 17:15 before_fed Round:  30 | Epochs: 150 | Domain: a | loss: 0.2794 | Acc: 91.35%
2023-11-19 17:16 before_fed Round:  30 | Epochs: 150 | Domain: c | loss: 0.2272 | Acc: 94.51%
2023-11-19 17:16 after_fed Round:  30 | Epochs: 150 | Domain: p | loss: 0.0640 | Acc: 98.83%
2023-11-19 17:16 after_fed Round:  30 | Epochs: 150 | Domain: a | loss: 0.3563 | Acc: 90.87%
2023-11-19 17:16 after_fed Round:  30 | Epochs: 150 | Domain: c | loss: 0.3376 | Acc: 92.83%
2023-11-19 17:16 test_domain Round:  30 | Epochs: 150 | Domain: s | loss: 0.6589 | Acc: 81.67%
2023-11-19 17:16 before_fed Round:  31 | Epochs: 155 | Domain: p | loss: 0.0445 | Acc: 99.42%
2023-11-19 17:16 before_fed Round:  31 | Epochs: 155 | Domain: a | loss: 0.3445 | Acc: 91.35%
2023-11-19 17:16 before_fed Round:  31 | Epochs: 155 | Domain: c | loss: 0.1930 | Acc: 95.78%
2023-11-19 17:16 after_fed Round:  31 | Epochs: 155 | Domain: p | loss: 0.0513 | Acc: 98.25%
2023-11-19 17:16 after_fed Round:  31 | Epochs: 155 | Domain: a | loss: 0.3444 | Acc: 92.31%
2023-11-19 17:16 after_fed Round:  31 | Epochs: 155 | Domain: c | loss: 0.3114 | Acc: 91.98%
2023-11-19 17:16 test_domain Round:  31 | Epochs: 155 | Domain: s | loss: 0.6556 | Acc: 81.55%
2023-11-19 17:16 before_fed Round:  32 | Epochs: 160 | Domain: p | loss: 0.0495 | Acc: 98.25%
2023-11-19 17:17 before_fed Round:  32 | Epochs: 160 | Domain: a | loss: 0.2947 | Acc: 91.83%
2023-11-19 17:17 before_fed Round:  32 | Epochs: 160 | Domain: c | loss: 0.1891 | Acc: 94.51%
2023-11-19 17:17 after_fed Round:  32 | Epochs: 160 | Domain: p | loss: 0.0583 | Acc: 98.83%
2023-11-19 17:17 after_fed Round:  32 | Epochs: 160 | Domain: a | loss: 0.3613 | Acc: 91.83%
2023-11-19 17:17 after_fed Round:  32 | Epochs: 160 | Domain: c | loss: 0.2831 | Acc: 93.25%
2023-11-19 17:17 test_domain Round:  32 | Epochs: 160 | Domain: s | loss: 0.7407 | Acc: 80.38%
2023-11-19 17:17 before_fed Round:  33 | Epochs: 165 | Domain: p | loss: 0.0292 | Acc: 98.83%
2023-11-19 17:17 before_fed Round:  33 | Epochs: 165 | Domain: a | loss: 0.3386 | Acc: 91.83%
2023-11-19 17:17 before_fed Round:  33 | Epochs: 165 | Domain: c | loss: 0.1643 | Acc: 95.36%
2023-11-19 17:17 after_fed Round:  33 | Epochs: 165 | Domain: p | loss: 0.0501 | Acc: 98.83%
2023-11-19 17:17 after_fed Round:  33 | Epochs: 165 | Domain: a | loss: 0.3538 | Acc: 93.27%
2023-11-19 17:17 after_fed Round:  33 | Epochs: 165 | Domain: c | loss: 0.3087 | Acc: 93.25%
2023-11-19 17:18 test_domain Round:  33 | Epochs: 165 | Domain: s | loss: 0.6651 | Acc: 81.50%
2023-11-19 17:18 before_fed Round:  34 | Epochs: 170 | Domain: p | loss: 0.0465 | Acc: 99.42%
2023-11-19 17:18 before_fed Round:  34 | Epochs: 170 | Domain: a | loss: 0.3028 | Acc: 92.31%
2023-11-19 17:18 before_fed Round:  34 | Epochs: 170 | Domain: c | loss: 0.1588 | Acc: 95.36%
2023-11-19 17:18 after_fed Round:  34 | Epochs: 170 | Domain: p | loss: 0.0526 | Acc: 98.25%
2023-11-19 17:18 after_fed Round:  34 | Epochs: 170 | Domain: a | loss: 0.3193 | Acc: 92.31%
2023-11-19 17:18 after_fed Round:  34 | Epochs: 170 | Domain: c | loss: 0.3146 | Acc: 92.83%
2023-11-19 17:18 test_domain Round:  34 | Epochs: 170 | Domain: s | loss: 0.6331 | Acc: 81.85%
2023-11-19 17:18 before_fed Round:  35 | Epochs: 175 | Domain: p | loss: 0.0360 | Acc: 99.42%
2023-11-19 17:19 before_fed Round:  35 | Epochs: 175 | Domain: a | loss: 0.2732 | Acc: 92.31%
2023-11-19 17:19 before_fed Round:  35 | Epochs: 175 | Domain: c | loss: 0.1826 | Acc: 96.20%
2023-11-19 17:19 after_fed Round:  35 | Epochs: 175 | Domain: p | loss: 0.0519 | Acc: 98.83%
2023-11-19 17:19 after_fed Round:  35 | Epochs: 175 | Domain: a | loss: 0.3253 | Acc: 92.31%
2023-11-19 17:19 after_fed Round:  35 | Epochs: 175 | Domain: c | loss: 0.2939 | Acc: 93.25%
2023-11-19 17:19 test_domain Round:  35 | Epochs: 175 | Domain: s | loss: 0.6806 | Acc: 81.42%
2023-11-19 17:19 before_fed Round:  36 | Epochs: 180 | Domain: p | loss: 0.0320 | Acc: 99.42%
2023-11-19 17:19 before_fed Round:  36 | Epochs: 180 | Domain: a | loss: 0.3125 | Acc: 91.35%
2023-11-19 17:19 before_fed Round:  36 | Epochs: 180 | Domain: c | loss: 0.1964 | Acc: 94.51%
2023-11-19 17:19 after_fed Round:  36 | Epochs: 180 | Domain: p | loss: 0.0593 | Acc: 97.66%
2023-11-19 17:19 after_fed Round:  36 | Epochs: 180 | Domain: a | loss: 0.2927 | Acc: 93.75%
2023-11-19 17:19 after_fed Round:  36 | Epochs: 180 | Domain: c | loss: 0.3110 | Acc: 93.25%
2023-11-19 17:20 test_domain Round:  36 | Epochs: 180 | Domain: s | loss: 0.6148 | Acc: 81.73%
2023-11-19 17:20 before_fed Round:  37 | Epochs: 185 | Domain: p | loss: 0.0417 | Acc: 99.42%
2023-11-19 17:20 before_fed Round:  37 | Epochs: 185 | Domain: a | loss: 0.3598 | Acc: 93.75%
2023-11-19 17:20 before_fed Round:  37 | Epochs: 185 | Domain: c | loss: 0.1769 | Acc: 94.09%
2023-11-19 17:20 after_fed Round:  37 | Epochs: 185 | Domain: p | loss: 0.0620 | Acc: 98.25%
2023-11-19 17:20 after_fed Round:  37 | Epochs: 185 | Domain: a | loss: 0.3406 | Acc: 92.79%
2023-11-19 17:20 after_fed Round:  37 | Epochs: 185 | Domain: c | loss: 0.3034 | Acc: 92.83%
2023-11-19 17:20 test_domain Round:  37 | Epochs: 185 | Domain: s | loss: 0.6672 | Acc: 80.96%
2023-11-19 17:20 before_fed Round:  38 | Epochs: 190 | Domain: p | loss: 0.0250 | Acc: 99.42%
2023-11-19 17:21 before_fed Round:  38 | Epochs: 190 | Domain: a | loss: 0.2630 | Acc: 91.83%
2023-11-19 17:21 before_fed Round:  38 | Epochs: 190 | Domain: c | loss: 0.1916 | Acc: 95.36%
2023-11-19 17:21 after_fed Round:  38 | Epochs: 190 | Domain: p | loss: 0.0688 | Acc: 97.66%
2023-11-19 17:21 after_fed Round:  38 | Epochs: 190 | Domain: a | loss: 0.3685 | Acc: 92.31%
2023-11-19 17:21 after_fed Round:  38 | Epochs: 190 | Domain: c | loss: 0.2948 | Acc: 93.67%
2023-11-19 17:21 test_domain Round:  38 | Epochs: 190 | Domain: s | loss: 0.6174 | Acc: 81.80%
2023-11-19 17:21 before_fed Round:  39 | Epochs: 195 | Domain: p | loss: 0.0373 | Acc: 99.42%
2023-11-19 17:21 before_fed Round:  39 | Epochs: 195 | Domain: a | loss: 0.3285 | Acc: 92.31%
2023-11-19 17:21 before_fed Round:  39 | Epochs: 195 | Domain: c | loss: 0.1730 | Acc: 94.94%
2023-11-19 17:21 after_fed Round:  39 | Epochs: 195 | Domain: p | loss: 0.0559 | Acc: 98.25%
2023-11-19 17:21 after_fed Round:  39 | Epochs: 195 | Domain: a | loss: 0.3696 | Acc: 91.83%
2023-11-19 17:21 after_fed Round:  39 | Epochs: 195 | Domain: c | loss: 0.2498 | Acc: 94.09%
2023-11-19 17:21 test_domain Round:  39 | Epochs: 195 | Domain: s | loss: 0.7130 | Acc: 81.27%
2023-11-19 17:22 before_fed Round:  40 | Epochs: 200 | Domain: p | loss: 0.0399 | Acc: 99.42%
2023-11-19 17:22 before_fed Round:  40 | Epochs: 200 | Domain: a | loss: 0.3497 | Acc: 92.79%
2023-11-19 17:22 before_fed Round:  40 | Epochs: 200 | Domain: c | loss: 0.1671 | Acc: 95.36%
2023-11-19 17:22 after_fed Round:  40 | Epochs: 200 | Domain: p | loss: 0.0576 | Acc: 98.25%
2023-11-19 17:22 after_fed Round:  40 | Epochs: 200 | Domain: a | loss: 0.3712 | Acc: 91.83%
2023-11-19 17:22 after_fed Round:  40 | Epochs: 200 | Domain: c | loss: 0.2545 | Acc: 94.09%
2023-11-19 17:22 test_domain Round:  40 | Epochs: 200 | Domain: s | loss: 0.7035 | Acc: 81.09%
