2023-11-20 23:36 before_fed Round:   0 | Epochs:   0 | Domain: a | loss: 0.2999 | Acc: 92.31%
2023-11-20 23:37 before_fed Round:   0 | Epochs:   0 | Domain: c | loss: 0.1824 | Acc: 93.67%
2023-11-20 23:37 before_fed Round:   0 | Epochs:   0 | Domain: s | loss: 0.1860 | Acc: 93.97%
2023-11-20 23:37 after_fed Round:   0 | Epochs:   0 | Domain: a | loss: 0.7988 | Acc: 73.56%
2023-11-20 23:37 after_fed Round:   0 | Epochs:   0 | Domain: c | loss: 0.5769 | Acc: 80.59%
2023-11-20 23:37 after_fed Round:   0 | Epochs:   0 | Domain: s | loss: 0.3163 | Acc: 90.20%
2023-11-20 23:37 Model saved! Best Val Acc: 83.40%
2023-11-20 23:37 test_domain Round:   0 | Epochs:   0 | Domain: p | loss: 0.4818 | Acc: 89.46%
2023-11-20 23:37 before_fed Round:   1 | Epochs:   5 | Domain: a | loss: 0.2425 | Acc: 93.75%
2023-11-20 23:37 before_fed Round:   1 | Epochs:   5 | Domain: c | loss: 0.1850 | Acc: 94.94%
2023-11-20 23:38 before_fed Round:   1 | Epochs:   5 | Domain: s | loss: 0.1817 | Acc: 94.72%
2023-11-20 23:38 after_fed Round:   1 | Epochs:   5 | Domain: a | loss: 0.6022 | Acc: 79.33%
2023-11-20 23:38 after_fed Round:   1 | Epochs:   5 | Domain: c | loss: 0.5132 | Acc: 83.54%
2023-11-20 23:38 after_fed Round:   1 | Epochs:   5 | Domain: s | loss: 0.2199 | Acc: 92.21%
2023-11-20 23:38 Model saved! Best Val Acc: 86.60%
2023-11-20 23:38 test_domain Round:   1 | Epochs:   5 | Domain: p | loss: 0.2672 | Acc: 91.74%
2023-11-20 23:38 before_fed Round:   2 | Epochs:  10 | Domain: a | loss: 0.2319 | Acc: 91.83%
2023-11-20 23:38 before_fed Round:   2 | Epochs:  10 | Domain: c | loss: 0.1834 | Acc: 92.83%
2023-11-20 23:38 before_fed Round:   2 | Epochs:  10 | Domain: s | loss: 0.1224 | Acc: 95.23%
2023-11-20 23:38 after_fed Round:   2 | Epochs:  10 | Domain: a | loss: 0.5935 | Acc: 80.77%
2023-11-20 23:38 after_fed Round:   2 | Epochs:  10 | Domain: c | loss: 0.3939 | Acc: 87.76%
2023-11-20 23:38 after_fed Round:   2 | Epochs:  10 | Domain: s | loss: 0.1797 | Acc: 92.71%
2023-11-20 23:38 Model saved! Best Val Acc: 88.38%
2023-11-20 23:38 test_domain Round:   2 | Epochs:  10 | Domain: p | loss: 0.2806 | Acc: 90.90%
2023-11-20 23:39 before_fed Round:   3 | Epochs:  15 | Domain: a | loss: 0.2851 | Acc: 90.38%
2023-11-20 23:39 before_fed Round:   3 | Epochs:  15 | Domain: c | loss: 0.1796 | Acc: 95.36%
2023-11-20 23:39 before_fed Round:   3 | Epochs:  15 | Domain: s | loss: 0.1839 | Acc: 94.72%
2023-11-20 23:39 after_fed Round:   3 | Epochs:  15 | Domain: a | loss: 0.5480 | Acc: 80.77%
2023-11-20 23:39 after_fed Round:   3 | Epochs:  15 | Domain: c | loss: 0.3712 | Acc: 89.03%
2023-11-20 23:39 after_fed Round:   3 | Epochs:  15 | Domain: s | loss: 0.1666 | Acc: 92.46%
2023-11-20 23:39 Model saved! Best Val Acc: 88.62%
2023-11-20 23:39 test_domain Round:   3 | Epochs:  15 | Domain: p | loss: 0.2521 | Acc: 92.16%
2023-11-20 23:39 before_fed Round:   4 | Epochs:  20 | Domain: a | loss: 0.2151 | Acc: 92.31%
2023-11-20 23:40 before_fed Round:   4 | Epochs:  20 | Domain: c | loss: 0.2092 | Acc: 94.51%
2023-11-20 23:40 before_fed Round:   4 | Epochs:  20 | Domain: s | loss: 0.1743 | Acc: 94.72%
2023-11-20 23:40 after_fed Round:   4 | Epochs:  20 | Domain: a | loss: 0.5042 | Acc: 82.69%
2023-11-20 23:40 after_fed Round:   4 | Epochs:  20 | Domain: c | loss: 0.3801 | Acc: 86.92%
2023-11-20 23:40 after_fed Round:   4 | Epochs:  20 | Domain: s | loss: 0.1695 | Acc: 93.22%
2023-11-20 23:40 Model saved! Best Val Acc: 88.85%
2023-11-20 23:40 test_domain Round:   4 | Epochs:  20 | Domain: p | loss: 0.2559 | Acc: 91.74%
2023-11-20 23:40 before_fed Round:   5 | Epochs:  25 | Domain: a | loss: 0.2264 | Acc: 90.87%
2023-11-20 23:40 before_fed Round:   5 | Epochs:  25 | Domain: c | loss: 0.1735 | Acc: 95.78%
2023-11-20 23:41 before_fed Round:   5 | Epochs:  25 | Domain: s | loss: 0.1429 | Acc: 94.97%
2023-11-20 23:41 after_fed Round:   5 | Epochs:  25 | Domain: a | loss: 0.4265 | Acc: 85.58%
2023-11-20 23:41 after_fed Round:   5 | Epochs:  25 | Domain: c | loss: 0.3713 | Acc: 87.76%
2023-11-20 23:41 after_fed Round:   5 | Epochs:  25 | Domain: s | loss: 0.1687 | Acc: 92.71%
2023-11-20 23:41 Model saved! Best Val Acc: 89.56%
2023-11-20 23:41 test_domain Round:   5 | Epochs:  25 | Domain: p | loss: 0.2279 | Acc: 92.81%
2023-11-20 23:41 before_fed Round:   6 | Epochs:  30 | Domain: a | loss: 0.3163 | Acc: 92.31%
2023-11-20 23:41 before_fed Round:   6 | Epochs:  30 | Domain: c | loss: 0.1707 | Acc: 95.36%
2023-11-20 23:42 before_fed Round:   6 | Epochs:  30 | Domain: s | loss: 0.1890 | Acc: 92.96%
2023-11-20 23:42 after_fed Round:   6 | Epochs:  30 | Domain: a | loss: 0.4755 | Acc: 85.10%
2023-11-20 23:42 after_fed Round:   6 | Epochs:  30 | Domain: c | loss: 0.3991 | Acc: 87.34%
2023-11-20 23:42 after_fed Round:   6 | Epochs:  30 | Domain: s | loss: 0.1774 | Acc: 92.46%
2023-11-20 23:42 test_domain Round:   6 | Epochs:  30 | Domain: p | loss: 0.2423 | Acc: 92.46%
2023-11-20 23:42 before_fed Round:   7 | Epochs:  35 | Domain: a | loss: 0.2739 | Acc: 91.83%
2023-11-20 23:42 before_fed Round:   7 | Epochs:  35 | Domain: c | loss: 0.2129 | Acc: 95.78%
2023-11-20 23:42 before_fed Round:   7 | Epochs:  35 | Domain: s | loss: 0.1812 | Acc: 95.23%
2023-11-20 23:42 after_fed Round:   7 | Epochs:  35 | Domain: a | loss: 0.5265 | Acc: 82.21%
2023-11-20 23:42 after_fed Round:   7 | Epochs:  35 | Domain: c | loss: 0.3810 | Acc: 89.45%
2023-11-20 23:42 after_fed Round:   7 | Epochs:  35 | Domain: s | loss: 0.1521 | Acc: 93.47%
2023-11-20 23:42 Model saved! Best Val Acc: 89.57%
2023-11-20 23:42 test_domain Round:   7 | Epochs:  35 | Domain: p | loss: 0.2391 | Acc: 92.40%
2023-11-20 23:43 before_fed Round:   8 | Epochs:  40 | Domain: a | loss: 0.2638 | Acc: 93.27%
2023-11-20 23:43 before_fed Round:   8 | Epochs:  40 | Domain: c | loss: 0.2124 | Acc: 95.36%
2023-11-20 23:43 before_fed Round:   8 | Epochs:  40 | Domain: s | loss: 0.1182 | Acc: 95.48%
2023-11-20 23:43 after_fed Round:   8 | Epochs:  40 | Domain: a | loss: 0.5115 | Acc: 84.13%
2023-11-20 23:43 after_fed Round:   8 | Epochs:  40 | Domain: c | loss: 0.3612 | Acc: 91.56%
2023-11-20 23:43 after_fed Round:   8 | Epochs:  40 | Domain: s | loss: 0.1422 | Acc: 93.97%
2023-11-20 23:43 Model saved! Best Val Acc: 90.87%
2023-11-20 23:43 test_domain Round:   8 | Epochs:  40 | Domain: p | loss: 0.2348 | Acc: 92.93%
2023-11-20 23:43 before_fed Round:   9 | Epochs:  45 | Domain: a | loss: 0.2794 | Acc: 89.90%
2023-11-20 23:44 before_fed Round:   9 | Epochs:  45 | Domain: c | loss: 0.2274 | Acc: 95.36%
2023-11-20 23:44 before_fed Round:   9 | Epochs:  45 | Domain: s | loss: 0.1641 | Acc: 94.22%
2023-11-20 23:44 after_fed Round:   9 | Epochs:  45 | Domain: a | loss: 0.4504 | Acc: 86.06%
2023-11-20 23:44 after_fed Round:   9 | Epochs:  45 | Domain: c | loss: 0.3511 | Acc: 91.14%
2023-11-20 23:44 after_fed Round:   9 | Epochs:  45 | Domain: s | loss: 0.1753 | Acc: 93.22%
2023-11-20 23:44 test_domain Round:   9 | Epochs:  45 | Domain: p | loss: 0.2492 | Acc: 92.40%
2023-11-20 23:44 before_fed Round:  10 | Epochs:  50 | Domain: a | loss: 0.3123 | Acc: 93.27%
2023-11-20 23:44 before_fed Round:  10 | Epochs:  50 | Domain: c | loss: 0.2440 | Acc: 93.67%
2023-11-20 23:45 before_fed Round:  10 | Epochs:  50 | Domain: s | loss: 0.1153 | Acc: 96.23%
2023-11-20 23:45 after_fed Round:  10 | Epochs:  50 | Domain: a | loss: 0.4620 | Acc: 87.02%
2023-11-20 23:45 after_fed Round:  10 | Epochs:  50 | Domain: c | loss: 0.4720 | Acc: 87.76%
2023-11-20 23:45 after_fed Round:  10 | Epochs:  50 | Domain: s | loss: 0.1215 | Acc: 95.98%
2023-11-20 23:45 Model saved! Best Val Acc: 91.46%
2023-11-20 23:45 test_domain Round:  10 | Epochs:  50 | Domain: p | loss: 0.2722 | Acc: 91.92%
2023-11-20 23:45 before_fed Round:  11 | Epochs:  55 | Domain: a | loss: 0.2567 | Acc: 91.83%
2023-11-20 23:45 before_fed Round:  11 | Epochs:  55 | Domain: c | loss: 0.2071 | Acc: 95.36%
2023-11-20 23:46 before_fed Round:  11 | Epochs:  55 | Domain: s | loss: 0.1415 | Acc: 94.72%
2023-11-20 23:46 after_fed Round:  11 | Epochs:  55 | Domain: a | loss: 0.3853 | Acc: 87.02%
2023-11-20 23:46 after_fed Round:  11 | Epochs:  55 | Domain: c | loss: 0.3718 | Acc: 90.72%
2023-11-20 23:46 after_fed Round:  11 | Epochs:  55 | Domain: s | loss: 0.1380 | Acc: 94.22%
2023-11-20 23:46 Model saved! Best Val Acc: 91.46%
2023-11-20 23:46 test_domain Round:  11 | Epochs:  55 | Domain: p | loss: 0.2656 | Acc: 92.28%
2023-11-20 23:46 before_fed Round:  12 | Epochs:  60 | Domain: a | loss: 0.3183 | Acc: 91.83%
2023-11-20 23:46 before_fed Round:  12 | Epochs:  60 | Domain: c | loss: 0.2065 | Acc: 96.62%
2023-11-20 23:46 before_fed Round:  12 | Epochs:  60 | Domain: s | loss: 0.1419 | Acc: 94.47%
2023-11-20 23:46 after_fed Round:  12 | Epochs:  60 | Domain: a | loss: 0.3987 | Acc: 87.50%
2023-11-20 23:46 after_fed Round:  12 | Epochs:  60 | Domain: c | loss: 0.3297 | Acc: 91.14%
2023-11-20 23:46 after_fed Round:  12 | Epochs:  60 | Domain: s | loss: 0.1316 | Acc: 94.72%
2023-11-20 23:46 Model saved! Best Val Acc: 91.94%
2023-11-20 23:46 test_domain Round:  12 | Epochs:  60 | Domain: p | loss: 0.2387 | Acc: 92.69%
2023-11-20 23:47 before_fed Round:  13 | Epochs:  65 | Domain: a | loss: 0.2600 | Acc: 92.79%
2023-11-20 23:47 before_fed Round:  13 | Epochs:  65 | Domain: c | loss: 0.2111 | Acc: 95.78%
2023-11-20 23:47 before_fed Round:  13 | Epochs:  65 | Domain: s | loss: 0.1196 | Acc: 95.73%
2023-11-20 23:47 after_fed Round:  13 | Epochs:  65 | Domain: a | loss: 0.4385 | Acc: 86.54%
2023-11-20 23:47 after_fed Round:  13 | Epochs:  65 | Domain: c | loss: 0.3535 | Acc: 90.72%
2023-11-20 23:47 after_fed Round:  13 | Epochs:  65 | Domain: s | loss: 0.1267 | Acc: 94.72%
2023-11-20 23:47 test_domain Round:  13 | Epochs:  65 | Domain: p | loss: 0.2869 | Acc: 91.32%
2023-11-20 23:47 before_fed Round:  14 | Epochs:  70 | Domain: a | loss: 0.2637 | Acc: 94.23%
2023-11-20 23:48 before_fed Round:  14 | Epochs:  70 | Domain: c | loss: 0.2188 | Acc: 94.09%
2023-11-20 23:48 before_fed Round:  14 | Epochs:  70 | Domain: s | loss: 0.1312 | Acc: 95.48%
2023-11-20 23:48 after_fed Round:  14 | Epochs:  70 | Domain: a | loss: 0.4438 | Acc: 87.50%
2023-11-20 23:48 after_fed Round:  14 | Epochs:  70 | Domain: c | loss: 0.3748 | Acc: 90.30%
2023-11-20 23:48 after_fed Round:  14 | Epochs:  70 | Domain: s | loss: 0.1503 | Acc: 93.97%
2023-11-20 23:48 test_domain Round:  14 | Epochs:  70 | Domain: p | loss: 0.2146 | Acc: 93.47%
2023-11-20 23:48 before_fed Round:  15 | Epochs:  75 | Domain: a | loss: 0.2609 | Acc: 95.67%
2023-11-20 23:48 before_fed Round:  15 | Epochs:  75 | Domain: c | loss: 0.1882 | Acc: 96.62%
2023-11-20 23:49 before_fed Round:  15 | Epochs:  75 | Domain: s | loss: 0.1542 | Acc: 94.97%
2023-11-20 23:49 after_fed Round:  15 | Epochs:  75 | Domain: a | loss: 0.4102 | Acc: 87.50%
2023-11-20 23:49 after_fed Round:  15 | Epochs:  75 | Domain: c | loss: 0.3204 | Acc: 92.41%
2023-11-20 23:49 after_fed Round:  15 | Epochs:  75 | Domain: s | loss: 0.1499 | Acc: 93.97%
2023-11-20 23:49 Model saved! Best Val Acc: 91.94%
2023-11-20 23:49 test_domain Round:  15 | Epochs:  75 | Domain: p | loss: 0.2352 | Acc: 92.69%
2023-11-20 23:49 before_fed Round:  16 | Epochs:  80 | Domain: a | loss: 0.2534 | Acc: 92.79%
2023-11-20 23:49 before_fed Round:  16 | Epochs:  80 | Domain: c | loss: 0.2441 | Acc: 95.78%
2023-11-20 23:50 before_fed Round:  16 | Epochs:  80 | Domain: s | loss: 0.1528 | Acc: 94.47%
2023-11-20 23:50 after_fed Round:  16 | Epochs:  80 | Domain: a | loss: 0.3808 | Acc: 88.46%
2023-11-20 23:50 after_fed Round:  16 | Epochs:  80 | Domain: c | loss: 0.4296 | Acc: 89.45%
2023-11-20 23:50 after_fed Round:  16 | Epochs:  80 | Domain: s | loss: 0.1495 | Acc: 94.72%
2023-11-20 23:50 test_domain Round:  16 | Epochs:  80 | Domain: p | loss: 0.2492 | Acc: 92.63%
2023-11-20 23:50 before_fed Round:  17 | Epochs:  85 | Domain: a | loss: 0.3289 | Acc: 90.87%
2023-11-20 23:50 before_fed Round:  17 | Epochs:  85 | Domain: c | loss: 0.2233 | Acc: 94.09%
2023-11-20 23:50 before_fed Round:  17 | Epochs:  85 | Domain: s | loss: 0.1748 | Acc: 94.22%
2023-11-20 23:50 after_fed Round:  17 | Epochs:  85 | Domain: a | loss: 0.4211 | Acc: 86.06%
2023-11-20 23:50 after_fed Round:  17 | Epochs:  85 | Domain: c | loss: 0.3819 | Acc: 91.14%
2023-11-20 23:50 after_fed Round:  17 | Epochs:  85 | Domain: s | loss: 0.1783 | Acc: 93.47%
2023-11-20 23:50 test_domain Round:  17 | Epochs:  85 | Domain: p | loss: 0.2616 | Acc: 92.51%
2023-11-20 23:51 before_fed Round:  18 | Epochs:  90 | Domain: a | loss: 0.3225 | Acc: 91.35%
2023-11-20 23:51 before_fed Round:  18 | Epochs:  90 | Domain: c | loss: 0.2316 | Acc: 94.09%
2023-11-20 23:51 before_fed Round:  18 | Epochs:  90 | Domain: s | loss: 0.1283 | Acc: 95.98%
2023-11-20 23:51 after_fed Round:  18 | Epochs:  90 | Domain: a | loss: 0.3783 | Acc: 88.46%
2023-11-20 23:51 after_fed Round:  18 | Epochs:  90 | Domain: c | loss: 0.4195 | Acc: 87.76%
2023-11-20 23:51 after_fed Round:  18 | Epochs:  90 | Domain: s | loss: 0.1361 | Acc: 94.47%
2023-11-20 23:51 test_domain Round:  18 | Epochs:  90 | Domain: p | loss: 0.2550 | Acc: 92.57%
2023-11-20 23:51 before_fed Round:  19 | Epochs:  95 | Domain: a | loss: 0.2782 | Acc: 92.31%
2023-11-20 23:52 before_fed Round:  19 | Epochs:  95 | Domain: c | loss: 0.2397 | Acc: 96.20%
2023-11-20 23:52 before_fed Round:  19 | Epochs:  95 | Domain: s | loss: 0.1091 | Acc: 96.23%
2023-11-20 23:52 after_fed Round:  19 | Epochs:  95 | Domain: a | loss: 0.4372 | Acc: 87.02%
2023-11-20 23:52 after_fed Round:  19 | Epochs:  95 | Domain: c | loss: 0.3402 | Acc: 90.72%
2023-11-20 23:52 after_fed Round:  19 | Epochs:  95 | Domain: s | loss: 0.1111 | Acc: 94.97%
2023-11-20 23:52 test_domain Round:  19 | Epochs:  95 | Domain: p | loss: 0.2845 | Acc: 92.04%
2023-11-20 23:52 before_fed Round:  20 | Epochs: 100 | Domain: a | loss: 0.2844 | Acc: 90.87%
2023-11-20 23:52 before_fed Round:  20 | Epochs: 100 | Domain: c | loss: 0.1976 | Acc: 95.36%
2023-11-20 23:53 before_fed Round:  20 | Epochs: 100 | Domain: s | loss: 0.1511 | Acc: 95.48%
2023-11-20 23:53 after_fed Round:  20 | Epochs: 100 | Domain: a | loss: 0.3769 | Acc: 87.98%
2023-11-20 23:53 after_fed Round:  20 | Epochs: 100 | Domain: c | loss: 0.3341 | Acc: 92.83%
2023-11-20 23:53 after_fed Round:  20 | Epochs: 100 | Domain: s | loss: 0.1447 | Acc: 94.97%
2023-11-20 23:53 Model saved! Best Val Acc: 92.65%
2023-11-20 23:53 test_domain Round:  20 | Epochs: 100 | Domain: p | loss: 0.2477 | Acc: 92.87%
2023-11-20 23:53 before_fed Round:  21 | Epochs: 105 | Domain: a | loss: 0.2342 | Acc: 91.35%
2023-11-20 23:53 before_fed Round:  21 | Epochs: 105 | Domain: c | loss: 0.2307 | Acc: 95.36%
2023-11-20 23:54 before_fed Round:  21 | Epochs: 105 | Domain: s | loss: 0.1636 | Acc: 93.97%
2023-11-20 23:54 after_fed Round:  21 | Epochs: 105 | Domain: a | loss: 0.3765 | Acc: 87.50%
2023-11-20 23:54 after_fed Round:  21 | Epochs: 105 | Domain: c | loss: 0.3522 | Acc: 93.25%
2023-11-20 23:54 after_fed Round:  21 | Epochs: 105 | Domain: s | loss: 0.1641 | Acc: 93.72%
2023-11-20 23:54 test_domain Round:  21 | Epochs: 105 | Domain: p | loss: 0.2288 | Acc: 93.23%
2023-11-20 23:54 before_fed Round:  22 | Epochs: 110 | Domain: a | loss: 0.2856 | Acc: 91.35%
2023-11-20 23:54 before_fed Round:  22 | Epochs: 110 | Domain: c | loss: 0.2531 | Acc: 94.09%
2023-11-20 23:54 before_fed Round:  22 | Epochs: 110 | Domain: s | loss: 0.1865 | Acc: 94.72%
2023-11-20 23:54 after_fed Round:  22 | Epochs: 110 | Domain: a | loss: 0.3732 | Acc: 88.46%
2023-11-20 23:54 after_fed Round:  22 | Epochs: 110 | Domain: c | loss: 0.3561 | Acc: 92.41%
2023-11-20 23:54 after_fed Round:  22 | Epochs: 110 | Domain: s | loss: 0.1527 | Acc: 93.97%
2023-11-20 23:54 test_domain Round:  22 | Epochs: 110 | Domain: p | loss: 0.2207 | Acc: 93.47%
2023-11-20 23:55 before_fed Round:  23 | Epochs: 115 | Domain: a | loss: 0.3181 | Acc: 91.35%
2023-11-20 23:55 before_fed Round:  23 | Epochs: 115 | Domain: c | loss: 0.2421 | Acc: 94.51%
2023-11-20 23:55 before_fed Round:  23 | Epochs: 115 | Domain: s | loss: 0.1398 | Acc: 95.98%
2023-11-20 23:55 after_fed Round:  23 | Epochs: 115 | Domain: a | loss: 0.4331 | Acc: 87.02%
2023-11-20 23:55 after_fed Round:  23 | Epochs: 115 | Domain: c | loss: 0.3497 | Acc: 92.41%
2023-11-20 23:55 after_fed Round:  23 | Epochs: 115 | Domain: s | loss: 0.1306 | Acc: 94.97%
2023-11-20 23:55 test_domain Round:  23 | Epochs: 115 | Domain: p | loss: 0.2242 | Acc: 93.53%
2023-11-20 23:55 before_fed Round:  24 | Epochs: 120 | Domain: a | loss: 0.3240 | Acc: 91.35%
2023-11-20 23:56 before_fed Round:  24 | Epochs: 120 | Domain: c | loss: 0.2141 | Acc: 96.20%
2023-11-20 23:56 before_fed Round:  24 | Epochs: 120 | Domain: s | loss: 0.1291 | Acc: 95.23%
2023-11-20 23:56 after_fed Round:  24 | Epochs: 120 | Domain: a | loss: 0.4400 | Acc: 85.58%
2023-11-20 23:56 after_fed Round:  24 | Epochs: 120 | Domain: c | loss: 0.3745 | Acc: 89.87%
2023-11-20 23:56 after_fed Round:  24 | Epochs: 120 | Domain: s | loss: 0.1270 | Acc: 95.23%
2023-11-20 23:56 test_domain Round:  24 | Epochs: 120 | Domain: p | loss: 0.2408 | Acc: 92.93%
2023-11-20 23:56 before_fed Round:  25 | Epochs: 125 | Domain: a | loss: 0.2368 | Acc: 92.31%
2023-11-20 23:56 before_fed Round:  25 | Epochs: 125 | Domain: c | loss: 0.2281 | Acc: 94.94%
2023-11-20 23:57 before_fed Round:  25 | Epochs: 125 | Domain: s | loss: 0.1715 | Acc: 94.72%
2023-11-20 23:57 after_fed Round:  25 | Epochs: 125 | Domain: a | loss: 0.4209 | Acc: 85.58%
2023-11-20 23:57 after_fed Round:  25 | Epochs: 125 | Domain: c | loss: 0.3132 | Acc: 93.67%
2023-11-20 23:57 after_fed Round:  25 | Epochs: 125 | Domain: s | loss: 0.1541 | Acc: 93.47%
2023-11-20 23:57 test_domain Round:  25 | Epochs: 125 | Domain: p | loss: 0.2635 | Acc: 92.69%
2023-11-20 23:57 before_fed Round:  26 | Epochs: 130 | Domain: a | loss: 0.2497 | Acc: 92.79%
2023-11-20 23:57 before_fed Round:  26 | Epochs: 130 | Domain: c | loss: 0.2284 | Acc: 94.94%
2023-11-20 23:58 before_fed Round:  26 | Epochs: 130 | Domain: s | loss: 0.1638 | Acc: 94.22%
2023-11-20 23:58 after_fed Round:  26 | Epochs: 130 | Domain: a | loss: 0.3781 | Acc: 87.02%
2023-11-20 23:58 after_fed Round:  26 | Epochs: 130 | Domain: c | loss: 0.4234 | Acc: 89.45%
2023-11-20 23:58 after_fed Round:  26 | Epochs: 130 | Domain: s | loss: 0.1305 | Acc: 94.97%
2023-11-20 23:58 test_domain Round:  26 | Epochs: 130 | Domain: p | loss: 0.2285 | Acc: 93.47%
2023-11-20 23:58 before_fed Round:  27 | Epochs: 135 | Domain: a | loss: 0.2965 | Acc: 90.87%
2023-11-20 23:58 before_fed Round:  27 | Epochs: 135 | Domain: c | loss: 0.2203 | Acc: 95.36%
2023-11-20 23:58 before_fed Round:  27 | Epochs: 135 | Domain: s | loss: 0.2000 | Acc: 93.97%
2023-11-20 23:58 after_fed Round:  27 | Epochs: 135 | Domain: a | loss: 0.4243 | Acc: 85.10%
2023-11-20 23:58 after_fed Round:  27 | Epochs: 135 | Domain: c | loss: 0.3560 | Acc: 91.56%
2023-11-20 23:58 after_fed Round:  27 | Epochs: 135 | Domain: s | loss: 0.1894 | Acc: 93.47%
2023-11-20 23:58 test_domain Round:  27 | Epochs: 135 | Domain: p | loss: 0.2279 | Acc: 93.71%
2023-11-20 23:59 before_fed Round:  28 | Epochs: 140 | Domain: a | loss: 0.3152 | Acc: 90.87%
2023-11-20 23:59 before_fed Round:  28 | Epochs: 140 | Domain: c | loss: 0.1855 | Acc: 95.36%
2023-11-20 23:59 before_fed Round:  28 | Epochs: 140 | Domain: s | loss: 0.1969 | Acc: 93.72%
2023-11-20 23:59 after_fed Round:  28 | Epochs: 140 | Domain: a | loss: 0.3758 | Acc: 87.02%
2023-11-20 23:59 after_fed Round:  28 | Epochs: 140 | Domain: c | loss: 0.3895 | Acc: 90.72%
2023-11-20 23:59 after_fed Round:  28 | Epochs: 140 | Domain: s | loss: 0.1676 | Acc: 93.47%
2023-11-20 23:59 test_domain Round:  28 | Epochs: 140 | Domain: p | loss: 0.2349 | Acc: 93.35%
2023-11-20 23:59 before_fed Round:  29 | Epochs: 145 | Domain: a | loss: 0.2542 | Acc: 92.31%
2023-11-21 00:00 before_fed Round:  29 | Epochs: 145 | Domain: c | loss: 0.2506 | Acc: 94.94%
2023-11-21 00:00 before_fed Round:  29 | Epochs: 145 | Domain: s | loss: 0.1445 | Acc: 94.97%
2023-11-21 00:00 after_fed Round:  29 | Epochs: 145 | Domain: a | loss: 0.4220 | Acc: 85.58%
2023-11-21 00:00 after_fed Round:  29 | Epochs: 145 | Domain: c | loss: 0.3551 | Acc: 91.98%
2023-11-21 00:00 after_fed Round:  29 | Epochs: 145 | Domain: s | loss: 0.1594 | Acc: 93.97%
2023-11-21 00:00 test_domain Round:  29 | Epochs: 145 | Domain: p | loss: 0.2513 | Acc: 93.17%
2023-11-21 00:00 before_fed Round:  30 | Epochs: 150 | Domain: a | loss: 0.3246 | Acc: 92.31%
2023-11-21 00:00 before_fed Round:  30 | Epochs: 150 | Domain: c | loss: 0.2302 | Acc: 96.20%
2023-11-21 00:01 before_fed Round:  30 | Epochs: 150 | Domain: s | loss: 0.1329 | Acc: 94.72%
2023-11-21 00:01 after_fed Round:  30 | Epochs: 150 | Domain: a | loss: 0.4637 | Acc: 87.50%
2023-11-21 00:01 after_fed Round:  30 | Epochs: 150 | Domain: c | loss: 0.3470 | Acc: 92.83%
2023-11-21 00:01 after_fed Round:  30 | Epochs: 150 | Domain: s | loss: 0.1614 | Acc: 93.22%
2023-11-21 00:01 test_domain Round:  30 | Epochs: 150 | Domain: p | loss: 0.2549 | Acc: 93.29%
2023-11-21 00:01 before_fed Round:  31 | Epochs: 155 | Domain: a | loss: 0.3061 | Acc: 90.87%
2023-11-21 00:01 before_fed Round:  31 | Epochs: 155 | Domain: c | loss: 0.2411 | Acc: 95.78%
2023-11-21 00:02 before_fed Round:  31 | Epochs: 155 | Domain: s | loss: 0.1547 | Acc: 94.72%
2023-11-21 00:02 after_fed Round:  31 | Epochs: 155 | Domain: a | loss: 0.4287 | Acc: 87.02%
2023-11-21 00:02 after_fed Round:  31 | Epochs: 155 | Domain: c | loss: 0.3570 | Acc: 91.98%
2023-11-21 00:02 after_fed Round:  31 | Epochs: 155 | Domain: s | loss: 0.1520 | Acc: 93.47%
2023-11-21 00:02 test_domain Round:  31 | Epochs: 155 | Domain: p | loss: 0.2561 | Acc: 93.11%
2023-11-21 00:02 before_fed Round:  32 | Epochs: 160 | Domain: a | loss: 0.2840 | Acc: 93.75%
2023-11-21 00:02 before_fed Round:  32 | Epochs: 160 | Domain: c | loss: 0.2215 | Acc: 96.20%
2023-11-21 00:02 before_fed Round:  32 | Epochs: 160 | Domain: s | loss: 0.1375 | Acc: 94.97%
2023-11-21 00:02 after_fed Round:  32 | Epochs: 160 | Domain: a | loss: 0.4278 | Acc: 88.46%
2023-11-21 00:02 after_fed Round:  32 | Epochs: 160 | Domain: c | loss: 0.3249 | Acc: 93.25%
2023-11-21 00:02 after_fed Round:  32 | Epochs: 160 | Domain: s | loss: 0.1564 | Acc: 93.97%
2023-11-21 00:02 test_domain Round:  32 | Epochs: 160 | Domain: p | loss: 0.2519 | Acc: 93.11%
2023-11-21 00:03 before_fed Round:  33 | Epochs: 165 | Domain: a | loss: 0.2855 | Acc: 93.75%
2023-11-21 00:03 before_fed Round:  33 | Epochs: 165 | Domain: c | loss: 0.2302 | Acc: 95.36%
2023-11-21 00:03 before_fed Round:  33 | Epochs: 165 | Domain: s | loss: 0.1159 | Acc: 94.97%
2023-11-21 00:03 after_fed Round:  33 | Epochs: 165 | Domain: a | loss: 0.4073 | Acc: 88.94%
2023-11-21 00:03 after_fed Round:  33 | Epochs: 165 | Domain: c | loss: 0.3604 | Acc: 91.14%
2023-11-21 00:03 after_fed Round:  33 | Epochs: 165 | Domain: s | loss: 0.1443 | Acc: 94.22%
2023-11-21 00:03 test_domain Round:  33 | Epochs: 165 | Domain: p | loss: 0.2540 | Acc: 93.11%
2023-11-21 00:03 before_fed Round:  34 | Epochs: 170 | Domain: a | loss: 0.2745 | Acc: 93.75%
2023-11-21 00:04 before_fed Round:  34 | Epochs: 170 | Domain: c | loss: 0.2282 | Acc: 96.20%
2023-11-21 00:04 before_fed Round:  34 | Epochs: 170 | Domain: s | loss: 0.1134 | Acc: 94.97%
2023-11-21 00:04 after_fed Round:  34 | Epochs: 170 | Domain: a | loss: 0.4046 | Acc: 87.02%
2023-11-21 00:04 after_fed Round:  34 | Epochs: 170 | Domain: c | loss: 0.3514 | Acc: 91.98%
2023-11-21 00:04 after_fed Round:  34 | Epochs: 170 | Domain: s | loss: 0.1394 | Acc: 94.47%
2023-11-21 00:04 test_domain Round:  34 | Epochs: 170 | Domain: p | loss: 0.2536 | Acc: 93.23%
2023-11-21 00:04 before_fed Round:  35 | Epochs: 175 | Domain: a | loss: 0.2687 | Acc: 93.27%
2023-11-21 00:04 before_fed Round:  35 | Epochs: 175 | Domain: c | loss: 0.2328 | Acc: 95.78%
2023-11-21 00:05 before_fed Round:  35 | Epochs: 175 | Domain: s | loss: 0.1293 | Acc: 94.97%
2023-11-21 00:05 after_fed Round:  35 | Epochs: 175 | Domain: a | loss: 0.3996 | Acc: 87.50%
2023-11-21 00:05 after_fed Round:  35 | Epochs: 175 | Domain: c | loss: 0.3418 | Acc: 91.98%
2023-11-21 00:05 after_fed Round:  35 | Epochs: 175 | Domain: s | loss: 0.1516 | Acc: 93.72%
2023-11-21 00:05 test_domain Round:  35 | Epochs: 175 | Domain: p | loss: 0.2495 | Acc: 93.35%
2023-11-21 00:05 before_fed Round:  36 | Epochs: 180 | Domain: a | loss: 0.2760 | Acc: 93.27%
2023-11-21 00:05 before_fed Round:  36 | Epochs: 180 | Domain: c | loss: 0.2301 | Acc: 94.51%
2023-11-21 00:05 before_fed Round:  36 | Epochs: 180 | Domain: s | loss: 0.1300 | Acc: 94.72%
2023-11-21 00:06 after_fed Round:  36 | Epochs: 180 | Domain: a | loss: 0.3945 | Acc: 88.94%
2023-11-21 00:06 after_fed Round:  36 | Epochs: 180 | Domain: c | loss: 0.3515 | Acc: 91.98%
2023-11-21 00:06 after_fed Round:  36 | Epochs: 180 | Domain: s | loss: 0.1440 | Acc: 94.47%
2023-11-21 00:06 test_domain Round:  36 | Epochs: 180 | Domain: p | loss: 0.2395 | Acc: 93.47%
2023-11-21 00:06 before_fed Round:  37 | Epochs: 185 | Domain: a | loss: 0.2676 | Acc: 94.23%
2023-11-21 00:06 before_fed Round:  37 | Epochs: 185 | Domain: c | loss: 0.2170 | Acc: 96.20%
2023-11-21 00:06 before_fed Round:  37 | Epochs: 185 | Domain: s | loss: 0.1084 | Acc: 95.98%
2023-11-21 00:06 after_fed Round:  37 | Epochs: 185 | Domain: a | loss: 0.3817 | Acc: 88.94%
2023-11-21 00:06 after_fed Round:  37 | Epochs: 185 | Domain: c | loss: 0.3585 | Acc: 91.14%
2023-11-21 00:06 after_fed Round:  37 | Epochs: 185 | Domain: s | loss: 0.1384 | Acc: 94.72%
2023-11-21 00:06 test_domain Round:  37 | Epochs: 185 | Domain: p | loss: 0.2576 | Acc: 93.23%
2023-11-21 00:07 before_fed Round:  38 | Epochs: 190 | Domain: a | loss: 0.2627 | Acc: 94.23%
2023-11-21 00:07 before_fed Round:  38 | Epochs: 190 | Domain: c | loss: 0.2284 | Acc: 95.78%
2023-11-21 00:07 before_fed Round:  38 | Epochs: 190 | Domain: s | loss: 0.1174 | Acc: 95.23%
2023-11-21 00:07 after_fed Round:  38 | Epochs: 190 | Domain: a | loss: 0.4038 | Acc: 88.46%
2023-11-21 00:07 after_fed Round:  38 | Epochs: 190 | Domain: c | loss: 0.3377 | Acc: 92.41%
2023-11-21 00:07 after_fed Round:  38 | Epochs: 190 | Domain: s | loss: 0.1450 | Acc: 93.97%
2023-11-21 00:07 test_domain Round:  38 | Epochs: 190 | Domain: p | loss: 0.2547 | Acc: 93.47%
2023-11-21 00:07 before_fed Round:  39 | Epochs: 195 | Domain: a | loss: 0.2829 | Acc: 93.27%
2023-11-21 00:08 before_fed Round:  39 | Epochs: 195 | Domain: c | loss: 0.2102 | Acc: 96.20%
2023-11-21 00:08 before_fed Round:  39 | Epochs: 195 | Domain: s | loss: 0.1125 | Acc: 94.97%
2023-11-21 00:08 after_fed Round:  39 | Epochs: 195 | Domain: a | loss: 0.4085 | Acc: 88.46%
2023-11-21 00:08 after_fed Round:  39 | Epochs: 195 | Domain: c | loss: 0.3222 | Acc: 93.25%
2023-11-21 00:08 after_fed Round:  39 | Epochs: 195 | Domain: s | loss: 0.1535 | Acc: 93.72%
2023-11-21 00:08 test_domain Round:  39 | Epochs: 195 | Domain: p | loss: 0.2630 | Acc: 92.93%
2023-11-21 00:08 before_fed Round:  40 | Epochs: 200 | Domain: a | loss: 0.2538 | Acc: 93.27%
2023-11-21 00:08 before_fed Round:  40 | Epochs: 200 | Domain: c | loss: 0.2225 | Acc: 95.78%
2023-11-21 00:09 before_fed Round:  40 | Epochs: 200 | Domain: s | loss: 0.1310 | Acc: 95.48%
2023-11-21 00:09 after_fed Round:  40 | Epochs: 200 | Domain: a | loss: 0.3934 | Acc: 88.94%
2023-11-21 00:09 after_fed Round:  40 | Epochs: 200 | Domain: c | loss: 0.3254 | Acc: 93.25%
2023-11-21 00:09 after_fed Round:  40 | Epochs: 200 | Domain: s | loss: 0.1562 | Acc: 93.97%
2023-11-21 00:09 test_domain Round:  40 | Epochs: 200 | Domain: p | loss: 0.2527 | Acc: 93.35%
