2023-11-19 16:10 before_fed Round:   0 | Epochs:   0 | Domain: p | loss: 0.0401 | Acc: 98.83%
2023-11-19 16:10 before_fed Round:   0 | Epochs:   0 | Domain: a | loss: 0.2679 | Acc: 91.35%
2023-11-19 16:10 before_fed Round:   0 | Epochs:   0 | Domain: s | loss: 0.1869 | Acc: 93.72%
2023-11-19 16:10 after_fed Round:   0 | Epochs:   0 | Domain: p | loss: 0.2425 | Acc: 94.74%
2023-11-19 16:10 after_fed Round:   0 | Epochs:   0 | Domain: a | loss: 0.8400 | Acc: 70.19%
2023-11-19 16:10 after_fed Round:   0 | Epochs:   0 | Domain: s | loss: 0.3872 | Acc: 88.94%
2023-11-19 16:10 Model saved! Best Val Acc: 85.19%
2023-11-19 16:10 test_domain Round:   0 | Epochs:   0 | Domain: c | loss: 0.9517 | Acc: 65.70%
2023-11-19 16:10 before_fed Round:   1 | Epochs:   5 | Domain: p | loss: 0.0263 | Acc: 98.83%
2023-11-19 16:10 before_fed Round:   1 | Epochs:   5 | Domain: a | loss: 0.2919 | Acc: 89.90%
2023-11-19 16:11 before_fed Round:   1 | Epochs:   5 | Domain: s | loss: 0.1729 | Acc: 92.71%
2023-11-19 16:11 after_fed Round:   1 | Epochs:   5 | Domain: p | loss: 0.1015 | Acc: 98.25%
2023-11-19 16:11 after_fed Round:   1 | Epochs:   5 | Domain: a | loss: 0.6322 | Acc: 78.37%
2023-11-19 16:11 after_fed Round:   1 | Epochs:   5 | Domain: s | loss: 0.2415 | Acc: 90.20%
2023-11-19 16:11 Model saved! Best Val Acc: 88.79%
2023-11-19 16:11 test_domain Round:   1 | Epochs:   5 | Domain: c | loss: 0.7451 | Acc: 74.87%
2023-11-19 16:11 before_fed Round:   2 | Epochs:  10 | Domain: p | loss: 0.0196 | Acc: 99.42%
2023-11-19 16:11 before_fed Round:   2 | Epochs:  10 | Domain: a | loss: 0.3377 | Acc: 88.94%
2023-11-19 16:12 before_fed Round:   2 | Epochs:  10 | Domain: s | loss: 0.2195 | Acc: 93.22%
2023-11-19 16:12 after_fed Round:   2 | Epochs:  10 | Domain: p | loss: 0.0910 | Acc: 98.25%
2023-11-19 16:12 after_fed Round:   2 | Epochs:  10 | Domain: a | loss: 0.5621 | Acc: 79.33%
2023-11-19 16:12 after_fed Round:   2 | Epochs:  10 | Domain: s | loss: 0.1977 | Acc: 93.47%
2023-11-19 16:12 Model saved! Best Val Acc: 90.72%
2023-11-19 16:12 test_domain Round:   2 | Epochs:  10 | Domain: c | loss: 0.7657 | Acc: 75.51%
2023-11-19 16:12 before_fed Round:   3 | Epochs:  15 | Domain: p | loss: 0.0227 | Acc: 99.42%
2023-11-19 16:12 before_fed Round:   3 | Epochs:  15 | Domain: a | loss: 0.3175 | Acc: 90.38%
2023-11-19 16:12 before_fed Round:   3 | Epochs:  15 | Domain: s | loss: 0.1683 | Acc: 93.97%
2023-11-19 16:12 after_fed Round:   3 | Epochs:  15 | Domain: p | loss: 0.0851 | Acc: 97.08%
2023-11-19 16:12 after_fed Round:   3 | Epochs:  15 | Domain: a | loss: 0.5229 | Acc: 80.77%
2023-11-19 16:12 after_fed Round:   3 | Epochs:  15 | Domain: s | loss: 0.1703 | Acc: 93.22%
2023-11-19 16:12 Model saved! Best Val Acc: 90.73%
2023-11-19 16:12 test_domain Round:   3 | Epochs:  15 | Domain: c | loss: 0.8532 | Acc: 75.00%
2023-11-19 16:12 before_fed Round:   4 | Epochs:  20 | Domain: p | loss: 0.0110 | Acc: 100.00%
2023-11-19 16:13 before_fed Round:   4 | Epochs:  20 | Domain: a | loss: 0.3018 | Acc: 91.35%
2023-11-19 16:13 before_fed Round:   4 | Epochs:  20 | Domain: s | loss: 0.1886 | Acc: 94.47%
2023-11-19 16:13 after_fed Round:   4 | Epochs:  20 | Domain: p | loss: 0.0672 | Acc: 97.08%
2023-11-19 16:13 after_fed Round:   4 | Epochs:  20 | Domain: a | loss: 0.6616 | Acc: 79.33%
2023-11-19 16:13 after_fed Round:   4 | Epochs:  20 | Domain: s | loss: 0.1643 | Acc: 94.47%
2023-11-19 16:13 Model saved! Best Val Acc: 90.98%
2023-11-19 16:13 test_domain Round:   4 | Epochs:  20 | Domain: c | loss: 0.9275 | Acc: 72.65%
2023-11-19 16:13 before_fed Round:   5 | Epochs:  25 | Domain: p | loss: 0.0133 | Acc: 99.42%
2023-11-19 16:13 before_fed Round:   5 | Epochs:  25 | Domain: a | loss: 0.3048 | Acc: 91.83%
2023-11-19 16:14 before_fed Round:   5 | Epochs:  25 | Domain: s | loss: 0.1668 | Acc: 93.72%
2023-11-19 16:14 after_fed Round:   5 | Epochs:  25 | Domain: p | loss: 0.0394 | Acc: 98.83%
2023-11-19 16:14 after_fed Round:   5 | Epochs:  25 | Domain: a | loss: 0.5444 | Acc: 83.17%
2023-11-19 16:14 after_fed Round:   5 | Epochs:  25 | Domain: s | loss: 0.1862 | Acc: 93.97%
2023-11-19 16:14 Model saved! Best Val Acc: 92.14%
2023-11-19 16:14 test_domain Round:   5 | Epochs:  25 | Domain: c | loss: 0.9103 | Acc: 73.51%
2023-11-19 16:14 before_fed Round:   6 | Epochs:  30 | Domain: p | loss: 0.0103 | Acc: 99.42%
2023-11-19 16:14 before_fed Round:   6 | Epochs:  30 | Domain: a | loss: 0.2984 | Acc: 90.87%
2023-11-19 16:14 before_fed Round:   6 | Epochs:  30 | Domain: s | loss: 0.1629 | Acc: 94.97%
2023-11-19 16:14 after_fed Round:   6 | Epochs:  30 | Domain: p | loss: 0.0343 | Acc: 98.25%
2023-11-19 16:14 after_fed Round:   6 | Epochs:  30 | Domain: a | loss: 0.6040 | Acc: 82.21%
2023-11-19 16:14 after_fed Round:   6 | Epochs:  30 | Domain: s | loss: 0.1842 | Acc: 94.72%
2023-11-19 16:15 Model saved! Best Val Acc: 92.14%
2023-11-19 16:15 test_domain Round:   6 | Epochs:  30 | Domain: c | loss: 0.8444 | Acc: 75.26%
2023-11-19 16:15 before_fed Round:   7 | Epochs:  35 | Domain: p | loss: 0.0191 | Acc: 99.42%
2023-11-19 16:15 before_fed Round:   7 | Epochs:  35 | Domain: a | loss: 0.2815 | Acc: 92.79%
2023-11-19 16:15 before_fed Round:   7 | Epochs:  35 | Domain: s | loss: 0.1394 | Acc: 94.97%
2023-11-19 16:15 after_fed Round:   7 | Epochs:  35 | Domain: p | loss: 0.0485 | Acc: 98.25%
2023-11-19 16:15 after_fed Round:   7 | Epochs:  35 | Domain: a | loss: 0.6387 | Acc: 81.73%
2023-11-19 16:15 after_fed Round:   7 | Epochs:  35 | Domain: s | loss: 0.1694 | Acc: 94.72%
2023-11-19 16:15 test_domain Round:   7 | Epochs:  35 | Domain: c | loss: 0.8465 | Acc: 76.28%
2023-11-19 16:15 before_fed Round:   8 | Epochs:  40 | Domain: p | loss: 0.0103 | Acc: 100.00%
2023-11-19 16:16 before_fed Round:   8 | Epochs:  40 | Domain: a | loss: 0.2382 | Acc: 92.31%
2023-11-19 16:16 before_fed Round:   8 | Epochs:  40 | Domain: s | loss: 0.2368 | Acc: 93.47%
2023-11-19 16:16 after_fed Round:   8 | Epochs:  40 | Domain: p | loss: 0.0507 | Acc: 97.66%
2023-11-19 16:16 after_fed Round:   8 | Epochs:  40 | Domain: a | loss: 0.5118 | Acc: 84.62%
2023-11-19 16:16 after_fed Round:   8 | Epochs:  40 | Domain: s | loss: 0.1792 | Acc: 93.47%
2023-11-19 16:16 test_domain Round:   8 | Epochs:  40 | Domain: c | loss: 0.8048 | Acc: 76.41%
2023-11-19 16:16 before_fed Round:   9 | Epochs:  45 | Domain: p | loss: 0.0263 | Acc: 98.83%
2023-11-19 16:16 before_fed Round:   9 | Epochs:  45 | Domain: a | loss: 0.2778 | Acc: 91.35%
2023-11-19 16:17 before_fed Round:   9 | Epochs:  45 | Domain: s | loss: 0.1805 | Acc: 93.72%
2023-11-19 16:17 after_fed Round:   9 | Epochs:  45 | Domain: p | loss: 0.0349 | Acc: 97.66%
2023-11-19 16:17 after_fed Round:   9 | Epochs:  45 | Domain: a | loss: 0.4908 | Acc: 84.13%
2023-11-19 16:17 after_fed Round:   9 | Epochs:  45 | Domain: s | loss: 0.1416 | Acc: 93.97%
2023-11-19 16:17 Model saved! Best Val Acc: 92.14%
2023-11-19 16:17 test_domain Round:   9 | Epochs:  45 | Domain: c | loss: 0.9268 | Acc: 74.62%
2023-11-19 16:17 before_fed Round:  10 | Epochs:  50 | Domain: p | loss: 0.0168 | Acc: 99.42%
2023-11-19 16:17 before_fed Round:  10 | Epochs:  50 | Domain: a | loss: 0.3010 | Acc: 88.94%
2023-11-19 16:17 before_fed Round:  10 | Epochs:  50 | Domain: s | loss: 0.1426 | Acc: 93.72%
2023-11-19 16:17 after_fed Round:  10 | Epochs:  50 | Domain: p | loss: 0.0612 | Acc: 97.08%
2023-11-19 16:17 after_fed Round:  10 | Epochs:  50 | Domain: a | loss: 0.4589 | Acc: 85.58%
2023-11-19 16:17 after_fed Round:  10 | Epochs:  50 | Domain: s | loss: 0.1287 | Acc: 95.48%
2023-11-19 16:17 Model saved! Best Val Acc: 93.17%
2023-11-19 16:17 test_domain Round:  10 | Epochs:  50 | Domain: c | loss: 0.8340 | Acc: 77.43%
2023-11-19 16:18 before_fed Round:  11 | Epochs:  55 | Domain: p | loss: 0.0117 | Acc: 100.00%
2023-11-19 16:18 before_fed Round:  11 | Epochs:  55 | Domain: a | loss: 0.2884 | Acc: 92.79%
2023-11-19 16:18 before_fed Round:  11 | Epochs:  55 | Domain: s | loss: 0.1353 | Acc: 94.47%
2023-11-19 16:18 after_fed Round:  11 | Epochs:  55 | Domain: p | loss: 0.0376 | Acc: 98.83%
2023-11-19 16:18 after_fed Round:  11 | Epochs:  55 | Domain: a | loss: 0.4724 | Acc: 87.50%
2023-11-19 16:18 after_fed Round:  11 | Epochs:  55 | Domain: s | loss: 0.1399 | Acc: 95.23%
2023-11-19 16:18 Model saved! Best Val Acc: 93.94%
2023-11-19 16:18 test_domain Round:  11 | Epochs:  55 | Domain: c | loss: 0.8208 | Acc: 77.65%
2023-11-19 16:18 before_fed Round:  12 | Epochs:  60 | Domain: p | loss: 0.0412 | Acc: 98.83%
2023-11-19 16:19 before_fed Round:  12 | Epochs:  60 | Domain: a | loss: 0.3660 | Acc: 90.87%
2023-11-19 16:19 before_fed Round:  12 | Epochs:  60 | Domain: s | loss: 0.2124 | Acc: 91.96%
2023-11-19 16:19 after_fed Round:  12 | Epochs:  60 | Domain: p | loss: 0.0480 | Acc: 97.08%
2023-11-19 16:19 after_fed Round:  12 | Epochs:  60 | Domain: a | loss: 0.5512 | Acc: 85.58%
2023-11-19 16:19 after_fed Round:  12 | Epochs:  60 | Domain: s | loss: 0.1819 | Acc: 92.71%
2023-11-19 16:19 test_domain Round:  12 | Epochs:  60 | Domain: c | loss: 0.7789 | Acc: 78.24%
2023-11-19 16:19 before_fed Round:  13 | Epochs:  65 | Domain: p | loss: 0.0269 | Acc: 99.42%
2023-11-19 16:19 before_fed Round:  13 | Epochs:  65 | Domain: a | loss: 0.2909 | Acc: 92.31%
2023-11-19 16:20 before_fed Round:  13 | Epochs:  65 | Domain: s | loss: 0.1533 | Acc: 93.72%
2023-11-19 16:20 after_fed Round:  13 | Epochs:  65 | Domain: p | loss: 0.0418 | Acc: 98.83%
2023-11-19 16:20 after_fed Round:  13 | Epochs:  65 | Domain: a | loss: 0.5317 | Acc: 86.06%
2023-11-19 16:20 after_fed Round:  13 | Epochs:  65 | Domain: s | loss: 0.1580 | Acc: 93.72%
2023-11-19 16:20 test_domain Round:  13 | Epochs:  65 | Domain: c | loss: 0.7826 | Acc: 78.33%
2023-11-19 16:20 before_fed Round:  14 | Epochs:  70 | Domain: p | loss: 0.0209 | Acc: 99.42%
2023-11-19 16:20 before_fed Round:  14 | Epochs:  70 | Domain: a | loss: 0.3515 | Acc: 91.35%
2023-11-19 16:20 before_fed Round:  14 | Epochs:  70 | Domain: s | loss: 0.1814 | Acc: 93.22%
2023-11-19 16:20 after_fed Round:  14 | Epochs:  70 | Domain: p | loss: 0.0558 | Acc: 97.66%
2023-11-19 16:20 after_fed Round:  14 | Epochs:  70 | Domain: a | loss: 0.5060 | Acc: 87.02%
2023-11-19 16:20 after_fed Round:  14 | Epochs:  70 | Domain: s | loss: 0.1548 | Acc: 94.47%
2023-11-19 16:20 test_domain Round:  14 | Epochs:  70 | Domain: c | loss: 0.9046 | Acc: 76.45%
2023-11-19 16:21 before_fed Round:  15 | Epochs:  75 | Domain: p | loss: 0.0306 | Acc: 98.83%
2023-11-19 16:21 before_fed Round:  15 | Epochs:  75 | Domain: a | loss: 0.2782 | Acc: 92.79%
2023-11-19 16:21 before_fed Round:  15 | Epochs:  75 | Domain: s | loss: 0.1459 | Acc: 94.72%
2023-11-19 16:21 after_fed Round:  15 | Epochs:  75 | Domain: p | loss: 0.0395 | Acc: 98.25%
2023-11-19 16:21 after_fed Round:  15 | Epochs:  75 | Domain: a | loss: 0.4560 | Acc: 87.02%
2023-11-19 16:21 after_fed Round:  15 | Epochs:  75 | Domain: s | loss: 0.1454 | Acc: 94.47%
2023-11-19 16:21 test_domain Round:  15 | Epochs:  75 | Domain: c | loss: 0.8028 | Acc: 77.82%
2023-11-19 16:21 before_fed Round:  16 | Epochs:  80 | Domain: p | loss: 0.0105 | Acc: 100.00%
2023-11-19 16:22 before_fed Round:  16 | Epochs:  80 | Domain: a | loss: 0.3370 | Acc: 90.87%
2023-11-19 16:22 before_fed Round:  16 | Epochs:  80 | Domain: s | loss: 0.1417 | Acc: 95.23%
2023-11-19 16:22 after_fed Round:  16 | Epochs:  80 | Domain: p | loss: 0.0344 | Acc: 98.83%
2023-11-19 16:22 after_fed Round:  16 | Epochs:  80 | Domain: a | loss: 0.5587 | Acc: 85.10%
2023-11-19 16:22 after_fed Round:  16 | Epochs:  80 | Domain: s | loss: 0.1233 | Acc: 95.73%
2023-11-19 16:22 test_domain Round:  16 | Epochs:  80 | Domain: c | loss: 0.9102 | Acc: 76.02%
2023-11-19 16:22 before_fed Round:  17 | Epochs:  85 | Domain: p | loss: 0.0169 | Acc: 99.42%
2023-11-19 16:22 before_fed Round:  17 | Epochs:  85 | Domain: a | loss: 0.2664 | Acc: 92.31%
2023-11-19 16:23 before_fed Round:  17 | Epochs:  85 | Domain: s | loss: 0.1334 | Acc: 95.73%
2023-11-19 16:23 after_fed Round:  17 | Epochs:  85 | Domain: p | loss: 0.0266 | Acc: 100.00%
2023-11-19 16:23 after_fed Round:  17 | Epochs:  85 | Domain: a | loss: 0.5462 | Acc: 85.10%
2023-11-19 16:23 after_fed Round:  17 | Epochs:  85 | Domain: s | loss: 0.1255 | Acc: 95.23%
2023-11-19 16:23 test_domain Round:  17 | Epochs:  85 | Domain: c | loss: 0.8837 | Acc: 76.58%
2023-11-19 16:23 before_fed Round:  18 | Epochs:  90 | Domain: p | loss: 0.0140 | Acc: 100.00%
2023-11-19 16:23 before_fed Round:  18 | Epochs:  90 | Domain: a | loss: 0.4166 | Acc: 89.90%
2023-11-19 16:23 before_fed Round:  18 | Epochs:  90 | Domain: s | loss: 0.1384 | Acc: 95.98%
2023-11-19 16:23 after_fed Round:  18 | Epochs:  90 | Domain: p | loss: 0.0443 | Acc: 97.66%
2023-11-19 16:23 after_fed Round:  18 | Epochs:  90 | Domain: a | loss: 0.6613 | Acc: 85.10%
2023-11-19 16:23 after_fed Round:  18 | Epochs:  90 | Domain: s | loss: 0.1326 | Acc: 93.72%
2023-11-19 16:23 test_domain Round:  18 | Epochs:  90 | Domain: c | loss: 0.9271 | Acc: 76.62%
2023-11-19 16:24 before_fed Round:  19 | Epochs:  95 | Domain: p | loss: 0.0072 | Acc: 100.00%
2023-11-19 16:24 before_fed Round:  19 | Epochs:  95 | Domain: a | loss: 0.3072 | Acc: 88.94%
2023-11-19 16:24 before_fed Round:  19 | Epochs:  95 | Domain: s | loss: 0.1138 | Acc: 96.23%
2023-11-19 16:24 after_fed Round:  19 | Epochs:  95 | Domain: p | loss: 0.0264 | Acc: 98.83%
2023-11-19 16:24 after_fed Round:  19 | Epochs:  95 | Domain: a | loss: 0.5054 | Acc: 87.02%
2023-11-19 16:24 after_fed Round:  19 | Epochs:  95 | Domain: s | loss: 0.1046 | Acc: 96.23%
2023-11-19 16:24 Model saved! Best Val Acc: 94.33%
2023-11-19 16:24 test_domain Round:  19 | Epochs:  95 | Domain: c | loss: 0.8819 | Acc: 76.75%
2023-11-19 16:24 before_fed Round:  20 | Epochs: 100 | Domain: p | loss: 0.0089 | Acc: 100.00%
2023-11-19 16:25 before_fed Round:  20 | Epochs: 100 | Domain: a | loss: 0.2848 | Acc: 92.31%
2023-11-19 16:25 before_fed Round:  20 | Epochs: 100 | Domain: s | loss: 0.1234 | Acc: 95.98%
2023-11-19 16:25 after_fed Round:  20 | Epochs: 100 | Domain: p | loss: 0.0233 | Acc: 99.42%
2023-11-19 16:25 after_fed Round:  20 | Epochs: 100 | Domain: a | loss: 0.5523 | Acc: 85.10%
2023-11-19 16:25 after_fed Round:  20 | Epochs: 100 | Domain: s | loss: 0.1188 | Acc: 95.98%
2023-11-19 16:25 test_domain Round:  20 | Epochs: 100 | Domain: c | loss: 0.8803 | Acc: 76.75%
2023-11-19 16:25 before_fed Round:  21 | Epochs: 105 | Domain: p | loss: 0.0118 | Acc: 100.00%
2023-11-19 16:25 before_fed Round:  21 | Epochs: 105 | Domain: a | loss: 0.2852 | Acc: 93.75%
2023-11-19 16:26 before_fed Round:  21 | Epochs: 105 | Domain: s | loss: 0.1402 | Acc: 95.98%
2023-11-19 16:26 after_fed Round:  21 | Epochs: 105 | Domain: p | loss: 0.0312 | Acc: 98.83%
2023-11-19 16:26 after_fed Round:  21 | Epochs: 105 | Domain: a | loss: 0.5294 | Acc: 86.06%
2023-11-19 16:26 after_fed Round:  21 | Epochs: 105 | Domain: s | loss: 0.1358 | Acc: 95.73%
2023-11-19 16:26 test_domain Round:  21 | Epochs: 105 | Domain: c | loss: 0.8188 | Acc: 78.67%
2023-11-19 16:26 before_fed Round:  22 | Epochs: 110 | Domain: p | loss: 0.0165 | Acc: 99.42%
2023-11-19 16:26 before_fed Round:  22 | Epochs: 110 | Domain: a | loss: 0.3434 | Acc: 91.83%
2023-11-19 16:26 before_fed Round:  22 | Epochs: 110 | Domain: s | loss: 0.1440 | Acc: 95.23%
2023-11-19 16:26 after_fed Round:  22 | Epochs: 110 | Domain: p | loss: 0.0353 | Acc: 98.83%
2023-11-19 16:26 after_fed Round:  22 | Epochs: 110 | Domain: a | loss: 0.5331 | Acc: 86.06%
2023-11-19 16:26 after_fed Round:  22 | Epochs: 110 | Domain: s | loss: 0.1095 | Acc: 95.48%
2023-11-19 16:26 test_domain Round:  22 | Epochs: 110 | Domain: c | loss: 0.9041 | Acc: 76.79%
2023-11-19 16:27 before_fed Round:  23 | Epochs: 115 | Domain: p | loss: 0.0039 | Acc: 100.00%
2023-11-19 16:27 before_fed Round:  23 | Epochs: 115 | Domain: a | loss: 0.2885 | Acc: 90.38%
2023-11-19 16:27 before_fed Round:  23 | Epochs: 115 | Domain: s | loss: 0.1607 | Acc: 94.22%
2023-11-19 16:27 after_fed Round:  23 | Epochs: 115 | Domain: p | loss: 0.0293 | Acc: 98.25%
2023-11-19 16:27 after_fed Round:  23 | Epochs: 115 | Domain: a | loss: 0.4606 | Acc: 87.50%
2023-11-19 16:27 after_fed Round:  23 | Epochs: 115 | Domain: s | loss: 0.1079 | Acc: 96.48%
2023-11-19 16:27 Model saved! Best Val Acc: 94.46%
2023-11-19 16:27 test_domain Round:  23 | Epochs: 115 | Domain: c | loss: 0.9273 | Acc: 76.41%
2023-11-19 16:27 before_fed Round:  24 | Epochs: 120 | Domain: p | loss: 0.0166 | Acc: 100.00%
2023-11-19 16:28 before_fed Round:  24 | Epochs: 120 | Domain: a | loss: 0.3101 | Acc: 91.35%
2023-11-19 16:28 before_fed Round:  24 | Epochs: 120 | Domain: s | loss: 0.1285 | Acc: 95.48%
2023-11-19 16:28 after_fed Round:  24 | Epochs: 120 | Domain: p | loss: 0.0422 | Acc: 97.66%
2023-11-19 16:28 after_fed Round:  24 | Epochs: 120 | Domain: a | loss: 0.5697 | Acc: 84.62%
2023-11-19 16:28 after_fed Round:  24 | Epochs: 120 | Domain: s | loss: 0.1075 | Acc: 95.73%
2023-11-19 16:28 test_domain Round:  24 | Epochs: 120 | Domain: c | loss: 0.8226 | Acc: 77.65%
2023-11-19 16:28 before_fed Round:  25 | Epochs: 125 | Domain: p | loss: 0.0111 | Acc: 99.42%
2023-11-19 16:28 before_fed Round:  25 | Epochs: 125 | Domain: a | loss: 0.2725 | Acc: 91.83%
2023-11-19 16:29 before_fed Round:  25 | Epochs: 125 | Domain: s | loss: 0.1364 | Acc: 95.73%
2023-11-19 16:29 after_fed Round:  25 | Epochs: 125 | Domain: p | loss: 0.0310 | Acc: 98.25%
2023-11-19 16:29 after_fed Round:  25 | Epochs: 125 | Domain: a | loss: 0.5143 | Acc: 86.06%
2023-11-19 16:29 after_fed Round:  25 | Epochs: 125 | Domain: s | loss: 0.1240 | Acc: 95.98%
2023-11-19 16:29 test_domain Round:  25 | Epochs: 125 | Domain: c | loss: 0.8722 | Acc: 76.41%
2023-11-19 16:29 before_fed Round:  26 | Epochs: 130 | Domain: p | loss: 0.0034 | Acc: 100.00%
2023-11-19 16:29 before_fed Round:  26 | Epochs: 130 | Domain: a | loss: 0.2485 | Acc: 91.35%
2023-11-19 16:29 before_fed Round:  26 | Epochs: 130 | Domain: s | loss: 0.1474 | Acc: 95.48%
2023-11-19 16:29 after_fed Round:  26 | Epochs: 130 | Domain: p | loss: 0.0327 | Acc: 98.83%
2023-11-19 16:29 after_fed Round:  26 | Epochs: 130 | Domain: a | loss: 0.4660 | Acc: 87.02%
2023-11-19 16:29 after_fed Round:  26 | Epochs: 130 | Domain: s | loss: 0.1335 | Acc: 95.98%
2023-11-19 16:29 test_domain Round:  26 | Epochs: 130 | Domain: c | loss: 0.9155 | Acc: 76.88%
2023-11-19 16:30 before_fed Round:  27 | Epochs: 135 | Domain: p | loss: 0.0032 | Acc: 100.00%
2023-11-19 16:30 before_fed Round:  27 | Epochs: 135 | Domain: a | loss: 0.2499 | Acc: 91.83%
2023-11-19 16:30 before_fed Round:  27 | Epochs: 135 | Domain: s | loss: 0.1125 | Acc: 95.23%
2023-11-19 16:30 after_fed Round:  27 | Epochs: 135 | Domain: p | loss: 0.0409 | Acc: 98.25%
2023-11-19 16:30 after_fed Round:  27 | Epochs: 135 | Domain: a | loss: 0.4696 | Acc: 85.10%
2023-11-19 16:30 after_fed Round:  27 | Epochs: 135 | Domain: s | loss: 0.1225 | Acc: 96.48%
2023-11-19 16:30 test_domain Round:  27 | Epochs: 135 | Domain: c | loss: 0.9470 | Acc: 75.90%
2023-11-19 16:30 before_fed Round:  28 | Epochs: 140 | Domain: p | loss: 0.0054 | Acc: 100.00%
2023-11-19 16:31 before_fed Round:  28 | Epochs: 140 | Domain: a | loss: 0.2204 | Acc: 94.23%
2023-11-19 16:31 before_fed Round:  28 | Epochs: 140 | Domain: s | loss: 0.1103 | Acc: 96.23%
2023-11-19 16:31 after_fed Round:  28 | Epochs: 140 | Domain: p | loss: 0.0229 | Acc: 99.42%
2023-11-19 16:31 after_fed Round:  28 | Epochs: 140 | Domain: a | loss: 0.4320 | Acc: 87.02%
2023-11-19 16:31 after_fed Round:  28 | Epochs: 140 | Domain: s | loss: 0.1117 | Acc: 95.73%
2023-11-19 16:31 test_domain Round:  28 | Epochs: 140 | Domain: c | loss: 0.9089 | Acc: 77.26%
2023-11-19 16:31 before_fed Round:  29 | Epochs: 145 | Domain: p | loss: 0.0169 | Acc: 99.42%
2023-11-19 16:31 before_fed Round:  29 | Epochs: 145 | Domain: a | loss: 0.2461 | Acc: 92.79%
2023-11-19 16:32 before_fed Round:  29 | Epochs: 145 | Domain: s | loss: 0.0863 | Acc: 96.23%
2023-11-19 16:32 after_fed Round:  29 | Epochs: 145 | Domain: p | loss: 0.0493 | Acc: 97.66%
2023-11-19 16:32 after_fed Round:  29 | Epochs: 145 | Domain: a | loss: 0.4929 | Acc: 89.42%
2023-11-19 16:32 after_fed Round:  29 | Epochs: 145 | Domain: s | loss: 0.1023 | Acc: 96.23%
2023-11-19 16:32 Model saved! Best Val Acc: 94.72%
2023-11-19 16:32 test_domain Round:  29 | Epochs: 145 | Domain: c | loss: 0.8753 | Acc: 77.30%
2023-11-19 16:32 before_fed Round:  30 | Epochs: 150 | Domain: p | loss: 0.0057 | Acc: 100.00%
2023-11-19 16:32 before_fed Round:  30 | Epochs: 150 | Domain: a | loss: 0.2288 | Acc: 90.38%
2023-11-19 16:32 before_fed Round:  30 | Epochs: 150 | Domain: s | loss: 0.1454 | Acc: 95.48%
2023-11-19 16:32 after_fed Round:  30 | Epochs: 150 | Domain: p | loss: 0.0256 | Acc: 99.42%
2023-11-19 16:32 after_fed Round:  30 | Epochs: 150 | Domain: a | loss: 0.4591 | Acc: 87.98%
2023-11-19 16:32 after_fed Round:  30 | Epochs: 150 | Domain: s | loss: 0.1115 | Acc: 95.48%
2023-11-19 16:32 test_domain Round:  30 | Epochs: 150 | Domain: c | loss: 0.8334 | Acc: 78.11%
2023-11-19 16:33 before_fed Round:  31 | Epochs: 155 | Domain: p | loss: 0.0069 | Acc: 100.00%
2023-11-19 16:33 before_fed Round:  31 | Epochs: 155 | Domain: a | loss: 0.3382 | Acc: 92.31%
2023-11-19 16:33 before_fed Round:  31 | Epochs: 155 | Domain: s | loss: 0.1062 | Acc: 95.73%
2023-11-19 16:33 after_fed Round:  31 | Epochs: 155 | Domain: p | loss: 0.0350 | Acc: 98.25%
2023-11-19 16:33 after_fed Round:  31 | Epochs: 155 | Domain: a | loss: 0.5387 | Acc: 87.50%
2023-11-19 16:33 after_fed Round:  31 | Epochs: 155 | Domain: s | loss: 0.1159 | Acc: 94.47%
2023-11-19 16:33 test_domain Round:  31 | Epochs: 155 | Domain: c | loss: 0.9131 | Acc: 76.66%
2023-11-19 16:33 before_fed Round:  32 | Epochs: 160 | Domain: p | loss: 0.0078 | Acc: 99.42%
2023-11-19 16:34 before_fed Round:  32 | Epochs: 160 | Domain: a | loss: 0.2380 | Acc: 93.75%
2023-11-19 16:34 before_fed Round:  32 | Epochs: 160 | Domain: s | loss: 0.1282 | Acc: 95.48%
2023-11-19 16:34 after_fed Round:  32 | Epochs: 160 | Domain: p | loss: 0.0418 | Acc: 98.25%
2023-11-19 16:34 after_fed Round:  32 | Epochs: 160 | Domain: a | loss: 0.4969 | Acc: 87.50%
2023-11-19 16:34 after_fed Round:  32 | Epochs: 160 | Domain: s | loss: 0.1133 | Acc: 95.48%
2023-11-19 16:34 test_domain Round:  32 | Epochs: 160 | Domain: c | loss: 0.9210 | Acc: 76.49%
2023-11-19 16:34 before_fed Round:  33 | Epochs: 165 | Domain: p | loss: 0.0052 | Acc: 100.00%
2023-11-19 16:34 before_fed Round:  33 | Epochs: 165 | Domain: a | loss: 0.2518 | Acc: 90.87%
2023-11-19 16:35 before_fed Round:  33 | Epochs: 165 | Domain: s | loss: 0.1867 | Acc: 95.23%
2023-11-19 16:35 after_fed Round:  33 | Epochs: 165 | Domain: p | loss: 0.0301 | Acc: 99.42%
2023-11-19 16:35 after_fed Round:  33 | Epochs: 165 | Domain: a | loss: 0.3976 | Acc: 90.38%
2023-11-19 16:35 after_fed Round:  33 | Epochs: 165 | Domain: s | loss: 0.1455 | Acc: 94.97%
2023-11-19 16:35 test_domain Round:  33 | Epochs: 165 | Domain: c | loss: 0.9054 | Acc: 76.49%
2023-11-19 16:35 before_fed Round:  34 | Epochs: 170 | Domain: p | loss: 0.0123 | Acc: 99.42%
2023-11-19 16:35 before_fed Round:  34 | Epochs: 170 | Domain: a | loss: 0.2609 | Acc: 93.27%
2023-11-19 16:35 before_fed Round:  34 | Epochs: 170 | Domain: s | loss: 0.1467 | Acc: 94.97%
2023-11-19 16:35 after_fed Round:  34 | Epochs: 170 | Domain: p | loss: 0.0366 | Acc: 98.83%
2023-11-19 16:35 after_fed Round:  34 | Epochs: 170 | Domain: a | loss: 0.4330 | Acc: 89.42%
2023-11-19 16:35 after_fed Round:  34 | Epochs: 170 | Domain: s | loss: 0.1441 | Acc: 94.97%
2023-11-19 16:35 test_domain Round:  34 | Epochs: 170 | Domain: c | loss: 0.8654 | Acc: 78.03%
2023-11-19 16:36 before_fed Round:  35 | Epochs: 175 | Domain: p | loss: 0.0107 | Acc: 99.42%
2023-11-19 16:36 before_fed Round:  35 | Epochs: 175 | Domain: a | loss: 0.2360 | Acc: 92.79%
2023-11-19 16:36 before_fed Round:  35 | Epochs: 175 | Domain: s | loss: 0.1256 | Acc: 96.23%
2023-11-19 16:36 after_fed Round:  35 | Epochs: 175 | Domain: p | loss: 0.0392 | Acc: 98.25%
2023-11-19 16:36 after_fed Round:  35 | Epochs: 175 | Domain: a | loss: 0.4450 | Acc: 88.94%
2023-11-19 16:36 after_fed Round:  35 | Epochs: 175 | Domain: s | loss: 0.1243 | Acc: 95.73%
2023-11-19 16:36 test_domain Round:  35 | Epochs: 175 | Domain: c | loss: 0.9469 | Acc: 76.49%
2023-11-19 16:36 before_fed Round:  36 | Epochs: 180 | Domain: p | loss: 0.0134 | Acc: 99.42%
2023-11-19 16:37 before_fed Round:  36 | Epochs: 180 | Domain: a | loss: 0.2714 | Acc: 94.23%
2023-11-19 16:37 before_fed Round:  36 | Epochs: 180 | Domain: s | loss: 0.1523 | Acc: 95.48%
2023-11-19 16:37 after_fed Round:  36 | Epochs: 180 | Domain: p | loss: 0.0507 | Acc: 98.25%
2023-11-19 16:37 after_fed Round:  36 | Epochs: 180 | Domain: a | loss: 0.4232 | Acc: 89.42%
2023-11-19 16:37 after_fed Round:  36 | Epochs: 180 | Domain: s | loss: 0.1466 | Acc: 94.47%
2023-11-19 16:37 test_domain Round:  36 | Epochs: 180 | Domain: c | loss: 0.9227 | Acc: 77.18%
2023-11-19 16:37 before_fed Round:  37 | Epochs: 185 | Domain: p | loss: 0.0144 | Acc: 99.42%
2023-11-19 16:37 before_fed Round:  37 | Epochs: 185 | Domain: a | loss: 0.2937 | Acc: 91.35%
2023-11-19 16:38 before_fed Round:  37 | Epochs: 185 | Domain: s | loss: 0.1193 | Acc: 95.98%
2023-11-19 16:38 after_fed Round:  37 | Epochs: 185 | Domain: p | loss: 0.0381 | Acc: 97.66%
2023-11-19 16:38 after_fed Round:  37 | Epochs: 185 | Domain: a | loss: 0.4383 | Acc: 87.98%
2023-11-19 16:38 after_fed Round:  37 | Epochs: 185 | Domain: s | loss: 0.1049 | Acc: 96.23%
2023-11-19 16:38 test_domain Round:  37 | Epochs: 185 | Domain: c | loss: 0.8822 | Acc: 78.11%
2023-11-19 16:38 before_fed Round:  38 | Epochs: 190 | Domain: p | loss: 0.0145 | Acc: 99.42%
2023-11-19 16:38 before_fed Round:  38 | Epochs: 190 | Domain: a | loss: 0.3123 | Acc: 89.42%
2023-11-19 16:38 before_fed Round:  38 | Epochs: 190 | Domain: s | loss: 0.1430 | Acc: 94.97%
2023-11-19 16:38 after_fed Round:  38 | Epochs: 190 | Domain: p | loss: 0.0442 | Acc: 97.66%
2023-11-19 16:38 after_fed Round:  38 | Epochs: 190 | Domain: a | loss: 0.5010 | Acc: 85.58%
2023-11-19 16:38 after_fed Round:  38 | Epochs: 190 | Domain: s | loss: 0.1096 | Acc: 95.73%
2023-11-19 16:38 test_domain Round:  38 | Epochs: 190 | Domain: c | loss: 0.8362 | Acc: 78.41%
2023-11-19 16:39 before_fed Round:  39 | Epochs: 195 | Domain: p | loss: 0.0076 | Acc: 100.00%
2023-11-19 16:39 before_fed Round:  39 | Epochs: 195 | Domain: a | loss: 0.2744 | Acc: 91.83%
2023-11-19 16:39 before_fed Round:  39 | Epochs: 195 | Domain: s | loss: 0.1228 | Acc: 95.23%
2023-11-19 16:39 after_fed Round:  39 | Epochs: 195 | Domain: p | loss: 0.0333 | Acc: 98.25%
2023-11-19 16:39 after_fed Round:  39 | Epochs: 195 | Domain: a | loss: 0.4517 | Acc: 87.02%
2023-11-19 16:39 after_fed Round:  39 | Epochs: 195 | Domain: s | loss: 0.1159 | Acc: 95.73%
2023-11-19 16:39 test_domain Round:  39 | Epochs: 195 | Domain: c | loss: 0.9293 | Acc: 77.65%
2023-11-19 16:39 before_fed Round:  40 | Epochs: 200 | Domain: p | loss: 0.0143 | Acc: 98.83%
2023-11-19 16:40 before_fed Round:  40 | Epochs: 200 | Domain: a | loss: 0.2686 | Acc: 91.83%
2023-11-19 16:40 before_fed Round:  40 | Epochs: 200 | Domain: s | loss: 0.0979 | Acc: 96.73%
2023-11-19 16:40 after_fed Round:  40 | Epochs: 200 | Domain: p | loss: 0.0355 | Acc: 98.25%
2023-11-19 16:40 after_fed Round:  40 | Epochs: 200 | Domain: a | loss: 0.4146 | Acc: 88.46%
2023-11-19 16:40 after_fed Round:  40 | Epochs: 200 | Domain: s | loss: 0.1103 | Acc: 95.98%
2023-11-19 16:40 test_domain Round:  40 | Epochs: 200 | Domain: c | loss: 0.8585 | Acc: 78.80%
