2023-11-19 10:45 before_fed Round:   0 | Epochs:   0 | Domain: a | loss: 0.2566 | Acc: 90.87%
2023-11-19 10:45 before_fed Round:   0 | Epochs:   0 | Domain: c | loss: 0.1836 | Acc: 94.09%
2023-11-19 10:45 before_fed Round:   0 | Epochs:   0 | Domain: s | loss: 0.1783 | Acc: 93.72%
2023-11-19 10:45 after_fed Round:   0 | Epochs:   0 | Domain: a | loss: 0.5884 | Acc: 79.33%
2023-11-19 10:45 after_fed Round:   0 | Epochs:   0 | Domain: c | loss: 0.4362 | Acc: 85.65%
2023-11-19 10:45 after_fed Round:   0 | Epochs:   0 | Domain: s | loss: 0.4840 | Acc: 85.43%
2023-11-19 10:45 Model saved! Best Val Acc: 83.47%
2023-11-19 10:45 test_domain Round:   0 | Epochs:   0 | Domain: p | loss: 0.3306 | Acc: 91.74%
2023-11-19 10:45 Round 0 FedAvg weight: {'a': 0.34406539109820516, 'c': 0.32834108206184104, 's': 0.3275935268399538}
2023-11-19 10:46 before_fed Round:   1 | Epochs:   5 | Domain: a | loss: 0.2646 | Acc: 90.87%
2023-11-19 10:46 before_fed Round:   1 | Epochs:   5 | Domain: c | loss: 0.1686 | Acc: 95.36%
2023-11-19 10:46 before_fed Round:   1 | Epochs:   5 | Domain: s | loss: 0.1733 | Acc: 93.47%
2023-11-19 10:46 after_fed Round:   1 | Epochs:   5 | Domain: a | loss: 0.4185 | Acc: 87.98%
2023-11-19 10:46 after_fed Round:   1 | Epochs:   5 | Domain: c | loss: 0.3448 | Acc: 87.34%
2023-11-19 10:46 after_fed Round:   1 | Epochs:   5 | Domain: s | loss: 0.3247 | Acc: 88.69%
2023-11-19 10:46 Model saved! Best Val Acc: 88.00%
2023-11-19 10:46 test_domain Round:   1 | Epochs:   5 | Domain: p | loss: 0.2007 | Acc: 93.17%
2023-11-19 10:46 Round 1 FedAvg weight: {'a': 0.32560911590677466, 'c': 0.34945520917164846, 's': 0.3249356749215769}
2023-11-19 10:46 before_fed Round:   2 | Epochs:  10 | Domain: a | loss: 0.2434 | Acc: 94.23%
2023-11-19 10:47 before_fed Round:   2 | Epochs:  10 | Domain: c | loss: 0.1699 | Acc: 94.09%
2023-11-19 10:47 before_fed Round:   2 | Epochs:  10 | Domain: s | loss: 0.1907 | Acc: 93.72%
2023-11-19 10:47 after_fed Round:   2 | Epochs:  10 | Domain: a | loss: 0.4309 | Acc: 87.50%
2023-11-19 10:47 after_fed Round:   2 | Epochs:  10 | Domain: c | loss: 0.3360 | Acc: 88.61%
2023-11-19 10:47 after_fed Round:   2 | Epochs:  10 | Domain: s | loss: 0.2789 | Acc: 90.45%
2023-11-19 10:47 Model saved! Best Val Acc: 88.85%
2023-11-19 10:47 test_domain Round:   2 | Epochs:  10 | Domain: p | loss: 0.1927 | Acc: 93.47%
2023-11-19 10:47 Round 2 FedAvg weight: {'a': 0.3398033792901192, 'c': 0.35008402974338815, 's': 0.31011259096649263}
2023-11-19 10:47 before_fed Round:   3 | Epochs:  15 | Domain: a | loss: 0.2450 | Acc: 90.38%
2023-11-19 10:47 before_fed Round:   3 | Epochs:  15 | Domain: c | loss: 0.1903 | Acc: 95.36%
2023-11-19 10:48 before_fed Round:   3 | Epochs:  15 | Domain: s | loss: 0.1621 | Acc: 95.23%
2023-11-19 10:48 after_fed Round:   3 | Epochs:  15 | Domain: a | loss: 0.4357 | Acc: 87.02%
2023-11-19 10:48 after_fed Round:   3 | Epochs:  15 | Domain: c | loss: 0.3134 | Acc: 90.72%
2023-11-19 10:48 after_fed Round:   3 | Epochs:  15 | Domain: s | loss: 0.2398 | Acc: 91.21%
2023-11-19 10:48 Model saved! Best Val Acc: 89.61%
2023-11-19 10:48 test_domain Round:   3 | Epochs:  15 | Domain: p | loss: 0.1992 | Acc: 93.47%
2023-11-19 10:48 Round 3 FedAvg weight: {'a': 0.33134758776952933, 'c': 0.35513549621528656, 's': 0.313516916015184}
2023-11-19 10:48 before_fed Round:   4 | Epochs:  20 | Domain: a | loss: 0.2528 | Acc: 93.27%
2023-11-19 10:48 before_fed Round:   4 | Epochs:  20 | Domain: c | loss: 0.1589 | Acc: 95.36%
2023-11-19 10:49 before_fed Round:   4 | Epochs:  20 | Domain: s | loss: 0.1767 | Acc: 94.97%
2023-11-19 10:49 after_fed Round:   4 | Epochs:  20 | Domain: a | loss: 0.3658 | Acc: 87.98%
2023-11-19 10:49 after_fed Round:   4 | Epochs:  20 | Domain: c | loss: 0.2993 | Acc: 91.98%
2023-11-19 10:49 after_fed Round:   4 | Epochs:  20 | Domain: s | loss: 0.2133 | Acc: 91.96%
2023-11-19 10:49 Model saved! Best Val Acc: 90.65%
2023-11-19 10:49 test_domain Round:   4 | Epochs:  20 | Domain: p | loss: 0.1906 | Acc: 93.71%
2023-11-19 10:49 Round 4 FedAvg weight: {'a': 0.3459069300792198, 'c': 0.34721124001420245, 's': 0.30688182990657786}
2023-11-19 10:49 before_fed Round:   5 | Epochs:  25 | Domain: a | loss: 0.2620 | Acc: 93.27%
2023-11-19 10:49 before_fed Round:   5 | Epochs:  25 | Domain: c | loss: 0.1949 | Acc: 94.09%
2023-11-19 10:49 before_fed Round:   5 | Epochs:  25 | Domain: s | loss: 0.1666 | Acc: 94.47%
2023-11-19 10:49 after_fed Round:   5 | Epochs:  25 | Domain: a | loss: 0.3945 | Acc: 88.94%
2023-11-19 10:49 after_fed Round:   5 | Epochs:  25 | Domain: c | loss: 0.2791 | Acc: 92.41%
2023-11-19 10:49 after_fed Round:   5 | Epochs:  25 | Domain: s | loss: 0.2215 | Acc: 90.95%
2023-11-19 10:49 Model saved! Best Val Acc: 90.76%
2023-11-19 10:49 test_domain Round:   5 | Epochs:  25 | Domain: p | loss: 0.2200 | Acc: 92.81%
2023-11-19 10:49 Round 5 FedAvg weight: {'a': 0.3585177409311072, 'c': 0.32734601388297435, 's': 0.3141362451859183}
2023-11-19 10:50 before_fed Round:   6 | Epochs:  30 | Domain: a | loss: 0.2718 | Acc: 92.31%
2023-11-19 10:50 before_fed Round:   6 | Epochs:  30 | Domain: c | loss: 0.1712 | Acc: 95.36%
2023-11-19 10:50 before_fed Round:   6 | Epochs:  30 | Domain: s | loss: 0.1662 | Acc: 94.47%
2023-11-19 10:50 after_fed Round:   6 | Epochs:  30 | Domain: a | loss: 0.4138 | Acc: 87.98%
2023-11-19 10:50 after_fed Round:   6 | Epochs:  30 | Domain: c | loss: 0.3345 | Acc: 90.30%
2023-11-19 10:50 after_fed Round:   6 | Epochs:  30 | Domain: s | loss: 0.1924 | Acc: 92.46%
2023-11-19 10:50 test_domain Round:   6 | Epochs:  30 | Domain: p | loss: 0.2164 | Acc: 93.05%
2023-11-19 10:50 Round 6 FedAvg weight: {'a': 0.36095895411055057, 'c': 0.34090473313115427, 's': 0.29813631275829505}
2023-11-19 10:50 before_fed Round:   7 | Epochs:  35 | Domain: a | loss: 0.2549 | Acc: 91.83%
2023-11-19 10:51 before_fed Round:   7 | Epochs:  35 | Domain: c | loss: 0.1723 | Acc: 94.94%
2023-11-19 10:51 before_fed Round:   7 | Epochs:  35 | Domain: s | loss: 0.2219 | Acc: 92.71%
2023-11-19 10:51 after_fed Round:   7 | Epochs:  35 | Domain: a | loss: 0.3927 | Acc: 88.46%
2023-11-19 10:51 after_fed Round:   7 | Epochs:  35 | Domain: c | loss: 0.2742 | Acc: 94.09%
2023-11-19 10:51 after_fed Round:   7 | Epochs:  35 | Domain: s | loss: 0.2183 | Acc: 91.46%
2023-11-19 10:51 Model saved! Best Val Acc: 91.27%
2023-11-19 10:51 test_domain Round:   7 | Epochs:  35 | Domain: p | loss: 0.2040 | Acc: 93.59%
2023-11-19 10:51 Round 7 FedAvg weight: {'a': 0.38243074295214713, 'c': 0.3251872990701416, 's': 0.29238195797771116}
2023-11-19 10:51 before_fed Round:   8 | Epochs:  40 | Domain: a | loss: 0.2939 | Acc: 93.75%
2023-11-19 10:51 before_fed Round:   8 | Epochs:  40 | Domain: c | loss: 0.1894 | Acc: 95.36%
2023-11-19 10:52 before_fed Round:   8 | Epochs:  40 | Domain: s | loss: 0.2546 | Acc: 93.22%
2023-11-19 10:52 after_fed Round:   8 | Epochs:  40 | Domain: a | loss: 0.3891 | Acc: 89.42%
2023-11-19 10:52 after_fed Round:   8 | Epochs:  40 | Domain: c | loss: 0.2767 | Acc: 92.41%
2023-11-19 10:52 after_fed Round:   8 | Epochs:  40 | Domain: s | loss: 0.2258 | Acc: 91.46%
2023-11-19 10:52 test_domain Round:   8 | Epochs:  40 | Domain: p | loss: 0.1717 | Acc: 94.07%
2023-11-19 10:52 Round 8 FedAvg weight: {'a': 0.3923498996676674, 'c': 0.3253482806110286, 's': 0.2823018197213041}
2023-11-19 10:52 before_fed Round:   9 | Epochs:  45 | Domain: a | loss: 0.2980 | Acc: 93.27%
2023-11-19 10:52 before_fed Round:   9 | Epochs:  45 | Domain: c | loss: 0.2025 | Acc: 94.94%
2023-11-19 10:53 before_fed Round:   9 | Epochs:  45 | Domain: s | loss: 0.1547 | Acc: 94.97%
2023-11-19 10:53 after_fed Round:   9 | Epochs:  45 | Domain: a | loss: 0.3658 | Acc: 88.94%
2023-11-19 10:53 after_fed Round:   9 | Epochs:  45 | Domain: c | loss: 0.2948 | Acc: 92.83%
2023-11-19 10:53 after_fed Round:   9 | Epochs:  45 | Domain: s | loss: 0.2379 | Acc: 91.71%
2023-11-19 10:53 test_domain Round:   9 | Epochs:  45 | Domain: p | loss: 0.1640 | Acc: 94.73%
2023-11-19 10:53 Round 9 FedAvg weight: {'a': 0.3980743530321035, 'c': 0.3138201003910005, 's': 0.2881055465768959}
2023-11-19 10:53 before_fed Round:  10 | Epochs:  50 | Domain: a | loss: 0.2974 | Acc: 92.79%
2023-11-19 10:53 before_fed Round:  10 | Epochs:  50 | Domain: c | loss: 0.2158 | Acc: 94.94%
2023-11-19 10:53 before_fed Round:  10 | Epochs:  50 | Domain: s | loss: 0.1782 | Acc: 94.47%
2023-11-19 10:53 after_fed Round:  10 | Epochs:  50 | Domain: a | loss: 0.3469 | Acc: 90.87%
2023-11-19 10:53 after_fed Round:  10 | Epochs:  50 | Domain: c | loss: 0.3054 | Acc: 92.41%
2023-11-19 10:53 after_fed Round:  10 | Epochs:  50 | Domain: s | loss: 0.2348 | Acc: 91.96%
2023-11-19 10:53 Model saved! Best Val Acc: 91.66%
2023-11-19 10:53 test_domain Round:  10 | Epochs:  50 | Domain: p | loss: 0.1623 | Acc: 94.31%
2023-11-19 10:53 Round 10 FedAvg weight: {'a': 0.38287928205902416, 'c': 0.3199875232282722, 's': 0.2971331947127036}
2023-11-19 10:54 before_fed Round:  11 | Epochs:  55 | Domain: a | loss: 0.3227 | Acc: 93.27%
2023-11-19 10:54 before_fed Round:  11 | Epochs:  55 | Domain: c | loss: 0.2442 | Acc: 94.09%
2023-11-19 10:54 before_fed Round:  11 | Epochs:  55 | Domain: s | loss: 0.1922 | Acc: 94.47%
2023-11-19 10:54 after_fed Round:  11 | Epochs:  55 | Domain: a | loss: 0.3798 | Acc: 89.90%
2023-11-19 10:54 after_fed Round:  11 | Epochs:  55 | Domain: c | loss: 0.3848 | Acc: 91.14%
2023-11-19 10:54 after_fed Round:  11 | Epochs:  55 | Domain: s | loss: 0.1941 | Acc: 91.96%
2023-11-19 10:54 test_domain Round:  11 | Epochs:  55 | Domain: p | loss: 0.1824 | Acc: 94.37%
2023-11-19 10:54 Round 11 FedAvg weight: {'a': 0.38266878932105247, 'c': 0.32166347708914705, 's': 0.2956677335898004}
2023-11-19 10:54 before_fed Round:  12 | Epochs:  60 | Domain: a | loss: 0.2517 | Acc: 94.23%
2023-11-19 10:55 before_fed Round:  12 | Epochs:  60 | Domain: c | loss: 0.2305 | Acc: 94.94%
2023-11-19 10:55 before_fed Round:  12 | Epochs:  60 | Domain: s | loss: 0.1746 | Acc: 95.48%
2023-11-19 10:55 after_fed Round:  12 | Epochs:  60 | Domain: a | loss: 0.3371 | Acc: 90.87%
2023-11-19 10:55 after_fed Round:  12 | Epochs:  60 | Domain: c | loss: 0.3201 | Acc: 91.98%
2023-11-19 10:55 after_fed Round:  12 | Epochs:  60 | Domain: s | loss: 0.2083 | Acc: 91.71%
2023-11-19 10:55 test_domain Round:  12 | Epochs:  60 | Domain: p | loss: 0.1933 | Acc: 93.77%
2023-11-19 10:55 Round 12 FedAvg weight: {'a': 0.3770489218097846, 'c': 0.31835570568706373, 's': 0.3045953725031518}
2023-11-19 10:55 before_fed Round:  13 | Epochs:  65 | Domain: a | loss: 0.2388 | Acc: 93.27%
2023-11-19 10:56 before_fed Round:  13 | Epochs:  65 | Domain: c | loss: 0.2085 | Acc: 94.51%
2023-11-19 10:56 before_fed Round:  13 | Epochs:  65 | Domain: s | loss: 0.1784 | Acc: 93.72%
2023-11-19 10:56 after_fed Round:  13 | Epochs:  65 | Domain: a | loss: 0.3766 | Acc: 88.94%
2023-11-19 10:56 after_fed Round:  13 | Epochs:  65 | Domain: c | loss: 0.3267 | Acc: 92.41%
2023-11-19 10:56 after_fed Round:  13 | Epochs:  65 | Domain: s | loss: 0.2229 | Acc: 91.46%
2023-11-19 10:56 test_domain Round:  13 | Epochs:  65 | Domain: p | loss: 0.2229 | Acc: 93.11%
2023-11-19 10:56 Round 13 FedAvg weight: {'a': 0.38737627291507354, 'c': 0.31185454996128786, 's': 0.3007691771236386}
2023-11-19 10:56 before_fed Round:  14 | Epochs:  70 | Domain: a | loss: 0.2349 | Acc: 94.23%
2023-11-19 10:56 before_fed Round:  14 | Epochs:  70 | Domain: c | loss: 0.2261 | Acc: 92.83%
2023-11-19 10:57 before_fed Round:  14 | Epochs:  70 | Domain: s | loss: 0.1718 | Acc: 94.97%
2023-11-19 10:57 after_fed Round:  14 | Epochs:  70 | Domain: a | loss: 0.3951 | Acc: 88.94%
2023-11-19 10:57 after_fed Round:  14 | Epochs:  70 | Domain: c | loss: 0.3658 | Acc: 91.56%
2023-11-19 10:57 after_fed Round:  14 | Epochs:  70 | Domain: s | loss: 0.2179 | Acc: 91.96%
2023-11-19 10:57 test_domain Round:  14 | Epochs:  70 | Domain: p | loss: 0.1998 | Acc: 93.95%
2023-11-19 10:57 Round 14 FedAvg weight: {'a': 0.3998202857727129, 'c': 0.2983332993124938, 's': 0.30184641491479336}
2023-11-19 10:57 before_fed Round:  15 | Epochs:  75 | Domain: a | loss: 0.2552 | Acc: 94.23%
2023-11-19 10:57 before_fed Round:  15 | Epochs:  75 | Domain: c | loss: 0.1737 | Acc: 95.78%
2023-11-19 10:57 before_fed Round:  15 | Epochs:  75 | Domain: s | loss: 0.1671 | Acc: 94.22%
2023-11-19 10:57 after_fed Round:  15 | Epochs:  75 | Domain: a | loss: 0.3918 | Acc: 90.38%
2023-11-19 10:57 after_fed Round:  15 | Epochs:  75 | Domain: c | loss: 0.3495 | Acc: 91.56%
2023-11-19 10:57 after_fed Round:  15 | Epochs:  75 | Domain: s | loss: 0.2022 | Acc: 92.96%
2023-11-19 10:58 test_domain Round:  15 | Epochs:  75 | Domain: p | loss: 0.1964 | Acc: 93.77%
2023-11-19 10:58 Round 15 FedAvg weight: {'a': 0.40093649294555966, 'c': 0.31181492383988907, 's': 0.2872485832145514}
2023-11-19 10:58 before_fed Round:  16 | Epochs:  80 | Domain: a | loss: 0.2634 | Acc: 93.75%
2023-11-19 10:58 before_fed Round:  16 | Epochs:  80 | Domain: c | loss: 0.1954 | Acc: 94.94%
2023-11-19 10:58 before_fed Round:  16 | Epochs:  80 | Domain: s | loss: 0.1598 | Acc: 94.72%
2023-11-19 10:58 after_fed Round:  16 | Epochs:  80 | Domain: a | loss: 0.3726 | Acc: 91.35%
2023-11-19 10:58 after_fed Round:  16 | Epochs:  80 | Domain: c | loss: 0.3872 | Acc: 92.41%
2023-11-19 10:58 after_fed Round:  16 | Epochs:  80 | Domain: s | loss: 0.1918 | Acc: 92.96%
2023-11-19 10:58 Model saved! Best Val Acc: 92.14%
2023-11-19 10:58 test_domain Round:  16 | Epochs:  80 | Domain: p | loss: 0.1920 | Acc: 93.89%
2023-11-19 10:58 Round 16 FedAvg weight: {'a': 0.3967834673115931, 'c': 0.31840117282673747, 's': 0.28481535986166956}
2023-11-19 10:59 before_fed Round:  17 | Epochs:  85 | Domain: a | loss: 0.2205 | Acc: 94.71%
2023-11-19 10:59 before_fed Round:  17 | Epochs:  85 | Domain: c | loss: 0.2889 | Acc: 94.09%
2023-11-19 10:59 before_fed Round:  17 | Epochs:  85 | Domain: s | loss: 0.1370 | Acc: 95.48%
2023-11-19 10:59 after_fed Round:  17 | Epochs:  85 | Domain: a | loss: 0.3581 | Acc: 92.31%
2023-11-19 10:59 after_fed Round:  17 | Epochs:  85 | Domain: c | loss: 0.3985 | Acc: 92.41%
2023-11-19 10:59 after_fed Round:  17 | Epochs:  85 | Domain: s | loss: 0.1899 | Acc: 92.96%
2023-11-19 10:59 Model saved! Best Val Acc: 92.53%
2023-11-19 10:59 test_domain Round:  17 | Epochs:  85 | Domain: p | loss: 0.2214 | Acc: 92.99%
2023-11-19 10:59 Round 17 FedAvg weight: {'a': 0.39366353266931153, 'c': 0.31242273551734545, 's': 0.29391373181334307}
2023-11-19 10:59 before_fed Round:  18 | Epochs:  90 | Domain: a | loss: 0.2948 | Acc: 92.79%
2023-11-19 11:00 before_fed Round:  18 | Epochs:  90 | Domain: c | loss: 0.2581 | Acc: 94.94%
2023-11-19 11:00 before_fed Round:  18 | Epochs:  90 | Domain: s | loss: 0.1873 | Acc: 93.97%
2023-11-19 11:00 after_fed Round:  18 | Epochs:  90 | Domain: a | loss: 0.3384 | Acc: 90.38%
2023-11-19 11:00 after_fed Round:  18 | Epochs:  90 | Domain: c | loss: 0.4134 | Acc: 90.72%
2023-11-19 11:00 after_fed Round:  18 | Epochs:  90 | Domain: s | loss: 0.1855 | Acc: 93.22%
2023-11-19 11:00 test_domain Round:  18 | Epochs:  90 | Domain: p | loss: 0.2113 | Acc: 93.89%
2023-11-19 11:00 Round 18 FedAvg weight: {'a': 0.3894044830975667, 'c': 0.32872484259375945, 's': 0.28187067430867374}
2023-11-19 11:00 before_fed Round:  19 | Epochs:  95 | Domain: a | loss: 0.2840 | Acc: 93.75%
2023-11-19 11:00 before_fed Round:  19 | Epochs:  95 | Domain: c | loss: 0.2466 | Acc: 94.94%
2023-11-19 11:01 before_fed Round:  19 | Epochs:  95 | Domain: s | loss: 0.1852 | Acc: 94.22%
2023-11-19 11:01 after_fed Round:  19 | Epochs:  95 | Domain: a | loss: 0.3722 | Acc: 90.38%
2023-11-19 11:01 after_fed Round:  19 | Epochs:  95 | Domain: c | loss: 0.3903 | Acc: 91.14%
2023-11-19 11:01 after_fed Round:  19 | Epochs:  95 | Domain: s | loss: 0.2250 | Acc: 92.46%
2023-11-19 11:01 test_domain Round:  19 | Epochs:  95 | Domain: p | loss: 0.2364 | Acc: 93.29%
2023-11-19 11:01 Round 19 FedAvg weight: {'a': 0.38843776872820024, 'c': 0.33641183094106475, 's': 0.275150400330735}
2023-11-19 11:01 before_fed Round:  20 | Epochs: 100 | Domain: a | loss: 0.3346 | Acc: 91.83%
2023-11-19 11:01 before_fed Round:  20 | Epochs: 100 | Domain: c | loss: 0.2490 | Acc: 93.67%
2023-11-19 11:02 before_fed Round:  20 | Epochs: 100 | Domain: s | loss: 0.2139 | Acc: 94.72%
2023-11-19 11:02 after_fed Round:  20 | Epochs: 100 | Domain: a | loss: 0.3508 | Acc: 91.83%
2023-11-19 11:02 after_fed Round:  20 | Epochs: 100 | Domain: c | loss: 0.3211 | Acc: 92.41%
2023-11-19 11:02 after_fed Round:  20 | Epochs: 100 | Domain: s | loss: 0.2007 | Acc: 92.71%
2023-11-19 11:02 test_domain Round:  20 | Epochs: 100 | Domain: p | loss: 0.2152 | Acc: 93.41%
2023-11-19 11:02 Round 20 FedAvg weight: {'a': 0.3674764910354354, 'c': 0.33910976297395834, 's': 0.2934137459906064}
2023-11-19 11:02 before_fed Round:  21 | Epochs: 105 | Domain: a | loss: 0.2995 | Acc: 92.79%
2023-11-19 11:02 before_fed Round:  21 | Epochs: 105 | Domain: c | loss: 0.2033 | Acc: 94.94%
2023-11-19 11:02 before_fed Round:  21 | Epochs: 105 | Domain: s | loss: 0.2157 | Acc: 93.47%
2023-11-19 11:02 after_fed Round:  21 | Epochs: 105 | Domain: a | loss: 0.4061 | Acc: 89.90%
2023-11-19 11:02 after_fed Round:  21 | Epochs: 105 | Domain: c | loss: 0.3743 | Acc: 92.41%
2023-11-19 11:02 after_fed Round:  21 | Epochs: 105 | Domain: s | loss: 0.2291 | Acc: 91.71%
2023-11-19 11:02 test_domain Round:  21 | Epochs: 105 | Domain: p | loss: 0.1976 | Acc: 93.95%
2023-11-19 11:02 Round 21 FedAvg weight: {'a': 0.3701223353862367, 'c': 0.3401609922811849, 's': 0.28971667233257853}
2023-11-19 11:03 before_fed Round:  22 | Epochs: 110 | Domain: a | loss: 0.3426 | Acc: 92.79%
2023-11-19 11:03 before_fed Round:  22 | Epochs: 110 | Domain: c | loss: 0.2584 | Acc: 95.36%
2023-11-19 11:03 before_fed Round:  22 | Epochs: 110 | Domain: s | loss: 0.1979 | Acc: 94.22%
2023-11-19 11:03 after_fed Round:  22 | Epochs: 110 | Domain: a | loss: 0.3821 | Acc: 90.87%
2023-11-19 11:03 after_fed Round:  22 | Epochs: 110 | Domain: c | loss: 0.3919 | Acc: 92.41%
2023-11-19 11:03 after_fed Round:  22 | Epochs: 110 | Domain: s | loss: 0.2293 | Acc: 91.71%
2023-11-19 11:03 test_domain Round:  22 | Epochs: 110 | Domain: p | loss: 0.2106 | Acc: 93.89%
2023-11-19 11:03 Round 22 FedAvg weight: {'a': 0.3620571884296024, 'c': 0.34453272200082086, 's': 0.29341008956957687}
2023-11-19 11:03 before_fed Round:  23 | Epochs: 115 | Domain: a | loss: 0.2484 | Acc: 93.27%
2023-11-19 11:04 before_fed Round:  23 | Epochs: 115 | Domain: c | loss: 0.2707 | Acc: 94.51%
2023-11-19 11:04 before_fed Round:  23 | Epochs: 115 | Domain: s | loss: 0.1861 | Acc: 94.47%
2023-11-19 11:04 after_fed Round:  23 | Epochs: 115 | Domain: a | loss: 0.3876 | Acc: 91.35%
2023-11-19 11:04 after_fed Round:  23 | Epochs: 115 | Domain: c | loss: 0.3497 | Acc: 91.98%
2023-11-19 11:04 after_fed Round:  23 | Epochs: 115 | Domain: s | loss: 0.2519 | Acc: 91.96%
2023-11-19 11:04 test_domain Round:  23 | Epochs: 115 | Domain: p | loss: 0.2120 | Acc: 93.35%
2023-11-19 11:04 Round 23 FedAvg weight: {'a': 0.35549514239367747, 'c': 0.34596873668657113, 's': 0.2985361209197513}
2023-11-19 11:04 before_fed Round:  24 | Epochs: 120 | Domain: a | loss: 0.2983 | Acc: 92.31%
2023-11-19 11:04 before_fed Round:  24 | Epochs: 120 | Domain: c | loss: 0.2295 | Acc: 95.36%
2023-11-19 11:05 before_fed Round:  24 | Epochs: 120 | Domain: s | loss: 0.1516 | Acc: 95.23%
2023-11-19 11:05 after_fed Round:  24 | Epochs: 120 | Domain: a | loss: 0.4176 | Acc: 89.90%
2023-11-19 11:05 after_fed Round:  24 | Epochs: 120 | Domain: c | loss: 0.3918 | Acc: 91.14%
2023-11-19 11:05 after_fed Round:  24 | Epochs: 120 | Domain: s | loss: 0.2133 | Acc: 92.71%
2023-11-19 11:05 test_domain Round:  24 | Epochs: 120 | Domain: p | loss: 0.2421 | Acc: 92.81%
2023-11-19 11:05 Round 24 FedAvg weight: {'a': 0.3501559456711074, 'c': 0.35266700063621464, 's': 0.297177053692678}
2023-11-19 11:05 before_fed Round:  25 | Epochs: 125 | Domain: a | loss: 0.2795 | Acc: 93.27%
2023-11-19 11:05 before_fed Round:  25 | Epochs: 125 | Domain: c | loss: 0.2237 | Acc: 94.94%
2023-11-19 11:06 before_fed Round:  25 | Epochs: 125 | Domain: s | loss: 0.2339 | Acc: 92.46%
2023-11-19 11:06 after_fed Round:  25 | Epochs: 125 | Domain: a | loss: 0.3997 | Acc: 90.87%
2023-11-19 11:06 after_fed Round:  25 | Epochs: 125 | Domain: c | loss: 0.3518 | Acc: 92.83%
2023-11-19 11:06 after_fed Round:  25 | Epochs: 125 | Domain: s | loss: 0.2687 | Acc: 91.71%
2023-11-19 11:06 test_domain Round:  25 | Epochs: 125 | Domain: p | loss: 0.2197 | Acc: 93.83%
2023-11-19 11:06 Round 25 FedAvg weight: {'a': 0.35601962634664147, 'c': 0.3553091841207603, 's': 0.2886711895325983}
2023-11-19 11:06 before_fed Round:  26 | Epochs: 130 | Domain: a | loss: 0.2383 | Acc: 94.23%
2023-11-19 11:06 before_fed Round:  26 | Epochs: 130 | Domain: c | loss: 0.2221 | Acc: 95.36%
2023-11-19 11:06 before_fed Round:  26 | Epochs: 130 | Domain: s | loss: 0.1910 | Acc: 93.47%
2023-11-19 11:06 after_fed Round:  26 | Epochs: 130 | Domain: a | loss: 0.3389 | Acc: 91.35%
2023-11-19 11:06 after_fed Round:  26 | Epochs: 130 | Domain: c | loss: 0.3461 | Acc: 92.41%
2023-11-19 11:06 after_fed Round:  26 | Epochs: 130 | Domain: s | loss: 0.2929 | Acc: 90.70%
2023-11-19 11:06 test_domain Round:  26 | Epochs: 130 | Domain: p | loss: 0.2349 | Acc: 92.81%
2023-11-19 11:06 Round 26 FedAvg weight: {'a': 0.35461623974431006, 'c': 0.3544981843370849, 's': 0.29088557591860503}
2023-11-19 11:07 before_fed Round:  27 | Epochs: 135 | Domain: a | loss: 0.2541 | Acc: 93.75%
2023-11-19 11:07 before_fed Round:  27 | Epochs: 135 | Domain: c | loss: 0.2093 | Acc: 94.51%
2023-11-19 11:07 before_fed Round:  27 | Epochs: 135 | Domain: s | loss: 0.1290 | Acc: 95.98%
2023-11-19 11:07 after_fed Round:  27 | Epochs: 135 | Domain: a | loss: 0.4196 | Acc: 91.35%
2023-11-19 11:07 after_fed Round:  27 | Epochs: 135 | Domain: c | loss: 0.3829 | Acc: 91.98%
2023-11-19 11:07 after_fed Round:  27 | Epochs: 135 | Domain: s | loss: 0.1954 | Acc: 93.22%
2023-11-19 11:07 test_domain Round:  27 | Epochs: 135 | Domain: p | loss: 0.2126 | Acc: 93.65%
2023-11-19 11:07 Round 27 FedAvg weight: {'a': 0.35202838512692075, 'c': 0.3529306205384704, 's': 0.29504099433460895}
2023-11-19 11:08 before_fed Round:  28 | Epochs: 140 | Domain: a | loss: 0.2583 | Acc: 93.27%
2023-11-19 11:08 before_fed Round:  28 | Epochs: 140 | Domain: c | loss: 0.2268 | Acc: 93.25%
2023-11-19 11:08 before_fed Round:  28 | Epochs: 140 | Domain: s | loss: 0.1743 | Acc: 93.97%
2023-11-19 11:08 after_fed Round:  28 | Epochs: 140 | Domain: a | loss: 0.3685 | Acc: 91.35%
2023-11-19 11:08 after_fed Round:  28 | Epochs: 140 | Domain: c | loss: 0.3455 | Acc: 92.41%
2023-11-19 11:08 after_fed Round:  28 | Epochs: 140 | Domain: s | loss: 0.2157 | Acc: 92.21%
2023-11-19 11:08 test_domain Round:  28 | Epochs: 140 | Domain: p | loss: 0.2441 | Acc: 92.69%
2023-11-19 11:08 Round 28 FedAvg weight: {'a': 0.355564752563383, 'c': 0.3448541900555743, 's': 0.2995810573810427}
2023-11-19 11:08 before_fed Round:  29 | Epochs: 145 | Domain: a | loss: 0.2598 | Acc: 93.27%
2023-11-19 11:09 before_fed Round:  29 | Epochs: 145 | Domain: c | loss: 0.2335 | Acc: 94.51%
2023-11-19 11:09 before_fed Round:  29 | Epochs: 145 | Domain: s | loss: 0.1350 | Acc: 95.48%
2023-11-19 11:09 after_fed Round:  29 | Epochs: 145 | Domain: a | loss: 0.3726 | Acc: 90.38%
2023-11-19 11:09 after_fed Round:  29 | Epochs: 145 | Domain: c | loss: 0.3449 | Acc: 92.83%
2023-11-19 11:09 after_fed Round:  29 | Epochs: 145 | Domain: s | loss: 0.2067 | Acc: 92.46%
2023-11-19 11:09 test_domain Round:  29 | Epochs: 145 | Domain: p | loss: 0.2201 | Acc: 93.77%
2023-11-19 11:09 Round 29 FedAvg weight: {'a': 0.35674438227610383, 'c': 0.3389883660151435, 's': 0.30426725170875274}
2023-11-19 11:09 before_fed Round:  30 | Epochs: 150 | Domain: a | loss: 0.3283 | Acc: 92.79%
2023-11-19 11:09 before_fed Round:  30 | Epochs: 150 | Domain: c | loss: 0.2852 | Acc: 93.25%
2023-11-19 11:10 before_fed Round:  30 | Epochs: 150 | Domain: s | loss: 0.1602 | Acc: 95.48%
2023-11-19 11:10 after_fed Round:  30 | Epochs: 150 | Domain: a | loss: 0.4040 | Acc: 89.90%
2023-11-19 11:10 after_fed Round:  30 | Epochs: 150 | Domain: c | loss: 0.3906 | Acc: 91.98%
2023-11-19 11:10 after_fed Round:  30 | Epochs: 150 | Domain: s | loss: 0.1832 | Acc: 92.96%
2023-11-19 11:10 test_domain Round:  30 | Epochs: 150 | Domain: p | loss: 0.1951 | Acc: 94.37%
2023-11-19 11:10 Round 30 FedAvg weight: {'a': 0.3598395633804263, 'c': 0.33293456859452053, 's': 0.3072258680250531}
2023-11-19 11:10 before_fed Round:  31 | Epochs: 155 | Domain: a | loss: 0.2843 | Acc: 94.23%
2023-11-19 11:10 before_fed Round:  31 | Epochs: 155 | Domain: c | loss: 0.2602 | Acc: 94.09%
2023-11-19 11:11 before_fed Round:  31 | Epochs: 155 | Domain: s | loss: 0.1858 | Acc: 94.22%
2023-11-19 11:11 after_fed Round:  31 | Epochs: 155 | Domain: a | loss: 0.3914 | Acc: 91.83%
2023-11-19 11:11 after_fed Round:  31 | Epochs: 155 | Domain: c | loss: 0.4381 | Acc: 91.56%
2023-11-19 11:11 after_fed Round:  31 | Epochs: 155 | Domain: s | loss: 0.1955 | Acc: 93.22%
2023-11-19 11:11 test_domain Round:  31 | Epochs: 155 | Domain: p | loss: 0.2069 | Acc: 94.19%
2023-11-19 11:11 Round 31 FedAvg weight: {'a': 0.3615261727813384, 'c': 0.3364434686408478, 's': 0.3020303585778137}
2023-11-19 11:11 before_fed Round:  32 | Epochs: 160 | Domain: a | loss: 0.2569 | Acc: 92.79%
2023-11-19 11:11 before_fed Round:  32 | Epochs: 160 | Domain: c | loss: 0.2544 | Acc: 94.51%
2023-11-19 11:11 before_fed Round:  32 | Epochs: 160 | Domain: s | loss: 0.1885 | Acc: 95.23%
2023-11-19 11:11 after_fed Round:  32 | Epochs: 160 | Domain: a | loss: 0.4127 | Acc: 90.87%
2023-11-19 11:11 after_fed Round:  32 | Epochs: 160 | Domain: c | loss: 0.3835 | Acc: 92.41%
2023-11-19 11:11 after_fed Round:  32 | Epochs: 160 | Domain: s | loss: 0.2220 | Acc: 91.21%
2023-11-19 11:11 test_domain Round:  32 | Epochs: 160 | Domain: p | loss: 0.2328 | Acc: 93.71%
2023-11-19 11:11 Round 32 FedAvg weight: {'a': 0.3579463270739579, 'c': 0.33427134721346186, 's': 0.30778232571258035}
2023-11-19 11:12 before_fed Round:  33 | Epochs: 165 | Domain: a | loss: 0.2659 | Acc: 93.75%
2023-11-19 11:12 before_fed Round:  33 | Epochs: 165 | Domain: c | loss: 0.2704 | Acc: 94.51%
2023-11-19 11:12 before_fed Round:  33 | Epochs: 165 | Domain: s | loss: 0.2049 | Acc: 94.22%
2023-11-19 11:12 after_fed Round:  33 | Epochs: 165 | Domain: a | loss: 0.4121 | Acc: 90.87%
2023-11-19 11:12 after_fed Round:  33 | Epochs: 165 | Domain: c | loss: 0.3700 | Acc: 92.83%
2023-11-19 11:12 after_fed Round:  33 | Epochs: 165 | Domain: s | loss: 0.2126 | Acc: 92.46%
2023-11-19 11:12 test_domain Round:  33 | Epochs: 165 | Domain: p | loss: 0.2689 | Acc: 92.40%
2023-11-19 11:12 Round 33 FedAvg weight: {'a': 0.36072341824704274, 'c': 0.3323467415807756, 's': 0.3069298401721817}
2023-11-19 11:12 before_fed Round:  34 | Epochs: 170 | Domain: a | loss: 0.3139 | Acc: 92.79%
2023-11-19 11:13 before_fed Round:  34 | Epochs: 170 | Domain: c | loss: 0.2442 | Acc: 94.94%
2023-11-19 11:13 before_fed Round:  34 | Epochs: 170 | Domain: s | loss: 0.2004 | Acc: 93.22%
2023-11-19 11:13 after_fed Round:  34 | Epochs: 170 | Domain: a | loss: 0.3875 | Acc: 89.42%
2023-11-19 11:13 after_fed Round:  34 | Epochs: 170 | Domain: c | loss: 0.3419 | Acc: 91.98%
2023-11-19 11:13 after_fed Round:  34 | Epochs: 170 | Domain: s | loss: 0.2088 | Acc: 93.22%
2023-11-19 11:13 test_domain Round:  34 | Epochs: 170 | Domain: p | loss: 0.2283 | Acc: 93.83%
2023-11-19 11:13 Round 34 FedAvg weight: {'a': 0.3644074601708665, 'c': 0.3352421061334775, 's': 0.3003504336956559}
2023-11-19 11:13 before_fed Round:  35 | Epochs: 175 | Domain: a | loss: 0.2769 | Acc: 94.71%
2023-11-19 11:13 before_fed Round:  35 | Epochs: 175 | Domain: c | loss: 0.2733 | Acc: 94.94%
2023-11-19 11:14 before_fed Round:  35 | Epochs: 175 | Domain: s | loss: 0.2064 | Acc: 93.97%
2023-11-19 11:14 after_fed Round:  35 | Epochs: 175 | Domain: a | loss: 0.3676 | Acc: 93.27%
2023-11-19 11:14 after_fed Round:  35 | Epochs: 175 | Domain: c | loss: 0.3363 | Acc: 91.98%
2023-11-19 11:14 after_fed Round:  35 | Epochs: 175 | Domain: s | loss: 0.1968 | Acc: 92.21%
2023-11-19 11:14 test_domain Round:  35 | Epochs: 175 | Domain: p | loss: 0.2158 | Acc: 93.71%
2023-11-19 11:14 Round 35 FedAvg weight: {'a': 0.3617524977281304, 'c': 0.33819479765477817, 's': 0.30005270461709155}
2023-11-19 11:14 before_fed Round:  36 | Epochs: 180 | Domain: a | loss: 0.3371 | Acc: 90.87%
2023-11-19 11:14 before_fed Round:  36 | Epochs: 180 | Domain: c | loss: 0.2208 | Acc: 94.94%
2023-11-19 11:15 before_fed Round:  36 | Epochs: 180 | Domain: s | loss: 0.1867 | Acc: 94.97%
2023-11-19 11:15 after_fed Round:  36 | Epochs: 180 | Domain: a | loss: 0.4673 | Acc: 89.90%
2023-11-19 11:15 after_fed Round:  36 | Epochs: 180 | Domain: c | loss: 0.3010 | Acc: 92.83%
2023-11-19 11:15 after_fed Round:  36 | Epochs: 180 | Domain: s | loss: 0.2211 | Acc: 91.96%
2023-11-19 11:15 test_domain Round:  36 | Epochs: 180 | Domain: p | loss: 0.2421 | Acc: 93.17%
2023-11-19 11:15 Round 36 FedAvg weight: {'a': 0.35838142384996174, 'c': 0.33833435743097, 's': 0.30328421871906835}
2023-11-19 11:15 before_fed Round:  37 | Epochs: 185 | Domain: a | loss: 0.3593 | Acc: 92.31%
2023-11-19 11:15 before_fed Round:  37 | Epochs: 185 | Domain: c | loss: 0.1912 | Acc: 94.09%
2023-11-19 11:15 before_fed Round:  37 | Epochs: 185 | Domain: s | loss: 0.1845 | Acc: 93.97%
2023-11-19 11:15 after_fed Round:  37 | Epochs: 185 | Domain: a | loss: 0.4168 | Acc: 90.38%
2023-11-19 11:15 after_fed Round:  37 | Epochs: 185 | Domain: c | loss: 0.3277 | Acc: 91.98%
2023-11-19 11:15 after_fed Round:  37 | Epochs: 185 | Domain: s | loss: 0.1995 | Acc: 92.71%
2023-11-19 11:16 test_domain Round:  37 | Epochs: 185 | Domain: p | loss: 0.2229 | Acc: 93.59%
2023-11-19 11:16 Round 37 FedAvg weight: {'a': 0.3584671284457504, 'c': 0.3393296585519911, 's': 0.3022032130022584}
2023-11-19 11:16 before_fed Round:  38 | Epochs: 190 | Domain: a | loss: 0.2800 | Acc: 92.79%
2023-11-19 11:16 before_fed Round:  38 | Epochs: 190 | Domain: c | loss: 0.2174 | Acc: 95.36%
2023-11-19 11:16 before_fed Round:  38 | Epochs: 190 | Domain: s | loss: 0.1222 | Acc: 95.73%
2023-11-19 11:16 after_fed Round:  38 | Epochs: 190 | Domain: a | loss: 0.4345 | Acc: 90.87%
2023-11-19 11:16 after_fed Round:  38 | Epochs: 190 | Domain: c | loss: 0.3338 | Acc: 92.41%
2023-11-19 11:16 after_fed Round:  38 | Epochs: 190 | Domain: s | loss: 0.2166 | Acc: 92.71%
2023-11-19 11:16 test_domain Round:  38 | Epochs: 190 | Domain: p | loss: 0.2396 | Acc: 93.23%
2023-11-19 11:16 Round 38 FedAvg weight: {'a': 0.35698432943088504, 'c': 0.3397809310862584, 's': 0.3032347394828565}
2023-11-19 11:17 before_fed Round:  39 | Epochs: 195 | Domain: a | loss: 0.2767 | Acc: 93.27%
2023-11-19 11:17 before_fed Round:  39 | Epochs: 195 | Domain: c | loss: 0.2080 | Acc: 94.09%
2023-11-19 11:17 before_fed Round:  39 | Epochs: 195 | Domain: s | loss: 0.1976 | Acc: 93.72%
2023-11-19 11:17 after_fed Round:  39 | Epochs: 195 | Domain: a | loss: 0.3764 | Acc: 89.90%
2023-11-19 11:17 after_fed Round:  39 | Epochs: 195 | Domain: c | loss: 0.3255 | Acc: 93.25%
2023-11-19 11:17 after_fed Round:  39 | Epochs: 195 | Domain: s | loss: 0.2689 | Acc: 91.71%
2023-11-19 11:17 test_domain Round:  39 | Epochs: 195 | Domain: p | loss: 0.2392 | Acc: 93.53%
2023-11-19 11:17 Round 39 FedAvg weight: {'a': 0.35811166442341147, 'c': 0.338531393766151, 's': 0.30335694181043754}
2023-11-19 11:17 before_fed Round:  40 | Epochs: 200 | Domain: a | loss: 0.2566 | Acc: 93.75%
2023-11-19 11:18 before_fed Round:  40 | Epochs: 200 | Domain: c | loss: 0.2253 | Acc: 94.09%
2023-11-19 11:18 before_fed Round:  40 | Epochs: 200 | Domain: s | loss: 0.1566 | Acc: 95.23%
2023-11-19 11:18 after_fed Round:  40 | Epochs: 200 | Domain: a | loss: 0.3930 | Acc: 89.90%
2023-11-19 11:18 after_fed Round:  40 | Epochs: 200 | Domain: c | loss: 0.3282 | Acc: 92.83%
2023-11-19 11:18 after_fed Round:  40 | Epochs: 200 | Domain: s | loss: 0.2554 | Acc: 91.96%
2023-11-19 11:18 test_domain Round:  40 | Epochs: 200 | Domain: p | loss: 0.2355 | Acc: 93.71%
2023-11-19 11:18 Round 40 FedAvg weight: {'a': 0.35847684496402193, 'c': 0.3378533066703099, 's': 0.3036698483656683}
