2023-11-18 14:47 before_fed Round:   0 | Epochs:   0 | Domain: p | loss: 0.0556 | Acc: 98.25%
2023-11-18 14:47 before_fed Round:   0 | Epochs:   0 | Domain: a | loss: 0.2242 | Acc: 91.35%
2023-11-18 14:47 before_fed Round:   0 | Epochs:   0 | Domain: s | loss: 0.1769 | Acc: 94.97%
2023-11-18 14:47 after_fed Round:   0 | Epochs:   0 | Domain: p | loss: 0.1017 | Acc: 99.42%
2023-11-18 14:47 after_fed Round:   0 | Epochs:   0 | Domain: a | loss: 0.6730 | Acc: 76.92%
2023-11-18 14:47 after_fed Round:   0 | Epochs:   0 | Domain: s | loss: 0.7278 | Acc: 72.36%
2023-11-18 14:47 Model saved! Best Val Acc: 82.90%
2023-11-18 14:47 test_domain Round:   0 | Epochs:   0 | Domain: c | loss: 0.9415 | Acc: 64.59%
2023-11-18 14:47 Round 0 FedAvg weight: {'p': 0.297549568207014, 'a': 0.34006078872104684, 's': 0.3623896430719391}
2023-11-18 14:47 before_fed Round:   1 | Epochs:   5 | Domain: p | loss: 0.0222 | Acc: 98.83%
2023-11-18 14:48 before_fed Round:   1 | Epochs:   5 | Domain: a | loss: 0.2593 | Acc: 90.87%
2023-11-18 14:48 before_fed Round:   1 | Epochs:   5 | Domain: s | loss: 0.1870 | Acc: 93.47%
2023-11-18 14:48 after_fed Round:   1 | Epochs:   5 | Domain: p | loss: 0.0361 | Acc: 99.42%
2023-11-18 14:48 after_fed Round:   1 | Epochs:   5 | Domain: a | loss: 0.4516 | Acc: 85.58%
2023-11-18 14:48 after_fed Round:   1 | Epochs:   5 | Domain: s | loss: 0.4677 | Acc: 83.67%
2023-11-18 14:48 Model saved! Best Val Acc: 89.00%
2023-11-18 14:48 test_domain Round:   1 | Epochs:   5 | Domain: c | loss: 0.7777 | Acc: 71.42%
2023-11-18 14:48 Round 1 FedAvg weight: {'p': 0.26720633239507324, 'a': 0.3422694732664177, 's': 0.390524194338509}
2023-11-18 14:48 before_fed Round:   2 | Epochs:  10 | Domain: p | loss: 0.0320 | Acc: 98.83%
2023-11-18 14:48 before_fed Round:   2 | Epochs:  10 | Domain: a | loss: 0.3031 | Acc: 89.90%
2023-11-18 14:49 before_fed Round:   2 | Epochs:  10 | Domain: s | loss: 0.1570 | Acc: 95.23%
2023-11-18 14:49 after_fed Round:   2 | Epochs:  10 | Domain: p | loss: 0.0308 | Acc: 99.42%
2023-11-18 14:49 after_fed Round:   2 | Epochs:  10 | Domain: a | loss: 0.4401 | Acc: 85.58%
2023-11-18 14:49 after_fed Round:   2 | Epochs:  10 | Domain: s | loss: 0.3569 | Acc: 89.20%
2023-11-18 14:49 Model saved! Best Val Acc: 90.69%
2023-11-18 14:49 test_domain Round:   2 | Epochs:  10 | Domain: c | loss: 0.8409 | Acc: 72.31%
2023-11-18 14:49 Round 2 FedAvg weight: {'p': 0.23603907381065514, 'a': 0.35184752855010737, 's': 0.4121133976392375}
2023-11-18 14:49 before_fed Round:   3 | Epochs:  15 | Domain: p | loss: 0.0222 | Acc: 98.83%
2023-11-18 14:49 before_fed Round:   3 | Epochs:  15 | Domain: a | loss: 0.2232 | Acc: 93.27%
2023-11-18 14:49 before_fed Round:   3 | Epochs:  15 | Domain: s | loss: 0.2008 | Acc: 93.97%
2023-11-18 14:49 after_fed Round:   3 | Epochs:  15 | Domain: p | loss: 0.0245 | Acc: 100.00%
2023-11-18 14:49 after_fed Round:   3 | Epochs:  15 | Domain: a | loss: 0.3810 | Acc: 87.50%
2023-11-18 14:49 after_fed Round:   3 | Epochs:  15 | Domain: s | loss: 0.2520 | Acc: 92.46%
2023-11-18 14:49 Model saved! Best Val Acc: 92.50%
2023-11-18 14:49 test_domain Round:   3 | Epochs:  15 | Domain: c | loss: 0.8060 | Acc: 74.53%
2023-11-18 14:49 Round 3 FedAvg weight: {'p': 0.2091757476017825, 'a': 0.3890946926713815, 's': 0.40172955972683594}
2023-11-18 14:50 before_fed Round:   4 | Epochs:  20 | Domain: p | loss: 0.0145 | Acc: 99.42%
2023-11-18 14:50 before_fed Round:   4 | Epochs:  20 | Domain: a | loss: 0.2431 | Acc: 91.83%
2023-11-18 14:50 before_fed Round:   4 | Epochs:  20 | Domain: s | loss: 0.1877 | Acc: 93.72%
2023-11-18 14:50 after_fed Round:   4 | Epochs:  20 | Domain: p | loss: 0.0155 | Acc: 99.42%
2023-11-18 14:50 after_fed Round:   4 | Epochs:  20 | Domain: a | loss: 0.3039 | Acc: 90.38%
2023-11-18 14:50 after_fed Round:   4 | Epochs:  20 | Domain: s | loss: 0.2712 | Acc: 91.71%
2023-11-18 14:50 Model saved! Best Val Acc: 92.81%
2023-11-18 14:50 test_domain Round:   4 | Epochs:  20 | Domain: c | loss: 0.7539 | Acc: 75.98%
2023-11-18 14:50 Round 4 FedAvg weight: {'p': 0.18914261918769773, 'a': 0.3918414241985274, 's': 0.41901595661377483}
2023-11-18 14:50 before_fed Round:   5 | Epochs:  25 | Domain: p | loss: 0.0203 | Acc: 99.42%
2023-11-18 14:51 before_fed Round:   5 | Epochs:  25 | Domain: a | loss: 0.2968 | Acc: 92.31%
2023-11-18 14:51 before_fed Round:   5 | Epochs:  25 | Domain: s | loss: 0.2208 | Acc: 92.96%
2023-11-18 14:51 after_fed Round:   5 | Epochs:  25 | Domain: p | loss: 0.0185 | Acc: 100.00%
2023-11-18 14:51 after_fed Round:   5 | Epochs:  25 | Domain: a | loss: 0.3535 | Acc: 88.46%
2023-11-18 14:51 after_fed Round:   5 | Epochs:  25 | Domain: s | loss: 0.2221 | Acc: 93.22%
2023-11-18 14:51 test_domain Round:   5 | Epochs:  25 | Domain: c | loss: 0.7265 | Acc: 77.73%
2023-11-18 14:51 Round 5 FedAvg weight: {'p': 0.1719456576189624, 'a': 0.4315756687373394, 's': 0.3964786736436983}
2023-11-18 14:51 before_fed Round:   6 | Epochs:  30 | Domain: p | loss: 0.0120 | Acc: 100.00%
2023-11-18 14:51 before_fed Round:   6 | Epochs:  30 | Domain: a | loss: 0.2692 | Acc: 90.87%
2023-11-18 14:52 before_fed Round:   6 | Epochs:  30 | Domain: s | loss: 0.1896 | Acc: 93.72%
2023-11-18 14:52 after_fed Round:   6 | Epochs:  30 | Domain: p | loss: 0.0254 | Acc: 99.42%
2023-11-18 14:52 after_fed Round:   6 | Epochs:  30 | Domain: a | loss: 0.3278 | Acc: 89.42%
2023-11-18 14:52 after_fed Round:   6 | Epochs:  30 | Domain: s | loss: 0.3021 | Acc: 89.95%
2023-11-18 14:52 test_domain Round:   6 | Epochs:  30 | Domain: c | loss: 0.9232 | Acc: 74.49%
2023-11-18 14:52 Round 6 FedAvg weight: {'p': 0.16609672130997158, 'a': 0.41653289415366423, 's': 0.4173703845363641}
2023-11-18 14:52 before_fed Round:   7 | Epochs:  35 | Domain: p | loss: 0.0093 | Acc: 100.00%
2023-11-18 14:52 before_fed Round:   7 | Epochs:  35 | Domain: a | loss: 0.2619 | Acc: 92.31%
2023-11-18 14:52 before_fed Round:   7 | Epochs:  35 | Domain: s | loss: 0.1840 | Acc: 94.97%
2023-11-18 14:52 after_fed Round:   7 | Epochs:  35 | Domain: p | loss: 0.0238 | Acc: 99.42%
2023-11-18 14:52 after_fed Round:   7 | Epochs:  35 | Domain: a | loss: 0.3176 | Acc: 90.87%
2023-11-18 14:52 after_fed Round:   7 | Epochs:  35 | Domain: s | loss: 0.2007 | Acc: 93.22%
2023-11-18 14:52 Model saved! Best Val Acc: 93.27%
2023-11-18 14:52 test_domain Round:   7 | Epochs:  35 | Domain: c | loss: 0.7646 | Acc: 77.43%
2023-11-18 14:52 Round 7 FedAvg weight: {'p': 0.1648323500247979, 'a': 0.4126664483203329, 's': 0.42250120165486926}
2023-11-18 14:53 before_fed Round:   8 | Epochs:  40 | Domain: p | loss: 0.0061 | Acc: 100.00%
2023-11-18 14:53 before_fed Round:   8 | Epochs:  40 | Domain: a | loss: 0.3274 | Acc: 91.35%
2023-11-18 14:53 before_fed Round:   8 | Epochs:  40 | Domain: s | loss: 0.1813 | Acc: 94.47%
2023-11-18 14:53 after_fed Round:   8 | Epochs:  40 | Domain: p | loss: 0.0320 | Acc: 98.83%
2023-11-18 14:53 after_fed Round:   8 | Epochs:  40 | Domain: a | loss: 0.4146 | Acc: 88.94%
2023-11-18 14:53 after_fed Round:   8 | Epochs:  40 | Domain: s | loss: 0.1831 | Acc: 93.47%
2023-11-18 14:53 test_domain Round:   8 | Epochs:  40 | Domain: c | loss: 0.7732 | Acc: 77.82%
2023-11-18 14:53 Round 8 FedAvg weight: {'p': 0.17342537280483847, 'a': 0.42332133362964025, 's': 0.4032532935655213}
2023-11-18 14:53 before_fed Round:   9 | Epochs:  45 | Domain: p | loss: 0.0428 | Acc: 98.25%
2023-11-18 14:54 before_fed Round:   9 | Epochs:  45 | Domain: a | loss: 0.2423 | Acc: 94.23%
2023-11-18 14:54 before_fed Round:   9 | Epochs:  45 | Domain: s | loss: 0.1303 | Acc: 95.98%
2023-11-18 14:54 after_fed Round:   9 | Epochs:  45 | Domain: p | loss: 0.0328 | Acc: 98.83%
2023-11-18 14:54 after_fed Round:   9 | Epochs:  45 | Domain: a | loss: 0.3690 | Acc: 90.38%
2023-11-18 14:54 after_fed Round:   9 | Epochs:  45 | Domain: s | loss: 0.1804 | Acc: 94.22%
2023-11-18 14:54 Model saved! Best Val Acc: 93.40%
2023-11-18 14:54 test_domain Round:   9 | Epochs:  45 | Domain: c | loss: 0.7848 | Acc: 77.90%
2023-11-18 14:54 Round 9 FedAvg weight: {'p': 0.1545570639287476, 'a': 0.445632919984009, 's': 0.3998100160872434}
2023-11-18 14:54 before_fed Round:  10 | Epochs:  50 | Domain: p | loss: 0.0052 | Acc: 100.00%
2023-11-18 14:54 before_fed Round:  10 | Epochs:  50 | Domain: a | loss: 0.2517 | Acc: 92.79%
2023-11-18 14:55 before_fed Round:  10 | Epochs:  50 | Domain: s | loss: 0.1333 | Acc: 95.48%
2023-11-18 14:55 after_fed Round:  10 | Epochs:  50 | Domain: p | loss: 0.0275 | Acc: 99.42%
2023-11-18 14:55 after_fed Round:  10 | Epochs:  50 | Domain: a | loss: 0.3487 | Acc: 91.83%
2023-11-18 14:55 after_fed Round:  10 | Epochs:  50 | Domain: s | loss: 0.2152 | Acc: 92.46%
2023-11-18 14:55 test_domain Round:  10 | Epochs:  50 | Domain: c | loss: 0.7557 | Acc: 79.01%
2023-11-18 14:55 Round 10 FedAvg weight: {'p': 0.15264658925196256, 'a': 0.42860789353963197, 's': 0.4187455172084055}
2023-11-18 14:55 before_fed Round:  11 | Epochs:  55 | Domain: p | loss: 0.0107 | Acc: 100.00%
2023-11-18 14:55 before_fed Round:  11 | Epochs:  55 | Domain: a | loss: 0.2877 | Acc: 90.38%
2023-11-18 14:55 before_fed Round:  11 | Epochs:  55 | Domain: s | loss: 0.1482 | Acc: 94.72%
2023-11-18 14:55 after_fed Round:  11 | Epochs:  55 | Domain: p | loss: 0.0351 | Acc: 99.42%
2023-11-18 14:55 after_fed Round:  11 | Epochs:  55 | Domain: a | loss: 0.3253 | Acc: 91.35%
2023-11-18 14:55 after_fed Round:  11 | Epochs:  55 | Domain: s | loss: 0.1802 | Acc: 95.23%
2023-11-18 14:55 Model saved! Best Val Acc: 94.20%
2023-11-18 14:55 test_domain Round:  11 | Epochs:  55 | Domain: c | loss: 0.7752 | Acc: 78.41%
2023-11-18 14:55 Round 11 FedAvg weight: {'p': 0.19182650237673407, 'a': 0.3967477133958401, 's': 0.4114257842274258}
2023-11-18 14:56 before_fed Round:  12 | Epochs:  60 | Domain: p | loss: 0.0059 | Acc: 100.00%
2023-11-18 14:56 before_fed Round:  12 | Epochs:  60 | Domain: a | loss: 0.2028 | Acc: 93.27%
2023-11-18 14:56 before_fed Round:  12 | Epochs:  60 | Domain: s | loss: 0.1564 | Acc: 94.47%
2023-11-18 14:56 after_fed Round:  12 | Epochs:  60 | Domain: p | loss: 0.0230 | Acc: 99.42%
2023-11-18 14:56 after_fed Round:  12 | Epochs:  60 | Domain: a | loss: 0.3883 | Acc: 88.46%
2023-11-18 14:56 after_fed Round:  12 | Epochs:  60 | Domain: s | loss: 0.1782 | Acc: 94.47%
2023-11-18 14:56 test_domain Round:  12 | Epochs:  60 | Domain: c | loss: 0.8767 | Acc: 76.88%
2023-11-18 14:56 Round 12 FedAvg weight: {'p': 0.18753870708854775, 'a': 0.4221929231692143, 's': 0.39026836974223794}
2023-11-18 14:56 before_fed Round:  13 | Epochs:  65 | Domain: p | loss: 0.0125 | Acc: 99.42%
2023-11-18 14:57 before_fed Round:  13 | Epochs:  65 | Domain: a | loss: 0.2447 | Acc: 93.27%
2023-11-18 14:57 before_fed Round:  13 | Epochs:  65 | Domain: s | loss: 0.1930 | Acc: 93.22%
2023-11-18 14:57 after_fed Round:  13 | Epochs:  65 | Domain: p | loss: 0.0277 | Acc: 99.42%
2023-11-18 14:57 after_fed Round:  13 | Epochs:  65 | Domain: a | loss: 0.3192 | Acc: 90.87%
2023-11-18 14:57 after_fed Round:  13 | Epochs:  65 | Domain: s | loss: 0.1873 | Acc: 93.47%
2023-11-18 14:57 test_domain Round:  13 | Epochs:  65 | Domain: c | loss: 0.8754 | Acc: 76.75%
2023-11-18 14:57 Round 13 FedAvg weight: {'p': 0.18001602727537194, 'a': 0.4500523759735878, 's': 0.3699315967510403}
2023-11-18 14:57 before_fed Round:  14 | Epochs:  70 | Domain: p | loss: 0.0098 | Acc: 99.42%
2023-11-18 14:57 before_fed Round:  14 | Epochs:  70 | Domain: a | loss: 0.2465 | Acc: 93.75%
2023-11-18 14:58 before_fed Round:  14 | Epochs:  70 | Domain: s | loss: 0.1661 | Acc: 94.47%
2023-11-18 14:58 after_fed Round:  14 | Epochs:  70 | Domain: p | loss: 0.0216 | Acc: 99.42%
2023-11-18 14:58 after_fed Round:  14 | Epochs:  70 | Domain: a | loss: 0.3251 | Acc: 90.87%
2023-11-18 14:58 after_fed Round:  14 | Epochs:  70 | Domain: s | loss: 0.2295 | Acc: 93.22%
2023-11-18 14:58 test_domain Round:  14 | Epochs:  70 | Domain: c | loss: 0.9118 | Acc: 76.07%
2023-11-18 14:58 Round 14 FedAvg weight: {'p': 0.16909296182671646, 'a': 0.4650134423013097, 's': 0.36589359587197384}
2023-11-18 14:58 before_fed Round:  15 | Epochs:  75 | Domain: p | loss: 0.0122 | Acc: 99.42%
2023-11-18 14:58 before_fed Round:  15 | Epochs:  75 | Domain: a | loss: 0.2390 | Acc: 92.31%
2023-11-18 14:58 before_fed Round:  15 | Epochs:  75 | Domain: s | loss: 0.1337 | Acc: 96.23%
2023-11-18 14:59 after_fed Round:  15 | Epochs:  75 | Domain: p | loss: 0.0246 | Acc: 98.83%
2023-11-18 14:59 after_fed Round:  15 | Epochs:  75 | Domain: a | loss: 0.3413 | Acc: 90.87%
2023-11-18 14:59 after_fed Round:  15 | Epochs:  75 | Domain: s | loss: 0.2375 | Acc: 91.46%
2023-11-18 14:59 test_domain Round:  15 | Epochs:  75 | Domain: c | loss: 0.8878 | Acc: 77.05%
2023-11-18 14:59 Round 15 FedAvg weight: {'p': 0.16426082687047658, 'a': 0.4503064470769259, 's': 0.38543272605259743}
2023-11-18 14:59 before_fed Round:  16 | Epochs:  80 | Domain: p | loss: 0.0046 | Acc: 100.00%
2023-11-18 14:59 before_fed Round:  16 | Epochs:  80 | Domain: a | loss: 0.2372 | Acc: 93.27%
2023-11-18 14:59 before_fed Round:  16 | Epochs:  80 | Domain: s | loss: 0.1713 | Acc: 94.97%
2023-11-18 14:59 after_fed Round:  16 | Epochs:  80 | Domain: p | loss: 0.0335 | Acc: 98.83%
2023-11-18 14:59 after_fed Round:  16 | Epochs:  80 | Domain: a | loss: 0.3693 | Acc: 88.94%
2023-11-18 14:59 after_fed Round:  16 | Epochs:  80 | Domain: s | loss: 0.1846 | Acc: 92.46%
2023-11-18 14:59 test_domain Round:  16 | Epochs:  80 | Domain: c | loss: 0.7981 | Acc: 78.97%
2023-11-18 14:59 Round 16 FedAvg weight: {'p': 0.16295568548176834, 'a': 0.456746774238736, 's': 0.3802975402794957}
2023-11-18 14:59 before_fed Round:  17 | Epochs:  85 | Domain: p | loss: 0.0106 | Acc: 100.00%
2023-11-18 15:00 before_fed Round:  17 | Epochs:  85 | Domain: a | loss: 0.2393 | Acc: 94.23%
2023-11-18 15:00 before_fed Round:  17 | Epochs:  85 | Domain: s | loss: 0.1828 | Acc: 94.47%
2023-11-18 15:00 after_fed Round:  17 | Epochs:  85 | Domain: p | loss: 0.0279 | Acc: 98.83%
2023-11-18 15:00 after_fed Round:  17 | Epochs:  85 | Domain: a | loss: 0.3188 | Acc: 90.87%
2023-11-18 15:00 after_fed Round:  17 | Epochs:  85 | Domain: s | loss: 0.1869 | Acc: 93.97%
2023-11-18 15:00 test_domain Round:  17 | Epochs:  85 | Domain: c | loss: 0.8140 | Acc: 78.75%
2023-11-18 15:00 Round 17 FedAvg weight: {'p': 0.16686613897207878, 'a': 0.4686846815481486, 's': 0.36444917947977273}
2023-11-18 15:00 before_fed Round:  18 | Epochs:  90 | Domain: p | loss: 0.0086 | Acc: 100.00%
2023-11-18 15:00 before_fed Round:  18 | Epochs:  90 | Domain: a | loss: 0.2359 | Acc: 94.71%
2023-11-18 15:01 before_fed Round:  18 | Epochs:  90 | Domain: s | loss: 0.1642 | Acc: 95.48%
2023-11-18 15:01 after_fed Round:  18 | Epochs:  90 | Domain: p | loss: 0.0340 | Acc: 98.25%
2023-11-18 15:01 after_fed Round:  18 | Epochs:  90 | Domain: a | loss: 0.3108 | Acc: 90.87%
2023-11-18 15:01 after_fed Round:  18 | Epochs:  90 | Domain: s | loss: 0.1928 | Acc: 93.72%
2023-11-18 15:01 test_domain Round:  18 | Epochs:  90 | Domain: c | loss: 0.8720 | Acc: 77.69%
2023-11-18 15:01 Round 18 FedAvg weight: {'p': 0.17175372247035642, 'a': 0.472370566002042, 's': 0.3558757115276015}
2023-11-18 15:01 before_fed Round:  19 | Epochs:  95 | Domain: p | loss: 0.0396 | Acc: 97.66%
2023-11-18 15:01 before_fed Round:  19 | Epochs:  95 | Domain: a | loss: 0.2145 | Acc: 93.27%
2023-11-18 15:02 before_fed Round:  19 | Epochs:  95 | Domain: s | loss: 0.1583 | Acc: 94.72%
2023-11-18 15:02 after_fed Round:  19 | Epochs:  95 | Domain: p | loss: 0.0394 | Acc: 98.83%
2023-11-18 15:02 after_fed Round:  19 | Epochs:  95 | Domain: a | loss: 0.3010 | Acc: 91.83%
2023-11-18 15:02 after_fed Round:  19 | Epochs:  95 | Domain: s | loss: 0.1748 | Acc: 94.72%
2023-11-18 15:02 test_domain Round:  19 | Epochs:  95 | Domain: c | loss: 0.7867 | Acc: 79.18%
2023-11-18 15:02 Round 19 FedAvg weight: {'p': 0.14104227279477483, 'a': 0.5055323398382511, 's': 0.35342538736697404}
2023-11-18 15:02 before_fed Round:  20 | Epochs: 100 | Domain: p | loss: 0.0129 | Acc: 99.42%
2023-11-18 15:02 before_fed Round:  20 | Epochs: 100 | Domain: a | loss: 0.2118 | Acc: 93.75%
2023-11-18 15:02 before_fed Round:  20 | Epochs: 100 | Domain: s | loss: 0.1695 | Acc: 94.47%
2023-11-18 15:02 after_fed Round:  20 | Epochs: 100 | Domain: p | loss: 0.0496 | Acc: 97.08%
2023-11-18 15:02 after_fed Round:  20 | Epochs: 100 | Domain: a | loss: 0.2955 | Acc: 90.38%
2023-11-18 15:02 after_fed Round:  20 | Epochs: 100 | Domain: s | loss: 0.2095 | Acc: 93.72%
2023-11-18 15:02 test_domain Round:  20 | Epochs: 100 | Domain: c | loss: 0.8236 | Acc: 78.37%
2023-11-18 15:02 Round 20 FedAvg weight: {'p': 0.1549615079475135, 'a': 0.5065116342925802, 's': 0.33852685775990626}
2023-11-18 15:03 before_fed Round:  21 | Epochs: 105 | Domain: p | loss: 0.0163 | Acc: 98.83%
2023-11-18 15:03 before_fed Round:  21 | Epochs: 105 | Domain: a | loss: 0.2609 | Acc: 92.79%
2023-11-18 15:03 before_fed Round:  21 | Epochs: 105 | Domain: s | loss: 0.1319 | Acc: 95.98%
2023-11-18 15:03 after_fed Round:  21 | Epochs: 105 | Domain: p | loss: 0.0327 | Acc: 99.42%
2023-11-18 15:03 after_fed Round:  21 | Epochs: 105 | Domain: a | loss: 0.2913 | Acc: 91.35%
2023-11-18 15:03 after_fed Round:  21 | Epochs: 105 | Domain: s | loss: 0.2006 | Acc: 93.22%
2023-11-18 15:03 test_domain Round:  21 | Epochs: 105 | Domain: c | loss: 0.9539 | Acc: 75.85%
2023-11-18 15:03 Round 21 FedAvg weight: {'p': 0.14171888553227693, 'a': 0.5019824295658446, 's': 0.3562986849018785}
2023-11-18 15:03 before_fed Round:  22 | Epochs: 110 | Domain: p | loss: 0.0046 | Acc: 100.00%
2023-11-18 15:03 before_fed Round:  22 | Epochs: 110 | Domain: a | loss: 0.2556 | Acc: 93.27%
2023-11-18 15:04 before_fed Round:  22 | Epochs: 110 | Domain: s | loss: 0.1307 | Acc: 95.98%
2023-11-18 15:04 after_fed Round:  22 | Epochs: 110 | Domain: p | loss: 0.0348 | Acc: 98.83%
2023-11-18 15:04 after_fed Round:  22 | Epochs: 110 | Domain: a | loss: 0.2845 | Acc: 89.90%
2023-11-18 15:04 after_fed Round:  22 | Epochs: 110 | Domain: s | loss: 0.1536 | Acc: 94.97%
2023-11-18 15:04 test_domain Round:  22 | Epochs: 110 | Domain: c | loss: 0.8442 | Acc: 77.52%
2023-11-18 15:04 Round 22 FedAvg weight: {'p': 0.1451573054007138, 'a': 0.5072089213038431, 's': 0.347633773295443}
2023-11-18 15:04 before_fed Round:  23 | Epochs: 115 | Domain: p | loss: 0.0068 | Acc: 100.00%
2023-11-18 15:04 before_fed Round:  23 | Epochs: 115 | Domain: a | loss: 0.2272 | Acc: 95.19%
2023-11-18 15:05 before_fed Round:  23 | Epochs: 115 | Domain: s | loss: 0.2289 | Acc: 92.71%
2023-11-18 15:05 after_fed Round:  23 | Epochs: 115 | Domain: p | loss: 0.0307 | Acc: 98.25%
2023-11-18 15:05 after_fed Round:  23 | Epochs: 115 | Domain: a | loss: 0.2870 | Acc: 91.83%
2023-11-18 15:05 after_fed Round:  23 | Epochs: 115 | Domain: s | loss: 0.1794 | Acc: 94.47%
2023-11-18 15:05 test_domain Round:  23 | Epochs: 115 | Domain: c | loss: 0.8782 | Acc: 77.26%
2023-11-18 15:05 Round 23 FedAvg weight: {'p': 0.15611896865773123, 'a': 0.5215819577258821, 's': 0.32229907361638654}
2023-11-18 15:05 before_fed Round:  24 | Epochs: 120 | Domain: p | loss: 0.0137 | Acc: 99.42%
2023-11-18 15:05 before_fed Round:  24 | Epochs: 120 | Domain: a | loss: 0.2622 | Acc: 92.79%
2023-11-18 15:05 before_fed Round:  24 | Epochs: 120 | Domain: s | loss: 0.1220 | Acc: 95.98%
2023-11-18 15:05 after_fed Round:  24 | Epochs: 120 | Domain: p | loss: 0.0248 | Acc: 98.25%
2023-11-18 15:05 after_fed Round:  24 | Epochs: 120 | Domain: a | loss: 0.3384 | Acc: 90.38%
2023-11-18 15:05 after_fed Round:  24 | Epochs: 120 | Domain: s | loss: 0.1658 | Acc: 95.48%
2023-11-18 15:05 test_domain Round:  24 | Epochs: 120 | Domain: c | loss: 0.8358 | Acc: 78.28%
2023-11-18 15:05 Round 24 FedAvg weight: {'p': 0.16211618139092412, 'a': 0.5247073746833929, 's': 0.31317644392568283}
2023-11-18 15:06 before_fed Round:  25 | Epochs: 125 | Domain: p | loss: 0.0024 | Acc: 100.00%
2023-11-18 15:06 before_fed Round:  25 | Epochs: 125 | Domain: a | loss: 0.2013 | Acc: 93.27%
2023-11-18 15:06 before_fed Round:  25 | Epochs: 125 | Domain: s | loss: 0.1429 | Acc: 94.97%
2023-11-18 15:06 after_fed Round:  25 | Epochs: 125 | Domain: p | loss: 0.0180 | Acc: 98.83%
2023-11-18 15:06 after_fed Round:  25 | Epochs: 125 | Domain: a | loss: 0.3037 | Acc: 91.35%
2023-11-18 15:06 after_fed Round:  25 | Epochs: 125 | Domain: s | loss: 0.1877 | Acc: 94.22%
2023-11-18 15:06 test_domain Round:  25 | Epochs: 125 | Domain: c | loss: 0.9392 | Acc: 77.05%
2023-11-18 15:06 Round 25 FedAvg weight: {'p': 0.1693042800048736, 'a': 0.5234544212060288, 's': 0.30724129878909745}
2023-11-18 15:06 before_fed Round:  26 | Epochs: 130 | Domain: p | loss: 0.0119 | Acc: 99.42%
2023-11-18 15:06 before_fed Round:  26 | Epochs: 130 | Domain: a | loss: 0.2546 | Acc: 91.83%
2023-11-18 15:07 before_fed Round:  26 | Epochs: 130 | Domain: s | loss: 0.2187 | Acc: 92.46%
2023-11-18 15:07 after_fed Round:  26 | Epochs: 130 | Domain: p | loss: 0.0237 | Acc: 99.42%
2023-11-18 15:07 after_fed Round:  26 | Epochs: 130 | Domain: a | loss: 0.3451 | Acc: 89.90%
2023-11-18 15:07 after_fed Round:  26 | Epochs: 130 | Domain: s | loss: 0.2035 | Acc: 92.96%
2023-11-18 15:07 test_domain Round:  26 | Epochs: 130 | Domain: c | loss: 0.9164 | Acc: 75.81%
2023-11-18 15:07 Round 26 FedAvg weight: {'p': 0.16623437385454473, 'a': 0.538509583421733, 's': 0.29525604272372213}
2023-11-18 15:07 before_fed Round:  27 | Epochs: 135 | Domain: p | loss: 0.0064 | Acc: 100.00%
2023-11-18 15:07 before_fed Round:  27 | Epochs: 135 | Domain: a | loss: 0.3072 | Acc: 93.27%
2023-11-18 15:08 before_fed Round:  27 | Epochs: 135 | Domain: s | loss: 0.1271 | Acc: 95.73%
2023-11-18 15:08 after_fed Round:  27 | Epochs: 135 | Domain: p | loss: 0.0159 | Acc: 99.42%
2023-11-18 15:08 after_fed Round:  27 | Epochs: 135 | Domain: a | loss: 0.3452 | Acc: 90.87%
2023-11-18 15:08 after_fed Round:  27 | Epochs: 135 | Domain: s | loss: 0.1781 | Acc: 93.72%
2023-11-18 15:08 test_domain Round:  27 | Epochs: 135 | Domain: c | loss: 0.9402 | Acc: 76.32%
2023-11-18 15:08 Round 27 FedAvg weight: {'p': 0.16395555936263603, 'a': 0.5358434525206366, 's': 0.30020098811672735}
2023-11-18 15:08 before_fed Round:  28 | Epochs: 140 | Domain: p | loss: 0.0069 | Acc: 100.00%
2023-11-18 15:08 before_fed Round:  28 | Epochs: 140 | Domain: a | loss: 0.2680 | Acc: 93.27%
2023-11-18 15:08 before_fed Round:  28 | Epochs: 140 | Domain: s | loss: 0.1652 | Acc: 94.22%
2023-11-18 15:08 after_fed Round:  28 | Epochs: 140 | Domain: p | loss: 0.0146 | Acc: 100.00%
2023-11-18 15:08 after_fed Round:  28 | Epochs: 140 | Domain: a | loss: 0.3312 | Acc: 91.83%
2023-11-18 15:08 after_fed Round:  28 | Epochs: 140 | Domain: s | loss: 0.1595 | Acc: 94.47%
2023-11-18 15:08 test_domain Round:  28 | Epochs: 140 | Domain: c | loss: 0.8711 | Acc: 76.79%
2023-11-18 15:08 Round 28 FedAvg weight: {'p': 0.1610735921595359, 'a': 0.5477103546343948, 's': 0.2912160532060694}
2023-11-18 15:09 before_fed Round:  29 | Epochs: 145 | Domain: p | loss: 0.0295 | Acc: 98.25%
2023-11-18 15:09 before_fed Round:  29 | Epochs: 145 | Domain: a | loss: 0.2092 | Acc: 93.27%
2023-11-18 15:09 before_fed Round:  29 | Epochs: 145 | Domain: s | loss: 0.1632 | Acc: 95.48%
2023-11-18 15:09 after_fed Round:  29 | Epochs: 145 | Domain: p | loss: 0.0178 | Acc: 99.42%
2023-11-18 15:09 after_fed Round:  29 | Epochs: 145 | Domain: a | loss: 0.2922 | Acc: 92.31%
2023-11-18 15:09 after_fed Round:  29 | Epochs: 145 | Domain: s | loss: 0.1701 | Acc: 93.47%
2023-11-18 15:09 test_domain Round:  29 | Epochs: 145 | Domain: c | loss: 0.8149 | Acc: 78.41%
2023-11-18 15:09 Round 29 FedAvg weight: {'p': 0.14680398726749527, 'a': 0.5474617386153007, 's': 0.305734274117204}
2023-11-18 15:09 before_fed Round:  30 | Epochs: 150 | Domain: p | loss: 0.0065 | Acc: 100.00%
2023-11-18 15:10 before_fed Round:  30 | Epochs: 150 | Domain: a | loss: 0.2541 | Acc: 93.27%
2023-11-18 15:10 before_fed Round:  30 | Epochs: 150 | Domain: s | loss: 0.1356 | Acc: 94.97%
2023-11-18 15:10 after_fed Round:  30 | Epochs: 150 | Domain: p | loss: 0.0233 | Acc: 99.42%
2023-11-18 15:10 after_fed Round:  30 | Epochs: 150 | Domain: a | loss: 0.2911 | Acc: 92.31%
2023-11-18 15:10 after_fed Round:  30 | Epochs: 150 | Domain: s | loss: 0.2043 | Acc: 94.47%
2023-11-18 15:10 test_domain Round:  30 | Epochs: 150 | Domain: c | loss: 0.9469 | Acc: 76.71%
2023-11-18 15:10 Round 30 FedAvg weight: {'p': 0.1520156437261845, 'a': 0.5445234431547246, 's': 0.30346091311909096}
2023-11-18 15:10 before_fed Round:  31 | Epochs: 155 | Domain: p | loss: 0.0038 | Acc: 100.00%
2023-11-18 15:10 before_fed Round:  31 | Epochs: 155 | Domain: a | loss: 0.2513 | Acc: 92.79%
2023-11-18 15:11 before_fed Round:  31 | Epochs: 155 | Domain: s | loss: 0.1148 | Acc: 95.48%
2023-11-18 15:11 after_fed Round:  31 | Epochs: 155 | Domain: p | loss: 0.0214 | Acc: 99.42%
2023-11-18 15:11 after_fed Round:  31 | Epochs: 155 | Domain: a | loss: 0.2933 | Acc: 92.31%
2023-11-18 15:11 after_fed Round:  31 | Epochs: 155 | Domain: s | loss: 0.1588 | Acc: 94.72%
2023-11-18 15:11 test_domain Round:  31 | Epochs: 155 | Domain: c | loss: 0.8648 | Acc: 78.16%
2023-11-18 15:11 Round 31 FedAvg weight: {'p': 0.1585673525980457, 'a': 0.5336849815749188, 's': 0.30774766582703533}
2023-11-18 15:11 before_fed Round:  32 | Epochs: 160 | Domain: p | loss: 0.0042 | Acc: 100.00%
2023-11-18 15:11 before_fed Round:  32 | Epochs: 160 | Domain: a | loss: 0.2358 | Acc: 94.23%
2023-11-18 15:11 before_fed Round:  32 | Epochs: 160 | Domain: s | loss: 0.1143 | Acc: 96.23%
2023-11-18 15:11 after_fed Round:  32 | Epochs: 160 | Domain: p | loss: 0.0239 | Acc: 99.42%
2023-11-18 15:11 after_fed Round:  32 | Epochs: 160 | Domain: a | loss: 0.2814 | Acc: 91.35%
2023-11-18 15:11 after_fed Round:  32 | Epochs: 160 | Domain: s | loss: 0.1734 | Acc: 93.97%
2023-11-18 15:11 test_domain Round:  32 | Epochs: 160 | Domain: c | loss: 0.9406 | Acc: 76.71%
2023-11-18 15:11 Round 32 FedAvg weight: {'p': 0.15693176412726853, 'a': 0.5328074632195428, 's': 0.3102607726531887}
2023-11-18 15:12 before_fed Round:  33 | Epochs: 165 | Domain: p | loss: 0.0037 | Acc: 100.00%
2023-11-18 15:12 before_fed Round:  33 | Epochs: 165 | Domain: a | loss: 0.2244 | Acc: 94.71%
2023-11-18 15:12 before_fed Round:  33 | Epochs: 165 | Domain: s | loss: 0.1140 | Acc: 96.23%
2023-11-18 15:12 after_fed Round:  33 | Epochs: 165 | Domain: p | loss: 0.0187 | Acc: 99.42%
2023-11-18 15:12 after_fed Round:  33 | Epochs: 165 | Domain: a | loss: 0.2940 | Acc: 91.35%
2023-11-18 15:12 after_fed Round:  33 | Epochs: 165 | Domain: s | loss: 0.1517 | Acc: 94.47%
2023-11-18 15:12 test_domain Round:  33 | Epochs: 165 | Domain: c | loss: 0.8801 | Acc: 78.24%
2023-11-18 15:12 Round 33 FedAvg weight: {'p': 0.1557263841509805, 'a': 0.5340611813045331, 's': 0.3102124345444865}
2023-11-18 15:12 before_fed Round:  34 | Epochs: 170 | Domain: p | loss: 0.0039 | Acc: 100.00%
2023-11-18 15:13 before_fed Round:  34 | Epochs: 170 | Domain: a | loss: 0.2429 | Acc: 92.31%
2023-11-18 15:13 before_fed Round:  34 | Epochs: 170 | Domain: s | loss: 0.1158 | Acc: 96.73%
2023-11-18 15:13 after_fed Round:  34 | Epochs: 170 | Domain: p | loss: 0.0232 | Acc: 99.42%
2023-11-18 15:13 after_fed Round:  34 | Epochs: 170 | Domain: a | loss: 0.2954 | Acc: 90.87%
2023-11-18 15:13 after_fed Round:  34 | Epochs: 170 | Domain: s | loss: 0.1514 | Acc: 94.97%
2023-11-18 15:13 test_domain Round:  34 | Epochs: 170 | Domain: c | loss: 0.8763 | Acc: 78.33%
2023-11-18 15:13 Round 34 FedAvg weight: {'p': 0.1556955265301139, 'a': 0.5303107336764152, 's': 0.31399373979347084}
2023-11-18 15:13 before_fed Round:  35 | Epochs: 175 | Domain: p | loss: 0.0052 | Acc: 100.00%
2023-11-18 15:13 before_fed Round:  35 | Epochs: 175 | Domain: a | loss: 0.2234 | Acc: 93.75%
2023-11-18 15:14 before_fed Round:  35 | Epochs: 175 | Domain: s | loss: 0.1181 | Acc: 96.48%
2023-11-18 15:14 after_fed Round:  35 | Epochs: 175 | Domain: p | loss: 0.0263 | Acc: 99.42%
2023-11-18 15:14 after_fed Round:  35 | Epochs: 175 | Domain: a | loss: 0.2738 | Acc: 91.35%
2023-11-18 15:14 after_fed Round:  35 | Epochs: 175 | Domain: s | loss: 0.1625 | Acc: 95.48%
2023-11-18 15:14 test_domain Round:  35 | Epochs: 175 | Domain: c | loss: 0.8749 | Acc: 77.99%
2023-11-18 15:14 Round 35 FedAvg weight: {'p': 0.15554411903879456, 'a': 0.5314808944870568, 's': 0.3129749864741487}
2023-11-18 15:14 before_fed Round:  36 | Epochs: 180 | Domain: p | loss: 0.0043 | Acc: 100.00%
2023-11-18 15:14 before_fed Round:  36 | Epochs: 180 | Domain: a | loss: 0.2394 | Acc: 94.71%
2023-11-18 15:14 before_fed Round:  36 | Epochs: 180 | Domain: s | loss: 0.1115 | Acc: 96.48%
2023-11-18 15:14 after_fed Round:  36 | Epochs: 180 | Domain: p | loss: 0.0221 | Acc: 99.42%
2023-11-18 15:14 after_fed Round:  36 | Epochs: 180 | Domain: a | loss: 0.2924 | Acc: 90.87%
2023-11-18 15:14 after_fed Round:  36 | Epochs: 180 | Domain: s | loss: 0.1596 | Acc: 93.97%
2023-11-18 15:14 test_domain Round:  36 | Epochs: 180 | Domain: c | loss: 0.9033 | Acc: 77.77%
2023-11-18 15:14 Round 36 FedAvg weight: {'p': 0.1544870300564902, 'a': 0.5318134790814685, 's': 0.3136994908620414}
2023-11-18 15:15 before_fed Round:  37 | Epochs: 185 | Domain: p | loss: 0.0052 | Acc: 100.00%
2023-11-18 15:15 before_fed Round:  37 | Epochs: 185 | Domain: a | loss: 0.2419 | Acc: 93.75%
2023-11-18 15:15 before_fed Round:  37 | Epochs: 185 | Domain: s | loss: 0.1187 | Acc: 95.98%
2023-11-18 15:15 after_fed Round:  37 | Epochs: 185 | Domain: p | loss: 0.0237 | Acc: 99.42%
2023-11-18 15:15 after_fed Round:  37 | Epochs: 185 | Domain: a | loss: 0.2983 | Acc: 90.87%
2023-11-18 15:15 after_fed Round:  37 | Epochs: 185 | Domain: s | loss: 0.1547 | Acc: 94.72%
2023-11-18 15:15 test_domain Round:  37 | Epochs: 185 | Domain: c | loss: 0.8756 | Acc: 78.33%
2023-11-18 15:15 Round 37 FedAvg weight: {'p': 0.15415493851482895, 'a': 0.5326626179393685, 's': 0.3131824435458026}
2023-11-18 15:15 before_fed Round:  38 | Epochs: 190 | Domain: p | loss: 0.0034 | Acc: 100.00%
2023-11-18 15:16 before_fed Round:  38 | Epochs: 190 | Domain: a | loss: 0.2363 | Acc: 93.75%
2023-11-18 15:16 before_fed Round:  38 | Epochs: 190 | Domain: s | loss: 0.1082 | Acc: 96.73%
2023-11-18 15:16 after_fed Round:  38 | Epochs: 190 | Domain: p | loss: 0.0184 | Acc: 99.42%
2023-11-18 15:16 after_fed Round:  38 | Epochs: 190 | Domain: a | loss: 0.3036 | Acc: 90.87%
2023-11-18 15:16 after_fed Round:  38 | Epochs: 190 | Domain: s | loss: 0.1568 | Acc: 94.47%
2023-11-18 15:16 test_domain Round:  38 | Epochs: 190 | Domain: c | loss: 0.8807 | Acc: 78.63%
2023-11-18 15:16 Round 38 FedAvg weight: {'p': 0.1536424162503802, 'a': 0.5323744134099918, 's': 0.3139831703396279}
2023-11-18 15:16 before_fed Round:  39 | Epochs: 195 | Domain: p | loss: 0.0034 | Acc: 100.00%
2023-11-18 15:16 before_fed Round:  39 | Epochs: 195 | Domain: a | loss: 0.2364 | Acc: 94.71%
2023-11-18 15:17 before_fed Round:  39 | Epochs: 195 | Domain: s | loss: 0.1142 | Acc: 96.23%
2023-11-18 15:17 after_fed Round:  39 | Epochs: 195 | Domain: p | loss: 0.0194 | Acc: 99.42%
2023-11-18 15:17 after_fed Round:  39 | Epochs: 195 | Domain: a | loss: 0.2963 | Acc: 90.87%
2023-11-18 15:17 after_fed Round:  39 | Epochs: 195 | Domain: s | loss: 0.1559 | Acc: 94.97%
2023-11-18 15:17 test_domain Round:  39 | Epochs: 195 | Domain: c | loss: 0.8832 | Acc: 78.24%
2023-11-18 15:17 Round 39 FedAvg weight: {'p': 0.1533931741590917, 'a': 0.533080229918554, 's': 0.3135265959223544}
2023-11-18 15:17 before_fed Round:  40 | Epochs: 200 | Domain: p | loss: 0.0033 | Acc: 100.00%
2023-11-18 15:17 before_fed Round:  40 | Epochs: 200 | Domain: a | loss: 0.2428 | Acc: 92.79%
2023-11-18 15:17 before_fed Round:  40 | Epochs: 200 | Domain: s | loss: 0.1031 | Acc: 96.73%
2023-11-18 15:17 after_fed Round:  40 | Epochs: 200 | Domain: p | loss: 0.0154 | Acc: 99.42%
2023-11-18 15:17 after_fed Round:  40 | Epochs: 200 | Domain: a | loss: 0.3048 | Acc: 91.35%
2023-11-18 15:17 after_fed Round:  40 | Epochs: 200 | Domain: s | loss: 0.1527 | Acc: 94.22%
2023-11-18 15:17 test_domain Round:  40 | Epochs: 200 | Domain: c | loss: 0.8627 | Acc: 78.37%
2023-11-18 15:17 Round 40 FedAvg weight: {'p': 0.1533193959036153, 'a': 0.5324336370651638, 's': 0.3142469670312209}
