2023-11-20 10:27 before_fed Round:   0 | Epochs:   0 | Domain: p | loss: 0.0515 | Acc: 98.83%
2023-11-20 10:27 before_fed Round:   0 | Epochs:   0 | Domain: c | loss: 0.2222 | Acc: 92.41%
2023-11-20 10:27 before_fed Round:   0 | Epochs:   0 | Domain: s | loss: 0.2243 | Acc: 92.46%
2023-11-20 10:27 after_fed Round:   0 | Epochs:   0 | Domain: p | loss: 0.6343 | Acc: 85.38%
2023-11-20 10:27 after_fed Round:   0 | Epochs:   0 | Domain: c | loss: 0.7056 | Acc: 75.53%
2023-11-20 10:27 after_fed Round:   0 | Epochs:   0 | Domain: s | loss: 0.6078 | Acc: 80.65%
2023-11-20 10:27 Model saved! Best Val Acc: 80.13%
2023-11-20 10:27 test_domain Round:   0 | Epochs:   0 | Domain: a | loss: 1.2536 | Acc: 55.66%
2023-11-20 10:28 before_fed Round:   1 | Epochs:   5 | Domain: p | loss: 0.0349 | Acc: 99.42%
2023-11-20 10:28 before_fed Round:   1 | Epochs:   5 | Domain: c | loss: 0.1736 | Acc: 95.36%
2023-11-20 10:28 before_fed Round:   1 | Epochs:   5 | Domain: s | loss: 0.2310 | Acc: 91.21%
2023-11-20 10:28 after_fed Round:   1 | Epochs:   5 | Domain: p | loss: 0.2560 | Acc: 92.98%
2023-11-20 10:28 after_fed Round:   1 | Epochs:   5 | Domain: c | loss: 0.5018 | Acc: 81.43%
2023-11-20 10:28 after_fed Round:   1 | Epochs:   5 | Domain: s | loss: 0.2914 | Acc: 88.69%
2023-11-20 10:28 Model saved! Best Val Acc: 87.45%
2023-11-20 10:28 test_domain Round:   1 | Epochs:   5 | Domain: a | loss: 1.0021 | Acc: 66.65%
2023-11-20 10:28 before_fed Round:   2 | Epochs:  10 | Domain: p | loss: 0.0423 | Acc: 98.83%
2023-11-20 10:29 before_fed Round:   2 | Epochs:  10 | Domain: c | loss: 0.2051 | Acc: 93.67%
2023-11-20 10:29 before_fed Round:   2 | Epochs:  10 | Domain: s | loss: 0.2251 | Acc: 91.96%
2023-11-20 10:29 after_fed Round:   2 | Epochs:  10 | Domain: p | loss: 0.1673 | Acc: 94.15%
2023-11-20 10:29 after_fed Round:   2 | Epochs:  10 | Domain: c | loss: 0.4637 | Acc: 84.81%
2023-11-20 10:29 after_fed Round:   2 | Epochs:  10 | Domain: s | loss: 0.2380 | Acc: 91.96%
2023-11-20 10:29 Model saved! Best Val Acc: 90.31%
2023-11-20 10:29 test_domain Round:   2 | Epochs:  10 | Domain: a | loss: 0.8694 | Acc: 71.78%
2023-11-20 10:29 before_fed Round:   3 | Epochs:  15 | Domain: p | loss: 0.0329 | Acc: 98.83%
2023-11-20 10:29 before_fed Round:   3 | Epochs:  15 | Domain: c | loss: 0.1949 | Acc: 94.51%
2023-11-20 10:30 before_fed Round:   3 | Epochs:  15 | Domain: s | loss: 0.1727 | Acc: 93.72%
2023-11-20 10:30 after_fed Round:   3 | Epochs:  15 | Domain: p | loss: 0.1350 | Acc: 94.74%
2023-11-20 10:30 after_fed Round:   3 | Epochs:  15 | Domain: c | loss: 0.3727 | Acc: 87.76%
2023-11-20 10:30 after_fed Round:   3 | Epochs:  15 | Domain: s | loss: 0.2480 | Acc: 91.96%
2023-11-20 10:30 Model saved! Best Val Acc: 91.31%
2023-11-20 10:30 test_domain Round:   3 | Epochs:  15 | Domain: a | loss: 0.7376 | Acc: 75.93%
2023-11-20 10:30 before_fed Round:   4 | Epochs:  20 | Domain: p | loss: 0.0328 | Acc: 98.83%
2023-11-20 10:30 before_fed Round:   4 | Epochs:  20 | Domain: c | loss: 0.1895 | Acc: 94.94%
2023-11-20 10:30 before_fed Round:   4 | Epochs:  20 | Domain: s | loss: 0.1584 | Acc: 94.47%
2023-11-20 10:30 after_fed Round:   4 | Epochs:  20 | Domain: p | loss: 0.1603 | Acc: 94.15%
2023-11-20 10:30 after_fed Round:   4 | Epochs:  20 | Domain: c | loss: 0.3985 | Acc: 87.34%
2023-11-20 10:30 after_fed Round:   4 | Epochs:  20 | Domain: s | loss: 0.2268 | Acc: 92.96%
2023-11-20 10:30 Model saved! Best Val Acc: 91.56%
2023-11-20 10:30 test_domain Round:   4 | Epochs:  20 | Domain: a | loss: 0.8804 | Acc: 73.39%
2023-11-20 10:31 before_fed Round:   5 | Epochs:  25 | Domain: p | loss: 0.0191 | Acc: 99.42%
2023-11-20 10:31 before_fed Round:   5 | Epochs:  25 | Domain: c | loss: 0.1475 | Acc: 95.36%
2023-11-20 10:31 before_fed Round:   5 | Epochs:  25 | Domain: s | loss: 0.1406 | Acc: 95.73%
2023-11-20 10:31 after_fed Round:   5 | Epochs:  25 | Domain: p | loss: 0.1340 | Acc: 95.91%
2023-11-20 10:31 after_fed Round:   5 | Epochs:  25 | Domain: c | loss: 0.4118 | Acc: 86.92%
2023-11-20 10:31 after_fed Round:   5 | Epochs:  25 | Domain: s | loss: 0.1724 | Acc: 93.97%
2023-11-20 10:31 Model saved! Best Val Acc: 92.30%
2023-11-20 10:31 test_domain Round:   5 | Epochs:  25 | Domain: a | loss: 0.8130 | Acc: 75.00%
2023-11-20 10:31 before_fed Round:   6 | Epochs:  30 | Domain: p | loss: 0.0284 | Acc: 98.83%
2023-11-20 10:32 before_fed Round:   6 | Epochs:  30 | Domain: c | loss: 0.2011 | Acc: 94.09%
2023-11-20 10:32 before_fed Round:   6 | Epochs:  30 | Domain: s | loss: 0.1870 | Acc: 93.72%
2023-11-20 10:32 after_fed Round:   6 | Epochs:  30 | Domain: p | loss: 0.1369 | Acc: 97.08%
2023-11-20 10:32 after_fed Round:   6 | Epochs:  30 | Domain: c | loss: 0.3246 | Acc: 90.72%
2023-11-20 10:32 after_fed Round:   6 | Epochs:  30 | Domain: s | loss: 0.1912 | Acc: 94.22%
2023-11-20 10:32 Model saved! Best Val Acc: 93.79%
2023-11-20 10:32 test_domain Round:   6 | Epochs:  30 | Domain: a | loss: 0.6875 | Acc: 79.00%
2023-11-20 10:32 before_fed Round:   7 | Epochs:  35 | Domain: p | loss: 0.0348 | Acc: 98.83%
2023-11-20 10:32 before_fed Round:   7 | Epochs:  35 | Domain: c | loss: 0.2113 | Acc: 94.09%
2023-11-20 10:33 before_fed Round:   7 | Epochs:  35 | Domain: s | loss: 0.1741 | Acc: 94.47%
2023-11-20 10:33 after_fed Round:   7 | Epochs:  35 | Domain: p | loss: 0.1249 | Acc: 96.49%
2023-11-20 10:33 after_fed Round:   7 | Epochs:  35 | Domain: c | loss: 0.3421 | Acc: 90.30%
2023-11-20 10:33 after_fed Round:   7 | Epochs:  35 | Domain: s | loss: 0.1889 | Acc: 92.96%
2023-11-20 10:33 test_domain Round:   7 | Epochs:  35 | Domain: a | loss: 0.6910 | Acc: 79.35%
2023-11-20 10:33 before_fed Round:   8 | Epochs:  40 | Domain: p | loss: 0.0387 | Acc: 98.25%
2023-11-20 10:33 before_fed Round:   8 | Epochs:  40 | Domain: c | loss: 0.1880 | Acc: 92.83%
2023-11-20 10:33 before_fed Round:   8 | Epochs:  40 | Domain: s | loss: 0.1788 | Acc: 94.72%
2023-11-20 10:33 after_fed Round:   8 | Epochs:  40 | Domain: p | loss: 0.1245 | Acc: 96.49%
2023-11-20 10:33 after_fed Round:   8 | Epochs:  40 | Domain: c | loss: 0.3596 | Acc: 89.03%
2023-11-20 10:34 after_fed Round:   8 | Epochs:  40 | Domain: s | loss: 0.1827 | Acc: 93.97%
2023-11-20 10:34 test_domain Round:   8 | Epochs:  40 | Domain: a | loss: 0.7814 | Acc: 76.76%
2023-11-20 10:34 before_fed Round:   9 | Epochs:  45 | Domain: p | loss: 0.0463 | Acc: 98.25%
2023-11-20 10:34 before_fed Round:   9 | Epochs:  45 | Domain: c | loss: 0.2107 | Acc: 93.67%
2023-11-20 10:34 before_fed Round:   9 | Epochs:  45 | Domain: s | loss: 0.1737 | Acc: 94.72%
2023-11-20 10:34 after_fed Round:   9 | Epochs:  45 | Domain: p | loss: 0.1296 | Acc: 95.91%
2023-11-20 10:34 after_fed Round:   9 | Epochs:  45 | Domain: c | loss: 0.3733 | Acc: 88.61%
2023-11-20 10:34 after_fed Round:   9 | Epochs:  45 | Domain: s | loss: 0.1990 | Acc: 93.47%
2023-11-20 10:34 test_domain Round:   9 | Epochs:  45 | Domain: a | loss: 0.7290 | Acc: 78.81%
2023-11-20 10:34 before_fed Round:  10 | Epochs:  50 | Domain: p | loss: 0.0416 | Acc: 98.83%
2023-11-20 10:35 before_fed Round:  10 | Epochs:  50 | Domain: c | loss: 0.1946 | Acc: 92.83%
2023-11-20 10:35 before_fed Round:  10 | Epochs:  50 | Domain: s | loss: 0.1617 | Acc: 94.72%
2023-11-20 10:35 after_fed Round:  10 | Epochs:  50 | Domain: p | loss: 0.1314 | Acc: 97.08%
2023-11-20 10:35 after_fed Round:  10 | Epochs:  50 | Domain: c | loss: 0.4395 | Acc: 86.08%
2023-11-20 10:35 after_fed Round:  10 | Epochs:  50 | Domain: s | loss: 0.1559 | Acc: 93.47%
2023-11-20 10:35 test_domain Round:  10 | Epochs:  50 | Domain: a | loss: 0.7913 | Acc: 77.29%
2023-11-20 10:35 before_fed Round:  11 | Epochs:  55 | Domain: p | loss: 0.0149 | Acc: 100.00%
2023-11-20 10:35 before_fed Round:  11 | Epochs:  55 | Domain: c | loss: 0.1896 | Acc: 93.25%
2023-11-20 10:36 before_fed Round:  11 | Epochs:  55 | Domain: s | loss: 0.1534 | Acc: 94.72%
2023-11-20 10:36 after_fed Round:  11 | Epochs:  55 | Domain: p | loss: 0.1424 | Acc: 95.32%
2023-11-20 10:36 after_fed Round:  11 | Epochs:  55 | Domain: c | loss: 0.4240 | Acc: 86.92%
2023-11-20 10:36 after_fed Round:  11 | Epochs:  55 | Domain: s | loss: 0.1750 | Acc: 93.22%
2023-11-20 10:36 test_domain Round:  11 | Epochs:  55 | Domain: a | loss: 0.7797 | Acc: 77.29%
2023-11-20 10:36 before_fed Round:  12 | Epochs:  60 | Domain: p | loss: 0.0177 | Acc: 99.42%
2023-11-20 10:36 before_fed Round:  12 | Epochs:  60 | Domain: c | loss: 0.1864 | Acc: 93.67%
2023-11-20 10:37 before_fed Round:  12 | Epochs:  60 | Domain: s | loss: 0.1849 | Acc: 93.22%
2023-11-20 10:37 after_fed Round:  12 | Epochs:  60 | Domain: p | loss: 0.1519 | Acc: 95.32%
2023-11-20 10:37 after_fed Round:  12 | Epochs:  60 | Domain: c | loss: 0.4215 | Acc: 86.08%
2023-11-20 10:37 after_fed Round:  12 | Epochs:  60 | Domain: s | loss: 0.1602 | Acc: 93.47%
2023-11-20 10:37 test_domain Round:  12 | Epochs:  60 | Domain: a | loss: 0.8196 | Acc: 76.07%
2023-11-20 10:37 before_fed Round:  13 | Epochs:  65 | Domain: p | loss: 0.0325 | Acc: 98.25%
2023-11-20 10:37 before_fed Round:  13 | Epochs:  65 | Domain: c | loss: 0.1822 | Acc: 95.36%
2023-11-20 10:37 before_fed Round:  13 | Epochs:  65 | Domain: s | loss: 0.1738 | Acc: 94.72%
2023-11-20 10:37 after_fed Round:  13 | Epochs:  65 | Domain: p | loss: 0.2008 | Acc: 94.74%
2023-11-20 10:37 after_fed Round:  13 | Epochs:  65 | Domain: c | loss: 0.4535 | Acc: 88.19%
2023-11-20 10:37 after_fed Round:  13 | Epochs:  65 | Domain: s | loss: 0.1660 | Acc: 93.97%
2023-11-20 10:37 test_domain Round:  13 | Epochs:  65 | Domain: a | loss: 0.8540 | Acc: 76.95%
2023-11-20 10:38 before_fed Round:  14 | Epochs:  70 | Domain: p | loss: 0.0263 | Acc: 99.42%
2023-11-20 10:38 before_fed Round:  14 | Epochs:  70 | Domain: c | loss: 0.2222 | Acc: 93.67%
2023-11-20 10:38 before_fed Round:  14 | Epochs:  70 | Domain: s | loss: 0.1135 | Acc: 95.48%
2023-11-20 10:38 after_fed Round:  14 | Epochs:  70 | Domain: p | loss: 0.1688 | Acc: 94.74%
2023-11-20 10:38 after_fed Round:  14 | Epochs:  70 | Domain: c | loss: 0.4863 | Acc: 86.50%
2023-11-20 10:38 after_fed Round:  14 | Epochs:  70 | Domain: s | loss: 0.1353 | Acc: 94.97%
2023-11-20 10:38 test_domain Round:  14 | Epochs:  70 | Domain: a | loss: 0.8234 | Acc: 77.29%
2023-11-20 10:38 before_fed Round:  15 | Epochs:  75 | Domain: p | loss: 0.0313 | Acc: 98.83%
2023-11-20 10:38 before_fed Round:  15 | Epochs:  75 | Domain: c | loss: 0.1886 | Acc: 94.94%
2023-11-20 10:39 before_fed Round:  15 | Epochs:  75 | Domain: s | loss: 0.1422 | Acc: 95.48%
2023-11-20 10:39 after_fed Round:  15 | Epochs:  75 | Domain: p | loss: 0.1569 | Acc: 94.15%
2023-11-20 10:39 after_fed Round:  15 | Epochs:  75 | Domain: c | loss: 0.3645 | Acc: 89.03%
2023-11-20 10:39 after_fed Round:  15 | Epochs:  75 | Domain: s | loss: 0.1437 | Acc: 94.72%
2023-11-20 10:39 test_domain Round:  15 | Epochs:  75 | Domain: a | loss: 0.8664 | Acc: 76.90%
2023-11-20 10:39 before_fed Round:  16 | Epochs:  80 | Domain: p | loss: 0.0354 | Acc: 98.83%
2023-11-20 10:39 before_fed Round:  16 | Epochs:  80 | Domain: c | loss: 0.2205 | Acc: 94.09%
2023-11-20 10:40 before_fed Round:  16 | Epochs:  80 | Domain: s | loss: 0.1669 | Acc: 94.72%
2023-11-20 10:40 after_fed Round:  16 | Epochs:  80 | Domain: p | loss: 0.1429 | Acc: 94.74%
2023-11-20 10:40 after_fed Round:  16 | Epochs:  80 | Domain: c | loss: 0.3288 | Acc: 90.72%
2023-11-20 10:40 after_fed Round:  16 | Epochs:  80 | Domain: s | loss: 0.1679 | Acc: 93.72%
2023-11-20 10:40 test_domain Round:  16 | Epochs:  80 | Domain: a | loss: 0.8139 | Acc: 77.73%
2023-11-20 10:40 before_fed Round:  17 | Epochs:  85 | Domain: p | loss: 0.0303 | Acc: 99.42%
2023-11-20 10:40 before_fed Round:  17 | Epochs:  85 | Domain: c | loss: 0.2014 | Acc: 94.94%
2023-11-20 10:40 before_fed Round:  17 | Epochs:  85 | Domain: s | loss: 0.1517 | Acc: 94.97%
2023-11-20 10:40 after_fed Round:  17 | Epochs:  85 | Domain: p | loss: 0.1200 | Acc: 95.32%
2023-11-20 10:40 after_fed Round:  17 | Epochs:  85 | Domain: c | loss: 0.3379 | Acc: 89.87%
2023-11-20 10:40 after_fed Round:  17 | Epochs:  85 | Domain: s | loss: 0.1577 | Acc: 93.97%
2023-11-20 10:40 test_domain Round:  17 | Epochs:  85 | Domain: a | loss: 0.8251 | Acc: 77.88%
2023-11-20 10:41 before_fed Round:  18 | Epochs:  90 | Domain: p | loss: 0.0346 | Acc: 98.83%
2023-11-20 10:41 before_fed Round:  18 | Epochs:  90 | Domain: c | loss: 0.1865 | Acc: 93.25%
2023-11-20 10:41 before_fed Round:  18 | Epochs:  90 | Domain: s | loss: 0.1167 | Acc: 96.23%
2023-11-20 10:41 after_fed Round:  18 | Epochs:  90 | Domain: p | loss: 0.1522 | Acc: 94.74%
2023-11-20 10:41 after_fed Round:  18 | Epochs:  90 | Domain: c | loss: 0.3659 | Acc: 89.03%
2023-11-20 10:41 after_fed Round:  18 | Epochs:  90 | Domain: s | loss: 0.1579 | Acc: 93.97%
2023-11-20 10:41 test_domain Round:  18 | Epochs:  90 | Domain: a | loss: 0.8737 | Acc: 77.29%
2023-11-20 10:41 before_fed Round:  19 | Epochs:  95 | Domain: p | loss: 0.0153 | Acc: 99.42%
2023-11-20 10:42 before_fed Round:  19 | Epochs:  95 | Domain: c | loss: 0.2471 | Acc: 93.25%
2023-11-20 10:42 before_fed Round:  19 | Epochs:  95 | Domain: s | loss: 0.1532 | Acc: 94.97%
2023-11-20 10:42 after_fed Round:  19 | Epochs:  95 | Domain: p | loss: 0.1500 | Acc: 94.74%
2023-11-20 10:42 after_fed Round:  19 | Epochs:  95 | Domain: c | loss: 0.4435 | Acc: 88.19%
2023-11-20 10:42 after_fed Round:  19 | Epochs:  95 | Domain: s | loss: 0.1550 | Acc: 93.22%
2023-11-20 10:42 test_domain Round:  19 | Epochs:  95 | Domain: a | loss: 0.9531 | Acc: 77.00%
2023-11-20 10:42 before_fed Round:  20 | Epochs: 100 | Domain: p | loss: 0.0401 | Acc: 99.42%
2023-11-20 10:42 before_fed Round:  20 | Epochs: 100 | Domain: c | loss: 0.1770 | Acc: 93.67%
2023-11-20 10:43 before_fed Round:  20 | Epochs: 100 | Domain: s | loss: 0.1236 | Acc: 95.98%
2023-11-20 10:43 after_fed Round:  20 | Epochs: 100 | Domain: p | loss: 0.0970 | Acc: 97.08%
2023-11-20 10:43 after_fed Round:  20 | Epochs: 100 | Domain: c | loss: 0.3491 | Acc: 90.72%
2023-11-20 10:43 after_fed Round:  20 | Epochs: 100 | Domain: s | loss: 0.1367 | Acc: 94.47%
2023-11-20 10:43 Model saved! Best Val Acc: 93.91%
2023-11-20 10:43 test_domain Round:  20 | Epochs: 100 | Domain: a | loss: 0.7692 | Acc: 80.13%
2023-11-20 10:43 before_fed Round:  21 | Epochs: 105 | Domain: p | loss: 0.0633 | Acc: 98.83%
2023-11-20 10:43 before_fed Round:  21 | Epochs: 105 | Domain: c | loss: 0.1737 | Acc: 94.94%
2023-11-20 10:43 before_fed Round:  21 | Epochs: 105 | Domain: s | loss: 0.1593 | Acc: 95.48%
2023-11-20 10:43 after_fed Round:  21 | Epochs: 105 | Domain: p | loss: 0.1375 | Acc: 95.91%
2023-11-20 10:43 after_fed Round:  21 | Epochs: 105 | Domain: c | loss: 0.2766 | Acc: 93.25%
2023-11-20 10:43 after_fed Round:  21 | Epochs: 105 | Domain: s | loss: 0.1702 | Acc: 93.97%
2023-11-20 10:43 Model saved! Best Val Acc: 94.16%
2023-11-20 10:43 test_domain Round:  21 | Epochs: 105 | Domain: a | loss: 0.8051 | Acc: 78.91%
2023-11-20 10:44 before_fed Round:  22 | Epochs: 110 | Domain: p | loss: 0.0509 | Acc: 98.83%
2023-11-20 10:44 before_fed Round:  22 | Epochs: 110 | Domain: c | loss: 0.1940 | Acc: 93.67%
2023-11-20 10:44 before_fed Round:  22 | Epochs: 110 | Domain: s | loss: 0.1360 | Acc: 95.48%
2023-11-20 10:44 after_fed Round:  22 | Epochs: 110 | Domain: p | loss: 0.1616 | Acc: 94.15%
2023-11-20 10:44 after_fed Round:  22 | Epochs: 110 | Domain: c | loss: 0.3445 | Acc: 90.72%
2023-11-20 10:44 after_fed Round:  22 | Epochs: 110 | Domain: s | loss: 0.1448 | Acc: 94.22%
2023-11-20 10:44 test_domain Round:  22 | Epochs: 110 | Domain: a | loss: 0.8853 | Acc: 76.95%
2023-11-20 10:44 before_fed Round:  23 | Epochs: 115 | Domain: p | loss: 0.0144 | Acc: 99.42%
2023-11-20 10:45 before_fed Round:  23 | Epochs: 115 | Domain: c | loss: 0.1761 | Acc: 94.94%
2023-11-20 10:45 before_fed Round:  23 | Epochs: 115 | Domain: s | loss: 0.1429 | Acc: 95.98%
2023-11-20 10:45 after_fed Round:  23 | Epochs: 115 | Domain: p | loss: 0.1553 | Acc: 95.32%
2023-11-20 10:45 after_fed Round:  23 | Epochs: 115 | Domain: c | loss: 0.4351 | Acc: 89.03%
2023-11-20 10:45 after_fed Round:  23 | Epochs: 115 | Domain: s | loss: 0.1676 | Acc: 93.47%
2023-11-20 10:45 test_domain Round:  23 | Epochs: 115 | Domain: a | loss: 0.9329 | Acc: 77.10%
2023-11-20 10:45 before_fed Round:  24 | Epochs: 120 | Domain: p | loss: 0.0293 | Acc: 99.42%
2023-11-20 10:45 before_fed Round:  24 | Epochs: 120 | Domain: c | loss: 0.2049 | Acc: 95.36%
2023-11-20 10:46 before_fed Round:  24 | Epochs: 120 | Domain: s | loss: 0.1132 | Acc: 96.73%
2023-11-20 10:46 after_fed Round:  24 | Epochs: 120 | Domain: p | loss: 0.1470 | Acc: 95.91%
2023-11-20 10:46 after_fed Round:  24 | Epochs: 120 | Domain: c | loss: 0.4042 | Acc: 88.61%
2023-11-20 10:46 after_fed Round:  24 | Epochs: 120 | Domain: s | loss: 0.1450 | Acc: 93.97%
2023-11-20 10:46 test_domain Round:  24 | Epochs: 120 | Domain: a | loss: 0.8582 | Acc: 78.42%
2023-11-20 10:46 before_fed Round:  25 | Epochs: 125 | Domain: p | loss: 0.0351 | Acc: 99.42%
2023-11-20 10:46 before_fed Round:  25 | Epochs: 125 | Domain: c | loss: 0.1857 | Acc: 95.36%
2023-11-20 10:46 before_fed Round:  25 | Epochs: 125 | Domain: s | loss: 0.1441 | Acc: 95.73%
2023-11-20 10:46 after_fed Round:  25 | Epochs: 125 | Domain: p | loss: 0.1212 | Acc: 95.91%
2023-11-20 10:46 after_fed Round:  25 | Epochs: 125 | Domain: c | loss: 0.3706 | Acc: 89.87%
2023-11-20 10:47 after_fed Round:  25 | Epochs: 125 | Domain: s | loss: 0.1649 | Acc: 93.22%
2023-11-20 10:47 test_domain Round:  25 | Epochs: 125 | Domain: a | loss: 0.8203 | Acc: 77.83%
2023-11-20 10:47 before_fed Round:  26 | Epochs: 130 | Domain: p | loss: 0.0256 | Acc: 98.83%
2023-11-20 10:47 before_fed Round:  26 | Epochs: 130 | Domain: c | loss: 0.2058 | Acc: 93.67%
2023-11-20 10:47 before_fed Round:  26 | Epochs: 130 | Domain: s | loss: 0.1740 | Acc: 94.97%
2023-11-20 10:47 after_fed Round:  26 | Epochs: 130 | Domain: p | loss: 0.1443 | Acc: 95.32%
2023-11-20 10:47 after_fed Round:  26 | Epochs: 130 | Domain: c | loss: 0.3281 | Acc: 90.30%
2023-11-20 10:47 after_fed Round:  26 | Epochs: 130 | Domain: s | loss: 0.1620 | Acc: 93.97%
2023-11-20 10:47 test_domain Round:  26 | Epochs: 130 | Domain: a | loss: 0.7976 | Acc: 79.69%
2023-11-20 10:47 before_fed Round:  27 | Epochs: 135 | Domain: p | loss: 0.0438 | Acc: 98.83%
2023-11-20 10:48 before_fed Round:  27 | Epochs: 135 | Domain: c | loss: 0.2482 | Acc: 94.09%
2023-11-20 10:48 before_fed Round:  27 | Epochs: 135 | Domain: s | loss: 0.1530 | Acc: 95.48%
2023-11-20 10:48 after_fed Round:  27 | Epochs: 135 | Domain: p | loss: 0.1359 | Acc: 95.91%
2023-11-20 10:48 after_fed Round:  27 | Epochs: 135 | Domain: c | loss: 0.3903 | Acc: 88.19%
2023-11-20 10:48 after_fed Round:  27 | Epochs: 135 | Domain: s | loss: 0.1360 | Acc: 94.47%
2023-11-20 10:48 test_domain Round:  27 | Epochs: 135 | Domain: a | loss: 0.8084 | Acc: 79.20%
2023-11-20 10:48 before_fed Round:  28 | Epochs: 140 | Domain: p | loss: 0.0506 | Acc: 99.42%
2023-11-20 10:48 before_fed Round:  28 | Epochs: 140 | Domain: c | loss: 0.2041 | Acc: 95.36%
2023-11-20 10:49 before_fed Round:  28 | Epochs: 140 | Domain: s | loss: 0.1577 | Acc: 95.73%
2023-11-20 10:49 after_fed Round:  28 | Epochs: 140 | Domain: p | loss: 0.1581 | Acc: 95.91%
2023-11-20 10:49 after_fed Round:  28 | Epochs: 140 | Domain: c | loss: 0.3946 | Acc: 88.61%
2023-11-20 10:49 after_fed Round:  28 | Epochs: 140 | Domain: s | loss: 0.1488 | Acc: 94.47%
2023-11-20 10:49 test_domain Round:  28 | Epochs: 140 | Domain: a | loss: 0.8660 | Acc: 78.42%
2023-11-20 10:49 before_fed Round:  29 | Epochs: 145 | Domain: p | loss: 0.0300 | Acc: 98.83%
2023-11-20 10:49 before_fed Round:  29 | Epochs: 145 | Domain: c | loss: 0.2237 | Acc: 93.67%
2023-11-20 10:50 before_fed Round:  29 | Epochs: 145 | Domain: s | loss: 0.1255 | Acc: 95.73%
2023-11-20 10:50 after_fed Round:  29 | Epochs: 145 | Domain: p | loss: 0.1440 | Acc: 96.49%
2023-11-20 10:50 after_fed Round:  29 | Epochs: 145 | Domain: c | loss: 0.3435 | Acc: 90.72%
2023-11-20 10:50 after_fed Round:  29 | Epochs: 145 | Domain: s | loss: 0.1641 | Acc: 93.72%
2023-11-20 10:50 test_domain Round:  29 | Epochs: 145 | Domain: a | loss: 0.7576 | Acc: 80.22%
2023-11-20 10:50 before_fed Round:  30 | Epochs: 150 | Domain: p | loss: 0.0467 | Acc: 98.83%
2023-11-20 10:50 before_fed Round:  30 | Epochs: 150 | Domain: c | loss: 0.2232 | Acc: 94.09%
2023-11-20 10:50 before_fed Round:  30 | Epochs: 150 | Domain: s | loss: 0.1446 | Acc: 95.23%
2023-11-20 10:50 after_fed Round:  30 | Epochs: 150 | Domain: p | loss: 0.1401 | Acc: 95.32%
2023-11-20 10:50 after_fed Round:  30 | Epochs: 150 | Domain: c | loss: 0.3620 | Acc: 89.87%
2023-11-20 10:50 after_fed Round:  30 | Epochs: 150 | Domain: s | loss: 0.1748 | Acc: 93.72%
2023-11-20 10:50 test_domain Round:  30 | Epochs: 150 | Domain: a | loss: 0.8240 | Acc: 78.47%
2023-11-20 10:51 before_fed Round:  31 | Epochs: 155 | Domain: p | loss: 0.0311 | Acc: 99.42%
2023-11-20 10:51 before_fed Round:  31 | Epochs: 155 | Domain: c | loss: 0.2023 | Acc: 95.36%
2023-11-20 10:51 before_fed Round:  31 | Epochs: 155 | Domain: s | loss: 0.1145 | Acc: 96.23%
2023-11-20 10:51 after_fed Round:  31 | Epochs: 155 | Domain: p | loss: 0.1565 | Acc: 95.32%
2023-11-20 10:51 after_fed Round:  31 | Epochs: 155 | Domain: c | loss: 0.3059 | Acc: 92.41%
2023-11-20 10:51 after_fed Round:  31 | Epochs: 155 | Domain: s | loss: 0.1638 | Acc: 93.97%
2023-11-20 10:51 test_domain Round:  31 | Epochs: 155 | Domain: a | loss: 0.7866 | Acc: 79.39%
2023-11-20 10:51 before_fed Round:  32 | Epochs: 160 | Domain: p | loss: 0.0446 | Acc: 99.42%
2023-11-20 10:52 before_fed Round:  32 | Epochs: 160 | Domain: c | loss: 0.2178 | Acc: 94.94%
2023-11-20 10:52 before_fed Round:  32 | Epochs: 160 | Domain: s | loss: 0.1365 | Acc: 96.23%
2023-11-20 10:52 after_fed Round:  32 | Epochs: 160 | Domain: p | loss: 0.1566 | Acc: 94.15%
2023-11-20 10:52 after_fed Round:  32 | Epochs: 160 | Domain: c | loss: 0.3818 | Acc: 90.30%
2023-11-20 10:52 after_fed Round:  32 | Epochs: 160 | Domain: s | loss: 0.1448 | Acc: 94.72%
2023-11-20 10:52 test_domain Round:  32 | Epochs: 160 | Domain: a | loss: 0.8373 | Acc: 78.91%
2023-11-20 10:52 before_fed Round:  33 | Epochs: 165 | Domain: p | loss: 0.0336 | Acc: 98.83%
2023-11-20 10:52 before_fed Round:  33 | Epochs: 165 | Domain: c | loss: 0.2036 | Acc: 94.94%
2023-11-20 10:53 before_fed Round:  33 | Epochs: 165 | Domain: s | loss: 0.1133 | Acc: 95.98%
2023-11-20 10:53 after_fed Round:  33 | Epochs: 165 | Domain: p | loss: 0.1885 | Acc: 94.15%
2023-11-20 10:53 after_fed Round:  33 | Epochs: 165 | Domain: c | loss: 0.3545 | Acc: 90.30%
2023-11-20 10:53 after_fed Round:  33 | Epochs: 165 | Domain: s | loss: 0.1329 | Acc: 95.23%
2023-11-20 10:53 test_domain Round:  33 | Epochs: 165 | Domain: a | loss: 0.9064 | Acc: 78.37%
2023-11-20 10:53 before_fed Round:  34 | Epochs: 170 | Domain: p | loss: 0.0397 | Acc: 98.25%
2023-11-20 10:53 before_fed Round:  34 | Epochs: 170 | Domain: c | loss: 0.1787 | Acc: 96.20%
2023-11-20 10:53 before_fed Round:  34 | Epochs: 170 | Domain: s | loss: 0.1545 | Acc: 95.48%
2023-11-20 10:53 after_fed Round:  34 | Epochs: 170 | Domain: p | loss: 0.1441 | Acc: 94.74%
2023-11-20 10:53 after_fed Round:  34 | Epochs: 170 | Domain: c | loss: 0.3165 | Acc: 90.72%
2023-11-20 10:53 after_fed Round:  34 | Epochs: 170 | Domain: s | loss: 0.1610 | Acc: 95.23%
2023-11-20 10:53 test_domain Round:  34 | Epochs: 170 | Domain: a | loss: 0.8940 | Acc: 77.59%
2023-11-20 10:54 before_fed Round:  35 | Epochs: 175 | Domain: p | loss: 0.0205 | Acc: 98.83%
2023-11-20 10:54 before_fed Round:  35 | Epochs: 175 | Domain: c | loss: 0.2124 | Acc: 95.36%
2023-11-20 10:54 before_fed Round:  35 | Epochs: 175 | Domain: s | loss: 0.1532 | Acc: 95.73%
2023-11-20 10:54 after_fed Round:  35 | Epochs: 175 | Domain: p | loss: 0.1508 | Acc: 95.32%
2023-11-20 10:54 after_fed Round:  35 | Epochs: 175 | Domain: c | loss: 0.3489 | Acc: 91.14%
2023-11-20 10:54 after_fed Round:  35 | Epochs: 175 | Domain: s | loss: 0.1762 | Acc: 93.97%
2023-11-20 10:54 test_domain Round:  35 | Epochs: 175 | Domain: a | loss: 0.8526 | Acc: 78.61%
2023-11-20 10:54 before_fed Round:  36 | Epochs: 180 | Domain: p | loss: 0.0390 | Acc: 98.25%
2023-11-20 10:55 before_fed Round:  36 | Epochs: 180 | Domain: c | loss: 0.2285 | Acc: 94.51%
2023-11-20 10:55 before_fed Round:  36 | Epochs: 180 | Domain: s | loss: 0.1217 | Acc: 96.98%
2023-11-20 10:55 after_fed Round:  36 | Epochs: 180 | Domain: p | loss: 0.1373 | Acc: 95.32%
2023-11-20 10:55 after_fed Round:  36 | Epochs: 180 | Domain: c | loss: 0.4226 | Acc: 89.03%
2023-11-20 10:55 after_fed Round:  36 | Epochs: 180 | Domain: s | loss: 0.1547 | Acc: 94.97%
2023-11-20 10:55 test_domain Round:  36 | Epochs: 180 | Domain: a | loss: 0.8658 | Acc: 78.42%
2023-11-20 10:55 before_fed Round:  37 | Epochs: 185 | Domain: p | loss: 0.0348 | Acc: 98.83%
2023-11-20 10:55 before_fed Round:  37 | Epochs: 185 | Domain: c | loss: 0.1716 | Acc: 97.05%
2023-11-20 10:56 before_fed Round:  37 | Epochs: 185 | Domain: s | loss: 0.1662 | Acc: 95.48%
2023-11-20 10:56 after_fed Round:  37 | Epochs: 185 | Domain: p | loss: 0.1356 | Acc: 95.91%
2023-11-20 10:56 after_fed Round:  37 | Epochs: 185 | Domain: c | loss: 0.3417 | Acc: 91.14%
2023-11-20 10:56 after_fed Round:  37 | Epochs: 185 | Domain: s | loss: 0.1571 | Acc: 93.97%
2023-11-20 10:56 test_domain Round:  37 | Epochs: 185 | Domain: a | loss: 0.8713 | Acc: 78.22%
2023-11-20 10:56 before_fed Round:  38 | Epochs: 190 | Domain: p | loss: 0.0346 | Acc: 99.42%
2023-11-20 10:56 before_fed Round:  38 | Epochs: 190 | Domain: c | loss: 0.2112 | Acc: 94.09%
2023-11-20 10:56 before_fed Round:  38 | Epochs: 190 | Domain: s | loss: 0.1623 | Acc: 95.23%
2023-11-20 10:56 after_fed Round:  38 | Epochs: 190 | Domain: p | loss: 0.1415 | Acc: 95.91%
2023-11-20 10:56 after_fed Round:  38 | Epochs: 190 | Domain: c | loss: 0.3541 | Acc: 90.30%
2023-11-20 10:56 after_fed Round:  38 | Epochs: 190 | Domain: s | loss: 0.1531 | Acc: 94.22%
2023-11-20 10:56 test_domain Round:  38 | Epochs: 190 | Domain: a | loss: 0.8917 | Acc: 78.61%
2023-11-20 10:57 before_fed Round:  39 | Epochs: 195 | Domain: p | loss: 0.0166 | Acc: 98.83%
2023-11-20 10:57 before_fed Round:  39 | Epochs: 195 | Domain: c | loss: 0.2016 | Acc: 95.36%
2023-11-20 10:57 before_fed Round:  39 | Epochs: 195 | Domain: s | loss: 0.1402 | Acc: 96.48%
2023-11-20 10:57 after_fed Round:  39 | Epochs: 195 | Domain: p | loss: 0.1360 | Acc: 96.49%
2023-11-20 10:57 after_fed Round:  39 | Epochs: 195 | Domain: c | loss: 0.3088 | Acc: 91.14%
2023-11-20 10:57 after_fed Round:  39 | Epochs: 195 | Domain: s | loss: 0.1513 | Acc: 95.73%
2023-11-20 10:57 Model saved! Best Val Acc: 94.53%
2023-11-20 10:57 test_domain Round:  39 | Epochs: 195 | Domain: a | loss: 0.8546 | Acc: 79.25%
2023-11-20 10:57 before_fed Round:  40 | Epochs: 200 | Domain: p | loss: 0.0230 | Acc: 99.42%
2023-11-20 10:58 before_fed Round:  40 | Epochs: 200 | Domain: c | loss: 0.1808 | Acc: 95.36%
2023-11-20 10:58 before_fed Round:  40 | Epochs: 200 | Domain: s | loss: 0.1231 | Acc: 95.98%
2023-11-20 10:58 after_fed Round:  40 | Epochs: 200 | Domain: p | loss: 0.1343 | Acc: 96.49%
2023-11-20 10:58 after_fed Round:  40 | Epochs: 200 | Domain: c | loss: 0.3117 | Acc: 91.14%
2023-11-20 10:58 after_fed Round:  40 | Epochs: 200 | Domain: s | loss: 0.1569 | Acc: 95.73%
2023-11-20 10:58 Model saved! Best Val Acc: 94.53%
2023-11-20 10:58 test_domain Round:  40 | Epochs: 200 | Domain: a | loss: 0.8503 | Acc: 79.39%
