2023-11-19 11:31 before_fed Round:   0 | Epochs:   0 | Domain: p | loss: 0.0588 | Acc: 98.25%
2023-11-19 11:31 before_fed Round:   0 | Epochs:   0 | Domain: c | loss: 0.2142 | Acc: 92.41%
2023-11-19 11:32 before_fed Round:   0 | Epochs:   0 | Domain: s | loss: 0.2204 | Acc: 92.96%
2023-11-19 11:32 after_fed Round:   0 | Epochs:   0 | Domain: p | loss: 0.1990 | Acc: 97.08%
2023-11-19 11:32 after_fed Round:   0 | Epochs:   0 | Domain: c | loss: 0.6235 | Acc: 76.79%
2023-11-19 11:32 after_fed Round:   0 | Epochs:   0 | Domain: s | loss: 0.6038 | Acc: 80.90%
2023-11-19 11:32 Model saved! Best Val Acc: 84.92%
2023-11-19 11:32 test_domain Round:   0 | Epochs:   0 | Domain: a | loss: 0.9500 | Acc: 67.38%
2023-11-19 11:32 Round 0 FedAvg weight: {'p': 0.30051532893363614, 'c': 0.35664364203104126, 's': 0.34284102903532265}
2023-11-19 11:32 before_fed Round:   1 | Epochs:   5 | Domain: p | loss: 0.0464 | Acc: 98.83%
2023-11-19 11:32 before_fed Round:   1 | Epochs:   5 | Domain: c | loss: 0.1719 | Acc: 94.51%
2023-11-19 11:32 before_fed Round:   1 | Epochs:   5 | Domain: s | loss: 0.2306 | Acc: 92.21%
2023-11-19 11:32 after_fed Round:   1 | Epochs:   5 | Domain: p | loss: 0.1288 | Acc: 95.91%
2023-11-19 11:32 after_fed Round:   1 | Epochs:   5 | Domain: c | loss: 0.3772 | Acc: 87.76%
2023-11-19 11:32 after_fed Round:   1 | Epochs:   5 | Domain: s | loss: 0.3231 | Acc: 89.20%
2023-11-19 11:32 Model saved! Best Val Acc: 90.70%
2023-11-19 11:32 test_domain Round:   1 | Epochs:   5 | Domain: a | loss: 0.7690 | Acc: 74.46%
2023-11-19 11:32 Round 1 FedAvg weight: {'p': 0.2927088459783038, 'c': 0.37617056739111077, 's': 0.33112058663058536}
2023-11-19 11:33 before_fed Round:   2 | Epochs:  10 | Domain: p | loss: 0.0615 | Acc: 98.25%
2023-11-19 11:33 before_fed Round:   2 | Epochs:  10 | Domain: c | loss: 0.1734 | Acc: 94.94%
2023-11-19 11:33 before_fed Round:   2 | Epochs:  10 | Domain: s | loss: 0.1447 | Acc: 95.23%
2023-11-19 11:33 after_fed Round:   2 | Epochs:  10 | Domain: p | loss: 0.1078 | Acc: 94.15%
2023-11-19 11:33 after_fed Round:   2 | Epochs:  10 | Domain: c | loss: 0.3836 | Acc: 88.19%
2023-11-19 11:33 after_fed Round:   2 | Epochs:  10 | Domain: s | loss: 0.2649 | Acc: 89.95%
2023-11-19 11:33 test_domain Round:   2 | Epochs:  10 | Domain: a | loss: 0.6932 | Acc: 77.54%
2023-11-19 11:33 Round 2 FedAvg weight: {'p': 0.28749818099979774, 'c': 0.3818947567690455, 's': 0.3306070622311568}
2023-11-19 11:33 before_fed Round:   3 | Epochs:  15 | Domain: p | loss: 0.0217 | Acc: 99.42%
2023-11-19 11:34 before_fed Round:   3 | Epochs:  15 | Domain: c | loss: 0.1491 | Acc: 96.20%
2023-11-19 11:34 before_fed Round:   3 | Epochs:  15 | Domain: s | loss: 0.1641 | Acc: 94.72%
2023-11-19 11:34 after_fed Round:   3 | Epochs:  15 | Domain: p | loss: 0.1279 | Acc: 95.91%
2023-11-19 11:34 after_fed Round:   3 | Epochs:  15 | Domain: c | loss: 0.3289 | Acc: 89.87%
2023-11-19 11:34 after_fed Round:   3 | Epochs:  15 | Domain: s | loss: 0.2296 | Acc: 92.46%
2023-11-19 11:34 Model saved! Best Val Acc: 92.46%
2023-11-19 11:34 test_domain Round:   3 | Epochs:  15 | Domain: a | loss: 0.7344 | Acc: 77.44%
2023-11-19 11:34 Round 3 FedAvg weight: {'p': 0.28776842497520355, 'c': 0.3971447486994042, 's': 0.31508682632539226}
2023-11-19 11:34 before_fed Round:   4 | Epochs:  20 | Domain: p | loss: 0.0184 | Acc: 99.42%
2023-11-19 11:34 before_fed Round:   4 | Epochs:  20 | Domain: c | loss: 0.1885 | Acc: 94.09%
2023-11-19 11:35 before_fed Round:   4 | Epochs:  20 | Domain: s | loss: 0.1455 | Acc: 94.22%
2023-11-19 11:35 after_fed Round:   4 | Epochs:  20 | Domain: p | loss: 0.1138 | Acc: 95.91%
2023-11-19 11:35 after_fed Round:   4 | Epochs:  20 | Domain: c | loss: 0.3065 | Acc: 90.72%
2023-11-19 11:35 after_fed Round:   4 | Epochs:  20 | Domain: s | loss: 0.2496 | Acc: 90.95%
2023-11-19 11:35 test_domain Round:   4 | Epochs:  20 | Domain: a | loss: 0.6850 | Acc: 79.83%
2023-11-19 11:35 Round 4 FedAvg weight: {'p': 0.29653418228130185, 'c': 0.38736479427624004, 's': 0.3161010234424581}
2023-11-19 11:35 before_fed Round:   5 | Epochs:  25 | Domain: p | loss: 0.0166 | Acc: 100.00%
2023-11-19 11:35 before_fed Round:   5 | Epochs:  25 | Domain: c | loss: 0.2300 | Acc: 94.09%
2023-11-19 11:35 before_fed Round:   5 | Epochs:  25 | Domain: s | loss: 0.1346 | Acc: 95.73%
2023-11-19 11:35 after_fed Round:   5 | Epochs:  25 | Domain: p | loss: 0.0934 | Acc: 95.91%
2023-11-19 11:35 after_fed Round:   5 | Epochs:  25 | Domain: c | loss: 0.3450 | Acc: 91.56%
2023-11-19 11:35 after_fed Round:   5 | Epochs:  25 | Domain: s | loss: 0.2133 | Acc: 92.21%
2023-11-19 11:35 Model saved! Best Val Acc: 93.06%
2023-11-19 11:36 test_domain Round:   5 | Epochs:  25 | Domain: a | loss: 0.7861 | Acc: 77.88%
2023-11-19 11:36 Round 5 FedAvg weight: {'p': 0.3103901866692153, 'c': 0.3695347880491931, 's': 0.32007502528159165}
2023-11-19 11:36 before_fed Round:   6 | Epochs:  30 | Domain: p | loss: 0.0386 | Acc: 98.25%
2023-11-19 11:36 before_fed Round:   6 | Epochs:  30 | Domain: c | loss: 0.2284 | Acc: 92.83%
2023-11-19 11:36 before_fed Round:   6 | Epochs:  30 | Domain: s | loss: 0.1711 | Acc: 94.72%
2023-11-19 11:36 after_fed Round:   6 | Epochs:  30 | Domain: p | loss: 0.0844 | Acc: 96.49%
2023-11-19 11:36 after_fed Round:   6 | Epochs:  30 | Domain: c | loss: 0.3294 | Acc: 91.14%
2023-11-19 11:36 after_fed Round:   6 | Epochs:  30 | Domain: s | loss: 0.2119 | Acc: 92.96%
2023-11-19 11:36 Model saved! Best Val Acc: 93.38%
2023-11-19 11:36 test_domain Round:   6 | Epochs:  30 | Domain: a | loss: 0.7760 | Acc: 78.86%
2023-11-19 11:36 Round 6 FedAvg weight: {'p': 0.3143522056226959, 'c': 0.3629108940754264, 's': 0.32273690030187757}
2023-11-19 11:36 before_fed Round:   7 | Epochs:  35 | Domain: p | loss: 0.0487 | Acc: 98.83%
2023-11-19 11:37 before_fed Round:   7 | Epochs:  35 | Domain: c | loss: 0.1645 | Acc: 96.20%
2023-11-19 11:37 before_fed Round:   7 | Epochs:  35 | Domain: s | loss: 0.1650 | Acc: 95.23%
2023-11-19 11:37 after_fed Round:   7 | Epochs:  35 | Domain: p | loss: 0.0899 | Acc: 96.49%
2023-11-19 11:37 after_fed Round:   7 | Epochs:  35 | Domain: c | loss: 0.3075 | Acc: 92.83%
2023-11-19 11:37 after_fed Round:   7 | Epochs:  35 | Domain: s | loss: 0.2177 | Acc: 92.46%
2023-11-19 11:37 Model saved! Best Val Acc: 93.86%
2023-11-19 11:37 test_domain Round:   7 | Epochs:  35 | Domain: a | loss: 0.7931 | Acc: 78.66%
2023-11-19 11:37 Round 7 FedAvg weight: {'p': 0.3095604548466962, 'c': 0.3672987262461494, 's': 0.3231408189071544}
2023-11-19 11:37 before_fed Round:   8 | Epochs:  40 | Domain: p | loss: 0.0137 | Acc: 100.00%
2023-11-19 11:37 before_fed Round:   8 | Epochs:  40 | Domain: c | loss: 0.1856 | Acc: 94.09%
2023-11-19 11:38 before_fed Round:   8 | Epochs:  40 | Domain: s | loss: 0.1912 | Acc: 93.72%
2023-11-19 11:38 after_fed Round:   8 | Epochs:  40 | Domain: p | loss: 0.1065 | Acc: 94.74%
2023-11-19 11:38 after_fed Round:   8 | Epochs:  40 | Domain: c | loss: 0.3148 | Acc: 92.83%
2023-11-19 11:38 after_fed Round:   8 | Epochs:  40 | Domain: s | loss: 0.1950 | Acc: 93.47%
2023-11-19 11:38 test_domain Round:   8 | Epochs:  40 | Domain: a | loss: 0.7627 | Acc: 79.93%
2023-11-19 11:38 Round 8 FedAvg weight: {'p': 0.34043915711613226, 'c': 0.355348871521459, 's': 0.30421197136240885}
2023-11-19 11:38 before_fed Round:   9 | Epochs:  45 | Domain: p | loss: 0.0168 | Acc: 99.42%
2023-11-19 11:38 before_fed Round:   9 | Epochs:  45 | Domain: c | loss: 0.2001 | Acc: 95.36%
2023-11-19 11:39 before_fed Round:   9 | Epochs:  45 | Domain: s | loss: 0.1871 | Acc: 94.22%
2023-11-19 11:39 after_fed Round:   9 | Epochs:  45 | Domain: p | loss: 0.0702 | Acc: 98.25%
2023-11-19 11:39 after_fed Round:   9 | Epochs:  45 | Domain: c | loss: 0.3718 | Acc: 91.98%
2023-11-19 11:39 after_fed Round:   9 | Epochs:  45 | Domain: s | loss: 0.1860 | Acc: 92.96%
2023-11-19 11:39 Model saved! Best Val Acc: 94.41%
2023-11-19 11:39 test_domain Round:   9 | Epochs:  45 | Domain: a | loss: 0.7340 | Acc: 79.98%
2023-11-19 11:39 Round 9 FedAvg weight: {'p': 0.32878185055966047, 'c': 0.3743669405250306, 's': 0.29685120891530886}
2023-11-19 11:39 before_fed Round:  10 | Epochs:  50 | Domain: p | loss: 0.0327 | Acc: 98.25%
2023-11-19 11:39 before_fed Round:  10 | Epochs:  50 | Domain: c | loss: 0.2025 | Acc: 95.78%
2023-11-19 11:39 before_fed Round:  10 | Epochs:  50 | Domain: s | loss: 0.1888 | Acc: 95.23%
2023-11-19 11:39 after_fed Round:  10 | Epochs:  50 | Domain: p | loss: 0.0770 | Acc: 96.49%
2023-11-19 11:39 after_fed Round:  10 | Epochs:  50 | Domain: c | loss: 0.3712 | Acc: 89.87%
2023-11-19 11:39 after_fed Round:  10 | Epochs:  50 | Domain: s | loss: 0.2292 | Acc: 91.46%
2023-11-19 11:39 test_domain Round:  10 | Epochs:  50 | Domain: a | loss: 0.7923 | Acc: 79.20%
2023-11-19 11:39 Round 10 FedAvg weight: {'p': 0.312849290177564, 'c': 0.3873120096397565, 's': 0.29983870018267944}
2023-11-19 11:40 before_fed Round:  11 | Epochs:  55 | Domain: p | loss: 0.0184 | Acc: 99.42%
2023-11-19 11:40 before_fed Round:  11 | Epochs:  55 | Domain: c | loss: 0.2372 | Acc: 94.09%
2023-11-19 11:40 before_fed Round:  11 | Epochs:  55 | Domain: s | loss: 0.1263 | Acc: 95.48%
2023-11-19 11:40 after_fed Round:  11 | Epochs:  55 | Domain: p | loss: 0.0668 | Acc: 98.83%
2023-11-19 11:40 after_fed Round:  11 | Epochs:  55 | Domain: c | loss: 0.3359 | Acc: 92.83%
2023-11-19 11:40 after_fed Round:  11 | Epochs:  55 | Domain: s | loss: 0.2276 | Acc: 92.21%
2023-11-19 11:40 Model saved! Best Val Acc: 94.52%
2023-11-19 11:40 test_domain Round:  11 | Epochs:  55 | Domain: a | loss: 0.7173 | Acc: 80.96%
2023-11-19 11:40 Round 11 FedAvg weight: {'p': 0.29842585034292535, 'c': 0.3771473745941149, 's': 0.32442677506295975}
2023-11-19 11:40 before_fed Round:  12 | Epochs:  60 | Domain: p | loss: 0.0093 | Acc: 100.00%
2023-11-19 11:41 before_fed Round:  12 | Epochs:  60 | Domain: c | loss: 0.1993 | Acc: 95.36%
2023-11-19 11:41 before_fed Round:  12 | Epochs:  60 | Domain: s | loss: 0.1354 | Acc: 94.97%
2023-11-19 11:41 after_fed Round:  12 | Epochs:  60 | Domain: p | loss: 0.0617 | Acc: 97.66%
2023-11-19 11:41 after_fed Round:  12 | Epochs:  60 | Domain: c | loss: 0.3431 | Acc: 91.98%
2023-11-19 11:41 after_fed Round:  12 | Epochs:  60 | Domain: s | loss: 0.1822 | Acc: 93.47%
2023-11-19 11:41 test_domain Round:  12 | Epochs:  60 | Domain: a | loss: 0.8070 | Acc: 79.59%
2023-11-19 11:41 Round 12 FedAvg weight: {'p': 0.3008119713595559, 'c': 0.3856040299036929, 's': 0.3135839987367511}
2023-11-19 11:41 before_fed Round:  13 | Epochs:  65 | Domain: p | loss: 0.0076 | Acc: 100.00%
2023-11-19 11:41 before_fed Round:  13 | Epochs:  65 | Domain: c | loss: 0.2470 | Acc: 94.09%
2023-11-19 11:42 before_fed Round:  13 | Epochs:  65 | Domain: s | loss: 0.1418 | Acc: 95.48%
2023-11-19 11:42 after_fed Round:  13 | Epochs:  65 | Domain: p | loss: 0.0550 | Acc: 98.83%
2023-11-19 11:42 after_fed Round:  13 | Epochs:  65 | Domain: c | loss: 0.3034 | Acc: 94.94%
2023-11-19 11:42 after_fed Round:  13 | Epochs:  65 | Domain: s | loss: 0.1890 | Acc: 93.72%
2023-11-19 11:42 Model saved! Best Val Acc: 95.73%
2023-11-19 11:42 test_domain Round:  13 | Epochs:  65 | Domain: a | loss: 0.6537 | Acc: 82.28%
2023-11-19 11:42 Round 13 FedAvg weight: {'p': 0.31445308494075586, 'c': 0.3441770115834545, 's': 0.34136990347578966}
2023-11-19 11:42 before_fed Round:  14 | Epochs:  70 | Domain: p | loss: 0.0337 | Acc: 98.83%
2023-11-19 11:42 before_fed Round:  14 | Epochs:  70 | Domain: c | loss: 0.2258 | Acc: 93.25%
2023-11-19 11:42 before_fed Round:  14 | Epochs:  70 | Domain: s | loss: 0.1974 | Acc: 94.97%
2023-11-19 11:43 after_fed Round:  14 | Epochs:  70 | Domain: p | loss: 0.1043 | Acc: 97.66%
2023-11-19 11:43 after_fed Round:  14 | Epochs:  70 | Domain: c | loss: 0.3278 | Acc: 92.83%
2023-11-19 11:43 after_fed Round:  14 | Epochs:  70 | Domain: s | loss: 0.2049 | Acc: 92.71%
2023-11-19 11:43 test_domain Round:  14 | Epochs:  70 | Domain: a | loss: 0.8569 | Acc: 78.42%
2023-11-19 11:43 Round 14 FedAvg weight: {'p': 0.31367779824855563, 'c': 0.32746630998465687, 's': 0.35885589176678756}
2023-11-19 11:43 before_fed Round:  15 | Epochs:  75 | Domain: p | loss: 0.0227 | Acc: 99.42%
2023-11-19 11:43 before_fed Round:  15 | Epochs:  75 | Domain: c | loss: 0.2232 | Acc: 94.94%
2023-11-19 11:43 before_fed Round:  15 | Epochs:  75 | Domain: s | loss: 0.1605 | Acc: 95.23%
2023-11-19 11:43 after_fed Round:  15 | Epochs:  75 | Domain: p | loss: 0.1129 | Acc: 95.91%
2023-11-19 11:43 after_fed Round:  15 | Epochs:  75 | Domain: c | loss: 0.3465 | Acc: 93.67%
2023-11-19 11:43 after_fed Round:  15 | Epochs:  75 | Domain: s | loss: 0.1770 | Acc: 94.47%
2023-11-19 11:43 test_domain Round:  15 | Epochs:  75 | Domain: a | loss: 0.7425 | Acc: 80.03%
2023-11-19 11:43 Round 15 FedAvg weight: {'p': 0.3341939432091273, 'c': 0.32117116683708014, 's': 0.34463488995379254}
2023-11-19 11:43 before_fed Round:  16 | Epochs:  80 | Domain: p | loss: 0.0104 | Acc: 100.00%
2023-11-19 11:44 before_fed Round:  16 | Epochs:  80 | Domain: c | loss: 0.1908 | Acc: 95.36%
2023-11-19 11:44 before_fed Round:  16 | Epochs:  80 | Domain: s | loss: 0.1806 | Acc: 94.72%
2023-11-19 11:44 after_fed Round:  16 | Epochs:  80 | Domain: p | loss: 0.1025 | Acc: 95.91%
2023-11-19 11:44 after_fed Round:  16 | Epochs:  80 | Domain: c | loss: 0.3337 | Acc: 93.25%
2023-11-19 11:44 after_fed Round:  16 | Epochs:  80 | Domain: s | loss: 0.1669 | Acc: 94.72%
2023-11-19 11:44 test_domain Round:  16 | Epochs:  80 | Domain: a | loss: 0.7543 | Acc: 80.86%
2023-11-19 11:44 Round 16 FedAvg weight: {'p': 0.3535380591262607, 'c': 0.3222950904508665, 's': 0.3241668504228728}
2023-11-19 11:44 before_fed Round:  17 | Epochs:  85 | Domain: p | loss: 0.0115 | Acc: 99.42%
2023-11-19 11:44 before_fed Round:  17 | Epochs:  85 | Domain: c | loss: 0.2340 | Acc: 94.51%
2023-11-19 11:45 before_fed Round:  17 | Epochs:  85 | Domain: s | loss: 0.1624 | Acc: 95.73%
2023-11-19 11:45 after_fed Round:  17 | Epochs:  85 | Domain: p | loss: 0.0746 | Acc: 96.49%
2023-11-19 11:45 after_fed Round:  17 | Epochs:  85 | Domain: c | loss: 0.3401 | Acc: 91.56%
2023-11-19 11:45 after_fed Round:  17 | Epochs:  85 | Domain: s | loss: 0.1841 | Acc: 94.72%
2023-11-19 11:45 test_domain Round:  17 | Epochs:  85 | Domain: a | loss: 0.7924 | Acc: 79.20%
2023-11-19 11:45 Round 17 FedAvg weight: {'p': 0.35961717261550574, 'c': 0.3314048723887024, 's': 0.3089779549957918}
2023-11-19 11:45 before_fed Round:  18 | Epochs:  90 | Domain: p | loss: 0.0085 | Acc: 100.00%
2023-11-19 11:45 before_fed Round:  18 | Epochs:  90 | Domain: c | loss: 0.2274 | Acc: 94.51%
2023-11-19 11:46 before_fed Round:  18 | Epochs:  90 | Domain: s | loss: 0.2549 | Acc: 93.22%
2023-11-19 11:46 after_fed Round:  18 | Epochs:  90 | Domain: p | loss: 0.0891 | Acc: 95.91%
2023-11-19 11:46 after_fed Round:  18 | Epochs:  90 | Domain: c | loss: 0.3558 | Acc: 91.98%
2023-11-19 11:46 after_fed Round:  18 | Epochs:  90 | Domain: s | loss: 0.2056 | Acc: 93.72%
2023-11-19 11:46 test_domain Round:  18 | Epochs:  90 | Domain: a | loss: 0.8056 | Acc: 80.22%
2023-11-19 11:46 Round 18 FedAvg weight: {'p': 0.376371361375317, 'c': 0.33585573228554577, 's': 0.28777290633913716}
2023-11-19 11:46 before_fed Round:  19 | Epochs:  95 | Domain: p | loss: 0.0171 | Acc: 99.42%
2023-11-19 11:46 before_fed Round:  19 | Epochs:  95 | Domain: c | loss: 0.2275 | Acc: 95.36%
2023-11-19 11:46 before_fed Round:  19 | Epochs:  95 | Domain: s | loss: 0.1820 | Acc: 93.97%
2023-11-19 11:46 after_fed Round:  19 | Epochs:  95 | Domain: p | loss: 0.0756 | Acc: 96.49%
2023-11-19 11:46 after_fed Round:  19 | Epochs:  95 | Domain: c | loss: 0.3721 | Acc: 91.14%
2023-11-19 11:46 after_fed Round:  19 | Epochs:  95 | Domain: s | loss: 0.1754 | Acc: 94.22%
2023-11-19 11:46 test_domain Round:  19 | Epochs:  95 | Domain: a | loss: 0.9086 | Acc: 77.73%
2023-11-19 11:46 Round 19 FedAvg weight: {'p': 0.3790768193964733, 'c': 0.3514718347271181, 's': 0.2694513458764085}
2023-11-19 11:47 before_fed Round:  20 | Epochs: 100 | Domain: p | loss: 0.0113 | Acc: 99.42%
2023-11-19 11:47 before_fed Round:  20 | Epochs: 100 | Domain: c | loss: 0.2306 | Acc: 95.36%
2023-11-19 11:47 before_fed Round:  20 | Epochs: 100 | Domain: s | loss: 0.1859 | Acc: 94.47%
2023-11-19 11:47 after_fed Round:  20 | Epochs: 100 | Domain: p | loss: 0.0640 | Acc: 95.91%
2023-11-19 11:47 after_fed Round:  20 | Epochs: 100 | Domain: c | loss: 0.3601 | Acc: 92.83%
2023-11-19 11:47 after_fed Round:  20 | Epochs: 100 | Domain: s | loss: 0.2069 | Acc: 93.22%
2023-11-19 11:47 test_domain Round:  20 | Epochs: 100 | Domain: a | loss: 0.8483 | Acc: 79.49%
2023-11-19 11:47 Round 20 FedAvg weight: {'p': 0.385983197709429, 'c': 0.35116556414022265, 's': 0.2628512381503482}
2023-11-19 11:47 before_fed Round:  21 | Epochs: 105 | Domain: p | loss: 0.0166 | Acc: 99.42%
2023-11-19 11:48 before_fed Round:  21 | Epochs: 105 | Domain: c | loss: 0.2195 | Acc: 94.51%
2023-11-19 11:48 before_fed Round:  21 | Epochs: 105 | Domain: s | loss: 0.2066 | Acc: 93.97%
2023-11-19 11:48 after_fed Round:  21 | Epochs: 105 | Domain: p | loss: 0.0726 | Acc: 97.08%
2023-11-19 11:48 after_fed Round:  21 | Epochs: 105 | Domain: c | loss: 0.3489 | Acc: 92.41%
2023-11-19 11:48 after_fed Round:  21 | Epochs: 105 | Domain: s | loss: 0.1803 | Acc: 93.97%
2023-11-19 11:48 test_domain Round:  21 | Epochs: 105 | Domain: a | loss: 0.7564 | Acc: 81.40%
2023-11-19 11:48 Round 21 FedAvg weight: {'p': 0.3943180948601714, 'c': 0.35850109592791496, 's': 0.24718080921191365}
2023-11-19 11:48 before_fed Round:  22 | Epochs: 110 | Domain: p | loss: 0.0337 | Acc: 98.83%
2023-11-19 11:48 before_fed Round:  22 | Epochs: 110 | Domain: c | loss: 0.2443 | Acc: 94.51%
2023-11-19 11:49 before_fed Round:  22 | Epochs: 110 | Domain: s | loss: 0.1388 | Acc: 95.23%
2023-11-19 11:49 after_fed Round:  22 | Epochs: 110 | Domain: p | loss: 0.0787 | Acc: 97.08%
2023-11-19 11:49 after_fed Round:  22 | Epochs: 110 | Domain: c | loss: 0.3703 | Acc: 92.83%
2023-11-19 11:49 after_fed Round:  22 | Epochs: 110 | Domain: s | loss: 0.1885 | Acc: 94.22%
2023-11-19 11:49 test_domain Round:  22 | Epochs: 110 | Domain: a | loss: 0.8042 | Acc: 80.47%
2023-11-19 11:49 Round 22 FedAvg weight: {'p': 0.3943312023636702, 'c': 0.36006247417872284, 's': 0.24560632345760688}
2023-11-19 11:49 before_fed Round:  23 | Epochs: 115 | Domain: p | loss: 0.0328 | Acc: 99.42%
2023-11-19 11:49 before_fed Round:  23 | Epochs: 115 | Domain: c | loss: 0.2078 | Acc: 94.94%
2023-11-19 11:50 before_fed Round:  23 | Epochs: 115 | Domain: s | loss: 0.1466 | Acc: 95.48%
2023-11-19 11:50 after_fed Round:  23 | Epochs: 115 | Domain: p | loss: 0.0725 | Acc: 96.49%
2023-11-19 11:50 after_fed Round:  23 | Epochs: 115 | Domain: c | loss: 0.3442 | Acc: 92.83%
2023-11-19 11:50 after_fed Round:  23 | Epochs: 115 | Domain: s | loss: 0.1900 | Acc: 94.22%
2023-11-19 11:50 test_domain Round:  23 | Epochs: 115 | Domain: a | loss: 0.7624 | Acc: 80.76%
2023-11-19 11:50 Round 23 FedAvg weight: {'p': 0.3986070872677518, 'c': 0.358567860854552, 's': 0.24282505187769624}
2023-11-19 11:50 before_fed Round:  24 | Epochs: 120 | Domain: p | loss: 0.0167 | Acc: 100.00%
2023-11-19 11:50 before_fed Round:  24 | Epochs: 120 | Domain: c | loss: 0.2304 | Acc: 94.51%
2023-11-19 11:50 before_fed Round:  24 | Epochs: 120 | Domain: s | loss: 0.1951 | Acc: 95.48%
2023-11-19 11:50 after_fed Round:  24 | Epochs: 120 | Domain: p | loss: 0.0426 | Acc: 97.66%
2023-11-19 11:50 after_fed Round:  24 | Epochs: 120 | Domain: c | loss: 0.3386 | Acc: 92.41%
2023-11-19 11:50 after_fed Round:  24 | Epochs: 120 | Domain: s | loss: 0.2123 | Acc: 92.96%
2023-11-19 11:50 test_domain Round:  24 | Epochs: 120 | Domain: a | loss: 0.7363 | Acc: 81.74%
2023-11-19 11:50 Round 24 FedAvg weight: {'p': 0.39405145260934854, 'c': 0.3545272231320688, 's': 0.25142132425858255}
2023-11-19 11:50 before_fed Round:  25 | Epochs: 125 | Domain: p | loss: 0.0166 | Acc: 99.42%
2023-11-19 11:51 before_fed Round:  25 | Epochs: 125 | Domain: c | loss: 0.2572 | Acc: 94.51%
2023-11-19 11:51 before_fed Round:  25 | Epochs: 125 | Domain: s | loss: 0.1766 | Acc: 95.23%
2023-11-19 11:51 after_fed Round:  25 | Epochs: 125 | Domain: p | loss: 0.0655 | Acc: 96.49%
2023-11-19 11:51 after_fed Round:  25 | Epochs: 125 | Domain: c | loss: 0.3620 | Acc: 91.98%
2023-11-19 11:51 after_fed Round:  25 | Epochs: 125 | Domain: s | loss: 0.1996 | Acc: 93.97%
2023-11-19 11:51 test_domain Round:  25 | Epochs: 125 | Domain: a | loss: 0.8162 | Acc: 80.71%
2023-11-19 11:51 Round 25 FedAvg weight: {'p': 0.3964503765399951, 'c': 0.35583430192358495, 's': 0.24771532153641995}
2023-11-19 11:51 before_fed Round:  26 | Epochs: 130 | Domain: p | loss: 0.0098 | Acc: 100.00%
2023-11-19 11:51 before_fed Round:  26 | Epochs: 130 | Domain: c | loss: 0.3211 | Acc: 92.41%
2023-11-19 11:52 before_fed Round:  26 | Epochs: 130 | Domain: s | loss: 0.1464 | Acc: 94.97%
2023-11-19 11:52 after_fed Round:  26 | Epochs: 130 | Domain: p | loss: 0.0582 | Acc: 97.66%
2023-11-19 11:52 after_fed Round:  26 | Epochs: 130 | Domain: c | loss: 0.3931 | Acc: 91.56%
2023-11-19 11:52 after_fed Round:  26 | Epochs: 130 | Domain: s | loss: 0.1815 | Acc: 94.72%
2023-11-19 11:52 test_domain Round:  26 | Epochs: 130 | Domain: a | loss: 0.8015 | Acc: 80.42%
2023-11-19 11:52 Round 26 FedAvg weight: {'p': 0.40652901803636227, 'c': 0.35193573827144686, 's': 0.24153524369219104}
2023-11-19 11:52 before_fed Round:  27 | Epochs: 135 | Domain: p | loss: 0.0256 | Acc: 99.42%
2023-11-19 11:52 before_fed Round:  27 | Epochs: 135 | Domain: c | loss: 0.2656 | Acc: 94.09%
2023-11-19 11:53 before_fed Round:  27 | Epochs: 135 | Domain: s | loss: 0.2247 | Acc: 94.72%
2023-11-19 11:53 after_fed Round:  27 | Epochs: 135 | Domain: p | loss: 0.0490 | Acc: 97.08%
2023-11-19 11:53 after_fed Round:  27 | Epochs: 135 | Domain: c | loss: 0.4314 | Acc: 91.56%
2023-11-19 11:53 after_fed Round:  27 | Epochs: 135 | Domain: s | loss: 0.1754 | Acc: 94.97%
2023-11-19 11:53 test_domain Round:  27 | Epochs: 135 | Domain: a | loss: 0.9264 | Acc: 77.98%
2023-11-19 11:53 Round 27 FedAvg weight: {'p': 0.41060607986581393, 'c': 0.359943732156078, 's': 0.22945018797810798}
2023-11-19 11:53 before_fed Round:  28 | Epochs: 140 | Domain: p | loss: 0.0184 | Acc: 99.42%
2023-11-19 11:53 before_fed Round:  28 | Epochs: 140 | Domain: c | loss: 0.2928 | Acc: 92.41%
2023-11-19 11:53 before_fed Round:  28 | Epochs: 140 | Domain: s | loss: 0.1854 | Acc: 94.97%
2023-11-19 11:53 after_fed Round:  28 | Epochs: 140 | Domain: p | loss: 0.0458 | Acc: 97.08%
2023-11-19 11:53 after_fed Round:  28 | Epochs: 140 | Domain: c | loss: 0.3573 | Acc: 91.98%
2023-11-19 11:53 after_fed Round:  28 | Epochs: 140 | Domain: s | loss: 0.2116 | Acc: 92.96%
2023-11-19 11:53 test_domain Round:  28 | Epochs: 140 | Domain: a | loss: 0.8850 | Acc: 79.83%
2023-11-19 11:53 Round 28 FedAvg weight: {'p': 0.41397783049282777, 'c': 0.34845279104768945, 's': 0.2375693784594829}
2023-11-19 11:54 before_fed Round:  29 | Epochs: 145 | Domain: p | loss: 0.0166 | Acc: 99.42%
2023-11-19 11:54 before_fed Round:  29 | Epochs: 145 | Domain: c | loss: 0.2541 | Acc: 94.09%
2023-11-19 11:54 before_fed Round:  29 | Epochs: 145 | Domain: s | loss: 0.2499 | Acc: 93.72%
2023-11-19 11:54 after_fed Round:  29 | Epochs: 145 | Domain: p | loss: 0.0263 | Acc: 98.83%
2023-11-19 11:54 after_fed Round:  29 | Epochs: 145 | Domain: c | loss: 0.3758 | Acc: 91.56%
2023-11-19 11:54 after_fed Round:  29 | Epochs: 145 | Domain: s | loss: 0.1856 | Acc: 93.22%
2023-11-19 11:54 test_domain Round:  29 | Epochs: 145 | Domain: a | loss: 0.7667 | Acc: 81.54%
2023-11-19 11:54 Round 29 FedAvg weight: {'p': 0.40696275725305137, 'c': 0.35821161682063435, 's': 0.23482562592631434}
2023-11-19 11:54 before_fed Round:  30 | Epochs: 150 | Domain: p | loss: 0.0142 | Acc: 99.42%
2023-11-19 11:55 before_fed Round:  30 | Epochs: 150 | Domain: c | loss: 0.2899 | Acc: 93.67%
2023-11-19 11:55 before_fed Round:  30 | Epochs: 150 | Domain: s | loss: 0.1529 | Acc: 96.48%
2023-11-19 11:55 after_fed Round:  30 | Epochs: 150 | Domain: p | loss: 0.0570 | Acc: 96.49%
2023-11-19 11:55 after_fed Round:  30 | Epochs: 150 | Domain: c | loss: 0.3977 | Acc: 93.25%
2023-11-19 11:55 after_fed Round:  30 | Epochs: 150 | Domain: s | loss: 0.2080 | Acc: 93.47%
2023-11-19 11:55 test_domain Round:  30 | Epochs: 150 | Domain: a | loss: 0.9361 | Acc: 78.91%
2023-11-19 11:55 Round 30 FedAvg weight: {'p': 0.40892558409195273, 'c': 0.34734260596852484, 's': 0.2437318099395224}
2023-11-19 11:55 before_fed Round:  31 | Epochs: 155 | Domain: p | loss: 0.0228 | Acc: 99.42%
2023-11-19 11:55 before_fed Round:  31 | Epochs: 155 | Domain: c | loss: 0.2280 | Acc: 93.67%
2023-11-19 11:56 before_fed Round:  31 | Epochs: 155 | Domain: s | loss: 0.1853 | Acc: 95.23%
2023-11-19 11:56 after_fed Round:  31 | Epochs: 155 | Domain: p | loss: 0.0612 | Acc: 97.08%
2023-11-19 11:56 after_fed Round:  31 | Epochs: 155 | Domain: c | loss: 0.3444 | Acc: 92.83%
2023-11-19 11:56 after_fed Round:  31 | Epochs: 155 | Domain: s | loss: 0.1986 | Acc: 93.97%
2023-11-19 11:56 test_domain Round:  31 | Epochs: 155 | Domain: a | loss: 0.8996 | Acc: 79.20%
2023-11-19 11:56 Round 31 FedAvg weight: {'p': 0.4125433679249923, 'c': 0.34252120546310216, 's': 0.2449354266119056}
2023-11-19 11:56 before_fed Round:  32 | Epochs: 160 | Domain: p | loss: 0.0131 | Acc: 99.42%
2023-11-19 11:56 before_fed Round:  32 | Epochs: 160 | Domain: c | loss: 0.2429 | Acc: 94.09%
2023-11-19 11:57 before_fed Round:  32 | Epochs: 160 | Domain: s | loss: 0.1896 | Acc: 94.22%
2023-11-19 11:57 after_fed Round:  32 | Epochs: 160 | Domain: p | loss: 0.0527 | Acc: 97.08%
2023-11-19 11:57 after_fed Round:  32 | Epochs: 160 | Domain: c | loss: 0.3729 | Acc: 92.83%
2023-11-19 11:57 after_fed Round:  32 | Epochs: 160 | Domain: s | loss: 0.2247 | Acc: 92.96%
2023-11-19 11:57 test_domain Round:  32 | Epochs: 160 | Domain: a | loss: 0.8515 | Acc: 80.47%
2023-11-19 11:57 Round 32 FedAvg weight: {'p': 0.4146184692319668, 'c': 0.340038283010406, 's': 0.24534324775762723}
2023-11-19 11:57 before_fed Round:  33 | Epochs: 165 | Domain: p | loss: 0.0122 | Acc: 100.00%
2023-11-19 11:57 before_fed Round:  33 | Epochs: 165 | Domain: c | loss: 0.2420 | Acc: 93.25%
2023-11-19 11:57 before_fed Round:  33 | Epochs: 165 | Domain: s | loss: 0.1590 | Acc: 95.48%
2023-11-19 11:57 after_fed Round:  33 | Epochs: 165 | Domain: p | loss: 0.0764 | Acc: 95.91%
2023-11-19 11:57 after_fed Round:  33 | Epochs: 165 | Domain: c | loss: 0.3552 | Acc: 92.83%
2023-11-19 11:57 after_fed Round:  33 | Epochs: 165 | Domain: s | loss: 0.2156 | Acc: 92.46%
2023-11-19 11:57 test_domain Round:  33 | Epochs: 165 | Domain: a | loss: 0.8840 | Acc: 79.15%
2023-11-19 11:57 Round 33 FedAvg weight: {'p': 0.41770622636716964, 'c': 0.3332388600033256, 's': 0.2490549136295048}
2023-11-19 11:58 before_fed Round:  34 | Epochs: 170 | Domain: p | loss: 0.0101 | Acc: 100.00%
2023-11-19 11:58 before_fed Round:  34 | Epochs: 170 | Domain: c | loss: 0.2422 | Acc: 94.09%
2023-11-19 11:58 before_fed Round:  34 | Epochs: 170 | Domain: s | loss: 0.1945 | Acc: 93.47%
2023-11-19 11:58 after_fed Round:  34 | Epochs: 170 | Domain: p | loss: 0.0436 | Acc: 97.66%
2023-11-19 11:58 after_fed Round:  34 | Epochs: 170 | Domain: c | loss: 0.3845 | Acc: 91.98%
2023-11-19 11:58 after_fed Round:  34 | Epochs: 170 | Domain: s | loss: 0.1971 | Acc: 92.96%
2023-11-19 11:58 test_domain Round:  34 | Epochs: 170 | Domain: a | loss: 0.8879 | Acc: 79.35%
2023-11-19 11:58 Round 34 FedAvg weight: {'p': 0.4190250280745817, 'c': 0.33547638893882376, 's': 0.24549858298659466}
2023-11-19 11:58 before_fed Round:  35 | Epochs: 175 | Domain: p | loss: 0.0038 | Acc: 100.00%
2023-11-19 11:59 before_fed Round:  35 | Epochs: 175 | Domain: c | loss: 0.2038 | Acc: 94.51%
2023-11-19 11:59 before_fed Round:  35 | Epochs: 175 | Domain: s | loss: 0.1769 | Acc: 94.97%
2023-11-19 11:59 after_fed Round:  35 | Epochs: 175 | Domain: p | loss: 0.0336 | Acc: 98.83%
2023-11-19 11:59 after_fed Round:  35 | Epochs: 175 | Domain: c | loss: 0.3393 | Acc: 93.25%
2023-11-19 11:59 after_fed Round:  35 | Epochs: 175 | Domain: s | loss: 0.1914 | Acc: 93.47%
2023-11-19 11:59 test_domain Round:  35 | Epochs: 175 | Domain: a | loss: 0.8079 | Acc: 80.76%
2023-11-19 11:59 Round 35 FedAvg weight: {'p': 0.4159053461631157, 'c': 0.335108286644611, 's': 0.24898636719227313}
2023-11-19 11:59 before_fed Round:  36 | Epochs: 180 | Domain: p | loss: 0.0084 | Acc: 100.00%
2023-11-19 11:59 before_fed Round:  36 | Epochs: 180 | Domain: c | loss: 0.2604 | Acc: 94.94%
2023-11-19 12:00 before_fed Round:  36 | Epochs: 180 | Domain: s | loss: 0.1892 | Acc: 94.47%
2023-11-19 12:00 after_fed Round:  36 | Epochs: 180 | Domain: p | loss: 0.0448 | Acc: 97.08%
2023-11-19 12:00 after_fed Round:  36 | Epochs: 180 | Domain: c | loss: 0.3379 | Acc: 92.41%
2023-11-19 12:00 after_fed Round:  36 | Epochs: 180 | Domain: s | loss: 0.2112 | Acc: 93.22%
2023-11-19 12:00 test_domain Round:  36 | Epochs: 180 | Domain: a | loss: 0.7308 | Acc: 81.54%
2023-11-19 12:00 Round 36 FedAvg weight: {'p': 0.41627577139585153, 'c': 0.3358981067534763, 's': 0.247826121850672}
2023-11-19 12:00 before_fed Round:  37 | Epochs: 185 | Domain: p | loss: 0.0115 | Acc: 100.00%
2023-11-19 12:00 before_fed Round:  37 | Epochs: 185 | Domain: c | loss: 0.2421 | Acc: 94.94%
2023-11-19 12:00 before_fed Round:  37 | Epochs: 185 | Domain: s | loss: 0.1426 | Acc: 94.72%
2023-11-19 12:00 after_fed Round:  37 | Epochs: 185 | Domain: p | loss: 0.0545 | Acc: 98.25%
2023-11-19 12:00 after_fed Round:  37 | Epochs: 185 | Domain: c | loss: 0.3832 | Acc: 91.98%
2023-11-19 12:00 after_fed Round:  37 | Epochs: 185 | Domain: s | loss: 0.1855 | Acc: 93.72%
2023-11-19 12:00 test_domain Round:  37 | Epochs: 185 | Domain: a | loss: 0.8879 | Acc: 79.15%
2023-11-19 12:00 Round 37 FedAvg weight: {'p': 0.41488569861219576, 'c': 0.3382036202520013, 's': 0.24691068113580283}
2023-11-19 12:01 before_fed Round:  38 | Epochs: 190 | Domain: p | loss: 0.0142 | Acc: 100.00%
2023-11-19 12:01 before_fed Round:  38 | Epochs: 190 | Domain: c | loss: 0.2646 | Acc: 94.94%
2023-11-19 12:01 before_fed Round:  38 | Epochs: 190 | Domain: s | loss: 0.1426 | Acc: 95.98%
2023-11-19 12:01 after_fed Round:  38 | Epochs: 190 | Domain: p | loss: 0.0588 | Acc: 97.66%
2023-11-19 12:01 after_fed Round:  38 | Epochs: 190 | Domain: c | loss: 0.4233 | Acc: 90.30%
2023-11-19 12:01 after_fed Round:  38 | Epochs: 190 | Domain: s | loss: 0.1859 | Acc: 93.47%
2023-11-19 12:01 test_domain Round:  38 | Epochs: 190 | Domain: a | loss: 0.8239 | Acc: 81.10%
2023-11-19 12:01 Round 38 FedAvg weight: {'p': 0.4131801850164432, 'c': 0.33972932678886536, 's': 0.2470904881946913}
2023-11-19 12:01 before_fed Round:  39 | Epochs: 195 | Domain: p | loss: 0.0068 | Acc: 100.00%
2023-11-19 12:02 before_fed Round:  39 | Epochs: 195 | Domain: c | loss: 0.1998 | Acc: 93.67%
2023-11-19 12:02 before_fed Round:  39 | Epochs: 195 | Domain: s | loss: 0.2036 | Acc: 94.97%
2023-11-19 12:02 after_fed Round:  39 | Epochs: 195 | Domain: p | loss: 0.0486 | Acc: 97.08%
2023-11-19 12:02 after_fed Round:  39 | Epochs: 195 | Domain: c | loss: 0.3769 | Acc: 92.41%
2023-11-19 12:02 after_fed Round:  39 | Epochs: 195 | Domain: s | loss: 0.1732 | Acc: 93.97%
2023-11-19 12:02 test_domain Round:  39 | Epochs: 195 | Domain: a | loss: 0.7381 | Acc: 81.20%
2023-11-19 12:02 Round 39 FedAvg weight: {'p': 0.41406140532151464, 'c': 0.3391638028233886, 's': 0.2467747918550968}
2023-11-19 12:02 before_fed Round:  40 | Epochs: 200 | Domain: p | loss: 0.0082 | Acc: 100.00%
2023-11-19 12:02 before_fed Round:  40 | Epochs: 200 | Domain: c | loss: 0.2536 | Acc: 94.09%
2023-11-19 12:03 before_fed Round:  40 | Epochs: 200 | Domain: s | loss: 0.1572 | Acc: 95.23%
2023-11-19 12:03 after_fed Round:  40 | Epochs: 200 | Domain: p | loss: 0.0519 | Acc: 97.08%
2023-11-19 12:03 after_fed Round:  40 | Epochs: 200 | Domain: c | loss: 0.3595 | Acc: 91.56%
2023-11-19 12:03 after_fed Round:  40 | Epochs: 200 | Domain: s | loss: 0.1843 | Acc: 93.47%
2023-11-19 12:03 test_domain Round:  40 | Epochs: 200 | Domain: a | loss: 0.7712 | Acc: 81.01%
2023-11-19 12:03 Round 40 FedAvg weight: {'p': 0.4140255091664242, 'c': 0.3392119276732365, 's': 0.2467625631603392}
