2023-11-20 11:45 before_fed Round:   0 | Epochs:   0 | Domain: p | loss: 0.0465 | Acc: 99.42%
2023-11-20 11:46 before_fed Round:   0 | Epochs:   0 | Domain: a | loss: 0.3254 | Acc: 90.87%
2023-11-20 11:46 before_fed Round:   0 | Epochs:   0 | Domain: s | loss: 0.2177 | Acc: 93.97%
2023-11-20 11:46 after_fed Round:   0 | Epochs:   0 | Domain: p | loss: 0.3913 | Acc: 95.91%
2023-11-20 11:46 after_fed Round:   0 | Epochs:   0 | Domain: a | loss: 0.9456 | Acc: 67.31%
2023-11-20 11:46 after_fed Round:   0 | Epochs:   0 | Domain: s | loss: 0.6959 | Acc: 77.89%
2023-11-20 11:46 Model saved! Best Val Acc: 78.99%
2023-11-20 11:46 test_domain Round:   0 | Epochs:   0 | Domain: c | loss: 1.0275 | Acc: 63.10%
2023-11-20 11:46 before_fed Round:   1 | Epochs:   5 | Domain: p | loss: 0.0306 | Acc: 100.00%
2023-11-20 11:46 before_fed Round:   1 | Epochs:   5 | Domain: a | loss: 0.2864 | Acc: 90.87%
2023-11-20 11:47 before_fed Round:   1 | Epochs:   5 | Domain: s | loss: 0.1608 | Acc: 93.97%
2023-11-20 11:47 after_fed Round:   1 | Epochs:   5 | Domain: p | loss: 0.1814 | Acc: 96.49%
2023-11-20 11:47 after_fed Round:   1 | Epochs:   5 | Domain: a | loss: 0.7141 | Acc: 78.85%
2023-11-20 11:47 after_fed Round:   1 | Epochs:   5 | Domain: s | loss: 0.3505 | Acc: 88.44%
2023-11-20 11:47 Model saved! Best Val Acc: 87.63%
2023-11-20 11:47 test_domain Round:   1 | Epochs:   5 | Domain: c | loss: 0.9053 | Acc: 67.75%
2023-11-20 11:47 before_fed Round:   2 | Epochs:  10 | Domain: p | loss: 0.0318 | Acc: 99.42%
2023-11-20 11:47 before_fed Round:   2 | Epochs:  10 | Domain: a | loss: 0.3129 | Acc: 89.90%
2023-11-20 11:48 before_fed Round:   2 | Epochs:  10 | Domain: s | loss: 0.1400 | Acc: 94.22%
2023-11-20 11:48 after_fed Round:   2 | Epochs:  10 | Domain: p | loss: 0.1246 | Acc: 97.08%
2023-11-20 11:48 after_fed Round:   2 | Epochs:  10 | Domain: a | loss: 0.5742 | Acc: 81.25%
2023-11-20 11:48 after_fed Round:   2 | Epochs:  10 | Domain: s | loss: 0.2429 | Acc: 91.21%
2023-11-20 11:48 Model saved! Best Val Acc: 89.82%
2023-11-20 11:48 test_domain Round:   2 | Epochs:  10 | Domain: c | loss: 0.8773 | Acc: 70.65%
2023-11-20 11:48 before_fed Round:   3 | Epochs:  15 | Domain: p | loss: 0.0151 | Acc: 100.00%
2023-11-20 11:48 before_fed Round:   3 | Epochs:  15 | Domain: a | loss: 0.3156 | Acc: 91.35%
2023-11-20 11:48 before_fed Round:   3 | Epochs:  15 | Domain: s | loss: 0.1793 | Acc: 93.47%
2023-11-20 11:48 after_fed Round:   3 | Epochs:  15 | Domain: p | loss: 0.0906 | Acc: 96.49%
2023-11-20 11:48 after_fed Round:   3 | Epochs:  15 | Domain: a | loss: 0.5793 | Acc: 81.73%
2023-11-20 11:48 after_fed Round:   3 | Epochs:  15 | Domain: s | loss: 0.2189 | Acc: 91.71%
2023-11-20 11:48 Model saved! Best Val Acc: 90.08%
2023-11-20 11:48 test_domain Round:   3 | Epochs:  15 | Domain: c | loss: 0.8364 | Acc: 72.99%
2023-11-20 11:49 before_fed Round:   4 | Epochs:  20 | Domain: p | loss: 0.0223 | Acc: 100.00%
2023-11-20 11:49 before_fed Round:   4 | Epochs:  20 | Domain: a | loss: 0.2340 | Acc: 93.27%
2023-11-20 11:49 before_fed Round:   4 | Epochs:  20 | Domain: s | loss: 0.1460 | Acc: 94.97%
2023-11-20 11:49 after_fed Round:   4 | Epochs:  20 | Domain: p | loss: 0.0721 | Acc: 98.25%
2023-11-20 11:49 after_fed Round:   4 | Epochs:  20 | Domain: a | loss: 0.6112 | Acc: 81.25%
2023-11-20 11:49 after_fed Round:   4 | Epochs:  20 | Domain: s | loss: 0.2205 | Acc: 92.21%
2023-11-20 11:49 Model saved! Best Val Acc: 90.59%
2023-11-20 11:49 test_domain Round:   4 | Epochs:  20 | Domain: c | loss: 1.0409 | Acc: 69.54%
2023-11-20 11:49 before_fed Round:   5 | Epochs:  25 | Domain: p | loss: 0.0158 | Acc: 100.00%
2023-11-20 11:49 before_fed Round:   5 | Epochs:  25 | Domain: a | loss: 0.2134 | Acc: 92.79%
2023-11-20 11:50 before_fed Round:   5 | Epochs:  25 | Domain: s | loss: 0.1555 | Acc: 93.47%
2023-11-20 11:50 after_fed Round:   5 | Epochs:  25 | Domain: p | loss: 0.0767 | Acc: 97.08%
2023-11-20 11:50 after_fed Round:   5 | Epochs:  25 | Domain: a | loss: 0.5679 | Acc: 83.65%
2023-11-20 11:50 after_fed Round:   5 | Epochs:  25 | Domain: s | loss: 0.1884 | Acc: 93.22%
2023-11-20 11:50 Model saved! Best Val Acc: 91.50%
2023-11-20 11:50 test_domain Round:   5 | Epochs:  25 | Domain: c | loss: 0.8415 | Acc: 74.02%
2023-11-20 11:50 before_fed Round:   6 | Epochs:  30 | Domain: p | loss: 0.0177 | Acc: 99.42%
2023-11-20 11:50 before_fed Round:   6 | Epochs:  30 | Domain: a | loss: 0.2010 | Acc: 93.27%
2023-11-20 11:51 before_fed Round:   6 | Epochs:  30 | Domain: s | loss: 0.1868 | Acc: 94.47%
2023-11-20 11:51 after_fed Round:   6 | Epochs:  30 | Domain: p | loss: 0.0756 | Acc: 96.49%
2023-11-20 11:51 after_fed Round:   6 | Epochs:  30 | Domain: a | loss: 0.5085 | Acc: 84.13%
2023-11-20 11:51 after_fed Round:   6 | Epochs:  30 | Domain: s | loss: 0.2017 | Acc: 92.71%
2023-11-20 11:51 test_domain Round:   6 | Epochs:  30 | Domain: c | loss: 0.9511 | Acc: 73.59%
2023-11-20 11:51 before_fed Round:   7 | Epochs:  35 | Domain: p | loss: 0.0161 | Acc: 99.42%
2023-11-20 11:51 before_fed Round:   7 | Epochs:  35 | Domain: a | loss: 0.2439 | Acc: 92.79%
2023-11-20 11:51 before_fed Round:   7 | Epochs:  35 | Domain: s | loss: 0.1646 | Acc: 95.48%
2023-11-20 11:51 after_fed Round:   7 | Epochs:  35 | Domain: p | loss: 0.0449 | Acc: 99.42%
2023-11-20 11:51 after_fed Round:   7 | Epochs:  35 | Domain: a | loss: 0.4981 | Acc: 83.65%
2023-11-20 11:51 after_fed Round:   7 | Epochs:  35 | Domain: s | loss: 0.2002 | Acc: 92.96%
2023-11-20 11:51 Model saved! Best Val Acc: 91.88%
2023-11-20 11:51 test_domain Round:   7 | Epochs:  35 | Domain: c | loss: 0.8416 | Acc: 75.13%
2023-11-20 11:52 before_fed Round:   8 | Epochs:  40 | Domain: p | loss: 0.0112 | Acc: 100.00%
2023-11-20 11:52 before_fed Round:   8 | Epochs:  40 | Domain: a | loss: 0.2723 | Acc: 91.35%
2023-11-20 11:52 before_fed Round:   8 | Epochs:  40 | Domain: s | loss: 0.1691 | Acc: 93.97%
2023-11-20 11:52 after_fed Round:   8 | Epochs:  40 | Domain: p | loss: 0.0371 | Acc: 99.42%
2023-11-20 11:52 after_fed Round:   8 | Epochs:  40 | Domain: a | loss: 0.4498 | Acc: 87.02%
2023-11-20 11:52 after_fed Round:   8 | Epochs:  40 | Domain: s | loss: 0.1664 | Acc: 94.22%
2023-11-20 11:52 Model saved! Best Val Acc: 93.43%
2023-11-20 11:52 test_domain Round:   8 | Epochs:  40 | Domain: c | loss: 0.7049 | Acc: 78.54%
2023-11-20 11:52 before_fed Round:   9 | Epochs:  45 | Domain: p | loss: 0.0124 | Acc: 100.00%
2023-11-20 11:53 before_fed Round:   9 | Epochs:  45 | Domain: a | loss: 0.2106 | Acc: 92.79%
2023-11-20 11:53 before_fed Round:   9 | Epochs:  45 | Domain: s | loss: 0.1420 | Acc: 94.47%
2023-11-20 11:53 after_fed Round:   9 | Epochs:  45 | Domain: p | loss: 0.0357 | Acc: 98.25%
2023-11-20 11:53 after_fed Round:   9 | Epochs:  45 | Domain: a | loss: 0.4788 | Acc: 87.02%
2023-11-20 11:53 after_fed Round:   9 | Epochs:  45 | Domain: s | loss: 0.1735 | Acc: 93.47%
2023-11-20 11:53 test_domain Round:   9 | Epochs:  45 | Domain: c | loss: 0.8851 | Acc: 75.38%
2023-11-20 11:53 before_fed Round:  10 | Epochs:  50 | Domain: p | loss: 0.0173 | Acc: 99.42%
2023-11-20 11:53 before_fed Round:  10 | Epochs:  50 | Domain: a | loss: 0.2503 | Acc: 92.31%
2023-11-20 11:54 before_fed Round:  10 | Epochs:  50 | Domain: s | loss: 0.1566 | Acc: 94.97%
2023-11-20 11:54 after_fed Round:  10 | Epochs:  50 | Domain: p | loss: 0.0533 | Acc: 97.66%
2023-11-20 11:54 after_fed Round:  10 | Epochs:  50 | Domain: a | loss: 0.5111 | Acc: 84.13%
2023-11-20 11:54 after_fed Round:  10 | Epochs:  50 | Domain: s | loss: 0.1683 | Acc: 94.22%
2023-11-20 11:54 test_domain Round:  10 | Epochs:  50 | Domain: c | loss: 0.8474 | Acc: 75.94%
2023-11-20 11:54 before_fed Round:  11 | Epochs:  55 | Domain: p | loss: 0.0292 | Acc: 99.42%
2023-11-20 11:54 before_fed Round:  11 | Epochs:  55 | Domain: a | loss: 0.2347 | Acc: 93.27%
2023-11-20 11:54 before_fed Round:  11 | Epochs:  55 | Domain: s | loss: 0.1703 | Acc: 93.47%
2023-11-20 11:54 after_fed Round:  11 | Epochs:  55 | Domain: p | loss: 0.0737 | Acc: 96.49%
2023-11-20 11:54 after_fed Round:  11 | Epochs:  55 | Domain: a | loss: 0.5746 | Acc: 84.13%
2023-11-20 11:54 after_fed Round:  11 | Epochs:  55 | Domain: s | loss: 0.1650 | Acc: 93.72%
2023-11-20 11:54 test_domain Round:  11 | Epochs:  55 | Domain: c | loss: 0.8049 | Acc: 77.18%
2023-11-20 11:55 before_fed Round:  12 | Epochs:  60 | Domain: p | loss: 0.0197 | Acc: 99.42%
2023-11-20 11:55 before_fed Round:  12 | Epochs:  60 | Domain: a | loss: 0.2719 | Acc: 92.79%
2023-11-20 11:55 before_fed Round:  12 | Epochs:  60 | Domain: s | loss: 0.1680 | Acc: 94.22%
2023-11-20 11:55 after_fed Round:  12 | Epochs:  60 | Domain: p | loss: 0.0478 | Acc: 97.66%
2023-11-20 11:55 after_fed Round:  12 | Epochs:  60 | Domain: a | loss: 0.5162 | Acc: 83.17%
2023-11-20 11:55 after_fed Round:  12 | Epochs:  60 | Domain: s | loss: 0.1529 | Acc: 94.22%
2023-11-20 11:55 test_domain Round:  12 | Epochs:  60 | Domain: c | loss: 0.7676 | Acc: 77.43%
2023-11-20 11:55 before_fed Round:  13 | Epochs:  65 | Domain: p | loss: 0.0303 | Acc: 98.83%
2023-11-20 11:56 before_fed Round:  13 | Epochs:  65 | Domain: a | loss: 0.2101 | Acc: 92.31%
2023-11-20 11:56 before_fed Round:  13 | Epochs:  65 | Domain: s | loss: 0.1471 | Acc: 95.23%
2023-11-20 11:56 after_fed Round:  13 | Epochs:  65 | Domain: p | loss: 0.0427 | Acc: 98.25%
2023-11-20 11:56 after_fed Round:  13 | Epochs:  65 | Domain: a | loss: 0.4610 | Acc: 85.10%
2023-11-20 11:56 after_fed Round:  13 | Epochs:  65 | Domain: s | loss: 0.1553 | Acc: 94.47%
2023-11-20 11:56 test_domain Round:  13 | Epochs:  65 | Domain: c | loss: 0.7845 | Acc: 78.28%
2023-11-20 11:56 before_fed Round:  14 | Epochs:  70 | Domain: p | loss: 0.0231 | Acc: 99.42%
2023-11-20 11:56 before_fed Round:  14 | Epochs:  70 | Domain: a | loss: 0.2579 | Acc: 92.31%
2023-11-20 11:57 before_fed Round:  14 | Epochs:  70 | Domain: s | loss: 0.2019 | Acc: 93.47%
2023-11-20 11:57 after_fed Round:  14 | Epochs:  70 | Domain: p | loss: 0.0395 | Acc: 98.25%
2023-11-20 11:57 after_fed Round:  14 | Epochs:  70 | Domain: a | loss: 0.4497 | Acc: 85.58%
2023-11-20 11:57 after_fed Round:  14 | Epochs:  70 | Domain: s | loss: 0.1861 | Acc: 93.72%
2023-11-20 11:57 test_domain Round:  14 | Epochs:  70 | Domain: c | loss: 0.8469 | Acc: 77.22%
2023-11-20 11:57 before_fed Round:  15 | Epochs:  75 | Domain: p | loss: 0.0094 | Acc: 100.00%
2023-11-20 11:57 before_fed Round:  15 | Epochs:  75 | Domain: a | loss: 0.2715 | Acc: 91.35%
2023-11-20 11:57 before_fed Round:  15 | Epochs:  75 | Domain: s | loss: 0.1557 | Acc: 94.47%
2023-11-20 11:57 after_fed Round:  15 | Epochs:  75 | Domain: p | loss: 0.0471 | Acc: 97.08%
2023-11-20 11:57 after_fed Round:  15 | Epochs:  75 | Domain: a | loss: 0.4947 | Acc: 85.10%
2023-11-20 11:57 after_fed Round:  15 | Epochs:  75 | Domain: s | loss: 0.1461 | Acc: 94.72%
2023-11-20 11:57 test_domain Round:  15 | Epochs:  75 | Domain: c | loss: 0.7960 | Acc: 77.47%
2023-11-20 11:58 before_fed Round:  16 | Epochs:  80 | Domain: p | loss: 0.0060 | Acc: 100.00%
2023-11-20 11:58 before_fed Round:  16 | Epochs:  80 | Domain: a | loss: 0.2143 | Acc: 93.27%
2023-11-20 11:58 before_fed Round:  16 | Epochs:  80 | Domain: s | loss: 0.1301 | Acc: 95.73%
2023-11-20 11:58 after_fed Round:  16 | Epochs:  80 | Domain: p | loss: 0.0363 | Acc: 98.83%
2023-11-20 11:58 after_fed Round:  16 | Epochs:  80 | Domain: a | loss: 0.4577 | Acc: 84.62%
2023-11-20 11:58 after_fed Round:  16 | Epochs:  80 | Domain: s | loss: 0.1444 | Acc: 94.97%
2023-11-20 11:58 test_domain Round:  16 | Epochs:  80 | Domain: c | loss: 0.9069 | Acc: 76.07%
2023-11-20 11:58 before_fed Round:  17 | Epochs:  85 | Domain: p | loss: 0.0106 | Acc: 99.42%
2023-11-20 11:59 before_fed Round:  17 | Epochs:  85 | Domain: a | loss: 0.2225 | Acc: 94.23%
2023-11-20 11:59 before_fed Round:  17 | Epochs:  85 | Domain: s | loss: 0.0995 | Acc: 96.98%
2023-11-20 11:59 after_fed Round:  17 | Epochs:  85 | Domain: p | loss: 0.0368 | Acc: 98.83%
2023-11-20 11:59 after_fed Round:  17 | Epochs:  85 | Domain: a | loss: 0.5055 | Acc: 84.13%
2023-11-20 11:59 after_fed Round:  17 | Epochs:  85 | Domain: s | loss: 0.1737 | Acc: 94.47%
2023-11-20 11:59 test_domain Round:  17 | Epochs:  85 | Domain: c | loss: 0.8980 | Acc: 75.98%
2023-11-20 11:59 before_fed Round:  18 | Epochs:  90 | Domain: p | loss: 0.0191 | Acc: 99.42%
2023-11-20 11:59 before_fed Round:  18 | Epochs:  90 | Domain: a | loss: 0.2406 | Acc: 92.31%
2023-11-20 12:00 before_fed Round:  18 | Epochs:  90 | Domain: s | loss: 0.1407 | Acc: 95.98%
2023-11-20 12:00 after_fed Round:  18 | Epochs:  90 | Domain: p | loss: 0.0299 | Acc: 98.83%
2023-11-20 12:00 after_fed Round:  18 | Epochs:  90 | Domain: a | loss: 0.4779 | Acc: 84.13%
2023-11-20 12:00 after_fed Round:  18 | Epochs:  90 | Domain: s | loss: 0.1575 | Acc: 94.47%
2023-11-20 12:00 test_domain Round:  18 | Epochs:  90 | Domain: c | loss: 0.9313 | Acc: 76.15%
2023-11-20 12:00 before_fed Round:  19 | Epochs:  95 | Domain: p | loss: 0.0089 | Acc: 100.00%
2023-11-20 12:00 before_fed Round:  19 | Epochs:  95 | Domain: a | loss: 0.1992 | Acc: 95.19%
2023-11-20 12:01 before_fed Round:  19 | Epochs:  95 | Domain: s | loss: 0.1094 | Acc: 95.73%
2023-11-20 12:01 after_fed Round:  19 | Epochs:  95 | Domain: p | loss: 0.0291 | Acc: 98.83%
2023-11-20 12:01 after_fed Round:  19 | Epochs:  95 | Domain: a | loss: 0.5043 | Acc: 84.62%
2023-11-20 12:01 after_fed Round:  19 | Epochs:  95 | Domain: s | loss: 0.1312 | Acc: 94.72%
2023-11-20 12:01 test_domain Round:  19 | Epochs:  95 | Domain: c | loss: 0.8395 | Acc: 78.03%
2023-11-20 12:01 before_fed Round:  20 | Epochs: 100 | Domain: p | loss: 0.0229 | Acc: 98.83%
2023-11-20 12:01 before_fed Round:  20 | Epochs: 100 | Domain: a | loss: 0.2246 | Acc: 93.75%
2023-11-20 12:01 before_fed Round:  20 | Epochs: 100 | Domain: s | loss: 0.1459 | Acc: 93.97%
2023-11-20 12:01 after_fed Round:  20 | Epochs: 100 | Domain: p | loss: 0.0264 | Acc: 99.42%
2023-11-20 12:01 after_fed Round:  20 | Epochs: 100 | Domain: a | loss: 0.4981 | Acc: 84.62%
2023-11-20 12:01 after_fed Round:  20 | Epochs: 100 | Domain: s | loss: 0.1533 | Acc: 94.97%
2023-11-20 12:01 test_domain Round:  20 | Epochs: 100 | Domain: c | loss: 0.9039 | Acc: 77.43%
2023-11-20 12:01 before_fed Round:  21 | Epochs: 105 | Domain: p | loss: 0.0089 | Acc: 99.42%
2023-11-20 12:02 before_fed Round:  21 | Epochs: 105 | Domain: a | loss: 0.2130 | Acc: 92.79%
2023-11-20 12:02 before_fed Round:  21 | Epochs: 105 | Domain: s | loss: 0.1437 | Acc: 94.72%
2023-11-20 12:02 after_fed Round:  21 | Epochs: 105 | Domain: p | loss: 0.0200 | Acc: 100.00%
2023-11-20 12:02 after_fed Round:  21 | Epochs: 105 | Domain: a | loss: 0.4880 | Acc: 83.17%
2023-11-20 12:02 after_fed Round:  21 | Epochs: 105 | Domain: s | loss: 0.1471 | Acc: 94.47%
2023-11-20 12:02 test_domain Round:  21 | Epochs: 105 | Domain: c | loss: 0.9707 | Acc: 75.73%
2023-11-20 12:02 before_fed Round:  22 | Epochs: 110 | Domain: p | loss: 0.0216 | Acc: 98.83%
2023-11-20 12:02 before_fed Round:  22 | Epochs: 110 | Domain: a | loss: 0.2238 | Acc: 94.23%
2023-11-20 12:03 before_fed Round:  22 | Epochs: 110 | Domain: s | loss: 0.1093 | Acc: 95.48%
2023-11-20 12:03 after_fed Round:  22 | Epochs: 110 | Domain: p | loss: 0.0209 | Acc: 99.42%
2023-11-20 12:03 after_fed Round:  22 | Epochs: 110 | Domain: a | loss: 0.4860 | Acc: 85.58%
2023-11-20 12:03 after_fed Round:  22 | Epochs: 110 | Domain: s | loss: 0.1451 | Acc: 94.22%
2023-11-20 12:03 test_domain Round:  22 | Epochs: 110 | Domain: c | loss: 0.9077 | Acc: 77.05%
2023-11-20 12:03 before_fed Round:  23 | Epochs: 115 | Domain: p | loss: 0.0124 | Acc: 99.42%
2023-11-20 12:03 before_fed Round:  23 | Epochs: 115 | Domain: a | loss: 0.1964 | Acc: 94.71%
2023-11-20 12:04 before_fed Round:  23 | Epochs: 115 | Domain: s | loss: 0.1511 | Acc: 95.73%
2023-11-20 12:04 after_fed Round:  23 | Epochs: 115 | Domain: p | loss: 0.0306 | Acc: 99.42%
2023-11-20 12:04 after_fed Round:  23 | Epochs: 115 | Domain: a | loss: 0.4511 | Acc: 85.10%
2023-11-20 12:04 after_fed Round:  23 | Epochs: 115 | Domain: s | loss: 0.1812 | Acc: 93.22%
2023-11-20 12:04 test_domain Round:  23 | Epochs: 115 | Domain: c | loss: 0.8807 | Acc: 77.82%
2023-11-20 12:04 before_fed Round:  24 | Epochs: 120 | Domain: p | loss: 0.0196 | Acc: 99.42%
2023-11-20 12:04 before_fed Round:  24 | Epochs: 120 | Domain: a | loss: 0.2432 | Acc: 94.23%
2023-11-20 12:04 before_fed Round:  24 | Epochs: 120 | Domain: s | loss: 0.1304 | Acc: 95.98%
2023-11-20 12:04 after_fed Round:  24 | Epochs: 120 | Domain: p | loss: 0.0206 | Acc: 98.83%
2023-11-20 12:04 after_fed Round:  24 | Epochs: 120 | Domain: a | loss: 0.4768 | Acc: 83.17%
2023-11-20 12:04 after_fed Round:  24 | Epochs: 120 | Domain: s | loss: 0.1620 | Acc: 94.72%
2023-11-20 12:04 test_domain Round:  24 | Epochs: 120 | Domain: c | loss: 0.9018 | Acc: 77.01%
2023-11-20 12:05 before_fed Round:  25 | Epochs: 125 | Domain: p | loss: 0.0105 | Acc: 99.42%
2023-11-20 12:05 before_fed Round:  25 | Epochs: 125 | Domain: a | loss: 0.2933 | Acc: 92.31%
2023-11-20 12:05 before_fed Round:  25 | Epochs: 125 | Domain: s | loss: 0.1174 | Acc: 96.23%
2023-11-20 12:05 after_fed Round:  25 | Epochs: 125 | Domain: p | loss: 0.0212 | Acc: 99.42%
2023-11-20 12:05 after_fed Round:  25 | Epochs: 125 | Domain: a | loss: 0.4155 | Acc: 87.02%
2023-11-20 12:05 after_fed Round:  25 | Epochs: 125 | Domain: s | loss: 0.1519 | Acc: 94.72%
2023-11-20 12:05 Model saved! Best Val Acc: 93.68%
2023-11-20 12:05 test_domain Round:  25 | Epochs: 125 | Domain: c | loss: 0.9074 | Acc: 77.60%
2023-11-20 12:05 before_fed Round:  26 | Epochs: 130 | Domain: p | loss: 0.0322 | Acc: 99.42%
2023-11-20 12:05 before_fed Round:  26 | Epochs: 130 | Domain: a | loss: 0.1895 | Acc: 93.75%
2023-11-20 12:06 before_fed Round:  26 | Epochs: 130 | Domain: s | loss: 0.1559 | Acc: 94.72%
2023-11-20 12:06 after_fed Round:  26 | Epochs: 130 | Domain: p | loss: 0.0224 | Acc: 99.42%
2023-11-20 12:06 after_fed Round:  26 | Epochs: 130 | Domain: a | loss: 0.4288 | Acc: 85.10%
2023-11-20 12:06 after_fed Round:  26 | Epochs: 130 | Domain: s | loss: 0.1909 | Acc: 94.47%
2023-11-20 12:06 test_domain Round:  26 | Epochs: 130 | Domain: c | loss: 0.9351 | Acc: 76.83%
2023-11-20 12:06 before_fed Round:  27 | Epochs: 135 | Domain: p | loss: 0.0135 | Acc: 99.42%
2023-11-20 12:06 before_fed Round:  27 | Epochs: 135 | Domain: a | loss: 0.2864 | Acc: 91.35%
2023-11-20 12:07 before_fed Round:  27 | Epochs: 135 | Domain: s | loss: 0.1357 | Acc: 95.48%
2023-11-20 12:07 after_fed Round:  27 | Epochs: 135 | Domain: p | loss: 0.0240 | Acc: 99.42%
2023-11-20 12:07 after_fed Round:  27 | Epochs: 135 | Domain: a | loss: 0.4746 | Acc: 84.62%
2023-11-20 12:07 after_fed Round:  27 | Epochs: 135 | Domain: s | loss: 0.1623 | Acc: 94.47%
2023-11-20 12:07 test_domain Round:  27 | Epochs: 135 | Domain: c | loss: 0.9443 | Acc: 76.92%
2023-11-20 12:07 before_fed Round:  28 | Epochs: 140 | Domain: p | loss: 0.0134 | Acc: 99.42%
2023-11-20 12:07 before_fed Round:  28 | Epochs: 140 | Domain: a | loss: 0.2845 | Acc: 92.31%
2023-11-20 12:07 before_fed Round:  28 | Epochs: 140 | Domain: s | loss: 0.1538 | Acc: 94.97%
2023-11-20 12:07 after_fed Round:  28 | Epochs: 140 | Domain: p | loss: 0.0325 | Acc: 99.42%
2023-11-20 12:07 after_fed Round:  28 | Epochs: 140 | Domain: a | loss: 0.4581 | Acc: 85.58%
2023-11-20 12:07 after_fed Round:  28 | Epochs: 140 | Domain: s | loss: 0.1750 | Acc: 94.22%
2023-11-20 12:07 test_domain Round:  28 | Epochs: 140 | Domain: c | loss: 0.9221 | Acc: 77.13%
2023-11-20 12:08 before_fed Round:  29 | Epochs: 145 | Domain: p | loss: 0.0069 | Acc: 100.00%
2023-11-20 12:08 before_fed Round:  29 | Epochs: 145 | Domain: a | loss: 0.2454 | Acc: 93.75%
2023-11-20 12:08 before_fed Round:  29 | Epochs: 145 | Domain: s | loss: 0.1409 | Acc: 95.23%
2023-11-20 12:08 after_fed Round:  29 | Epochs: 145 | Domain: p | loss: 0.0264 | Acc: 99.42%
2023-11-20 12:08 after_fed Round:  29 | Epochs: 145 | Domain: a | loss: 0.4308 | Acc: 87.98%
2023-11-20 12:08 after_fed Round:  29 | Epochs: 145 | Domain: s | loss: 0.1789 | Acc: 93.72%
2023-11-20 12:08 test_domain Round:  29 | Epochs: 145 | Domain: c | loss: 0.9543 | Acc: 76.37%
2023-11-20 12:08 before_fed Round:  30 | Epochs: 150 | Domain: p | loss: 0.0162 | Acc: 99.42%
2023-11-20 12:09 before_fed Round:  30 | Epochs: 150 | Domain: a | loss: 0.2534 | Acc: 92.79%
2023-11-20 12:09 before_fed Round:  30 | Epochs: 150 | Domain: s | loss: 0.1431 | Acc: 95.23%
2023-11-20 12:09 after_fed Round:  30 | Epochs: 150 | Domain: p | loss: 0.0186 | Acc: 100.00%
2023-11-20 12:09 after_fed Round:  30 | Epochs: 150 | Domain: a | loss: 0.4829 | Acc: 87.98%
2023-11-20 12:09 after_fed Round:  30 | Epochs: 150 | Domain: s | loss: 0.1690 | Acc: 94.22%
2023-11-20 12:09 Model saved! Best Val Acc: 93.81%
2023-11-20 12:09 test_domain Round:  30 | Epochs: 150 | Domain: c | loss: 0.9604 | Acc: 76.45%
2023-11-20 12:09 before_fed Round:  31 | Epochs: 155 | Domain: p | loss: 0.0186 | Acc: 98.83%
2023-11-20 12:09 before_fed Round:  31 | Epochs: 155 | Domain: a | loss: 0.2465 | Acc: 93.75%
2023-11-20 12:10 before_fed Round:  31 | Epochs: 155 | Domain: s | loss: 0.1892 | Acc: 94.22%
2023-11-20 12:10 after_fed Round:  31 | Epochs: 155 | Domain: p | loss: 0.0163 | Acc: 99.42%
2023-11-20 12:10 after_fed Round:  31 | Epochs: 155 | Domain: a | loss: 0.5050 | Acc: 86.54%
2023-11-20 12:10 after_fed Round:  31 | Epochs: 155 | Domain: s | loss: 0.1821 | Acc: 93.97%
2023-11-20 12:10 test_domain Round:  31 | Epochs: 155 | Domain: c | loss: 0.9192 | Acc: 77.05%
2023-11-20 12:10 before_fed Round:  32 | Epochs: 160 | Domain: p | loss: 0.0146 | Acc: 98.83%
2023-11-20 12:10 before_fed Round:  32 | Epochs: 160 | Domain: a | loss: 0.2754 | Acc: 93.75%
2023-11-20 12:10 before_fed Round:  32 | Epochs: 160 | Domain: s | loss: 0.1798 | Acc: 94.97%
2023-11-20 12:10 after_fed Round:  32 | Epochs: 160 | Domain: p | loss: 0.0284 | Acc: 99.42%
2023-11-20 12:10 after_fed Round:  32 | Epochs: 160 | Domain: a | loss: 0.5347 | Acc: 82.69%
2023-11-20 12:10 after_fed Round:  32 | Epochs: 160 | Domain: s | loss: 0.1966 | Acc: 93.97%
2023-11-20 12:10 test_domain Round:  32 | Epochs: 160 | Domain: c | loss: 0.8605 | Acc: 78.07%
2023-11-20 12:11 before_fed Round:  33 | Epochs: 165 | Domain: p | loss: 0.0093 | Acc: 99.42%
2023-11-20 12:11 before_fed Round:  33 | Epochs: 165 | Domain: a | loss: 0.2455 | Acc: 92.31%
2023-11-20 12:11 before_fed Round:  33 | Epochs: 165 | Domain: s | loss: 0.1777 | Acc: 95.73%
2023-11-20 12:11 after_fed Round:  33 | Epochs: 165 | Domain: p | loss: 0.0324 | Acc: 99.42%
2023-11-20 12:11 after_fed Round:  33 | Epochs: 165 | Domain: a | loss: 0.4394 | Acc: 86.54%
2023-11-20 12:11 after_fed Round:  33 | Epochs: 165 | Domain: s | loss: 0.1895 | Acc: 93.72%
2023-11-20 12:11 test_domain Round:  33 | Epochs: 165 | Domain: c | loss: 0.8812 | Acc: 78.58%
2023-11-20 12:11 before_fed Round:  34 | Epochs: 170 | Domain: p | loss: 0.0193 | Acc: 98.83%
2023-11-20 12:12 before_fed Round:  34 | Epochs: 170 | Domain: a | loss: 0.2272 | Acc: 94.23%
2023-11-20 12:12 before_fed Round:  34 | Epochs: 170 | Domain: s | loss: 0.1689 | Acc: 93.97%
2023-11-20 12:12 after_fed Round:  34 | Epochs: 170 | Domain: p | loss: 0.0378 | Acc: 98.83%
2023-11-20 12:12 after_fed Round:  34 | Epochs: 170 | Domain: a | loss: 0.4910 | Acc: 87.50%
2023-11-20 12:12 after_fed Round:  34 | Epochs: 170 | Domain: s | loss: 0.1771 | Acc: 94.47%
2023-11-20 12:12 test_domain Round:  34 | Epochs: 170 | Domain: c | loss: 0.8743 | Acc: 78.46%
2023-11-20 12:12 before_fed Round:  35 | Epochs: 175 | Domain: p | loss: 0.0055 | Acc: 100.00%
2023-11-20 12:12 before_fed Round:  35 | Epochs: 175 | Domain: a | loss: 0.2110 | Acc: 94.71%
2023-11-20 12:13 before_fed Round:  35 | Epochs: 175 | Domain: s | loss: 0.1618 | Acc: 94.22%
2023-11-20 12:13 after_fed Round:  35 | Epochs: 175 | Domain: p | loss: 0.0199 | Acc: 99.42%
2023-11-20 12:13 after_fed Round:  35 | Epochs: 175 | Domain: a | loss: 0.4830 | Acc: 87.50%
2023-11-20 12:13 after_fed Round:  35 | Epochs: 175 | Domain: s | loss: 0.1744 | Acc: 94.47%
2023-11-20 12:13 test_domain Round:  35 | Epochs: 175 | Domain: c | loss: 0.9386 | Acc: 77.01%
2023-11-20 12:13 before_fed Round:  36 | Epochs: 180 | Domain: p | loss: 0.0040 | Acc: 100.00%
2023-11-20 12:13 before_fed Round:  36 | Epochs: 180 | Domain: a | loss: 0.2575 | Acc: 94.23%
2023-11-20 12:13 before_fed Round:  36 | Epochs: 180 | Domain: s | loss: 0.1687 | Acc: 95.73%
2023-11-20 12:13 after_fed Round:  36 | Epochs: 180 | Domain: p | loss: 0.0226 | Acc: 99.42%
2023-11-20 12:13 after_fed Round:  36 | Epochs: 180 | Domain: a | loss: 0.4706 | Acc: 87.50%
2023-11-20 12:13 after_fed Round:  36 | Epochs: 180 | Domain: s | loss: 0.1898 | Acc: 94.22%
2023-11-20 12:13 test_domain Round:  36 | Epochs: 180 | Domain: c | loss: 0.9403 | Acc: 76.92%
2023-11-20 12:14 before_fed Round:  37 | Epochs: 185 | Domain: p | loss: 0.0071 | Acc: 100.00%
2023-11-20 12:14 before_fed Round:  37 | Epochs: 185 | Domain: a | loss: 0.2456 | Acc: 91.83%
2023-11-20 12:14 before_fed Round:  37 | Epochs: 185 | Domain: s | loss: 0.1256 | Acc: 96.73%
2023-11-20 12:14 after_fed Round:  37 | Epochs: 185 | Domain: p | loss: 0.0330 | Acc: 98.25%
2023-11-20 12:14 after_fed Round:  37 | Epochs: 185 | Domain: a | loss: 0.4748 | Acc: 84.62%
2023-11-20 12:14 after_fed Round:  37 | Epochs: 185 | Domain: s | loss: 0.1792 | Acc: 94.47%
2023-11-20 12:14 test_domain Round:  37 | Epochs: 185 | Domain: c | loss: 0.8638 | Acc: 78.88%
2023-11-20 12:14 before_fed Round:  38 | Epochs: 190 | Domain: p | loss: 0.0142 | Acc: 99.42%
2023-11-20 12:15 before_fed Round:  38 | Epochs: 190 | Domain: a | loss: 0.2919 | Acc: 92.31%
2023-11-20 12:15 before_fed Round:  38 | Epochs: 190 | Domain: s | loss: 0.1525 | Acc: 95.48%
2023-11-20 12:15 after_fed Round:  38 | Epochs: 190 | Domain: p | loss: 0.0259 | Acc: 99.42%
2023-11-20 12:15 after_fed Round:  38 | Epochs: 190 | Domain: a | loss: 0.4128 | Acc: 87.98%
2023-11-20 12:15 after_fed Round:  38 | Epochs: 190 | Domain: s | loss: 0.1628 | Acc: 94.72%
2023-11-20 12:15 Model saved! Best Val Acc: 93.94%
2023-11-20 12:15 test_domain Round:  38 | Epochs: 190 | Domain: c | loss: 0.7909 | Acc: 80.03%
2023-11-20 12:15 before_fed Round:  39 | Epochs: 195 | Domain: p | loss: 0.0161 | Acc: 99.42%
2023-11-20 12:15 before_fed Round:  39 | Epochs: 195 | Domain: a | loss: 0.2371 | Acc: 93.75%
2023-11-20 12:16 before_fed Round:  39 | Epochs: 195 | Domain: s | loss: 0.1499 | Acc: 95.73%
2023-11-20 12:16 after_fed Round:  39 | Epochs: 195 | Domain: p | loss: 0.0198 | Acc: 99.42%
2023-11-20 12:16 after_fed Round:  39 | Epochs: 195 | Domain: a | loss: 0.4148 | Acc: 87.02%
2023-11-20 12:16 after_fed Round:  39 | Epochs: 195 | Domain: s | loss: 0.1669 | Acc: 95.23%
2023-11-20 12:16 Model saved! Best Val Acc: 93.94%
2023-11-20 12:16 test_domain Round:  39 | Epochs: 195 | Domain: c | loss: 0.8935 | Acc: 78.63%
2023-11-20 12:16 before_fed Round:  40 | Epochs: 200 | Domain: p | loss: 0.0099 | Acc: 100.00%
2023-11-20 12:16 before_fed Round:  40 | Epochs: 200 | Domain: a | loss: 0.2206 | Acc: 94.71%
2023-11-20 12:17 before_fed Round:  40 | Epochs: 200 | Domain: s | loss: 0.1387 | Acc: 95.73%
2023-11-20 12:17 after_fed Round:  40 | Epochs: 200 | Domain: p | loss: 0.0232 | Acc: 99.42%
2023-11-20 12:17 after_fed Round:  40 | Epochs: 200 | Domain: a | loss: 0.4024 | Acc: 87.50%
2023-11-20 12:17 after_fed Round:  40 | Epochs: 200 | Domain: s | loss: 0.1602 | Acc: 94.97%
2023-11-20 12:17 test_domain Round:  40 | Epochs: 200 | Domain: c | loss: 0.8655 | Acc: 79.01%
