2023-11-19 00:26 before_fed Round:   0 | Epochs:   0 | Domain: p | loss: 0.0647 | Acc: 98.25%
2023-11-19 00:26 before_fed Round:   0 | Epochs:   0 | Domain: c | loss: 0.2393 | Acc: 91.14%
2023-11-19 00:26 before_fed Round:   0 | Epochs:   0 | Domain: s | loss: 0.2537 | Acc: 90.95%
2023-11-19 00:26 after_fed Round:   0 | Epochs:   0 | Domain: p | loss: 0.2821 | Acc: 95.32%
2023-11-19 00:26 after_fed Round:   0 | Epochs:   0 | Domain: c | loss: 0.6987 | Acc: 75.95%
2023-11-19 00:26 after_fed Round:   0 | Epochs:   0 | Domain: s | loss: 0.8155 | Acc: 73.37%
2023-11-19 00:26 Model saved! Best Val Acc: 81.55%
2023-11-19 00:26 test_domain Round:   0 | Epochs:   0 | Domain: a | loss: 1.0768 | Acc: 63.48%
2023-11-19 00:26 Round 0 FedAvg weight: {'p': 0.3027054234310822, 'c': 0.3445562296086848, 's': 0.35273834696023293}
2023-11-19 00:27 before_fed Round:   1 | Epochs:   5 | Domain: p | loss: 0.0475 | Acc: 99.42%
2023-11-19 00:27 before_fed Round:   1 | Epochs:   5 | Domain: c | loss: 0.1639 | Acc: 95.36%
2023-11-19 00:27 before_fed Round:   1 | Epochs:   5 | Domain: s | loss: 0.1740 | Acc: 93.72%
2023-11-19 00:27 after_fed Round:   1 | Epochs:   5 | Domain: p | loss: 0.1184 | Acc: 96.49%
2023-11-19 00:27 after_fed Round:   1 | Epochs:   5 | Domain: c | loss: 0.4367 | Acc: 88.19%
2023-11-19 00:27 after_fed Round:   1 | Epochs:   5 | Domain: s | loss: 0.3901 | Acc: 87.69%
2023-11-19 00:27 Model saved! Best Val Acc: 90.52%
2023-11-19 00:27 test_domain Round:   1 | Epochs:   5 | Domain: a | loss: 0.8030 | Acc: 72.90%
2023-11-19 00:27 Round 1 FedAvg weight: {'p': 0.2868813170934249, 'c': 0.35762014915626644, 's': 0.35549853375030865}
2023-11-19 00:27 before_fed Round:   2 | Epochs:  10 | Domain: p | loss: 0.0308 | Acc: 98.25%
2023-11-19 00:28 before_fed Round:   2 | Epochs:  10 | Domain: c | loss: 0.1774 | Acc: 93.67%
2023-11-19 00:28 before_fed Round:   2 | Epochs:  10 | Domain: s | loss: 0.1599 | Acc: 94.22%
2023-11-19 00:28 after_fed Round:   2 | Epochs:  10 | Domain: p | loss: 0.1079 | Acc: 97.08%
2023-11-19 00:28 after_fed Round:   2 | Epochs:  10 | Domain: c | loss: 0.3495 | Acc: 89.87%
2023-11-19 00:28 after_fed Round:   2 | Epochs:  10 | Domain: s | loss: 0.3189 | Acc: 89.20%
2023-11-19 00:28 Model saved! Best Val Acc: 91.70%
2023-11-19 00:28 test_domain Round:   2 | Epochs:  10 | Domain: a | loss: 0.7340 | Acc: 76.12%
2023-11-19 00:28 Round 2 FedAvg weight: {'p': 0.2674432269878232, 'c': 0.360186668670291, 's': 0.3723701043418858}
2023-11-19 00:28 before_fed Round:   3 | Epochs:  15 | Domain: p | loss: 0.0405 | Acc: 98.83%
2023-11-19 00:28 before_fed Round:   3 | Epochs:  15 | Domain: c | loss: 0.1695 | Acc: 94.09%
2023-11-19 00:29 before_fed Round:   3 | Epochs:  15 | Domain: s | loss: 0.2086 | Acc: 92.21%
2023-11-19 00:29 after_fed Round:   3 | Epochs:  15 | Domain: p | loss: 0.1180 | Acc: 95.91%
2023-11-19 00:29 after_fed Round:   3 | Epochs:  15 | Domain: c | loss: 0.2895 | Acc: 91.98%
2023-11-19 00:29 after_fed Round:   3 | Epochs:  15 | Domain: s | loss: 0.2638 | Acc: 90.45%
2023-11-19 00:29 Model saved! Best Val Acc: 92.46%
2023-11-19 00:29 test_domain Round:   3 | Epochs:  15 | Domain: a | loss: 0.6959 | Acc: 78.32%
2023-11-19 00:29 Round 3 FedAvg weight: {'p': 0.2883526699356494, 'c': 0.35382618852615233, 's': 0.3578211415381981}
2023-11-19 00:29 before_fed Round:   4 | Epochs:  20 | Domain: p | loss: 0.0228 | Acc: 99.42%
2023-11-19 00:29 before_fed Round:   4 | Epochs:  20 | Domain: c | loss: 0.1751 | Acc: 94.09%
2023-11-19 00:30 before_fed Round:   4 | Epochs:  20 | Domain: s | loss: 0.1931 | Acc: 94.47%
2023-11-19 00:30 after_fed Round:   4 | Epochs:  20 | Domain: p | loss: 0.0829 | Acc: 97.66%
2023-11-19 00:30 after_fed Round:   4 | Epochs:  20 | Domain: c | loss: 0.3170 | Acc: 91.14%
2023-11-19 00:30 after_fed Round:   4 | Epochs:  20 | Domain: s | loss: 0.2495 | Acc: 92.21%
2023-11-19 00:30 Model saved! Best Val Acc: 93.40%
2023-11-19 00:30 test_domain Round:   4 | Epochs:  20 | Domain: a | loss: 0.7294 | Acc: 77.54%
2023-11-19 00:30 Round 4 FedAvg weight: {'p': 0.2837008344148728, 'c': 0.3627147444107721, 's': 0.3535844211743552}
2023-11-19 00:30 before_fed Round:   5 | Epochs:  25 | Domain: p | loss: 0.0261 | Acc: 99.42%
2023-11-19 00:30 before_fed Round:   5 | Epochs:  25 | Domain: c | loss: 0.1926 | Acc: 94.51%
2023-11-19 00:30 before_fed Round:   5 | Epochs:  25 | Domain: s | loss: 0.1958 | Acc: 94.22%
2023-11-19 00:30 after_fed Round:   5 | Epochs:  25 | Domain: p | loss: 0.0670 | Acc: 97.66%
2023-11-19 00:30 after_fed Round:   5 | Epochs:  25 | Domain: c | loss: 0.4032 | Acc: 89.45%
2023-11-19 00:30 after_fed Round:   5 | Epochs:  25 | Domain: s | loss: 0.2041 | Acc: 93.22%
2023-11-19 00:30 test_domain Round:   5 | Epochs:  25 | Domain: a | loss: 0.7134 | Acc: 77.44%
2023-11-19 00:30 Round 5 FedAvg weight: {'p': 0.27865890069397004, 'c': 0.3868537777770829, 's': 0.334487321528947}
2023-11-19 00:31 before_fed Round:   6 | Epochs:  30 | Domain: p | loss: 0.0166 | Acc: 99.42%
2023-11-19 00:31 before_fed Round:   6 | Epochs:  30 | Domain: c | loss: 0.2016 | Acc: 95.36%
2023-11-19 00:31 before_fed Round:   6 | Epochs:  30 | Domain: s | loss: 0.1746 | Acc: 94.47%
2023-11-19 00:31 after_fed Round:   6 | Epochs:  30 | Domain: p | loss: 0.1084 | Acc: 96.49%
2023-11-19 00:31 after_fed Round:   6 | Epochs:  30 | Domain: c | loss: 0.3636 | Acc: 89.45%
2023-11-19 00:31 after_fed Round:   6 | Epochs:  30 | Domain: s | loss: 0.2113 | Acc: 93.47%
2023-11-19 00:31 test_domain Round:   6 | Epochs:  30 | Domain: a | loss: 0.8236 | Acc: 75.83%
2023-11-19 00:31 Round 6 FedAvg weight: {'p': 0.28030638656370344, 'c': 0.40577343439701363, 's': 0.3139201790392828}
2023-11-19 00:31 before_fed Round:   7 | Epochs:  35 | Domain: p | loss: 0.0211 | Acc: 99.42%
2023-11-19 00:32 before_fed Round:   7 | Epochs:  35 | Domain: c | loss: 0.1888 | Acc: 94.09%
2023-11-19 00:32 before_fed Round:   7 | Epochs:  35 | Domain: s | loss: 0.1771 | Acc: 93.22%
2023-11-19 00:32 after_fed Round:   7 | Epochs:  35 | Domain: p | loss: 0.0992 | Acc: 96.49%
2023-11-19 00:32 after_fed Round:   7 | Epochs:  35 | Domain: c | loss: 0.3150 | Acc: 90.30%
2023-11-19 00:32 after_fed Round:   7 | Epochs:  35 | Domain: s | loss: 0.2499 | Acc: 91.21%
2023-11-19 00:32 test_domain Round:   7 | Epochs:  35 | Domain: a | loss: 0.7587 | Acc: 77.88%
2023-11-19 00:32 Round 7 FedAvg weight: {'p': 0.2865969495432937, 'c': 0.40913282967296805, 's': 0.3042702207837384}
2023-11-19 00:32 before_fed Round:   8 | Epochs:  40 | Domain: p | loss: 0.0261 | Acc: 99.42%
2023-11-19 00:32 before_fed Round:   8 | Epochs:  40 | Domain: c | loss: 0.1793 | Acc: 93.67%
2023-11-19 00:33 before_fed Round:   8 | Epochs:  40 | Domain: s | loss: 0.2028 | Acc: 92.71%
2023-11-19 00:33 after_fed Round:   8 | Epochs:  40 | Domain: p | loss: 0.1125 | Acc: 93.57%
2023-11-19 00:33 after_fed Round:   8 | Epochs:  40 | Domain: c | loss: 0.3108 | Acc: 92.41%
2023-11-19 00:33 after_fed Round:   8 | Epochs:  40 | Domain: s | loss: 0.2472 | Acc: 92.21%
2023-11-19 00:33 test_domain Round:   8 | Epochs:  40 | Domain: a | loss: 0.8909 | Acc: 76.27%
2023-11-19 00:33 Round 8 FedAvg weight: {'p': 0.3187635368152741, 'c': 0.3928943981318539, 's': 0.28834206505287197}
2023-11-19 00:33 before_fed Round:   9 | Epochs:  45 | Domain: p | loss: 0.0207 | Acc: 99.42%
2023-11-19 00:33 before_fed Round:   9 | Epochs:  45 | Domain: c | loss: 0.2120 | Acc: 94.94%
2023-11-19 00:33 before_fed Round:   9 | Epochs:  45 | Domain: s | loss: 0.1623 | Acc: 93.72%
2023-11-19 00:33 after_fed Round:   9 | Epochs:  45 | Domain: p | loss: 0.0915 | Acc: 96.49%
2023-11-19 00:33 after_fed Round:   9 | Epochs:  45 | Domain: c | loss: 0.3134 | Acc: 92.83%
2023-11-19 00:33 after_fed Round:   9 | Epochs:  45 | Domain: s | loss: 0.2100 | Acc: 93.22%
2023-11-19 00:33 Model saved! Best Val Acc: 94.11%
2023-11-19 00:34 test_domain Round:   9 | Epochs:  45 | Domain: a | loss: 0.8079 | Acc: 77.39%
2023-11-19 00:34 Round 9 FedAvg weight: {'p': 0.3379687287304767, 'c': 0.39181033458326364, 's': 0.2702209366862597}
2023-11-19 00:34 before_fed Round:  10 | Epochs:  50 | Domain: p | loss: 0.0325 | Acc: 98.83%
2023-11-19 00:34 before_fed Round:  10 | Epochs:  50 | Domain: c | loss: 0.2409 | Acc: 94.09%
2023-11-19 00:34 before_fed Round:  10 | Epochs:  50 | Domain: s | loss: 0.1749 | Acc: 94.47%
2023-11-19 00:34 after_fed Round:  10 | Epochs:  50 | Domain: p | loss: 0.0676 | Acc: 97.08%
2023-11-19 00:34 after_fed Round:  10 | Epochs:  50 | Domain: c | loss: 0.3543 | Acc: 91.56%
2023-11-19 00:34 after_fed Round:  10 | Epochs:  50 | Domain: s | loss: 0.2427 | Acc: 90.45%
2023-11-19 00:34 test_domain Round:  10 | Epochs:  50 | Domain: a | loss: 0.7943 | Acc: 77.93%
2023-11-19 00:34 Round 10 FedAvg weight: {'p': 0.3257428368368038, 'c': 0.38341706096873446, 's': 0.2908401021944618}
2023-11-19 00:34 before_fed Round:  11 | Epochs:  55 | Domain: p | loss: 0.0177 | Acc: 99.42%
2023-11-19 00:35 before_fed Round:  11 | Epochs:  55 | Domain: c | loss: 0.2272 | Acc: 94.51%
2023-11-19 00:35 before_fed Round:  11 | Epochs:  55 | Domain: s | loss: 0.1807 | Acc: 93.72%
2023-11-19 00:35 after_fed Round:  11 | Epochs:  55 | Domain: p | loss: 0.0682 | Acc: 97.08%
2023-11-19 00:35 after_fed Round:  11 | Epochs:  55 | Domain: c | loss: 0.3984 | Acc: 90.72%
2023-11-19 00:35 after_fed Round:  11 | Epochs:  55 | Domain: s | loss: 0.1841 | Acc: 94.22%
2023-11-19 00:35 test_domain Round:  11 | Epochs:  55 | Domain: a | loss: 0.8390 | Acc: 76.90%
2023-11-19 00:35 Round 11 FedAvg weight: {'p': 0.3319193488256785, 'c': 0.40348538349969765, 's': 0.2645952676746239}
2023-11-19 00:35 before_fed Round:  12 | Epochs:  60 | Domain: p | loss: 0.0190 | Acc: 99.42%
2023-11-19 00:35 before_fed Round:  12 | Epochs:  60 | Domain: c | loss: 0.1838 | Acc: 94.94%
2023-11-19 00:36 before_fed Round:  12 | Epochs:  60 | Domain: s | loss: 0.1600 | Acc: 93.97%
2023-11-19 00:36 after_fed Round:  12 | Epochs:  60 | Domain: p | loss: 0.0826 | Acc: 96.49%
2023-11-19 00:36 after_fed Round:  12 | Epochs:  60 | Domain: c | loss: 0.3554 | Acc: 90.30%
2023-11-19 00:36 after_fed Round:  12 | Epochs:  60 | Domain: s | loss: 0.2017 | Acc: 92.96%
2023-11-19 00:36 test_domain Round:  12 | Epochs:  60 | Domain: a | loss: 0.7955 | Acc: 78.22%
2023-11-19 00:36 Round 12 FedAvg weight: {'p': 0.3326775923254597, 'c': 0.41479855601759474, 's': 0.25252385165694563}
2023-11-19 00:36 before_fed Round:  13 | Epochs:  65 | Domain: p | loss: 0.0120 | Acc: 100.00%
2023-11-19 00:36 before_fed Round:  13 | Epochs:  65 | Domain: c | loss: 0.2179 | Acc: 94.51%
2023-11-19 00:37 before_fed Round:  13 | Epochs:  65 | Domain: s | loss: 0.1736 | Acc: 94.22%
2023-11-19 00:37 after_fed Round:  13 | Epochs:  65 | Domain: p | loss: 0.0948 | Acc: 96.49%
2023-11-19 00:37 after_fed Round:  13 | Epochs:  65 | Domain: c | loss: 0.3852 | Acc: 91.56%
2023-11-19 00:37 after_fed Round:  13 | Epochs:  65 | Domain: s | loss: 0.2015 | Acc: 92.71%
2023-11-19 00:37 test_domain Round:  13 | Epochs:  65 | Domain: a | loss: 0.8047 | Acc: 78.71%
2023-11-19 00:37 Round 13 FedAvg weight: {'p': 0.3429876942993968, 'c': 0.41056185635855913, 's': 0.24645044934204402}
2023-11-19 00:37 before_fed Round:  14 | Epochs:  70 | Domain: p | loss: 0.0215 | Acc: 99.42%
2023-11-19 00:37 before_fed Round:  14 | Epochs:  70 | Domain: c | loss: 0.1904 | Acc: 94.09%
2023-11-19 00:37 before_fed Round:  14 | Epochs:  70 | Domain: s | loss: 0.1958 | Acc: 93.72%
2023-11-19 00:37 after_fed Round:  14 | Epochs:  70 | Domain: p | loss: 0.0679 | Acc: 97.08%
2023-11-19 00:37 after_fed Round:  14 | Epochs:  70 | Domain: c | loss: 0.3414 | Acc: 92.41%
2023-11-19 00:37 after_fed Round:  14 | Epochs:  70 | Domain: s | loss: 0.2081 | Acc: 93.22%
2023-11-19 00:37 Model saved! Best Val Acc: 94.21%
2023-11-19 00:37 test_domain Round:  14 | Epochs:  70 | Domain: a | loss: 0.7082 | Acc: 80.71%
2023-11-19 00:37 Round 14 FedAvg weight: {'p': 0.3568899330061837, 'c': 0.4075207141136014, 's': 0.23558935288021482}
2023-11-19 00:38 before_fed Round:  15 | Epochs:  75 | Domain: p | loss: 0.0208 | Acc: 99.42%
2023-11-19 00:38 before_fed Round:  15 | Epochs:  75 | Domain: c | loss: 0.1960 | Acc: 94.51%
2023-11-19 00:38 before_fed Round:  15 | Epochs:  75 | Domain: s | loss: 0.1885 | Acc: 94.22%
2023-11-19 00:38 after_fed Round:  15 | Epochs:  75 | Domain: p | loss: 0.0627 | Acc: 96.49%
2023-11-19 00:38 after_fed Round:  15 | Epochs:  75 | Domain: c | loss: 0.3711 | Acc: 91.98%
2023-11-19 00:38 after_fed Round:  15 | Epochs:  75 | Domain: s | loss: 0.2368 | Acc: 92.96%
2023-11-19 00:38 test_domain Round:  15 | Epochs:  75 | Domain: a | loss: 0.7291 | Acc: 79.64%
2023-11-19 00:38 Round 15 FedAvg weight: {'p': 0.36401458583059004, 'c': 0.4047764241322712, 's': 0.23120899003713866}
2023-11-19 00:38 before_fed Round:  16 | Epochs:  80 | Domain: p | loss: 0.0162 | Acc: 99.42%
2023-11-19 00:39 before_fed Round:  16 | Epochs:  80 | Domain: c | loss: 0.2202 | Acc: 94.09%
2023-11-19 00:39 before_fed Round:  16 | Epochs:  80 | Domain: s | loss: 0.1933 | Acc: 93.47%
2023-11-19 00:39 after_fed Round:  16 | Epochs:  80 | Domain: p | loss: 0.0416 | Acc: 97.66%
2023-11-19 00:39 after_fed Round:  16 | Epochs:  80 | Domain: c | loss: 0.3122 | Acc: 93.25%
2023-11-19 00:39 after_fed Round:  16 | Epochs:  80 | Domain: s | loss: 0.2658 | Acc: 91.71%
2023-11-19 00:39 Model saved! Best Val Acc: 94.50%
2023-11-19 00:39 test_domain Round:  16 | Epochs:  80 | Domain: a | loss: 0.6906 | Acc: 81.15%
2023-11-19 00:39 Round 16 FedAvg weight: {'p': 0.3676297614510396, 'c': 0.3850256999677204, 's': 0.24734453858123986}
2023-11-19 00:39 before_fed Round:  17 | Epochs:  85 | Domain: p | loss: 0.0250 | Acc: 99.42%
2023-11-19 00:39 before_fed Round:  17 | Epochs:  85 | Domain: c | loss: 0.2240 | Acc: 94.94%
2023-11-19 00:40 before_fed Round:  17 | Epochs:  85 | Domain: s | loss: 0.1496 | Acc: 94.97%
2023-11-19 00:40 after_fed Round:  17 | Epochs:  85 | Domain: p | loss: 0.0486 | Acc: 96.49%
2023-11-19 00:40 after_fed Round:  17 | Epochs:  85 | Domain: c | loss: 0.3519 | Acc: 92.41%
2023-11-19 00:40 after_fed Round:  17 | Epochs:  85 | Domain: s | loss: 0.2096 | Acc: 93.22%
2023-11-19 00:40 test_domain Round:  17 | Epochs:  85 | Domain: a | loss: 0.8138 | Acc: 79.10%
2023-11-19 00:40 Round 17 FedAvg weight: {'p': 0.37101326982363203, 'c': 0.38196159440400906, 's': 0.24702513577235902}
2023-11-19 00:40 before_fed Round:  18 | Epochs:  90 | Domain: p | loss: 0.0213 | Acc: 99.42%
2023-11-19 00:40 before_fed Round:  18 | Epochs:  90 | Domain: c | loss: 0.2188 | Acc: 94.51%
2023-11-19 00:41 before_fed Round:  18 | Epochs:  90 | Domain: s | loss: 0.1682 | Acc: 94.72%
2023-11-19 00:41 after_fed Round:  18 | Epochs:  90 | Domain: p | loss: 0.0631 | Acc: 96.49%
2023-11-19 00:41 after_fed Round:  18 | Epochs:  90 | Domain: c | loss: 0.3301 | Acc: 92.41%
2023-11-19 00:41 after_fed Round:  18 | Epochs:  90 | Domain: s | loss: 0.2577 | Acc: 91.71%
2023-11-19 00:41 test_domain Round:  18 | Epochs:  90 | Domain: a | loss: 0.7067 | Acc: 81.10%
2023-11-19 00:41 Round 18 FedAvg weight: {'p': 0.3702956593627839, 'c': 0.370836115242241, 's': 0.25886822539497517}
2023-11-19 00:41 before_fed Round:  19 | Epochs:  95 | Domain: p | loss: 0.0176 | Acc: 99.42%
2023-11-19 00:41 before_fed Round:  19 | Epochs:  95 | Domain: c | loss: 0.2504 | Acc: 93.25%
2023-11-19 00:41 before_fed Round:  19 | Epochs:  95 | Domain: s | loss: 0.1826 | Acc: 93.97%
2023-11-19 00:41 after_fed Round:  19 | Epochs:  95 | Domain: p | loss: 0.0687 | Acc: 96.49%
2023-11-19 00:41 after_fed Round:  19 | Epochs:  95 | Domain: c | loss: 0.3335 | Acc: 93.25%
2023-11-19 00:41 after_fed Round:  19 | Epochs:  95 | Domain: s | loss: 0.1902 | Acc: 93.97%
2023-11-19 00:41 Model saved! Best Val Acc: 94.64%
2023-11-19 00:41 test_domain Round:  19 | Epochs:  95 | Domain: a | loss: 0.7586 | Acc: 80.18%
2023-11-19 00:41 Round 19 FedAvg weight: {'p': 0.3925681601570262, 'c': 0.3577197253140588, 's': 0.24971211452891492}
2023-11-19 00:42 before_fed Round:  20 | Epochs: 100 | Domain: p | loss: 0.0119 | Acc: 99.42%
2023-11-19 00:42 before_fed Round:  20 | Epochs: 100 | Domain: c | loss: 0.2166 | Acc: 94.09%
2023-11-19 00:42 before_fed Round:  20 | Epochs: 100 | Domain: s | loss: 0.1448 | Acc: 95.23%
2023-11-19 00:42 after_fed Round:  20 | Epochs: 100 | Domain: p | loss: 0.0464 | Acc: 97.66%
2023-11-19 00:42 after_fed Round:  20 | Epochs: 100 | Domain: c | loss: 0.3598 | Acc: 92.41%
2023-11-19 00:42 after_fed Round:  20 | Epochs: 100 | Domain: s | loss: 0.1799 | Acc: 93.97%
2023-11-19 00:42 Model saved! Best Val Acc: 94.86%
2023-11-19 00:42 test_domain Round:  20 | Epochs: 100 | Domain: a | loss: 0.6778 | Acc: 82.18%
2023-11-19 00:42 Round 20 FedAvg weight: {'p': 0.3909252865664041, 'c': 0.3578481776118398, 's': 0.25122653582175625}
2023-11-19 00:42 before_fed Round:  21 | Epochs: 105 | Domain: p | loss: 0.0196 | Acc: 98.83%
2023-11-19 00:43 before_fed Round:  21 | Epochs: 105 | Domain: c | loss: 0.1593 | Acc: 95.78%
2023-11-19 00:43 before_fed Round:  21 | Epochs: 105 | Domain: s | loss: 0.1980 | Acc: 92.96%
2023-11-19 00:43 after_fed Round:  21 | Epochs: 105 | Domain: p | loss: 0.0660 | Acc: 97.66%
2023-11-19 00:43 after_fed Round:  21 | Epochs: 105 | Domain: c | loss: 0.3020 | Acc: 92.41%
2023-11-19 00:43 after_fed Round:  21 | Epochs: 105 | Domain: s | loss: 0.2011 | Acc: 93.47%
2023-11-19 00:43 test_domain Round:  21 | Epochs: 105 | Domain: a | loss: 0.7357 | Acc: 80.86%
2023-11-19 00:43 Round 21 FedAvg weight: {'p': 0.3870246864003929, 'c': 0.3761647401520608, 's': 0.23681057344754633}
2023-11-19 00:43 before_fed Round:  22 | Epochs: 110 | Domain: p | loss: 0.0179 | Acc: 99.42%
2023-11-19 00:43 before_fed Round:  22 | Epochs: 110 | Domain: c | loss: 0.1951 | Acc: 93.67%
2023-11-19 00:44 before_fed Round:  22 | Epochs: 110 | Domain: s | loss: 0.2004 | Acc: 93.72%
2023-11-19 00:44 after_fed Round:  22 | Epochs: 110 | Domain: p | loss: 0.0543 | Acc: 97.66%
2023-11-19 00:44 after_fed Round:  22 | Epochs: 110 | Domain: c | loss: 0.3365 | Acc: 91.98%
2023-11-19 00:44 after_fed Round:  22 | Epochs: 110 | Domain: s | loss: 0.2401 | Acc: 92.21%
2023-11-19 00:44 test_domain Round:  22 | Epochs: 110 | Domain: a | loss: 0.7666 | Acc: 80.52%
2023-11-19 00:44 Round 22 FedAvg weight: {'p': 0.3843525798539478, 'c': 0.3732794003770128, 's': 0.2423680197690395}
2023-11-19 00:44 before_fed Round:  23 | Epochs: 115 | Domain: p | loss: 0.0362 | Acc: 99.42%
2023-11-19 00:44 before_fed Round:  23 | Epochs: 115 | Domain: c | loss: 0.1950 | Acc: 95.36%
2023-11-19 00:45 before_fed Round:  23 | Epochs: 115 | Domain: s | loss: 0.2029 | Acc: 93.47%
2023-11-19 00:45 after_fed Round:  23 | Epochs: 115 | Domain: p | loss: 0.0737 | Acc: 97.08%
2023-11-19 00:45 after_fed Round:  23 | Epochs: 115 | Domain: c | loss: 0.3331 | Acc: 93.25%
2023-11-19 00:45 after_fed Round:  23 | Epochs: 115 | Domain: s | loss: 0.2537 | Acc: 92.21%
2023-11-19 00:45 test_domain Round:  23 | Epochs: 115 | Domain: a | loss: 0.7424 | Acc: 81.25%
2023-11-19 00:45 Round 23 FedAvg weight: {'p': 0.3861019729828787, 'c': 0.37304138286000676, 's': 0.24085664415711455}
2023-11-19 00:45 before_fed Round:  24 | Epochs: 120 | Domain: p | loss: 0.0232 | Acc: 99.42%
2023-11-19 00:45 before_fed Round:  24 | Epochs: 120 | Domain: c | loss: 0.2600 | Acc: 94.94%
2023-11-19 00:45 before_fed Round:  24 | Epochs: 120 | Domain: s | loss: 0.2017 | Acc: 94.47%
2023-11-19 00:45 after_fed Round:  24 | Epochs: 120 | Domain: p | loss: 0.0470 | Acc: 97.66%
2023-11-19 00:45 after_fed Round:  24 | Epochs: 120 | Domain: c | loss: 0.3589 | Acc: 91.56%
2023-11-19 00:45 after_fed Round:  24 | Epochs: 120 | Domain: s | loss: 0.2330 | Acc: 92.21%
2023-11-19 00:45 test_domain Round:  24 | Epochs: 120 | Domain: a | loss: 0.8371 | Acc: 79.35%
2023-11-19 00:45 Round 24 FedAvg weight: {'p': 0.3774131204679111, 'c': 0.3779280408010267, 's': 0.24465883873106237}
2023-11-19 00:46 before_fed Round:  25 | Epochs: 125 | Domain: p | loss: 0.0204 | Acc: 99.42%
2023-11-19 00:46 before_fed Round:  25 | Epochs: 125 | Domain: c | loss: 0.2412 | Acc: 94.51%
2023-11-19 00:46 before_fed Round:  25 | Epochs: 125 | Domain: s | loss: 0.1637 | Acc: 94.22%
2023-11-19 00:46 after_fed Round:  25 | Epochs: 125 | Domain: p | loss: 0.0580 | Acc: 97.66%
2023-11-19 00:46 after_fed Round:  25 | Epochs: 125 | Domain: c | loss: 0.3441 | Acc: 93.67%
2023-11-19 00:46 after_fed Round:  25 | Epochs: 125 | Domain: s | loss: 0.2061 | Acc: 92.71%
2023-11-19 00:46 Model saved! Best Val Acc: 94.94%
2023-11-19 00:46 test_domain Round:  25 | Epochs: 125 | Domain: a | loss: 0.7539 | Acc: 80.37%
2023-11-19 00:46 Round 25 FedAvg weight: {'p': 0.3803432338854405, 'c': 0.36780121701713747, 's': 0.2518555490974219}
2023-11-19 00:46 before_fed Round:  26 | Epochs: 130 | Domain: p | loss: 0.0101 | Acc: 99.42%
2023-11-19 00:47 before_fed Round:  26 | Epochs: 130 | Domain: c | loss: 0.1999 | Acc: 96.20%
2023-11-19 00:47 before_fed Round:  26 | Epochs: 130 | Domain: s | loss: 0.1621 | Acc: 94.72%
2023-11-19 00:47 after_fed Round:  26 | Epochs: 130 | Domain: p | loss: 0.0455 | Acc: 98.25%
2023-11-19 00:47 after_fed Round:  26 | Epochs: 130 | Domain: c | loss: 0.3392 | Acc: 92.83%
2023-11-19 00:47 after_fed Round:  26 | Epochs: 130 | Domain: s | loss: 0.1998 | Acc: 92.96%
2023-11-19 00:47 test_domain Round:  26 | Epochs: 130 | Domain: a | loss: 0.7857 | Acc: 80.32%
2023-11-19 00:47 Round 26 FedAvg weight: {'p': 0.37165362080265435, 'c': 0.3752800129710908, 's': 0.2530663662262547}
2023-11-19 00:47 before_fed Round:  27 | Epochs: 135 | Domain: p | loss: 0.0205 | Acc: 98.83%
2023-11-19 00:47 before_fed Round:  27 | Epochs: 135 | Domain: c | loss: 0.1962 | Acc: 95.36%
2023-11-19 00:48 before_fed Round:  27 | Epochs: 135 | Domain: s | loss: 0.1583 | Acc: 94.22%
2023-11-19 00:48 after_fed Round:  27 | Epochs: 135 | Domain: p | loss: 0.0708 | Acc: 96.49%
2023-11-19 00:48 after_fed Round:  27 | Epochs: 135 | Domain: c | loss: 0.3084 | Acc: 93.25%
2023-11-19 00:48 after_fed Round:  27 | Epochs: 135 | Domain: s | loss: 0.1996 | Acc: 94.22%
2023-11-19 00:48 test_domain Round:  27 | Epochs: 135 | Domain: a | loss: 0.7275 | Acc: 82.08%
2023-11-19 00:48 Round 27 FedAvg weight: {'p': 0.37820319019959836, 'c': 0.3794837256927228, 's': 0.24231308410767877}
2023-11-19 00:48 before_fed Round:  28 | Epochs: 140 | Domain: p | loss: 0.0138 | Acc: 99.42%
2023-11-19 00:48 before_fed Round:  28 | Epochs: 140 | Domain: c | loss: 0.2577 | Acc: 93.67%
2023-11-19 00:48 before_fed Round:  28 | Epochs: 140 | Domain: s | loss: 0.1837 | Acc: 93.47%
2023-11-19 00:48 after_fed Round:  28 | Epochs: 140 | Domain: p | loss: 0.0277 | Acc: 98.83%
2023-11-19 00:49 after_fed Round:  28 | Epochs: 140 | Domain: c | loss: 0.3519 | Acc: 93.25%
2023-11-19 00:49 after_fed Round:  28 | Epochs: 140 | Domain: s | loss: 0.1798 | Acc: 93.72%
2023-11-19 00:49 Model saved! Best Val Acc: 95.47%
2023-11-19 00:49 test_domain Round:  28 | Epochs: 140 | Domain: a | loss: 0.8447 | Acc: 78.91%
2023-11-19 00:49 Round 28 FedAvg weight: {'p': 0.3889820422414804, 'c': 0.38435824500860294, 's': 0.22665971274991667}
2023-11-19 00:49 before_fed Round:  29 | Epochs: 145 | Domain: p | loss: 0.0048 | Acc: 100.00%
2023-11-19 00:49 before_fed Round:  29 | Epochs: 145 | Domain: c | loss: 0.2225 | Acc: 94.94%
2023-11-19 00:49 before_fed Round:  29 | Epochs: 145 | Domain: s | loss: 0.1968 | Acc: 93.97%
2023-11-19 00:49 after_fed Round:  29 | Epochs: 145 | Domain: p | loss: 0.0287 | Acc: 98.25%
2023-11-19 00:49 after_fed Round:  29 | Epochs: 145 | Domain: c | loss: 0.3368 | Acc: 94.09%
2023-11-19 00:49 after_fed Round:  29 | Epochs: 145 | Domain: s | loss: 0.2235 | Acc: 93.22%
2023-11-19 00:49 Model saved! Best Val Acc: 95.51%
2023-11-19 00:49 test_domain Round:  29 | Epochs: 145 | Domain: a | loss: 0.7195 | Acc: 81.35%
2023-11-19 00:49 Round 29 FedAvg weight: {'p': 0.3939287567863932, 'c': 0.37947744388807847, 's': 0.22659379932552814}
2023-11-19 00:49 before_fed Round:  30 | Epochs: 150 | Domain: p | loss: 0.0128 | Acc: 99.42%
2023-11-19 00:50 before_fed Round:  30 | Epochs: 150 | Domain: c | loss: 0.2251 | Acc: 94.94%
2023-11-19 00:50 before_fed Round:  30 | Epochs: 150 | Domain: s | loss: 0.1585 | Acc: 94.47%
2023-11-19 00:50 after_fed Round:  30 | Epochs: 150 | Domain: p | loss: 0.0563 | Acc: 97.66%
2023-11-19 00:50 after_fed Round:  30 | Epochs: 150 | Domain: c | loss: 0.3331 | Acc: 94.51%
2023-11-19 00:50 after_fed Round:  30 | Epochs: 150 | Domain: s | loss: 0.1882 | Acc: 94.22%
2023-11-19 00:50 Model saved! Best Val Acc: 95.69%
2023-11-19 00:50 test_domain Round:  30 | Epochs: 150 | Domain: a | loss: 0.7633 | Acc: 80.86%
2023-11-19 00:50 Round 30 FedAvg weight: {'p': 0.4020624711775094, 'c': 0.3743891316797841, 's': 0.2235483971427066}
2023-11-19 00:50 before_fed Round:  31 | Epochs: 155 | Domain: p | loss: 0.0086 | Acc: 99.42%
2023-11-19 00:50 before_fed Round:  31 | Epochs: 155 | Domain: c | loss: 0.2527 | Acc: 94.51%
2023-11-19 00:51 before_fed Round:  31 | Epochs: 155 | Domain: s | loss: 0.1240 | Acc: 95.23%
2023-11-19 00:51 after_fed Round:  31 | Epochs: 155 | Domain: p | loss: 0.0307 | Acc: 98.83%
2023-11-19 00:51 after_fed Round:  31 | Epochs: 155 | Domain: c | loss: 0.3398 | Acc: 93.67%
2023-11-19 00:51 after_fed Round:  31 | Epochs: 155 | Domain: s | loss: 0.2113 | Acc: 94.22%
2023-11-19 00:51 Model saved! Best Val Acc: 95.87%
2023-11-19 00:51 test_domain Round:  31 | Epochs: 155 | Domain: a | loss: 0.7007 | Acc: 82.32%
2023-11-19 00:51 Round 31 FedAvg weight: {'p': 0.3957868080891766, 'c': 0.3733168496882396, 's': 0.23089634222258384}
2023-11-19 00:51 before_fed Round:  32 | Epochs: 160 | Domain: p | loss: 0.0058 | Acc: 100.00%
2023-11-19 00:51 before_fed Round:  32 | Epochs: 160 | Domain: c | loss: 0.2474 | Acc: 93.67%
2023-11-19 00:52 before_fed Round:  32 | Epochs: 160 | Domain: s | loss: 0.1679 | Acc: 94.72%
2023-11-19 00:52 after_fed Round:  32 | Epochs: 160 | Domain: p | loss: 0.0287 | Acc: 98.83%
2023-11-19 00:52 after_fed Round:  32 | Epochs: 160 | Domain: c | loss: 0.3244 | Acc: 94.09%
2023-11-19 00:52 after_fed Round:  32 | Epochs: 160 | Domain: s | loss: 0.2679 | Acc: 91.71%
2023-11-19 00:52 test_domain Round:  32 | Epochs: 160 | Domain: a | loss: 0.7401 | Acc: 81.69%
2023-11-19 00:52 Round 32 FedAvg weight: {'p': 0.394225789275318, 'c': 0.3643963551090069, 's': 0.24137785561567504}
2023-11-19 00:52 before_fed Round:  33 | Epochs: 165 | Domain: p | loss: 0.0055 | Acc: 100.00%
2023-11-19 00:52 before_fed Round:  33 | Epochs: 165 | Domain: c | loss: 0.2663 | Acc: 94.09%
2023-11-19 00:52 before_fed Round:  33 | Epochs: 165 | Domain: s | loss: 0.1620 | Acc: 94.47%
2023-11-19 00:52 after_fed Round:  33 | Epochs: 165 | Domain: p | loss: 0.0182 | Acc: 100.00%
2023-11-19 00:52 after_fed Round:  33 | Epochs: 165 | Domain: c | loss: 0.3252 | Acc: 93.25%
2023-11-19 00:52 after_fed Round:  33 | Epochs: 165 | Domain: s | loss: 0.2139 | Acc: 93.97%
2023-11-19 00:52 Model saved! Best Val Acc: 96.08%
2023-11-19 00:52 test_domain Round:  33 | Epochs: 165 | Domain: a | loss: 0.7240 | Acc: 82.23%
2023-11-19 00:52 Round 33 FedAvg weight: {'p': 0.3860140990607919, 'c': 0.36986161062830425, 's': 0.24412429031090374}
2023-11-19 00:53 before_fed Round:  34 | Epochs: 170 | Domain: p | loss: 0.0068 | Acc: 100.00%
2023-11-19 00:53 before_fed Round:  34 | Epochs: 170 | Domain: c | loss: 0.2042 | Acc: 94.09%
2023-11-19 00:53 before_fed Round:  34 | Epochs: 170 | Domain: s | loss: 0.1527 | Acc: 94.47%
2023-11-19 00:53 after_fed Round:  34 | Epochs: 170 | Domain: p | loss: 0.0358 | Acc: 98.25%
2023-11-19 00:53 after_fed Round:  34 | Epochs: 170 | Domain: c | loss: 0.3099 | Acc: 94.51%
2023-11-19 00:53 after_fed Round:  34 | Epochs: 170 | Domain: s | loss: 0.1945 | Acc: 94.22%
2023-11-19 00:53 test_domain Round:  34 | Epochs: 170 | Domain: a | loss: 0.8167 | Acc: 80.13%
2023-11-19 00:53 Round 34 FedAvg weight: {'p': 0.39353619452417127, 'c': 0.363230302204734, 's': 0.24323350327109475}
2023-11-19 00:53 before_fed Round:  35 | Epochs: 175 | Domain: p | loss: 0.0125 | Acc: 99.42%
2023-11-19 00:54 before_fed Round:  35 | Epochs: 175 | Domain: c | loss: 0.2048 | Acc: 94.94%
2023-11-19 00:54 before_fed Round:  35 | Epochs: 175 | Domain: s | loss: 0.1858 | Acc: 94.47%
2023-11-19 00:54 after_fed Round:  35 | Epochs: 175 | Domain: p | loss: 0.0338 | Acc: 98.83%
2023-11-19 00:54 after_fed Round:  35 | Epochs: 175 | Domain: c | loss: 0.3080 | Acc: 93.67%
2023-11-19 00:54 after_fed Round:  35 | Epochs: 175 | Domain: s | loss: 0.1824 | Acc: 93.97%
2023-11-19 00:54 test_domain Round:  35 | Epochs: 175 | Domain: a | loss: 0.7785 | Acc: 81.35%
2023-11-19 00:54 Round 35 FedAvg weight: {'p': 0.39088954555930705, 'c': 0.36641867709256537, 's': 0.24269177734812755}
2023-11-19 00:54 before_fed Round:  36 | Epochs: 180 | Domain: p | loss: 0.0090 | Acc: 100.00%
2023-11-19 00:54 before_fed Round:  36 | Epochs: 180 | Domain: c | loss: 0.2162 | Acc: 95.78%
2023-11-19 00:55 before_fed Round:  36 | Epochs: 180 | Domain: s | loss: 0.1345 | Acc: 94.97%
2023-11-19 00:55 after_fed Round:  36 | Epochs: 180 | Domain: p | loss: 0.0261 | Acc: 98.83%
2023-11-19 00:55 after_fed Round:  36 | Epochs: 180 | Domain: c | loss: 0.3661 | Acc: 92.83%
2023-11-19 00:55 after_fed Round:  36 | Epochs: 180 | Domain: s | loss: 0.1709 | Acc: 93.22%
2023-11-19 00:55 test_domain Round:  36 | Epochs: 180 | Domain: a | loss: 0.8218 | Acc: 80.42%
2023-11-19 00:55 Round 36 FedAvg weight: {'p': 0.38775445910275597, 'c': 0.36863431700275723, 's': 0.24361122389448678}
2023-11-19 00:55 before_fed Round:  37 | Epochs: 185 | Domain: p | loss: 0.0095 | Acc: 99.42%
2023-11-19 00:55 before_fed Round:  37 | Epochs: 185 | Domain: c | loss: 0.2275 | Acc: 95.36%
2023-11-19 00:56 before_fed Round:  37 | Epochs: 185 | Domain: s | loss: 0.1531 | Acc: 95.73%
2023-11-19 00:56 after_fed Round:  37 | Epochs: 185 | Domain: p | loss: 0.0174 | Acc: 100.00%
2023-11-19 00:56 after_fed Round:  37 | Epochs: 185 | Domain: c | loss: 0.3627 | Acc: 92.41%
2023-11-19 00:56 after_fed Round:  37 | Epochs: 185 | Domain: s | loss: 0.1699 | Acc: 94.47%
2023-11-19 00:56 test_domain Round:  37 | Epochs: 185 | Domain: a | loss: 0.7409 | Acc: 80.96%
2023-11-19 00:56 Round 37 FedAvg weight: {'p': 0.38329822885814957, 'c': 0.3722550784513719, 's': 0.24444669269047856}
2023-11-19 00:56 before_fed Round:  38 | Epochs: 190 | Domain: p | loss: 0.0079 | Acc: 100.00%
2023-11-19 00:56 before_fed Round:  38 | Epochs: 190 | Domain: c | loss: 0.2401 | Acc: 94.51%
2023-11-19 00:56 before_fed Round:  38 | Epochs: 190 | Domain: s | loss: 0.1549 | Acc: 94.72%
2023-11-19 00:56 after_fed Round:  38 | Epochs: 190 | Domain: p | loss: 0.0202 | Acc: 99.42%
2023-11-19 00:56 after_fed Round:  38 | Epochs: 190 | Domain: c | loss: 0.3633 | Acc: 92.83%
2023-11-19 00:56 after_fed Round:  38 | Epochs: 190 | Domain: s | loss: 0.1847 | Acc: 94.72%
2023-11-19 00:56 test_domain Round:  38 | Epochs: 190 | Domain: a | loss: 0.7261 | Acc: 81.69%
2023-11-19 00:56 Round 38 FedAvg weight: {'p': 0.38245581797833933, 'c': 0.3747322102812765, 's': 0.24281197174038432}
2023-11-19 00:57 before_fed Round:  39 | Epochs: 195 | Domain: p | loss: 0.0075 | Acc: 99.42%
2023-11-19 00:57 before_fed Round:  39 | Epochs: 195 | Domain: c | loss: 0.2838 | Acc: 94.94%
2023-11-19 00:57 before_fed Round:  39 | Epochs: 195 | Domain: s | loss: 0.1559 | Acc: 95.23%
2023-11-19 00:57 after_fed Round:  39 | Epochs: 195 | Domain: p | loss: 0.0176 | Acc: 100.00%
2023-11-19 00:57 after_fed Round:  39 | Epochs: 195 | Domain: c | loss: 0.3764 | Acc: 92.83%
2023-11-19 00:57 after_fed Round:  39 | Epochs: 195 | Domain: s | loss: 0.1610 | Acc: 94.22%
2023-11-19 00:57 test_domain Round:  39 | Epochs: 195 | Domain: a | loss: 0.7829 | Acc: 80.37%
2023-11-19 00:57 Round 39 FedAvg weight: {'p': 0.38001281749384713, 'c': 0.37656032039262016, 's': 0.24342686211353276}
2023-11-19 00:57 before_fed Round:  40 | Epochs: 200 | Domain: p | loss: 0.0072 | Acc: 100.00%
2023-11-19 00:58 before_fed Round:  40 | Epochs: 200 | Domain: c | loss: 0.2669 | Acc: 94.94%
2023-11-19 00:58 before_fed Round:  40 | Epochs: 200 | Domain: s | loss: 0.1388 | Acc: 95.98%
2023-11-19 00:58 after_fed Round:  40 | Epochs: 200 | Domain: p | loss: 0.0188 | Acc: 100.00%
2023-11-19 00:58 after_fed Round:  40 | Epochs: 200 | Domain: c | loss: 0.3878 | Acc: 91.98%
2023-11-19 00:58 after_fed Round:  40 | Epochs: 200 | Domain: s | loss: 0.1575 | Acc: 94.72%
2023-11-19 00:58 test_domain Round:  40 | Epochs: 200 | Domain: a | loss: 0.8000 | Acc: 80.37%
2023-11-19 00:58 Round 40 FedAvg weight: {'p': 0.3791122105376106, 'c': 0.37733061241111465, 's': 0.24355717705127464}
