2023-11-19 14:00 before_fed Round:   0 | Epochs:   0 | Domain: p | loss: 0.0505 | Acc: 98.25%
2023-11-19 14:01 before_fed Round:   0 | Epochs:   0 | Domain: c | loss: 0.2115 | Acc: 93.25%
2023-11-19 14:01 before_fed Round:   0 | Epochs:   0 | Domain: s | loss: 0.2100 | Acc: 92.96%
2023-11-19 14:01 after_fed Round:   0 | Epochs:   0 | Domain: p | loss: 0.2841 | Acc: 94.15%
2023-11-19 14:01 after_fed Round:   0 | Epochs:   0 | Domain: c | loss: 0.6767 | Acc: 77.22%
2023-11-19 14:01 after_fed Round:   0 | Epochs:   0 | Domain: s | loss: 0.3740 | Acc: 87.19%
2023-11-19 14:01 Model saved! Best Val Acc: 85.71%
2023-11-19 14:01 test_domain Round:   0 | Epochs:   0 | Domain: a | loss: 0.9345 | Acc: 68.95%
2023-11-19 14:01 before_fed Round:   1 | Epochs:   5 | Domain: p | loss: 0.0473 | Acc: 98.83%
2023-11-19 14:01 before_fed Round:   1 | Epochs:   5 | Domain: c | loss: 0.1562 | Acc: 94.94%
2023-11-19 14:02 before_fed Round:   1 | Epochs:   5 | Domain: s | loss: 0.1731 | Acc: 93.72%
2023-11-19 14:02 after_fed Round:   1 | Epochs:   5 | Domain: p | loss: 0.2237 | Acc: 92.98%
2023-11-19 14:02 after_fed Round:   1 | Epochs:   5 | Domain: c | loss: 0.4502 | Acc: 83.54%
2023-11-19 14:02 after_fed Round:   1 | Epochs:   5 | Domain: s | loss: 0.2536 | Acc: 89.95%
2023-11-19 14:02 Model saved! Best Val Acc: 88.70%
2023-11-19 14:02 test_domain Round:   1 | Epochs:   5 | Domain: a | loss: 0.7192 | Acc: 75.59%
2023-11-19 14:02 before_fed Round:   2 | Epochs:  10 | Domain: p | loss: 0.0423 | Acc: 99.42%
2023-11-19 14:02 before_fed Round:   2 | Epochs:  10 | Domain: c | loss: 0.1769 | Acc: 94.94%
2023-11-19 14:02 before_fed Round:   2 | Epochs:  10 | Domain: s | loss: 0.1638 | Acc: 93.97%
2023-11-19 14:02 after_fed Round:   2 | Epochs:  10 | Domain: p | loss: 0.2276 | Acc: 91.23%
2023-11-19 14:02 after_fed Round:   2 | Epochs:  10 | Domain: c | loss: 0.3841 | Acc: 89.03%
2023-11-19 14:02 after_fed Round:   2 | Epochs:  10 | Domain: s | loss: 0.2023 | Acc: 92.46%
2023-11-19 14:02 Model saved! Best Val Acc: 91.19%
2023-11-19 14:02 test_domain Round:   2 | Epochs:  10 | Domain: a | loss: 0.7778 | Acc: 74.41%
2023-11-19 14:03 before_fed Round:   3 | Epochs:  15 | Domain: p | loss: 0.0359 | Acc: 98.83%
2023-11-19 14:03 before_fed Round:   3 | Epochs:  15 | Domain: c | loss: 0.1890 | Acc: 94.09%
2023-11-19 14:03 before_fed Round:   3 | Epochs:  15 | Domain: s | loss: 0.1535 | Acc: 93.72%
2023-11-19 14:03 after_fed Round:   3 | Epochs:  15 | Domain: p | loss: 0.2454 | Acc: 91.81%
2023-11-19 14:03 after_fed Round:   3 | Epochs:  15 | Domain: c | loss: 0.4506 | Acc: 86.50%
2023-11-19 14:03 after_fed Round:   3 | Epochs:  15 | Domain: s | loss: 0.1930 | Acc: 92.96%
2023-11-19 14:03 test_domain Round:   3 | Epochs:  15 | Domain: a | loss: 0.8279 | Acc: 73.34%
2023-11-19 14:03 before_fed Round:   4 | Epochs:  20 | Domain: p | loss: 0.0439 | Acc: 97.66%
2023-11-19 14:04 before_fed Round:   4 | Epochs:  20 | Domain: c | loss: 0.1865 | Acc: 94.51%
2023-11-19 14:04 before_fed Round:   4 | Epochs:  20 | Domain: s | loss: 0.1718 | Acc: 94.97%
2023-11-19 14:04 after_fed Round:   4 | Epochs:  20 | Domain: p | loss: 0.1955 | Acc: 91.81%
2023-11-19 14:04 after_fed Round:   4 | Epochs:  20 | Domain: c | loss: 0.3844 | Acc: 88.19%
2023-11-19 14:04 after_fed Round:   4 | Epochs:  20 | Domain: s | loss: 0.2027 | Acc: 93.22%
2023-11-19 14:04 Model saved! Best Val Acc: 91.44%
2023-11-19 14:04 test_domain Round:   4 | Epochs:  20 | Domain: a | loss: 0.8184 | Acc: 75.00%
2023-11-19 14:04 before_fed Round:   5 | Epochs:  25 | Domain: p | loss: 0.0461 | Acc: 97.66%
2023-11-19 14:04 before_fed Round:   5 | Epochs:  25 | Domain: c | loss: 0.1938 | Acc: 94.09%
2023-11-19 14:05 before_fed Round:   5 | Epochs:  25 | Domain: s | loss: 0.1804 | Acc: 94.72%
2023-11-19 14:05 after_fed Round:   5 | Epochs:  25 | Domain: p | loss: 0.2036 | Acc: 91.81%
2023-11-19 14:05 after_fed Round:   5 | Epochs:  25 | Domain: c | loss: 0.3869 | Acc: 87.76%
2023-11-19 14:05 after_fed Round:   5 | Epochs:  25 | Domain: s | loss: 0.1798 | Acc: 94.47%
2023-11-19 14:05 Model saved! Best Val Acc: 91.93%
2023-11-19 14:05 test_domain Round:   5 | Epochs:  25 | Domain: a | loss: 0.8787 | Acc: 73.97%
2023-11-19 14:05 before_fed Round:   6 | Epochs:  30 | Domain: p | loss: 0.0562 | Acc: 98.83%
2023-11-19 14:05 before_fed Round:   6 | Epochs:  30 | Domain: c | loss: 0.2109 | Acc: 94.94%
2023-11-19 14:06 before_fed Round:   6 | Epochs:  30 | Domain: s | loss: 0.1786 | Acc: 93.72%
2023-11-19 14:06 after_fed Round:   6 | Epochs:  30 | Domain: p | loss: 0.1637 | Acc: 94.15%
2023-11-19 14:06 after_fed Round:   6 | Epochs:  30 | Domain: c | loss: 0.3658 | Acc: 89.87%
2023-11-19 14:06 after_fed Round:   6 | Epochs:  30 | Domain: s | loss: 0.2013 | Acc: 92.46%
2023-11-19 14:06 Model saved! Best Val Acc: 92.05%
2023-11-19 14:06 test_domain Round:   6 | Epochs:  30 | Domain: a | loss: 0.8101 | Acc: 76.17%
2023-11-19 14:06 before_fed Round:   7 | Epochs:  35 | Domain: p | loss: 0.0451 | Acc: 99.42%
2023-11-19 14:06 before_fed Round:   7 | Epochs:  35 | Domain: c | loss: 0.2399 | Acc: 91.98%
2023-11-19 14:06 before_fed Round:   7 | Epochs:  35 | Domain: s | loss: 0.1164 | Acc: 96.73%
2023-11-19 14:06 after_fed Round:   7 | Epochs:  35 | Domain: p | loss: 0.1668 | Acc: 93.57%
2023-11-19 14:06 after_fed Round:   7 | Epochs:  35 | Domain: c | loss: 0.3656 | Acc: 88.61%
2023-11-19 14:06 after_fed Round:   7 | Epochs:  35 | Domain: s | loss: 0.1731 | Acc: 93.97%
2023-11-19 14:06 Model saved! Best Val Acc: 92.30%
2023-11-19 14:06 test_domain Round:   7 | Epochs:  35 | Domain: a | loss: 0.7868 | Acc: 78.03%
2023-11-19 14:07 before_fed Round:   8 | Epochs:  40 | Domain: p | loss: 0.0448 | Acc: 98.83%
2023-11-19 14:07 before_fed Round:   8 | Epochs:  40 | Domain: c | loss: 0.3029 | Acc: 94.51%
2023-11-19 14:07 before_fed Round:   8 | Epochs:  40 | Domain: s | loss: 0.1439 | Acc: 95.23%
2023-11-19 14:07 after_fed Round:   8 | Epochs:  40 | Domain: p | loss: 0.1376 | Acc: 95.32%
2023-11-19 14:07 after_fed Round:   8 | Epochs:  40 | Domain: c | loss: 0.4240 | Acc: 89.45%
2023-11-19 14:07 after_fed Round:   8 | Epochs:  40 | Domain: s | loss: 0.1792 | Acc: 93.22%
2023-11-19 14:07 Model saved! Best Val Acc: 92.55%
2023-11-19 14:07 test_domain Round:   8 | Epochs:  40 | Domain: a | loss: 0.8631 | Acc: 76.61%
2023-11-19 14:07 before_fed Round:   9 | Epochs:  45 | Domain: p | loss: 0.0435 | Acc: 98.83%
2023-11-19 14:08 before_fed Round:   9 | Epochs:  45 | Domain: c | loss: 0.2181 | Acc: 94.94%
2023-11-19 14:08 before_fed Round:   9 | Epochs:  45 | Domain: s | loss: 0.1438 | Acc: 96.23%
2023-11-19 14:08 after_fed Round:   9 | Epochs:  45 | Domain: p | loss: 0.1785 | Acc: 92.98%
2023-11-19 14:08 after_fed Round:   9 | Epochs:  45 | Domain: c | loss: 0.3579 | Acc: 89.87%
2023-11-19 14:08 after_fed Round:   9 | Epochs:  45 | Domain: s | loss: 0.1825 | Acc: 93.72%
2023-11-19 14:08 test_domain Round:   9 | Epochs:  45 | Domain: a | loss: 0.7774 | Acc: 78.37%
2023-11-19 14:08 before_fed Round:  10 | Epochs:  50 | Domain: p | loss: 0.0310 | Acc: 98.83%
2023-11-19 14:08 before_fed Round:  10 | Epochs:  50 | Domain: c | loss: 0.2210 | Acc: 95.36%
2023-11-19 14:09 before_fed Round:  10 | Epochs:  50 | Domain: s | loss: 0.1367 | Acc: 95.48%
2023-11-19 14:09 after_fed Round:  10 | Epochs:  50 | Domain: p | loss: 0.1376 | Acc: 95.32%
2023-11-19 14:09 after_fed Round:  10 | Epochs:  50 | Domain: c | loss: 0.3948 | Acc: 89.03%
2023-11-19 14:09 after_fed Round:  10 | Epochs:  50 | Domain: s | loss: 0.1801 | Acc: 93.72%
2023-11-19 14:09 Model saved! Best Val Acc: 92.67%
2023-11-19 14:09 test_domain Round:  10 | Epochs:  50 | Domain: a | loss: 0.8218 | Acc: 77.98%
2023-11-19 14:09 before_fed Round:  11 | Epochs:  55 | Domain: p | loss: 0.0276 | Acc: 99.42%
2023-11-19 14:09 before_fed Round:  11 | Epochs:  55 | Domain: c | loss: 0.3036 | Acc: 94.09%
2023-11-19 14:09 before_fed Round:  11 | Epochs:  55 | Domain: s | loss: 0.1464 | Acc: 94.97%
2023-11-19 14:09 after_fed Round:  11 | Epochs:  55 | Domain: p | loss: 0.1978 | Acc: 92.98%
2023-11-19 14:09 after_fed Round:  11 | Epochs:  55 | Domain: c | loss: 0.4128 | Acc: 89.45%
2023-11-19 14:09 after_fed Round:  11 | Epochs:  55 | Domain: s | loss: 0.1619 | Acc: 94.22%
2023-11-19 14:09 test_domain Round:  11 | Epochs:  55 | Domain: a | loss: 0.8511 | Acc: 77.54%
2023-11-19 14:10 before_fed Round:  12 | Epochs:  60 | Domain: p | loss: 0.0373 | Acc: 98.83%
2023-11-19 14:10 before_fed Round:  12 | Epochs:  60 | Domain: c | loss: 0.2548 | Acc: 94.94%
2023-11-19 14:10 before_fed Round:  12 | Epochs:  60 | Domain: s | loss: 0.1562 | Acc: 95.73%
2023-11-19 14:10 after_fed Round:  12 | Epochs:  60 | Domain: p | loss: 0.2082 | Acc: 92.40%
2023-11-19 14:10 after_fed Round:  12 | Epochs:  60 | Domain: c | loss: 0.3981 | Acc: 89.87%
2023-11-19 14:10 after_fed Round:  12 | Epochs:  60 | Domain: s | loss: 0.1646 | Acc: 94.72%
2023-11-19 14:10 Model saved! Best Val Acc: 92.80%
2023-11-19 14:10 test_domain Round:  12 | Epochs:  60 | Domain: a | loss: 0.8964 | Acc: 76.37%
2023-11-19 14:10 before_fed Round:  13 | Epochs:  65 | Domain: p | loss: 0.0225 | Acc: 99.42%
2023-11-19 14:11 before_fed Round:  13 | Epochs:  65 | Domain: c | loss: 0.2530 | Acc: 93.67%
2023-11-19 14:11 before_fed Round:  13 | Epochs:  65 | Domain: s | loss: 0.1779 | Acc: 94.47%
2023-11-19 14:11 after_fed Round:  13 | Epochs:  65 | Domain: p | loss: 0.1063 | Acc: 94.74%
2023-11-19 14:11 after_fed Round:  13 | Epochs:  65 | Domain: c | loss: 0.4341 | Acc: 89.03%
2023-11-19 14:11 after_fed Round:  13 | Epochs:  65 | Domain: s | loss: 0.1896 | Acc: 92.71%
2023-11-19 14:11 test_domain Round:  13 | Epochs:  65 | Domain: a | loss: 0.8217 | Acc: 78.12%
2023-11-19 14:11 before_fed Round:  14 | Epochs:  70 | Domain: p | loss: 0.0606 | Acc: 97.66%
2023-11-19 14:11 before_fed Round:  14 | Epochs:  70 | Domain: c | loss: 0.2279 | Acc: 94.94%
2023-11-19 14:12 before_fed Round:  14 | Epochs:  70 | Domain: s | loss: 0.1638 | Acc: 94.72%
2023-11-19 14:12 after_fed Round:  14 | Epochs:  70 | Domain: p | loss: 0.1602 | Acc: 93.57%
2023-11-19 14:12 after_fed Round:  14 | Epochs:  70 | Domain: c | loss: 0.4046 | Acc: 90.30%
2023-11-19 14:12 after_fed Round:  14 | Epochs:  70 | Domain: s | loss: 0.1963 | Acc: 93.47%
2023-11-19 14:12 test_domain Round:  14 | Epochs:  70 | Domain: a | loss: 0.8934 | Acc: 76.86%
2023-11-19 14:12 before_fed Round:  15 | Epochs:  75 | Domain: p | loss: 0.0518 | Acc: 96.49%
2023-11-19 14:12 before_fed Round:  15 | Epochs:  75 | Domain: c | loss: 0.2451 | Acc: 94.51%
2023-11-19 14:13 before_fed Round:  15 | Epochs:  75 | Domain: s | loss: 0.1224 | Acc: 95.98%
2023-11-19 14:13 after_fed Round:  15 | Epochs:  75 | Domain: p | loss: 0.1611 | Acc: 93.57%
2023-11-19 14:13 after_fed Round:  15 | Epochs:  75 | Domain: c | loss: 0.4372 | Acc: 90.30%
2023-11-19 14:13 after_fed Round:  15 | Epochs:  75 | Domain: s | loss: 0.1550 | Acc: 95.23%
2023-11-19 14:13 Model saved! Best Val Acc: 93.42%
2023-11-19 14:13 test_domain Round:  15 | Epochs:  75 | Domain: a | loss: 0.8895 | Acc: 77.25%
2023-11-19 14:13 before_fed Round:  16 | Epochs:  80 | Domain: p | loss: 0.0328 | Acc: 98.25%
2023-11-19 14:13 before_fed Round:  16 | Epochs:  80 | Domain: c | loss: 0.2597 | Acc: 94.09%
2023-11-19 14:13 before_fed Round:  16 | Epochs:  80 | Domain: s | loss: 0.1669 | Acc: 95.73%
2023-11-19 14:13 after_fed Round:  16 | Epochs:  80 | Domain: p | loss: 0.1528 | Acc: 93.57%
2023-11-19 14:13 after_fed Round:  16 | Epochs:  80 | Domain: c | loss: 0.4318 | Acc: 89.45%
2023-11-19 14:13 after_fed Round:  16 | Epochs:  80 | Domain: s | loss: 0.1827 | Acc: 94.22%
2023-11-19 14:13 test_domain Round:  16 | Epochs:  80 | Domain: a | loss: 0.8666 | Acc: 78.22%
2023-11-19 14:14 before_fed Round:  17 | Epochs:  85 | Domain: p | loss: 0.0351 | Acc: 98.25%
2023-11-19 14:14 before_fed Round:  17 | Epochs:  85 | Domain: c | loss: 0.2099 | Acc: 94.94%
2023-11-19 14:14 before_fed Round:  17 | Epochs:  85 | Domain: s | loss: 0.1949 | Acc: 94.22%
2023-11-19 14:14 after_fed Round:  17 | Epochs:  85 | Domain: p | loss: 0.1272 | Acc: 94.74%
2023-11-19 14:14 after_fed Round:  17 | Epochs:  85 | Domain: c | loss: 0.3835 | Acc: 89.87%
2023-11-19 14:14 after_fed Round:  17 | Epochs:  85 | Domain: s | loss: 0.2044 | Acc: 93.47%
2023-11-19 14:14 test_domain Round:  17 | Epochs:  85 | Domain: a | loss: 0.9124 | Acc: 77.05%
2023-11-19 14:14 before_fed Round:  18 | Epochs:  90 | Domain: p | loss: 0.0198 | Acc: 99.42%
2023-11-19 14:15 before_fed Round:  18 | Epochs:  90 | Domain: c | loss: 0.2568 | Acc: 94.94%
2023-11-19 14:15 before_fed Round:  18 | Epochs:  90 | Domain: s | loss: 0.1527 | Acc: 95.23%
2023-11-19 14:15 after_fed Round:  18 | Epochs:  90 | Domain: p | loss: 0.2553 | Acc: 91.81%
2023-11-19 14:15 after_fed Round:  18 | Epochs:  90 | Domain: c | loss: 0.3847 | Acc: 90.30%
2023-11-19 14:15 after_fed Round:  18 | Epochs:  90 | Domain: s | loss: 0.1524 | Acc: 94.72%
2023-11-19 14:15 test_domain Round:  18 | Epochs:  90 | Domain: a | loss: 0.9780 | Acc: 75.83%
2023-11-19 14:15 before_fed Round:  19 | Epochs:  95 | Domain: p | loss: 0.0601 | Acc: 97.66%
2023-11-19 14:15 before_fed Round:  19 | Epochs:  95 | Domain: c | loss: 0.3189 | Acc: 94.09%
2023-11-19 14:16 before_fed Round:  19 | Epochs:  95 | Domain: s | loss: 0.1590 | Acc: 95.23%
2023-11-19 14:16 after_fed Round:  19 | Epochs:  95 | Domain: p | loss: 0.2506 | Acc: 91.23%
2023-11-19 14:16 after_fed Round:  19 | Epochs:  95 | Domain: c | loss: 0.3758 | Acc: 90.72%
2023-11-19 14:16 after_fed Round:  19 | Epochs:  95 | Domain: s | loss: 0.1564 | Acc: 94.72%
2023-11-19 14:16 test_domain Round:  19 | Epochs:  95 | Domain: a | loss: 0.9558 | Acc: 76.03%
2023-11-19 14:16 before_fed Round:  20 | Epochs: 100 | Domain: p | loss: 0.0412 | Acc: 98.25%
2023-11-19 14:16 before_fed Round:  20 | Epochs: 100 | Domain: c | loss: 0.2413 | Acc: 94.94%
2023-11-19 14:16 before_fed Round:  20 | Epochs: 100 | Domain: s | loss: 0.1399 | Acc: 95.23%
2023-11-19 14:16 after_fed Round:  20 | Epochs: 100 | Domain: p | loss: 0.2608 | Acc: 91.23%
2023-11-19 14:16 after_fed Round:  20 | Epochs: 100 | Domain: c | loss: 0.4307 | Acc: 88.61%
2023-11-19 14:16 after_fed Round:  20 | Epochs: 100 | Domain: s | loss: 0.1578 | Acc: 93.97%
2023-11-19 14:17 test_domain Round:  20 | Epochs: 100 | Domain: a | loss: 1.0041 | Acc: 75.83%
2023-11-19 14:17 before_fed Round:  21 | Epochs: 105 | Domain: p | loss: 0.0384 | Acc: 98.83%
2023-11-19 14:17 before_fed Round:  21 | Epochs: 105 | Domain: c | loss: 0.2018 | Acc: 94.09%
2023-11-19 14:17 before_fed Round:  21 | Epochs: 105 | Domain: s | loss: 0.1447 | Acc: 95.23%
2023-11-19 14:17 after_fed Round:  21 | Epochs: 105 | Domain: p | loss: 0.2307 | Acc: 91.23%
2023-11-19 14:17 after_fed Round:  21 | Epochs: 105 | Domain: c | loss: 0.3808 | Acc: 89.45%
2023-11-19 14:17 after_fed Round:  21 | Epochs: 105 | Domain: s | loss: 0.1859 | Acc: 93.47%
2023-11-19 14:17 test_domain Round:  21 | Epochs: 105 | Domain: a | loss: 0.9744 | Acc: 76.95%
2023-11-19 14:17 before_fed Round:  22 | Epochs: 110 | Domain: p | loss: 0.0366 | Acc: 98.25%
2023-11-19 14:18 before_fed Round:  22 | Epochs: 110 | Domain: c | loss: 0.2390 | Acc: 94.94%
2023-11-19 14:18 before_fed Round:  22 | Epochs: 110 | Domain: s | loss: 0.1571 | Acc: 95.23%
2023-11-19 14:18 after_fed Round:  22 | Epochs: 110 | Domain: p | loss: 0.2309 | Acc: 91.81%
2023-11-19 14:18 after_fed Round:  22 | Epochs: 110 | Domain: c | loss: 0.4314 | Acc: 89.45%
2023-11-19 14:18 after_fed Round:  22 | Epochs: 110 | Domain: s | loss: 0.1775 | Acc: 93.72%
2023-11-19 14:18 test_domain Round:  22 | Epochs: 110 | Domain: a | loss: 1.0538 | Acc: 76.27%
2023-11-19 14:18 before_fed Round:  23 | Epochs: 115 | Domain: p | loss: 0.0355 | Acc: 98.83%
2023-11-19 14:18 before_fed Round:  23 | Epochs: 115 | Domain: c | loss: 0.2585 | Acc: 93.67%
2023-11-19 14:19 before_fed Round:  23 | Epochs: 115 | Domain: s | loss: 0.1888 | Acc: 93.97%
2023-11-19 14:19 after_fed Round:  23 | Epochs: 115 | Domain: p | loss: 0.2850 | Acc: 93.57%
2023-11-19 14:19 after_fed Round:  23 | Epochs: 115 | Domain: c | loss: 0.3289 | Acc: 93.25%
2023-11-19 14:19 after_fed Round:  23 | Epochs: 115 | Domain: s | loss: 0.2056 | Acc: 93.72%
2023-11-19 14:19 Model saved! Best Val Acc: 93.55%
2023-11-19 14:19 test_domain Round:  23 | Epochs: 115 | Domain: a | loss: 1.0956 | Acc: 76.03%
2023-11-19 14:19 before_fed Round:  24 | Epochs: 120 | Domain: p | loss: 0.0182 | Acc: 98.83%
2023-11-19 14:19 before_fed Round:  24 | Epochs: 120 | Domain: c | loss: 0.2607 | Acc: 95.36%
2023-11-19 14:20 before_fed Round:  24 | Epochs: 120 | Domain: s | loss: 0.2117 | Acc: 94.72%
2023-11-19 14:20 after_fed Round:  24 | Epochs: 120 | Domain: p | loss: 0.1841 | Acc: 95.32%
2023-11-19 14:20 after_fed Round:  24 | Epochs: 120 | Domain: c | loss: 0.3868 | Acc: 90.72%
2023-11-19 14:20 after_fed Round:  24 | Epochs: 120 | Domain: s | loss: 0.2148 | Acc: 93.47%
2023-11-19 14:20 test_domain Round:  24 | Epochs: 120 | Domain: a | loss: 1.1301 | Acc: 75.05%
2023-11-19 14:20 before_fed Round:  25 | Epochs: 125 | Domain: p | loss: 0.0360 | Acc: 99.42%
2023-11-19 14:20 before_fed Round:  25 | Epochs: 125 | Domain: c | loss: 0.1875 | Acc: 96.20%
2023-11-19 14:20 before_fed Round:  25 | Epochs: 125 | Domain: s | loss: 0.2332 | Acc: 94.72%
2023-11-19 14:20 after_fed Round:  25 | Epochs: 125 | Domain: p | loss: 0.1756 | Acc: 94.15%
2023-11-19 14:20 after_fed Round:  25 | Epochs: 125 | Domain: c | loss: 0.3822 | Acc: 90.30%
2023-11-19 14:20 after_fed Round:  25 | Epochs: 125 | Domain: s | loss: 0.2275 | Acc: 93.22%
2023-11-19 14:20 test_domain Round:  25 | Epochs: 125 | Domain: a | loss: 1.0068 | Acc: 76.61%
2023-11-19 14:21 before_fed Round:  26 | Epochs: 130 | Domain: p | loss: 0.0122 | Acc: 100.00%
2023-11-19 14:21 before_fed Round:  26 | Epochs: 130 | Domain: c | loss: 0.1886 | Acc: 94.94%
2023-11-19 14:21 before_fed Round:  26 | Epochs: 130 | Domain: s | loss: 0.1847 | Acc: 95.23%
2023-11-19 14:21 after_fed Round:  26 | Epochs: 130 | Domain: p | loss: 0.1065 | Acc: 97.08%
2023-11-19 14:21 after_fed Round:  26 | Epochs: 130 | Domain: c | loss: 0.3858 | Acc: 90.30%
2023-11-19 14:21 after_fed Round:  26 | Epochs: 130 | Domain: s | loss: 0.2141 | Acc: 93.47%
2023-11-19 14:21 test_domain Round:  26 | Epochs: 130 | Domain: a | loss: 0.8387 | Acc: 78.96%
2023-11-19 14:21 before_fed Round:  27 | Epochs: 135 | Domain: p | loss: 0.0212 | Acc: 98.83%
2023-11-19 14:22 before_fed Round:  27 | Epochs: 135 | Domain: c | loss: 0.2340 | Acc: 95.78%
2023-11-19 14:22 before_fed Round:  27 | Epochs: 135 | Domain: s | loss: 0.1929 | Acc: 93.97%
2023-11-19 14:22 after_fed Round:  27 | Epochs: 135 | Domain: p | loss: 0.1010 | Acc: 97.66%
2023-11-19 14:22 after_fed Round:  27 | Epochs: 135 | Domain: c | loss: 0.4540 | Acc: 90.30%
2023-11-19 14:22 after_fed Round:  27 | Epochs: 135 | Domain: s | loss: 0.1942 | Acc: 93.97%
2023-11-19 14:22 Model saved! Best Val Acc: 93.66%
2023-11-19 14:22 test_domain Round:  27 | Epochs: 135 | Domain: a | loss: 0.8971 | Acc: 78.27%
2023-11-19 14:22 before_fed Round:  28 | Epochs: 140 | Domain: p | loss: 0.0336 | Acc: 98.83%
2023-11-19 14:22 before_fed Round:  28 | Epochs: 140 | Domain: c | loss: 0.2604 | Acc: 94.09%
2023-11-19 14:23 before_fed Round:  28 | Epochs: 140 | Domain: s | loss: 0.1639 | Acc: 95.48%
2023-11-19 14:23 after_fed Round:  28 | Epochs: 140 | Domain: p | loss: 0.1290 | Acc: 95.32%
2023-11-19 14:23 after_fed Round:  28 | Epochs: 140 | Domain: c | loss: 0.3655 | Acc: 92.41%
2023-11-19 14:23 after_fed Round:  28 | Epochs: 140 | Domain: s | loss: 0.1862 | Acc: 93.47%
2023-11-19 14:23 test_domain Round:  28 | Epochs: 140 | Domain: a | loss: 0.9606 | Acc: 77.29%
2023-11-19 14:23 before_fed Round:  29 | Epochs: 145 | Domain: p | loss: 0.0303 | Acc: 98.25%
2023-11-19 14:23 before_fed Round:  29 | Epochs: 145 | Domain: c | loss: 0.2452 | Acc: 94.94%
2023-11-19 14:23 before_fed Round:  29 | Epochs: 145 | Domain: s | loss: 0.1668 | Acc: 95.23%
2023-11-19 14:23 after_fed Round:  29 | Epochs: 145 | Domain: p | loss: 0.1712 | Acc: 94.74%
2023-11-19 14:23 after_fed Round:  29 | Epochs: 145 | Domain: c | loss: 0.3465 | Acc: 91.98%
2023-11-19 14:23 after_fed Round:  29 | Epochs: 145 | Domain: s | loss: 0.1974 | Acc: 93.22%
2023-11-19 14:23 test_domain Round:  29 | Epochs: 145 | Domain: a | loss: 0.9747 | Acc: 76.46%
2023-11-19 14:24 before_fed Round:  30 | Epochs: 150 | Domain: p | loss: 0.0342 | Acc: 98.25%
2023-11-19 14:24 before_fed Round:  30 | Epochs: 150 | Domain: c | loss: 0.2016 | Acc: 95.78%
2023-11-19 14:24 before_fed Round:  30 | Epochs: 150 | Domain: s | loss: 0.1750 | Acc: 95.73%
2023-11-19 14:24 after_fed Round:  30 | Epochs: 150 | Domain: p | loss: 0.1533 | Acc: 95.32%
2023-11-19 14:24 after_fed Round:  30 | Epochs: 150 | Domain: c | loss: 0.3655 | Acc: 92.41%
2023-11-19 14:24 after_fed Round:  30 | Epochs: 150 | Domain: s | loss: 0.2099 | Acc: 93.72%
2023-11-19 14:24 Model saved! Best Val Acc: 93.67%
2023-11-19 14:24 test_domain Round:  30 | Epochs: 150 | Domain: a | loss: 0.9149 | Acc: 77.10%
2023-11-19 14:24 before_fed Round:  31 | Epochs: 155 | Domain: p | loss: 0.0123 | Acc: 100.00%
2023-11-19 14:25 before_fed Round:  31 | Epochs: 155 | Domain: c | loss: 0.2596 | Acc: 94.94%
2023-11-19 14:25 before_fed Round:  31 | Epochs: 155 | Domain: s | loss: 0.1506 | Acc: 95.23%
2023-11-19 14:25 after_fed Round:  31 | Epochs: 155 | Domain: p | loss: 0.1579 | Acc: 95.91%
2023-11-19 14:25 after_fed Round:  31 | Epochs: 155 | Domain: c | loss: 0.3432 | Acc: 94.09%
2023-11-19 14:25 after_fed Round:  31 | Epochs: 155 | Domain: s | loss: 0.2132 | Acc: 93.47%
2023-11-19 14:25 Model saved! Best Val Acc: 94.16%
2023-11-19 14:25 test_domain Round:  31 | Epochs: 155 | Domain: a | loss: 0.9175 | Acc: 78.42%
2023-11-19 14:25 before_fed Round:  32 | Epochs: 160 | Domain: p | loss: 0.0272 | Acc: 98.25%
2023-11-19 14:25 before_fed Round:  32 | Epochs: 160 | Domain: c | loss: 0.2895 | Acc: 94.94%
2023-11-19 14:26 before_fed Round:  32 | Epochs: 160 | Domain: s | loss: 0.1852 | Acc: 94.72%
2023-11-19 14:26 after_fed Round:  32 | Epochs: 160 | Domain: p | loss: 0.2314 | Acc: 92.98%
2023-11-19 14:26 after_fed Round:  32 | Epochs: 160 | Domain: c | loss: 0.4204 | Acc: 91.14%
2023-11-19 14:26 after_fed Round:  32 | Epochs: 160 | Domain: s | loss: 0.1945 | Acc: 94.22%
2023-11-19 14:26 test_domain Round:  32 | Epochs: 160 | Domain: a | loss: 1.0818 | Acc: 76.12%
2023-11-19 14:26 before_fed Round:  33 | Epochs: 165 | Domain: p | loss: 0.0168 | Acc: 99.42%
2023-11-19 14:26 before_fed Round:  33 | Epochs: 165 | Domain: c | loss: 0.2422 | Acc: 95.36%
2023-11-19 14:27 before_fed Round:  33 | Epochs: 165 | Domain: s | loss: 0.1525 | Acc: 95.73%
2023-11-19 14:27 after_fed Round:  33 | Epochs: 165 | Domain: p | loss: 0.1672 | Acc: 95.32%
2023-11-19 14:27 after_fed Round:  33 | Epochs: 165 | Domain: c | loss: 0.3482 | Acc: 93.67%
2023-11-19 14:27 after_fed Round:  33 | Epochs: 165 | Domain: s | loss: 0.1810 | Acc: 93.47%
2023-11-19 14:27 test_domain Round:  33 | Epochs: 165 | Domain: a | loss: 0.8568 | Acc: 79.10%
2023-11-19 14:27 before_fed Round:  34 | Epochs: 170 | Domain: p | loss: 0.0284 | Acc: 98.83%
2023-11-19 14:27 before_fed Round:  34 | Epochs: 170 | Domain: c | loss: 0.2491 | Acc: 94.94%
2023-11-19 14:27 before_fed Round:  34 | Epochs: 170 | Domain: s | loss: 0.1972 | Acc: 94.47%
2023-11-19 14:27 after_fed Round:  34 | Epochs: 170 | Domain: p | loss: 0.1793 | Acc: 94.15%
2023-11-19 14:27 after_fed Round:  34 | Epochs: 170 | Domain: c | loss: 0.3358 | Acc: 92.41%
2023-11-19 14:27 after_fed Round:  34 | Epochs: 170 | Domain: s | loss: 0.1950 | Acc: 93.72%
2023-11-19 14:27 test_domain Round:  34 | Epochs: 170 | Domain: a | loss: 1.0187 | Acc: 75.88%
2023-11-19 14:28 before_fed Round:  35 | Epochs: 175 | Domain: p | loss: 0.0237 | Acc: 98.83%
2023-11-19 14:28 before_fed Round:  35 | Epochs: 175 | Domain: c | loss: 0.2139 | Acc: 95.78%
2023-11-19 14:28 before_fed Round:  35 | Epochs: 175 | Domain: s | loss: 0.2832 | Acc: 93.22%
2023-11-19 14:28 after_fed Round:  35 | Epochs: 175 | Domain: p | loss: 0.1591 | Acc: 94.15%
2023-11-19 14:28 after_fed Round:  35 | Epochs: 175 | Domain: c | loss: 0.3008 | Acc: 93.67%
2023-11-19 14:28 after_fed Round:  35 | Epochs: 175 | Domain: s | loss: 0.2484 | Acc: 91.96%
2023-11-19 14:28 test_domain Round:  35 | Epochs: 175 | Domain: a | loss: 0.9642 | Acc: 77.88%
2023-11-19 14:28 before_fed Round:  36 | Epochs: 180 | Domain: p | loss: 0.0077 | Acc: 100.00%
2023-11-19 14:29 before_fed Round:  36 | Epochs: 180 | Domain: c | loss: 0.2514 | Acc: 94.09%
2023-11-19 14:29 before_fed Round:  36 | Epochs: 180 | Domain: s | loss: 0.2301 | Acc: 94.22%
2023-11-19 14:29 after_fed Round:  36 | Epochs: 180 | Domain: p | loss: 0.1832 | Acc: 95.32%
2023-11-19 14:29 after_fed Round:  36 | Epochs: 180 | Domain: c | loss: 0.3435 | Acc: 92.83%
2023-11-19 14:29 after_fed Round:  36 | Epochs: 180 | Domain: s | loss: 0.2415 | Acc: 93.22%
2023-11-19 14:29 test_domain Round:  36 | Epochs: 180 | Domain: a | loss: 0.9726 | Acc: 77.69%
2023-11-19 14:29 before_fed Round:  37 | Epochs: 185 | Domain: p | loss: 0.0138 | Acc: 99.42%
2023-11-19 14:29 before_fed Round:  37 | Epochs: 185 | Domain: c | loss: 0.1998 | Acc: 94.51%
2023-11-19 14:30 before_fed Round:  37 | Epochs: 185 | Domain: s | loss: 0.1850 | Acc: 95.98%
2023-11-19 14:30 after_fed Round:  37 | Epochs: 185 | Domain: p | loss: 0.1024 | Acc: 97.08%
2023-11-19 14:30 after_fed Round:  37 | Epochs: 185 | Domain: c | loss: 0.3433 | Acc: 91.98%
2023-11-19 14:30 after_fed Round:  37 | Epochs: 185 | Domain: s | loss: 0.2233 | Acc: 93.72%
2023-11-19 14:30 test_domain Round:  37 | Epochs: 185 | Domain: a | loss: 0.8770 | Acc: 78.42%
2023-11-19 14:30 before_fed Round:  38 | Epochs: 190 | Domain: p | loss: 0.0204 | Acc: 99.42%
2023-11-19 14:30 before_fed Round:  38 | Epochs: 190 | Domain: c | loss: 0.2738 | Acc: 93.67%
2023-11-19 14:30 before_fed Round:  38 | Epochs: 190 | Domain: s | loss: 0.2000 | Acc: 94.22%
2023-11-19 14:30 after_fed Round:  38 | Epochs: 190 | Domain: p | loss: 0.1324 | Acc: 95.91%
2023-11-19 14:30 after_fed Round:  38 | Epochs: 190 | Domain: c | loss: 0.3366 | Acc: 91.98%
2023-11-19 14:30 after_fed Round:  38 | Epochs: 190 | Domain: s | loss: 0.2283 | Acc: 92.71%
2023-11-19 14:30 test_domain Round:  38 | Epochs: 190 | Domain: a | loss: 0.9239 | Acc: 78.61%
2023-11-19 14:31 before_fed Round:  39 | Epochs: 195 | Domain: p | loss: 0.0121 | Acc: 99.42%
2023-11-19 14:31 before_fed Round:  39 | Epochs: 195 | Domain: c | loss: 0.2682 | Acc: 93.25%
2023-11-19 14:31 before_fed Round:  39 | Epochs: 195 | Domain: s | loss: 0.1922 | Acc: 94.72%
2023-11-19 14:31 after_fed Round:  39 | Epochs: 195 | Domain: p | loss: 0.1672 | Acc: 93.57%
2023-11-19 14:31 after_fed Round:  39 | Epochs: 195 | Domain: c | loss: 0.3549 | Acc: 91.56%
2023-11-19 14:31 after_fed Round:  39 | Epochs: 195 | Domain: s | loss: 0.1756 | Acc: 94.22%
2023-11-19 14:31 test_domain Round:  39 | Epochs: 195 | Domain: a | loss: 0.9905 | Acc: 76.95%
2023-11-19 14:31 before_fed Round:  40 | Epochs: 200 | Domain: p | loss: 0.0137 | Acc: 99.42%
2023-11-19 14:32 before_fed Round:  40 | Epochs: 200 | Domain: c | loss: 0.2430 | Acc: 94.51%
2023-11-19 14:32 before_fed Round:  40 | Epochs: 200 | Domain: s | loss: 0.1501 | Acc: 95.23%
2023-11-19 14:32 after_fed Round:  40 | Epochs: 200 | Domain: p | loss: 0.1561 | Acc: 94.74%
2023-11-19 14:32 after_fed Round:  40 | Epochs: 200 | Domain: c | loss: 0.3644 | Acc: 91.56%
2023-11-19 14:32 after_fed Round:  40 | Epochs: 200 | Domain: s | loss: 0.1798 | Acc: 93.47%
2023-11-19 14:32 test_domain Round:  40 | Epochs: 200 | Domain: a | loss: 1.0029 | Acc: 77.29%
