2023-11-21 11:37 before_fed Round:   0 | Epochs:   0 | Domain: p | loss: 0.0545 | Acc: 99.42%
2023-11-21 11:37 before_fed Round:   0 | Epochs:   0 | Domain: a | loss: 0.2834 | Acc: 91.35%
2023-11-21 11:37 before_fed Round:   0 | Epochs:   0 | Domain: c | loss: 0.2211 | Acc: 94.09%
2023-11-21 11:37 after_fed Round:   0 | Epochs:   0 | Domain: p | loss: 0.0723 | Acc: 98.83%
2023-11-21 11:37 after_fed Round:   0 | Epochs:   0 | Domain: a | loss: 0.5424 | Acc: 83.17%
2023-11-21 11:37 after_fed Round:   0 | Epochs:   0 | Domain: c | loss: 0.5359 | Acc: 81.43%
2023-11-21 11:37 Model saved! Best Val Acc: 86.81%
2023-11-21 11:37 test_domain Round:   0 | Epochs:   0 | Domain: s | loss: 0.8878 | Acc: 68.34%
2023-11-21 11:38 before_fed Round:   1 | Epochs:   5 | Domain: p | loss: 0.0438 | Acc: 98.25%
2023-11-21 11:38 before_fed Round:   1 | Epochs:   5 | Domain: a | loss: 0.2903 | Acc: 90.38%
2023-11-21 11:38 before_fed Round:   1 | Epochs:   5 | Domain: c | loss: 0.1241 | Acc: 96.62%
2023-11-21 11:38 after_fed Round:   1 | Epochs:   5 | Domain: p | loss: 0.0508 | Acc: 98.83%
2023-11-21 11:38 after_fed Round:   1 | Epochs:   5 | Domain: a | loss: 0.4061 | Acc: 87.02%
2023-11-21 11:38 after_fed Round:   1 | Epochs:   5 | Domain: c | loss: 0.3125 | Acc: 89.45%
2023-11-21 11:38 Model saved! Best Val Acc: 91.21%
2023-11-21 11:38 test_domain Round:   1 | Epochs:   5 | Domain: s | loss: 0.7279 | Acc: 72.49%
2023-11-21 11:38 before_fed Round:   2 | Epochs:  10 | Domain: p | loss: 0.0546 | Acc: 97.66%
2023-11-21 11:38 before_fed Round:   2 | Epochs:  10 | Domain: a | loss: 0.2618 | Acc: 91.83%
2023-11-21 11:39 before_fed Round:   2 | Epochs:  10 | Domain: c | loss: 0.1515 | Acc: 94.51%
2023-11-21 11:39 after_fed Round:   2 | Epochs:  10 | Domain: p | loss: 0.0447 | Acc: 98.83%
2023-11-21 11:39 after_fed Round:   2 | Epochs:  10 | Domain: a | loss: 0.3340 | Acc: 88.46%
2023-11-21 11:39 after_fed Round:   2 | Epochs:  10 | Domain: c | loss: 0.2836 | Acc: 90.72%
2023-11-21 11:39 Model saved! Best Val Acc: 92.19%
2023-11-21 11:39 test_domain Round:   2 | Epochs:  10 | Domain: s | loss: 0.7093 | Acc: 74.50%
2023-11-21 11:39 before_fed Round:   3 | Epochs:  15 | Domain: p | loss: 0.0255 | Acc: 98.83%
2023-11-21 11:39 before_fed Round:   3 | Epochs:  15 | Domain: a | loss: 0.3000 | Acc: 92.31%
2023-11-21 11:39 before_fed Round:   3 | Epochs:  15 | Domain: c | loss: 0.1935 | Acc: 94.51%
2023-11-21 11:39 after_fed Round:   3 | Epochs:  15 | Domain: p | loss: 0.0537 | Acc: 98.83%
2023-11-21 11:39 after_fed Round:   3 | Epochs:  15 | Domain: a | loss: 0.3186 | Acc: 89.42%
2023-11-21 11:39 after_fed Round:   3 | Epochs:  15 | Domain: c | loss: 0.2417 | Acc: 91.98%
2023-11-21 11:39 Model saved! Best Val Acc: 93.00%
2023-11-21 11:39 test_domain Round:   3 | Epochs:  15 | Domain: s | loss: 0.6156 | Acc: 78.54%
2023-11-21 11:40 before_fed Round:   4 | Epochs:  20 | Domain: p | loss: 0.0452 | Acc: 98.83%
2023-11-21 11:40 before_fed Round:   4 | Epochs:  20 | Domain: a | loss: 0.2520 | Acc: 92.31%
2023-11-21 11:40 before_fed Round:   4 | Epochs:  20 | Domain: c | loss: 0.1654 | Acc: 94.94%
2023-11-21 11:40 after_fed Round:   4 | Epochs:  20 | Domain: p | loss: 0.0439 | Acc: 98.83%
2023-11-21 11:40 after_fed Round:   4 | Epochs:  20 | Domain: a | loss: 0.3182 | Acc: 90.38%
2023-11-21 11:40 after_fed Round:   4 | Epochs:  20 | Domain: c | loss: 0.2913 | Acc: 90.72%
2023-11-21 11:40 test_domain Round:   4 | Epochs:  20 | Domain: s | loss: 0.5440 | Acc: 81.32%
2023-11-21 11:40 before_fed Round:   5 | Epochs:  25 | Domain: p | loss: 0.0557 | Acc: 98.83%
2023-11-21 11:40 before_fed Round:   5 | Epochs:  25 | Domain: a | loss: 0.2883 | Acc: 91.35%
2023-11-21 11:41 before_fed Round:   5 | Epochs:  25 | Domain: c | loss: 0.1228 | Acc: 94.09%
2023-11-21 11:41 after_fed Round:   5 | Epochs:  25 | Domain: p | loss: 0.0509 | Acc: 98.83%
2023-11-21 11:41 after_fed Round:   5 | Epochs:  25 | Domain: a | loss: 0.3487 | Acc: 88.94%
2023-11-21 11:41 after_fed Round:   5 | Epochs:  25 | Domain: c | loss: 0.2370 | Acc: 93.25%
2023-11-21 11:41 Model saved! Best Val Acc: 93.33%
2023-11-21 11:41 test_domain Round:   5 | Epochs:  25 | Domain: s | loss: 0.5547 | Acc: 81.45%
2023-11-21 11:41 before_fed Round:   6 | Epochs:  30 | Domain: p | loss: 0.0549 | Acc: 99.42%
2023-11-21 11:41 before_fed Round:   6 | Epochs:  30 | Domain: a | loss: 0.2758 | Acc: 91.83%
2023-11-21 11:41 before_fed Round:   6 | Epochs:  30 | Domain: c | loss: 0.1588 | Acc: 95.36%
2023-11-21 11:41 after_fed Round:   6 | Epochs:  30 | Domain: p | loss: 0.0644 | Acc: 98.25%
2023-11-21 11:41 after_fed Round:   6 | Epochs:  30 | Domain: a | loss: 0.3312 | Acc: 91.83%
2023-11-21 11:41 after_fed Round:   6 | Epochs:  30 | Domain: c | loss: 0.2501 | Acc: 91.14%
2023-11-21 11:41 test_domain Round:   6 | Epochs:  30 | Domain: s | loss: 0.6959 | Acc: 78.24%
2023-11-21 11:41 before_fed Round:   7 | Epochs:  35 | Domain: p | loss: 0.0299 | Acc: 99.42%
2023-11-21 11:42 before_fed Round:   7 | Epochs:  35 | Domain: a | loss: 0.2818 | Acc: 92.31%
2023-11-21 11:42 before_fed Round:   7 | Epochs:  35 | Domain: c | loss: 0.1361 | Acc: 96.62%
2023-11-21 11:42 after_fed Round:   7 | Epochs:  35 | Domain: p | loss: 0.0491 | Acc: 98.25%
2023-11-21 11:42 after_fed Round:   7 | Epochs:  35 | Domain: a | loss: 0.2920 | Acc: 91.35%
2023-11-21 11:42 after_fed Round:   7 | Epochs:  35 | Domain: c | loss: 0.2458 | Acc: 92.41%
2023-11-21 11:42 Model saved! Best Val Acc: 93.66%
2023-11-21 11:42 test_domain Round:   7 | Epochs:  35 | Domain: s | loss: 0.6807 | Acc: 78.65%
2023-11-21 11:42 before_fed Round:   8 | Epochs:  40 | Domain: p | loss: 0.0505 | Acc: 99.42%
2023-11-21 11:42 before_fed Round:   8 | Epochs:  40 | Domain: a | loss: 0.2648 | Acc: 93.75%
2023-11-21 11:43 before_fed Round:   8 | Epochs:  40 | Domain: c | loss: 0.1305 | Acc: 96.62%
2023-11-21 11:43 after_fed Round:   8 | Epochs:  40 | Domain: p | loss: 0.0589 | Acc: 98.83%
2023-11-21 11:43 after_fed Round:   8 | Epochs:  40 | Domain: a | loss: 0.3585 | Acc: 88.94%
2023-11-21 11:43 after_fed Round:   8 | Epochs:  40 | Domain: c | loss: 0.2668 | Acc: 91.98%
2023-11-21 11:43 test_domain Round:   8 | Epochs:  40 | Domain: s | loss: 0.5910 | Acc: 82.03%
2023-11-21 11:43 before_fed Round:   9 | Epochs:  45 | Domain: p | loss: 0.0399 | Acc: 99.42%
2023-11-21 11:43 before_fed Round:   9 | Epochs:  45 | Domain: a | loss: 0.2578 | Acc: 92.79%
2023-11-21 11:43 before_fed Round:   9 | Epochs:  45 | Domain: c | loss: 0.1618 | Acc: 95.36%
2023-11-21 11:43 after_fed Round:   9 | Epochs:  45 | Domain: p | loss: 0.0684 | Acc: 98.83%
2023-11-21 11:43 after_fed Round:   9 | Epochs:  45 | Domain: a | loss: 0.3179 | Acc: 90.87%
2023-11-21 11:43 after_fed Round:   9 | Epochs:  45 | Domain: c | loss: 0.2241 | Acc: 93.25%
2023-11-21 11:43 Model saved! Best Val Acc: 93.98%
2023-11-21 11:43 test_domain Round:   9 | Epochs:  45 | Domain: s | loss: 0.6736 | Acc: 79.84%
2023-11-21 11:43 before_fed Round:  10 | Epochs:  50 | Domain: p | loss: 0.0501 | Acc: 99.42%
2023-11-21 11:44 before_fed Round:  10 | Epochs:  50 | Domain: a | loss: 0.2932 | Acc: 91.35%
2023-11-21 11:44 before_fed Round:  10 | Epochs:  50 | Domain: c | loss: 0.1874 | Acc: 94.51%
2023-11-21 11:44 after_fed Round:  10 | Epochs:  50 | Domain: p | loss: 0.0501 | Acc: 98.83%
2023-11-21 11:44 after_fed Round:  10 | Epochs:  50 | Domain: a | loss: 0.3291 | Acc: 92.31%
2023-11-21 11:44 after_fed Round:  10 | Epochs:  50 | Domain: c | loss: 0.2244 | Acc: 92.41%
2023-11-21 11:44 Model saved! Best Val Acc: 94.14%
2023-11-21 11:44 test_domain Round:  10 | Epochs:  50 | Domain: s | loss: 0.6073 | Acc: 81.34%
2023-11-21 11:44 before_fed Round:  11 | Epochs:  55 | Domain: p | loss: 0.0540 | Acc: 99.42%
2023-11-21 11:44 before_fed Round:  11 | Epochs:  55 | Domain: a | loss: 0.2531 | Acc: 92.79%
2023-11-21 11:44 before_fed Round:  11 | Epochs:  55 | Domain: c | loss: 0.2125 | Acc: 93.25%
2023-11-21 11:44 after_fed Round:  11 | Epochs:  55 | Domain: p | loss: 0.0632 | Acc: 98.25%
2023-11-21 11:44 after_fed Round:  11 | Epochs:  55 | Domain: a | loss: 0.2805 | Acc: 92.31%
2023-11-21 11:44 after_fed Round:  11 | Epochs:  55 | Domain: c | loss: 0.2581 | Acc: 91.98%
2023-11-21 11:45 test_domain Round:  11 | Epochs:  55 | Domain: s | loss: 0.6354 | Acc: 80.15%
2023-11-21 11:45 before_fed Round:  12 | Epochs:  60 | Domain: p | loss: 0.0360 | Acc: 99.42%
2023-11-21 11:45 before_fed Round:  12 | Epochs:  60 | Domain: a | loss: 0.2726 | Acc: 91.83%
2023-11-21 11:45 before_fed Round:  12 | Epochs:  60 | Domain: c | loss: 0.1978 | Acc: 95.36%
2023-11-21 11:45 after_fed Round:  12 | Epochs:  60 | Domain: p | loss: 0.0453 | Acc: 98.83%
2023-11-21 11:45 after_fed Round:  12 | Epochs:  60 | Domain: a | loss: 0.3004 | Acc: 92.79%
2023-11-21 11:45 after_fed Round:  12 | Epochs:  60 | Domain: c | loss: 0.2433 | Acc: 94.09%
2023-11-21 11:45 Model saved! Best Val Acc: 94.96%
2023-11-21 11:45 test_domain Round:  12 | Epochs:  60 | Domain: s | loss: 0.6228 | Acc: 81.09%
2023-11-21 11:45 before_fed Round:  13 | Epochs:  65 | Domain: p | loss: 0.0308 | Acc: 99.42%
2023-11-21 11:46 before_fed Round:  13 | Epochs:  65 | Domain: a | loss: 0.2465 | Acc: 91.83%
2023-11-21 11:46 before_fed Round:  13 | Epochs:  65 | Domain: c | loss: 0.1309 | Acc: 96.62%
2023-11-21 11:46 after_fed Round:  13 | Epochs:  65 | Domain: p | loss: 0.0749 | Acc: 98.25%
2023-11-21 11:46 after_fed Round:  13 | Epochs:  65 | Domain: a | loss: 0.3055 | Acc: 90.87%
2023-11-21 11:46 after_fed Round:  13 | Epochs:  65 | Domain: c | loss: 0.2321 | Acc: 94.09%
2023-11-21 11:46 test_domain Round:  13 | Epochs:  65 | Domain: s | loss: 0.5341 | Acc: 82.44%
2023-11-21 11:46 before_fed Round:  14 | Epochs:  70 | Domain: p | loss: 0.0553 | Acc: 98.83%
2023-11-21 11:46 before_fed Round:  14 | Epochs:  70 | Domain: a | loss: 0.2761 | Acc: 92.31%
2023-11-21 11:46 before_fed Round:  14 | Epochs:  70 | Domain: c | loss: 0.1222 | Acc: 97.05%
2023-11-21 11:46 after_fed Round:  14 | Epochs:  70 | Domain: p | loss: 0.0582 | Acc: 98.25%
2023-11-21 11:46 after_fed Round:  14 | Epochs:  70 | Domain: a | loss: 0.2621 | Acc: 90.87%
2023-11-21 11:46 after_fed Round:  14 | Epochs:  70 | Domain: c | loss: 0.1945 | Acc: 96.20%
2023-11-21 11:46 Model saved! Best Val Acc: 94.96%
2023-11-21 11:46 test_domain Round:  14 | Epochs:  70 | Domain: s | loss: 0.5566 | Acc: 82.59%
2023-11-21 11:47 before_fed Round:  15 | Epochs:  75 | Domain: p | loss: 0.0362 | Acc: 99.42%
2023-11-21 11:47 before_fed Round:  15 | Epochs:  75 | Domain: a | loss: 0.2845 | Acc: 93.27%
2023-11-21 11:47 before_fed Round:  15 | Epochs:  75 | Domain: c | loss: 0.1461 | Acc: 94.94%
2023-11-21 11:47 after_fed Round:  15 | Epochs:  75 | Domain: p | loss: 0.0492 | Acc: 99.42%
2023-11-21 11:47 after_fed Round:  15 | Epochs:  75 | Domain: a | loss: 0.2688 | Acc: 92.31%
2023-11-21 11:47 after_fed Round:  15 | Epochs:  75 | Domain: c | loss: 0.2214 | Acc: 94.51%
2023-11-21 11:47 Model saved! Best Val Acc: 95.12%
2023-11-21 11:47 test_domain Round:  15 | Epochs:  75 | Domain: s | loss: 0.5708 | Acc: 81.67%
2023-11-21 11:47 before_fed Round:  16 | Epochs:  80 | Domain: p | loss: 0.0472 | Acc: 99.42%
2023-11-21 11:47 before_fed Round:  16 | Epochs:  80 | Domain: a | loss: 0.2868 | Acc: 91.83%
2023-11-21 11:48 before_fed Round:  16 | Epochs:  80 | Domain: c | loss: 0.1936 | Acc: 93.67%
2023-11-21 11:48 after_fed Round:  16 | Epochs:  80 | Domain: p | loss: 0.0520 | Acc: 98.83%
2023-11-21 11:48 after_fed Round:  16 | Epochs:  80 | Domain: a | loss: 0.3176 | Acc: 91.35%
2023-11-21 11:48 after_fed Round:  16 | Epochs:  80 | Domain: c | loss: 0.2694 | Acc: 91.98%
2023-11-21 11:48 test_domain Round:  16 | Epochs:  80 | Domain: s | loss: 0.5524 | Acc: 82.72%
2023-11-21 11:48 before_fed Round:  17 | Epochs:  85 | Domain: p | loss: 0.0462 | Acc: 98.83%
2023-11-21 11:48 before_fed Round:  17 | Epochs:  85 | Domain: a | loss: 0.2767 | Acc: 92.79%
2023-11-21 11:48 before_fed Round:  17 | Epochs:  85 | Domain: c | loss: 0.1736 | Acc: 94.09%
2023-11-21 11:48 after_fed Round:  17 | Epochs:  85 | Domain: p | loss: 0.0511 | Acc: 98.83%
2023-11-21 11:48 after_fed Round:  17 | Epochs:  85 | Domain: a | loss: 0.2958 | Acc: 91.83%
2023-11-21 11:48 after_fed Round:  17 | Epochs:  85 | Domain: c | loss: 0.2404 | Acc: 93.67%
2023-11-21 11:48 test_domain Round:  17 | Epochs:  85 | Domain: s | loss: 0.5805 | Acc: 81.45%
2023-11-21 11:49 before_fed Round:  18 | Epochs:  90 | Domain: p | loss: 0.0563 | Acc: 99.42%
2023-11-21 11:49 before_fed Round:  18 | Epochs:  90 | Domain: a | loss: 0.3354 | Acc: 91.83%
2023-11-21 11:49 before_fed Round:  18 | Epochs:  90 | Domain: c | loss: 0.1301 | Acc: 95.36%
2023-11-21 11:49 after_fed Round:  18 | Epochs:  90 | Domain: p | loss: 0.0631 | Acc: 98.83%
2023-11-21 11:49 after_fed Round:  18 | Epochs:  90 | Domain: a | loss: 0.2841 | Acc: 91.83%
2023-11-21 11:49 after_fed Round:  18 | Epochs:  90 | Domain: c | loss: 0.2149 | Acc: 94.51%
2023-11-21 11:49 test_domain Round:  18 | Epochs:  90 | Domain: s | loss: 0.6227 | Acc: 81.70%
2023-11-21 11:49 before_fed Round:  19 | Epochs:  95 | Domain: p | loss: 0.0684 | Acc: 99.42%
2023-11-21 11:49 before_fed Round:  19 | Epochs:  95 | Domain: a | loss: 0.2541 | Acc: 93.27%
2023-11-21 11:50 before_fed Round:  19 | Epochs:  95 | Domain: c | loss: 0.1672 | Acc: 94.94%
2023-11-21 11:50 after_fed Round:  19 | Epochs:  95 | Domain: p | loss: 0.0661 | Acc: 98.83%
2023-11-21 11:50 after_fed Round:  19 | Epochs:  95 | Domain: a | loss: 0.2848 | Acc: 92.79%
2023-11-21 11:50 after_fed Round:  19 | Epochs:  95 | Domain: c | loss: 0.2174 | Acc: 93.25%
2023-11-21 11:50 test_domain Round:  19 | Epochs:  95 | Domain: s | loss: 0.6810 | Acc: 80.83%
2023-11-21 11:50 before_fed Round:  20 | Epochs: 100 | Domain: p | loss: 0.0562 | Acc: 99.42%
2023-11-21 11:50 before_fed Round:  20 | Epochs: 100 | Domain: a | loss: 0.2463 | Acc: 93.27%
2023-11-21 11:50 before_fed Round:  20 | Epochs: 100 | Domain: c | loss: 0.1788 | Acc: 94.51%
2023-11-21 11:50 after_fed Round:  20 | Epochs: 100 | Domain: p | loss: 0.0565 | Acc: 98.83%
2023-11-21 11:50 after_fed Round:  20 | Epochs: 100 | Domain: a | loss: 0.2824 | Acc: 92.31%
2023-11-21 11:50 after_fed Round:  20 | Epochs: 100 | Domain: c | loss: 0.2506 | Acc: 93.25%
2023-11-21 11:50 test_domain Round:  20 | Epochs: 100 | Domain: s | loss: 0.6001 | Acc: 81.90%
2023-11-21 11:51 before_fed Round:  21 | Epochs: 105 | Domain: p | loss: 0.0567 | Acc: 98.83%
2023-11-21 11:51 before_fed Round:  21 | Epochs: 105 | Domain: a | loss: 0.3493 | Acc: 91.35%
2023-11-21 11:51 before_fed Round:  21 | Epochs: 105 | Domain: c | loss: 0.1830 | Acc: 95.78%
2023-11-21 11:51 after_fed Round:  21 | Epochs: 105 | Domain: p | loss: 0.0756 | Acc: 98.25%
2023-11-21 11:51 after_fed Round:  21 | Epochs: 105 | Domain: a | loss: 0.3011 | Acc: 92.31%
2023-11-21 11:51 after_fed Round:  21 | Epochs: 105 | Domain: c | loss: 0.2060 | Acc: 94.51%
2023-11-21 11:51 test_domain Round:  21 | Epochs: 105 | Domain: s | loss: 0.7228 | Acc: 80.45%
2023-11-21 11:51 before_fed Round:  22 | Epochs: 110 | Domain: p | loss: 0.0542 | Acc: 99.42%
2023-11-21 11:51 before_fed Round:  22 | Epochs: 110 | Domain: a | loss: 0.2124 | Acc: 94.23%
2023-11-21 11:52 before_fed Round:  22 | Epochs: 110 | Domain: c | loss: 0.1521 | Acc: 94.94%
2023-11-21 11:52 after_fed Round:  22 | Epochs: 110 | Domain: p | loss: 0.0560 | Acc: 98.83%
2023-11-21 11:52 after_fed Round:  22 | Epochs: 110 | Domain: a | loss: 0.2704 | Acc: 92.79%
2023-11-21 11:52 after_fed Round:  22 | Epochs: 110 | Domain: c | loss: 0.2072 | Acc: 94.94%
2023-11-21 11:52 Model saved! Best Val Acc: 95.28%
2023-11-21 11:52 test_domain Round:  22 | Epochs: 110 | Domain: s | loss: 0.6489 | Acc: 80.96%
2023-11-21 11:52 before_fed Round:  23 | Epochs: 115 | Domain: p | loss: 0.0438 | Acc: 99.42%
2023-11-21 11:52 before_fed Round:  23 | Epochs: 115 | Domain: a | loss: 0.2322 | Acc: 94.23%
2023-11-21 11:52 before_fed Round:  23 | Epochs: 115 | Domain: c | loss: 0.1352 | Acc: 95.36%
2023-11-21 11:52 after_fed Round:  23 | Epochs: 115 | Domain: p | loss: 0.0500 | Acc: 98.83%
2023-11-21 11:52 after_fed Round:  23 | Epochs: 115 | Domain: a | loss: 0.3101 | Acc: 91.35%
2023-11-21 11:52 after_fed Round:  23 | Epochs: 115 | Domain: c | loss: 0.2071 | Acc: 93.67%
2023-11-21 11:52 test_domain Round:  23 | Epochs: 115 | Domain: s | loss: 0.5847 | Acc: 82.46%
2023-11-21 11:52 before_fed Round:  24 | Epochs: 120 | Domain: p | loss: 0.0313 | Acc: 98.83%
2023-11-21 11:53 before_fed Round:  24 | Epochs: 120 | Domain: a | loss: 0.3001 | Acc: 91.35%
2023-11-21 11:53 before_fed Round:  24 | Epochs: 120 | Domain: c | loss: 0.1414 | Acc: 95.78%
2023-11-21 11:53 after_fed Round:  24 | Epochs: 120 | Domain: p | loss: 0.0521 | Acc: 98.25%
2023-11-21 11:53 after_fed Round:  24 | Epochs: 120 | Domain: a | loss: 0.2771 | Acc: 92.31%
2023-11-21 11:53 after_fed Round:  24 | Epochs: 120 | Domain: c | loss: 0.2354 | Acc: 93.25%
2023-11-21 11:53 test_domain Round:  24 | Epochs: 120 | Domain: s | loss: 0.5874 | Acc: 81.70%
2023-11-21 11:53 before_fed Round:  25 | Epochs: 125 | Domain: p | loss: 0.0696 | Acc: 98.83%
2023-11-21 11:53 before_fed Round:  25 | Epochs: 125 | Domain: a | loss: 0.2466 | Acc: 90.87%
2023-11-21 11:53 before_fed Round:  25 | Epochs: 125 | Domain: c | loss: 0.1672 | Acc: 94.09%
2023-11-21 11:53 after_fed Round:  25 | Epochs: 125 | Domain: p | loss: 0.0827 | Acc: 98.25%
2023-11-21 11:54 after_fed Round:  25 | Epochs: 125 | Domain: a | loss: 0.2905 | Acc: 91.83%
2023-11-21 11:54 after_fed Round:  25 | Epochs: 125 | Domain: c | loss: 0.2100 | Acc: 94.09%
2023-11-21 11:54 test_domain Round:  25 | Epochs: 125 | Domain: s | loss: 0.6472 | Acc: 81.06%
2023-11-21 11:54 before_fed Round:  26 | Epochs: 130 | Domain: p | loss: 0.0682 | Acc: 99.42%
2023-11-21 11:54 before_fed Round:  26 | Epochs: 130 | Domain: a | loss: 0.2457 | Acc: 91.83%
2023-11-21 11:54 before_fed Round:  26 | Epochs: 130 | Domain: c | loss: 0.1358 | Acc: 96.20%
2023-11-21 11:54 after_fed Round:  26 | Epochs: 130 | Domain: p | loss: 0.0752 | Acc: 98.25%
2023-11-21 11:54 after_fed Round:  26 | Epochs: 130 | Domain: a | loss: 0.2992 | Acc: 92.31%
2023-11-21 11:54 after_fed Round:  26 | Epochs: 130 | Domain: c | loss: 0.2226 | Acc: 94.09%
2023-11-21 11:54 test_domain Round:  26 | Epochs: 130 | Domain: s | loss: 0.6107 | Acc: 81.57%
2023-11-21 11:54 before_fed Round:  27 | Epochs: 135 | Domain: p | loss: 0.0588 | Acc: 98.25%
2023-11-21 11:55 before_fed Round:  27 | Epochs: 135 | Domain: a | loss: 0.2397 | Acc: 92.79%
2023-11-21 11:55 before_fed Round:  27 | Epochs: 135 | Domain: c | loss: 0.1339 | Acc: 96.62%
2023-11-21 11:55 after_fed Round:  27 | Epochs: 135 | Domain: p | loss: 0.0562 | Acc: 98.25%
2023-11-21 11:55 after_fed Round:  27 | Epochs: 135 | Domain: a | loss: 0.2402 | Acc: 92.79%
2023-11-21 11:55 after_fed Round:  27 | Epochs: 135 | Domain: c | loss: 0.2766 | Acc: 94.09%
2023-11-21 11:55 test_domain Round:  27 | Epochs: 135 | Domain: s | loss: 0.6080 | Acc: 81.39%
2023-11-21 11:55 before_fed Round:  28 | Epochs: 140 | Domain: p | loss: 0.0451 | Acc: 99.42%
2023-11-21 11:55 before_fed Round:  28 | Epochs: 140 | Domain: a | loss: 0.2260 | Acc: 95.19%
2023-11-21 11:55 before_fed Round:  28 | Epochs: 140 | Domain: c | loss: 0.1371 | Acc: 96.62%
2023-11-21 11:55 after_fed Round:  28 | Epochs: 140 | Domain: p | loss: 0.0658 | Acc: 98.25%
2023-11-21 11:55 after_fed Round:  28 | Epochs: 140 | Domain: a | loss: 0.3130 | Acc: 91.83%
2023-11-21 11:55 after_fed Round:  28 | Epochs: 140 | Domain: c | loss: 0.2526 | Acc: 93.25%
2023-11-21 11:55 test_domain Round:  28 | Epochs: 140 | Domain: s | loss: 0.5954 | Acc: 81.83%
2023-11-21 11:56 before_fed Round:  29 | Epochs: 145 | Domain: p | loss: 0.0270 | Acc: 99.42%
2023-11-21 11:56 before_fed Round:  29 | Epochs: 145 | Domain: a | loss: 0.2197 | Acc: 91.35%
2023-11-21 11:56 before_fed Round:  29 | Epochs: 145 | Domain: c | loss: 0.1623 | Acc: 95.78%
2023-11-21 11:56 after_fed Round:  29 | Epochs: 145 | Domain: p | loss: 0.0435 | Acc: 98.25%
2023-11-21 11:56 after_fed Round:  29 | Epochs: 145 | Domain: a | loss: 0.2753 | Acc: 92.31%
2023-11-21 11:56 after_fed Round:  29 | Epochs: 145 | Domain: c | loss: 0.2531 | Acc: 93.25%
2023-11-21 11:56 test_domain Round:  29 | Epochs: 145 | Domain: s | loss: 0.5891 | Acc: 81.83%
2023-11-21 11:56 before_fed Round:  30 | Epochs: 150 | Domain: p | loss: 0.0395 | Acc: 99.42%
2023-11-21 11:57 before_fed Round:  30 | Epochs: 150 | Domain: a | loss: 0.2590 | Acc: 92.79%
2023-11-21 11:57 before_fed Round:  30 | Epochs: 150 | Domain: c | loss: 0.1648 | Acc: 96.20%
2023-11-21 11:57 after_fed Round:  30 | Epochs: 150 | Domain: p | loss: 0.0440 | Acc: 98.83%
2023-11-21 11:57 after_fed Round:  30 | Epochs: 150 | Domain: a | loss: 0.2637 | Acc: 92.79%
2023-11-21 11:57 after_fed Round:  30 | Epochs: 150 | Domain: c | loss: 0.2386 | Acc: 94.51%
2023-11-21 11:57 test_domain Round:  30 | Epochs: 150 | Domain: s | loss: 0.5932 | Acc: 82.06%
2023-11-21 11:57 before_fed Round:  31 | Epochs: 155 | Domain: p | loss: 0.0376 | Acc: 99.42%
2023-11-21 11:57 before_fed Round:  31 | Epochs: 155 | Domain: a | loss: 0.2812 | Acc: 92.79%
2023-11-21 11:57 before_fed Round:  31 | Epochs: 155 | Domain: c | loss: 0.1577 | Acc: 95.78%
2023-11-21 11:57 after_fed Round:  31 | Epochs: 155 | Domain: p | loss: 0.0566 | Acc: 98.25%
2023-11-21 11:57 after_fed Round:  31 | Epochs: 155 | Domain: a | loss: 0.2890 | Acc: 93.75%
2023-11-21 11:57 after_fed Round:  31 | Epochs: 155 | Domain: c | loss: 0.2190 | Acc: 92.83%
2023-11-21 11:57 test_domain Round:  31 | Epochs: 155 | Domain: s | loss: 0.6119 | Acc: 82.69%
2023-11-21 11:58 before_fed Round:  32 | Epochs: 160 | Domain: p | loss: 0.0349 | Acc: 99.42%
2023-11-21 11:58 before_fed Round:  32 | Epochs: 160 | Domain: a | loss: 0.2482 | Acc: 92.31%
2023-11-21 11:58 before_fed Round:  32 | Epochs: 160 | Domain: c | loss: 0.1686 | Acc: 95.36%
2023-11-21 11:58 after_fed Round:  32 | Epochs: 160 | Domain: p | loss: 0.0490 | Acc: 98.25%
2023-11-21 11:58 after_fed Round:  32 | Epochs: 160 | Domain: a | loss: 0.2913 | Acc: 93.75%
2023-11-21 11:58 after_fed Round:  32 | Epochs: 160 | Domain: c | loss: 0.2489 | Acc: 92.41%
2023-11-21 11:58 test_domain Round:  32 | Epochs: 160 | Domain: s | loss: 0.5910 | Acc: 83.05%
2023-11-21 11:58 before_fed Round:  33 | Epochs: 165 | Domain: p | loss: 0.0388 | Acc: 99.42%
2023-11-21 11:58 before_fed Round:  33 | Epochs: 165 | Domain: a | loss: 0.2426 | Acc: 93.27%
2023-11-21 11:59 before_fed Round:  33 | Epochs: 165 | Domain: c | loss: 0.1492 | Acc: 96.62%
2023-11-21 11:59 after_fed Round:  33 | Epochs: 165 | Domain: p | loss: 0.0505 | Acc: 98.83%
2023-11-21 11:59 after_fed Round:  33 | Epochs: 165 | Domain: a | loss: 0.2727 | Acc: 93.27%
2023-11-21 11:59 after_fed Round:  33 | Epochs: 165 | Domain: c | loss: 0.2288 | Acc: 93.25%
2023-11-21 11:59 test_domain Round:  33 | Epochs: 165 | Domain: s | loss: 0.5994 | Acc: 82.51%
2023-11-21 11:59 before_fed Round:  34 | Epochs: 170 | Domain: p | loss: 0.0416 | Acc: 99.42%
2023-11-21 11:59 before_fed Round:  34 | Epochs: 170 | Domain: a | loss: 0.2374 | Acc: 92.79%
2023-11-21 11:59 before_fed Round:  34 | Epochs: 170 | Domain: c | loss: 0.1598 | Acc: 94.94%
2023-11-21 11:59 after_fed Round:  34 | Epochs: 170 | Domain: p | loss: 0.0494 | Acc: 98.83%
2023-11-21 11:59 after_fed Round:  34 | Epochs: 170 | Domain: a | loss: 0.2899 | Acc: 92.79%
2023-11-21 11:59 after_fed Round:  34 | Epochs: 170 | Domain: c | loss: 0.2546 | Acc: 93.25%
2023-11-21 11:59 test_domain Round:  34 | Epochs: 170 | Domain: s | loss: 0.5792 | Acc: 83.25%
2023-11-21 12:00 before_fed Round:  35 | Epochs: 175 | Domain: p | loss: 0.0355 | Acc: 99.42%
2023-11-21 12:00 before_fed Round:  35 | Epochs: 175 | Domain: a | loss: 0.2222 | Acc: 94.23%
2023-11-21 12:00 before_fed Round:  35 | Epochs: 175 | Domain: c | loss: 0.1573 | Acc: 96.62%
2023-11-21 12:00 after_fed Round:  35 | Epochs: 175 | Domain: p | loss: 0.0458 | Acc: 98.83%
2023-11-21 12:00 after_fed Round:  35 | Epochs: 175 | Domain: a | loss: 0.2729 | Acc: 92.79%
2023-11-21 12:00 after_fed Round:  35 | Epochs: 175 | Domain: c | loss: 0.2442 | Acc: 92.83%
2023-11-21 12:00 test_domain Round:  35 | Epochs: 175 | Domain: s | loss: 0.5711 | Acc: 83.07%
2023-11-21 12:00 before_fed Round:  36 | Epochs: 180 | Domain: p | loss: 0.0349 | Acc: 99.42%
2023-11-21 12:00 before_fed Round:  36 | Epochs: 180 | Domain: a | loss: 0.2305 | Acc: 93.27%
2023-11-21 12:01 before_fed Round:  36 | Epochs: 180 | Domain: c | loss: 0.1476 | Acc: 95.78%
2023-11-21 12:01 after_fed Round:  36 | Epochs: 180 | Domain: p | loss: 0.0546 | Acc: 98.25%
2023-11-21 12:01 after_fed Round:  36 | Epochs: 180 | Domain: a | loss: 0.2730 | Acc: 93.75%
2023-11-21 12:01 after_fed Round:  36 | Epochs: 180 | Domain: c | loss: 0.2261 | Acc: 92.83%
2023-11-21 12:01 test_domain Round:  36 | Epochs: 180 | Domain: s | loss: 0.5839 | Acc: 82.49%
2023-11-21 12:01 before_fed Round:  37 | Epochs: 185 | Domain: p | loss: 0.0344 | Acc: 99.42%
2023-11-21 12:01 before_fed Round:  37 | Epochs: 185 | Domain: a | loss: 0.2389 | Acc: 91.83%
2023-11-21 12:01 before_fed Round:  37 | Epochs: 185 | Domain: c | loss: 0.1496 | Acc: 96.62%
2023-11-21 12:01 after_fed Round:  37 | Epochs: 185 | Domain: p | loss: 0.0510 | Acc: 98.25%
2023-11-21 12:01 after_fed Round:  37 | Epochs: 185 | Domain: a | loss: 0.2721 | Acc: 93.27%
2023-11-21 12:01 after_fed Round:  37 | Epochs: 185 | Domain: c | loss: 0.2268 | Acc: 92.83%
2023-11-21 12:01 test_domain Round:  37 | Epochs: 185 | Domain: s | loss: 0.5731 | Acc: 82.85%
2023-11-21 12:01 before_fed Round:  38 | Epochs: 190 | Domain: p | loss: 0.0374 | Acc: 99.42%
2023-11-21 12:02 before_fed Round:  38 | Epochs: 190 | Domain: a | loss: 0.2533 | Acc: 91.83%
2023-11-21 12:02 before_fed Round:  38 | Epochs: 190 | Domain: c | loss: 0.1457 | Acc: 97.05%
2023-11-21 12:02 after_fed Round:  38 | Epochs: 190 | Domain: p | loss: 0.0543 | Acc: 98.25%
2023-11-21 12:02 after_fed Round:  38 | Epochs: 190 | Domain: a | loss: 0.2704 | Acc: 92.31%
2023-11-21 12:02 after_fed Round:  38 | Epochs: 190 | Domain: c | loss: 0.2160 | Acc: 94.51%
2023-11-21 12:02 test_domain Round:  38 | Epochs: 190 | Domain: s | loss: 0.5988 | Acc: 81.93%
2023-11-21 12:02 before_fed Round:  39 | Epochs: 195 | Domain: p | loss: 0.0399 | Acc: 99.42%
2023-11-21 12:02 before_fed Round:  39 | Epochs: 195 | Domain: a | loss: 0.2175 | Acc: 91.35%
2023-11-21 12:03 before_fed Round:  39 | Epochs: 195 | Domain: c | loss: 0.1815 | Acc: 95.36%
2023-11-21 12:03 after_fed Round:  39 | Epochs: 195 | Domain: p | loss: 0.0456 | Acc: 98.83%
2023-11-21 12:03 after_fed Round:  39 | Epochs: 195 | Domain: a | loss: 0.2511 | Acc: 93.27%
2023-11-21 12:03 after_fed Round:  39 | Epochs: 195 | Domain: c | loss: 0.2349 | Acc: 93.67%
2023-11-21 12:03 test_domain Round:  39 | Epochs: 195 | Domain: s | loss: 0.5647 | Acc: 82.77%
2023-11-21 12:03 before_fed Round:  40 | Epochs: 200 | Domain: p | loss: 0.0372 | Acc: 99.42%
2023-11-21 12:03 before_fed Round:  40 | Epochs: 200 | Domain: a | loss: 0.2383 | Acc: 91.83%
2023-11-21 12:03 before_fed Round:  40 | Epochs: 200 | Domain: c | loss: 0.1622 | Acc: 95.78%
2023-11-21 12:03 after_fed Round:  40 | Epochs: 200 | Domain: p | loss: 0.0456 | Acc: 98.83%
2023-11-21 12:03 after_fed Round:  40 | Epochs: 200 | Domain: a | loss: 0.2671 | Acc: 92.31%
2023-11-21 12:03 after_fed Round:  40 | Epochs: 200 | Domain: c | loss: 0.2441 | Acc: 93.25%
2023-11-21 12:03 test_domain Round:  40 | Epochs: 200 | Domain: s | loss: 0.5613 | Acc: 83.20%
