2023-11-19 13:22 before_fed Round:   0 | Epochs:   0 | Domain: a | loss: 0.3062 | Acc: 88.94%
2023-11-19 13:22 before_fed Round:   0 | Epochs:   0 | Domain: c | loss: 0.2304 | Acc: 91.56%
2023-11-19 13:22 before_fed Round:   0 | Epochs:   0 | Domain: s | loss: 0.2027 | Acc: 93.47%
2023-11-19 13:22 after_fed Round:   0 | Epochs:   0 | Domain: a | loss: 0.7458 | Acc: 75.48%
2023-11-19 13:22 after_fed Round:   0 | Epochs:   0 | Domain: c | loss: 0.5590 | Acc: 80.59%
2023-11-19 13:22 after_fed Round:   0 | Epochs:   0 | Domain: s | loss: 0.3427 | Acc: 90.70%
2023-11-19 13:22 Model saved! Best Val Acc: 84.11%
2023-11-19 13:22 test_domain Round:   0 | Epochs:   0 | Domain: p | loss: 0.3728 | Acc: 91.62%
2023-11-19 13:23 before_fed Round:   1 | Epochs:   5 | Domain: a | loss: 0.3011 | Acc: 90.38%
2023-11-19 13:23 before_fed Round:   1 | Epochs:   5 | Domain: c | loss: 0.1442 | Acc: 94.09%
2023-11-19 13:23 before_fed Round:   1 | Epochs:   5 | Domain: s | loss: 0.1295 | Acc: 95.48%
2023-11-19 13:23 after_fed Round:   1 | Epochs:   5 | Domain: a | loss: 0.5846 | Acc: 81.25%
2023-11-19 13:23 after_fed Round:   1 | Epochs:   5 | Domain: c | loss: 0.4191 | Acc: 86.92%
2023-11-19 13:23 after_fed Round:   1 | Epochs:   5 | Domain: s | loss: 0.2113 | Acc: 93.22%
2023-11-19 13:23 Model saved! Best Val Acc: 88.50%
2023-11-19 13:23 test_domain Round:   1 | Epochs:   5 | Domain: p | loss: 0.2439 | Acc: 92.63%
2023-11-19 13:23 before_fed Round:   2 | Epochs:  10 | Domain: a | loss: 0.2426 | Acc: 92.79%
2023-11-19 13:24 before_fed Round:   2 | Epochs:  10 | Domain: c | loss: 0.1525 | Acc: 96.62%
2023-11-19 13:24 before_fed Round:   2 | Epochs:  10 | Domain: s | loss: 0.1516 | Acc: 94.72%
2023-11-19 13:24 after_fed Round:   2 | Epochs:  10 | Domain: a | loss: 0.5416 | Acc: 81.73%
2023-11-19 13:24 after_fed Round:   2 | Epochs:  10 | Domain: c | loss: 0.4101 | Acc: 84.81%
2023-11-19 13:24 after_fed Round:   2 | Epochs:  10 | Domain: s | loss: 0.1652 | Acc: 94.47%
2023-11-19 13:24 Model saved! Best Val Acc: 88.61%
2023-11-19 13:24 test_domain Round:   2 | Epochs:  10 | Domain: p | loss: 0.2277 | Acc: 92.51%
2023-11-19 13:24 before_fed Round:   3 | Epochs:  15 | Domain: a | loss: 0.3407 | Acc: 91.83%
2023-11-19 13:24 before_fed Round:   3 | Epochs:  15 | Domain: c | loss: 0.1669 | Acc: 95.36%
2023-11-19 13:25 before_fed Round:   3 | Epochs:  15 | Domain: s | loss: 0.1093 | Acc: 96.23%
2023-11-19 13:25 after_fed Round:   3 | Epochs:  15 | Domain: a | loss: 0.4530 | Acc: 85.10%
2023-11-19 13:25 after_fed Round:   3 | Epochs:  15 | Domain: c | loss: 0.3256 | Acc: 87.34%
2023-11-19 13:25 after_fed Round:   3 | Epochs:  15 | Domain: s | loss: 0.1817 | Acc: 93.47%
2023-11-19 13:25 Model saved! Best Val Acc: 89.68%
2023-11-19 13:25 test_domain Round:   3 | Epochs:  15 | Domain: p | loss: 0.2476 | Acc: 91.56%
2023-11-19 13:25 before_fed Round:   4 | Epochs:  20 | Domain: a | loss: 0.2830 | Acc: 92.31%
2023-11-19 13:25 before_fed Round:   4 | Epochs:  20 | Domain: c | loss: 0.1455 | Acc: 94.94%
2023-11-19 13:26 before_fed Round:   4 | Epochs:  20 | Domain: s | loss: 0.1512 | Acc: 94.47%
2023-11-19 13:26 after_fed Round:   4 | Epochs:  20 | Domain: a | loss: 0.4572 | Acc: 84.62%
2023-11-19 13:26 after_fed Round:   4 | Epochs:  20 | Domain: c | loss: 0.3090 | Acc: 90.30%
2023-11-19 13:26 after_fed Round:   4 | Epochs:  20 | Domain: s | loss: 0.1479 | Acc: 94.97%
2023-11-19 13:26 Model saved! Best Val Acc: 91.11%
2023-11-19 13:26 test_domain Round:   4 | Epochs:  20 | Domain: p | loss: 0.2352 | Acc: 92.69%
2023-11-19 13:26 before_fed Round:   5 | Epochs:  25 | Domain: a | loss: 0.2323 | Acc: 94.23%
2023-11-19 13:26 before_fed Round:   5 | Epochs:  25 | Domain: c | loss: 0.1913 | Acc: 94.09%
2023-11-19 13:26 before_fed Round:   5 | Epochs:  25 | Domain: s | loss: 0.1537 | Acc: 94.97%
2023-11-19 13:26 after_fed Round:   5 | Epochs:  25 | Domain: a | loss: 0.4289 | Acc: 87.50%
2023-11-19 13:26 after_fed Round:   5 | Epochs:  25 | Domain: c | loss: 0.3031 | Acc: 90.72%
2023-11-19 13:26 after_fed Round:   5 | Epochs:  25 | Domain: s | loss: 0.1595 | Acc: 93.47%
2023-11-19 13:26 Model saved! Best Val Acc: 91.22%
2023-11-19 13:26 test_domain Round:   5 | Epochs:  25 | Domain: p | loss: 0.2229 | Acc: 92.28%
2023-11-19 13:27 before_fed Round:   6 | Epochs:  30 | Domain: a | loss: 0.3268 | Acc: 91.83%
2023-11-19 13:27 before_fed Round:   6 | Epochs:  30 | Domain: c | loss: 0.1500 | Acc: 95.36%
2023-11-19 13:27 before_fed Round:   6 | Epochs:  30 | Domain: s | loss: 0.1423 | Acc: 95.23%
2023-11-19 13:27 after_fed Round:   6 | Epochs:  30 | Domain: a | loss: 0.3947 | Acc: 88.46%
2023-11-19 13:27 after_fed Round:   6 | Epochs:  30 | Domain: c | loss: 0.3364 | Acc: 89.87%
2023-11-19 13:27 after_fed Round:   6 | Epochs:  30 | Domain: s | loss: 0.1474 | Acc: 95.23%
2023-11-19 13:27 Model saved! Best Val Acc: 92.05%
2023-11-19 13:27 test_domain Round:   6 | Epochs:  30 | Domain: p | loss: 0.2066 | Acc: 93.05%
2023-11-19 13:27 before_fed Round:   7 | Epochs:  35 | Domain: a | loss: 0.2389 | Acc: 93.27%
2023-11-19 13:28 before_fed Round:   7 | Epochs:  35 | Domain: c | loss: 0.1449 | Acc: 96.62%
2023-11-19 13:28 before_fed Round:   7 | Epochs:  35 | Domain: s | loss: 0.1487 | Acc: 95.98%
2023-11-19 13:28 after_fed Round:   7 | Epochs:  35 | Domain: a | loss: 0.3740 | Acc: 89.42%
2023-11-19 13:28 after_fed Round:   7 | Epochs:  35 | Domain: c | loss: 0.3065 | Acc: 91.56%
2023-11-19 13:28 after_fed Round:   7 | Epochs:  35 | Domain: s | loss: 0.1578 | Acc: 94.22%
2023-11-19 13:28 Model saved! Best Val Acc: 92.29%
2023-11-19 13:28 test_domain Round:   7 | Epochs:  35 | Domain: p | loss: 0.2137 | Acc: 93.11%
2023-11-19 13:28 before_fed Round:   8 | Epochs:  40 | Domain: a | loss: 0.3594 | Acc: 90.38%
2023-11-19 13:28 before_fed Round:   8 | Epochs:  40 | Domain: c | loss: 0.1686 | Acc: 95.36%
2023-11-19 13:29 before_fed Round:   8 | Epochs:  40 | Domain: s | loss: 0.1670 | Acc: 94.72%
2023-11-19 13:29 after_fed Round:   8 | Epochs:  40 | Domain: a | loss: 0.3959 | Acc: 86.06%
2023-11-19 13:29 after_fed Round:   8 | Epochs:  40 | Domain: c | loss: 0.4027 | Acc: 88.19%
2023-11-19 13:29 after_fed Round:   8 | Epochs:  40 | Domain: s | loss: 0.1713 | Acc: 94.22%
2023-11-19 13:29 test_domain Round:   8 | Epochs:  40 | Domain: p | loss: 0.2254 | Acc: 92.69%
2023-11-19 13:29 before_fed Round:   9 | Epochs:  45 | Domain: a | loss: 0.2766 | Acc: 92.79%
2023-11-19 13:29 before_fed Round:   9 | Epochs:  45 | Domain: c | loss: 0.2396 | Acc: 93.67%
2023-11-19 13:30 before_fed Round:   9 | Epochs:  45 | Domain: s | loss: 0.1471 | Acc: 95.98%
2023-11-19 13:30 after_fed Round:   9 | Epochs:  45 | Domain: a | loss: 0.4305 | Acc: 87.98%
2023-11-19 13:30 after_fed Round:   9 | Epochs:  45 | Domain: c | loss: 0.3578 | Acc: 89.87%
2023-11-19 13:30 after_fed Round:   9 | Epochs:  45 | Domain: s | loss: 0.1556 | Acc: 94.47%
2023-11-19 13:30 test_domain Round:   9 | Epochs:  45 | Domain: p | loss: 0.2599 | Acc: 91.62%
2023-11-19 13:30 before_fed Round:  10 | Epochs:  50 | Domain: a | loss: 0.2916 | Acc: 93.75%
2023-11-19 13:30 before_fed Round:  10 | Epochs:  50 | Domain: c | loss: 0.1876 | Acc: 95.36%
2023-11-19 13:30 before_fed Round:  10 | Epochs:  50 | Domain: s | loss: 0.1493 | Acc: 94.72%
2023-11-19 13:30 after_fed Round:  10 | Epochs:  50 | Domain: a | loss: 0.4230 | Acc: 86.06%
2023-11-19 13:30 after_fed Round:  10 | Epochs:  50 | Domain: c | loss: 0.2907 | Acc: 90.72%
2023-11-19 13:30 after_fed Round:  10 | Epochs:  50 | Domain: s | loss: 0.1536 | Acc: 94.72%
2023-11-19 13:30 test_domain Round:  10 | Epochs:  50 | Domain: p | loss: 0.2209 | Acc: 92.75%
2023-11-19 13:31 before_fed Round:  11 | Epochs:  55 | Domain: a | loss: 0.3289 | Acc: 92.31%
2023-11-19 13:31 before_fed Round:  11 | Epochs:  55 | Domain: c | loss: 0.1598 | Acc: 96.20%
2023-11-19 13:31 before_fed Round:  11 | Epochs:  55 | Domain: s | loss: 0.1277 | Acc: 95.48%
2023-11-19 13:31 after_fed Round:  11 | Epochs:  55 | Domain: a | loss: 0.4639 | Acc: 87.02%
2023-11-19 13:31 after_fed Round:  11 | Epochs:  55 | Domain: c | loss: 0.2907 | Acc: 91.56%
2023-11-19 13:31 after_fed Round:  11 | Epochs:  55 | Domain: s | loss: 0.1556 | Acc: 94.72%
2023-11-19 13:31 test_domain Round:  11 | Epochs:  55 | Domain: p | loss: 0.2754 | Acc: 91.56%
2023-11-19 13:31 before_fed Round:  12 | Epochs:  60 | Domain: a | loss: 0.3066 | Acc: 89.42%
2023-11-19 13:32 before_fed Round:  12 | Epochs:  60 | Domain: c | loss: 0.2047 | Acc: 95.36%
2023-11-19 13:32 before_fed Round:  12 | Epochs:  60 | Domain: s | loss: 0.1277 | Acc: 95.23%
2023-11-19 13:32 after_fed Round:  12 | Epochs:  60 | Domain: a | loss: 0.4314 | Acc: 87.02%
2023-11-19 13:32 after_fed Round:  12 | Epochs:  60 | Domain: c | loss: 0.2701 | Acc: 94.09%
2023-11-19 13:32 after_fed Round:  12 | Epochs:  60 | Domain: s | loss: 0.1468 | Acc: 94.72%
2023-11-19 13:32 Model saved! Best Val Acc: 92.65%
2023-11-19 13:32 test_domain Round:  12 | Epochs:  60 | Domain: p | loss: 0.2700 | Acc: 91.32%
2023-11-19 13:32 before_fed Round:  13 | Epochs:  65 | Domain: a | loss: 0.3208 | Acc: 91.83%
2023-11-19 13:32 before_fed Round:  13 | Epochs:  65 | Domain: c | loss: 0.1798 | Acc: 94.94%
2023-11-19 13:33 before_fed Round:  13 | Epochs:  65 | Domain: s | loss: 0.1246 | Acc: 95.98%
2023-11-19 13:33 after_fed Round:  13 | Epochs:  65 | Domain: a | loss: 0.4389 | Acc: 87.02%
2023-11-19 13:33 after_fed Round:  13 | Epochs:  65 | Domain: c | loss: 0.3480 | Acc: 90.72%
2023-11-19 13:33 after_fed Round:  13 | Epochs:  65 | Domain: s | loss: 0.1473 | Acc: 94.97%
2023-11-19 13:33 test_domain Round:  13 | Epochs:  65 | Domain: p | loss: 0.2931 | Acc: 91.56%
2023-11-19 13:33 before_fed Round:  14 | Epochs:  70 | Domain: a | loss: 0.2187 | Acc: 94.23%
2023-11-19 13:33 before_fed Round:  14 | Epochs:  70 | Domain: c | loss: 0.2051 | Acc: 94.94%
2023-11-19 13:34 before_fed Round:  14 | Epochs:  70 | Domain: s | loss: 0.1286 | Acc: 94.97%
2023-11-19 13:34 after_fed Round:  14 | Epochs:  70 | Domain: a | loss: 0.4301 | Acc: 88.94%
2023-11-19 13:34 after_fed Round:  14 | Epochs:  70 | Domain: c | loss: 0.3466 | Acc: 90.72%
2023-11-19 13:34 after_fed Round:  14 | Epochs:  70 | Domain: s | loss: 0.1532 | Acc: 94.47%
2023-11-19 13:34 test_domain Round:  14 | Epochs:  70 | Domain: p | loss: 0.2752 | Acc: 91.80%
2023-11-19 13:34 before_fed Round:  15 | Epochs:  75 | Domain: a | loss: 0.2921 | Acc: 91.83%
2023-11-19 13:34 before_fed Round:  15 | Epochs:  75 | Domain: c | loss: 0.1972 | Acc: 95.36%
2023-11-19 13:34 before_fed Round:  15 | Epochs:  75 | Domain: s | loss: 0.1472 | Acc: 95.98%
2023-11-19 13:34 after_fed Round:  15 | Epochs:  75 | Domain: a | loss: 0.4222 | Acc: 87.02%
2023-11-19 13:34 after_fed Round:  15 | Epochs:  75 | Domain: c | loss: 0.2991 | Acc: 91.98%
2023-11-19 13:34 after_fed Round:  15 | Epochs:  75 | Domain: s | loss: 0.1532 | Acc: 94.47%
2023-11-19 13:34 test_domain Round:  15 | Epochs:  75 | Domain: p | loss: 0.2920 | Acc: 92.10%
2023-11-19 13:35 before_fed Round:  16 | Epochs:  80 | Domain: a | loss: 0.2724 | Acc: 92.79%
2023-11-19 13:35 before_fed Round:  16 | Epochs:  80 | Domain: c | loss: 0.2167 | Acc: 94.51%
2023-11-19 13:35 before_fed Round:  16 | Epochs:  80 | Domain: s | loss: 0.1377 | Acc: 95.48%
2023-11-19 13:35 after_fed Round:  16 | Epochs:  80 | Domain: a | loss: 0.3992 | Acc: 88.94%
2023-11-19 13:35 after_fed Round:  16 | Epochs:  80 | Domain: c | loss: 0.2945 | Acc: 93.25%
2023-11-19 13:35 after_fed Round:  16 | Epochs:  80 | Domain: s | loss: 0.1370 | Acc: 95.23%
2023-11-19 13:35 Model saved! Best Val Acc: 93.12%
2023-11-19 13:35 test_domain Round:  16 | Epochs:  80 | Domain: p | loss: 0.2679 | Acc: 92.46%
2023-11-19 13:35 before_fed Round:  17 | Epochs:  85 | Domain: a | loss: 0.2280 | Acc: 93.27%
2023-11-19 13:36 before_fed Round:  17 | Epochs:  85 | Domain: c | loss: 0.2242 | Acc: 94.51%
2023-11-19 13:36 before_fed Round:  17 | Epochs:  85 | Domain: s | loss: 0.1366 | Acc: 95.48%
2023-11-19 13:36 after_fed Round:  17 | Epochs:  85 | Domain: a | loss: 0.4031 | Acc: 89.90%
2023-11-19 13:36 after_fed Round:  17 | Epochs:  85 | Domain: c | loss: 0.3386 | Acc: 91.56%
2023-11-19 13:36 after_fed Round:  17 | Epochs:  85 | Domain: s | loss: 0.1395 | Acc: 94.47%
2023-11-19 13:36 test_domain Round:  17 | Epochs:  85 | Domain: p | loss: 0.2700 | Acc: 91.92%
2023-11-19 13:36 before_fed Round:  18 | Epochs:  90 | Domain: a | loss: 0.2225 | Acc: 93.75%
2023-11-19 13:36 before_fed Round:  18 | Epochs:  90 | Domain: c | loss: 0.2063 | Acc: 95.36%
2023-11-19 13:37 before_fed Round:  18 | Epochs:  90 | Domain: s | loss: 0.1299 | Acc: 96.73%
2023-11-19 13:37 after_fed Round:  18 | Epochs:  90 | Domain: a | loss: 0.4445 | Acc: 88.94%
2023-11-19 13:37 after_fed Round:  18 | Epochs:  90 | Domain: c | loss: 0.3034 | Acc: 92.41%
2023-11-19 13:37 after_fed Round:  18 | Epochs:  90 | Domain: s | loss: 0.1652 | Acc: 94.22%
2023-11-19 13:37 test_domain Round:  18 | Epochs:  90 | Domain: p | loss: 0.2952 | Acc: 91.50%
2023-11-19 13:37 before_fed Round:  19 | Epochs:  95 | Domain: a | loss: 0.2389 | Acc: 94.23%
2023-11-19 13:37 before_fed Round:  19 | Epochs:  95 | Domain: c | loss: 0.2370 | Acc: 94.51%
2023-11-19 13:38 before_fed Round:  19 | Epochs:  95 | Domain: s | loss: 0.1307 | Acc: 95.73%
2023-11-19 13:38 after_fed Round:  19 | Epochs:  95 | Domain: a | loss: 0.4891 | Acc: 85.10%
2023-11-19 13:38 after_fed Round:  19 | Epochs:  95 | Domain: c | loss: 0.3157 | Acc: 92.41%
2023-11-19 13:38 after_fed Round:  19 | Epochs:  95 | Domain: s | loss: 0.1439 | Acc: 95.23%
2023-11-19 13:38 test_domain Round:  19 | Epochs:  95 | Domain: p | loss: 0.3394 | Acc: 91.14%
2023-11-19 13:38 before_fed Round:  20 | Epochs: 100 | Domain: a | loss: 0.3093 | Acc: 92.31%
2023-11-19 13:38 before_fed Round:  20 | Epochs: 100 | Domain: c | loss: 0.2375 | Acc: 94.09%
2023-11-19 13:38 before_fed Round:  20 | Epochs: 100 | Domain: s | loss: 0.1412 | Acc: 95.73%
2023-11-19 13:38 after_fed Round:  20 | Epochs: 100 | Domain: a | loss: 0.4049 | Acc: 87.50%
2023-11-19 13:38 after_fed Round:  20 | Epochs: 100 | Domain: c | loss: 0.3500 | Acc: 91.56%
2023-11-19 13:38 after_fed Round:  20 | Epochs: 100 | Domain: s | loss: 0.1420 | Acc: 95.23%
2023-11-19 13:38 test_domain Round:  20 | Epochs: 100 | Domain: p | loss: 0.2794 | Acc: 91.86%
2023-11-19 13:39 before_fed Round:  21 | Epochs: 105 | Domain: a | loss: 0.2887 | Acc: 93.75%
2023-11-19 13:39 before_fed Round:  21 | Epochs: 105 | Domain: c | loss: 0.2304 | Acc: 92.83%
2023-11-19 13:39 before_fed Round:  21 | Epochs: 105 | Domain: s | loss: 0.1307 | Acc: 96.23%
2023-11-19 13:39 after_fed Round:  21 | Epochs: 105 | Domain: a | loss: 0.3925 | Acc: 88.94%
2023-11-19 13:39 after_fed Round:  21 | Epochs: 105 | Domain: c | loss: 0.2870 | Acc: 91.14%
2023-11-19 13:39 after_fed Round:  21 | Epochs: 105 | Domain: s | loss: 0.1632 | Acc: 94.97%
2023-11-19 13:39 test_domain Round:  21 | Epochs: 105 | Domain: p | loss: 0.2567 | Acc: 92.69%
2023-11-19 13:40 before_fed Round:  22 | Epochs: 110 | Domain: a | loss: 0.2395 | Acc: 93.27%
2023-11-19 13:40 before_fed Round:  22 | Epochs: 110 | Domain: c | loss: 0.1829 | Acc: 94.94%
2023-11-19 13:40 before_fed Round:  22 | Epochs: 110 | Domain: s | loss: 0.1787 | Acc: 94.97%
2023-11-19 13:40 after_fed Round:  22 | Epochs: 110 | Domain: a | loss: 0.4005 | Acc: 88.94%
2023-11-19 13:40 after_fed Round:  22 | Epochs: 110 | Domain: c | loss: 0.2858 | Acc: 92.83%
2023-11-19 13:40 after_fed Round:  22 | Epochs: 110 | Domain: s | loss: 0.1783 | Acc: 94.22%
2023-11-19 13:40 test_domain Round:  22 | Epochs: 110 | Domain: p | loss: 0.2549 | Acc: 92.99%
2023-11-19 13:40 before_fed Round:  23 | Epochs: 115 | Domain: a | loss: 0.2775 | Acc: 92.79%
2023-11-19 13:41 before_fed Round:  23 | Epochs: 115 | Domain: c | loss: 0.2052 | Acc: 94.94%
2023-11-19 13:41 before_fed Round:  23 | Epochs: 115 | Domain: s | loss: 0.1120 | Acc: 96.73%
2023-11-19 13:41 after_fed Round:  23 | Epochs: 115 | Domain: a | loss: 0.4892 | Acc: 87.50%
2023-11-19 13:41 after_fed Round:  23 | Epochs: 115 | Domain: c | loss: 0.2585 | Acc: 93.25%
2023-11-19 13:41 after_fed Round:  23 | Epochs: 115 | Domain: s | loss: 0.1706 | Acc: 94.72%
2023-11-19 13:41 test_domain Round:  23 | Epochs: 115 | Domain: p | loss: 0.3062 | Acc: 91.56%
2023-11-19 13:41 before_fed Round:  24 | Epochs: 120 | Domain: a | loss: 0.2868 | Acc: 91.83%
2023-11-19 13:41 before_fed Round:  24 | Epochs: 120 | Domain: c | loss: 0.1997 | Acc: 94.51%
2023-11-19 13:42 before_fed Round:  24 | Epochs: 120 | Domain: s | loss: 0.1491 | Acc: 95.48%
2023-11-19 13:42 after_fed Round:  24 | Epochs: 120 | Domain: a | loss: 0.3901 | Acc: 89.90%
2023-11-19 13:42 after_fed Round:  24 | Epochs: 120 | Domain: c | loss: 0.3001 | Acc: 91.98%
2023-11-19 13:42 after_fed Round:  24 | Epochs: 120 | Domain: s | loss: 0.1604 | Acc: 93.72%
2023-11-19 13:42 test_domain Round:  24 | Epochs: 120 | Domain: p | loss: 0.2553 | Acc: 93.05%
2023-11-19 13:42 before_fed Round:  25 | Epochs: 125 | Domain: a | loss: 0.2400 | Acc: 93.27%
2023-11-19 13:42 before_fed Round:  25 | Epochs: 125 | Domain: c | loss: 0.2854 | Acc: 94.09%
2023-11-19 13:43 before_fed Round:  25 | Epochs: 125 | Domain: s | loss: 0.1470 | Acc: 96.23%
2023-11-19 13:43 after_fed Round:  25 | Epochs: 125 | Domain: a | loss: 0.4100 | Acc: 89.42%
2023-11-19 13:43 after_fed Round:  25 | Epochs: 125 | Domain: c | loss: 0.4146 | Acc: 89.87%
2023-11-19 13:43 after_fed Round:  25 | Epochs: 125 | Domain: s | loss: 0.1619 | Acc: 94.97%
2023-11-19 13:43 test_domain Round:  25 | Epochs: 125 | Domain: p | loss: 0.2673 | Acc: 92.63%
2023-11-19 13:43 before_fed Round:  26 | Epochs: 130 | Domain: a | loss: 0.3022 | Acc: 93.27%
2023-11-19 13:43 before_fed Round:  26 | Epochs: 130 | Domain: c | loss: 0.2228 | Acc: 94.09%
2023-11-19 13:43 before_fed Round:  26 | Epochs: 130 | Domain: s | loss: 0.1353 | Acc: 95.23%
2023-11-19 13:43 after_fed Round:  26 | Epochs: 130 | Domain: a | loss: 0.4223 | Acc: 88.46%
2023-11-19 13:43 after_fed Round:  26 | Epochs: 130 | Domain: c | loss: 0.3251 | Acc: 91.98%
2023-11-19 13:43 after_fed Round:  26 | Epochs: 130 | Domain: s | loss: 0.1568 | Acc: 94.97%
2023-11-19 13:43 test_domain Round:  26 | Epochs: 130 | Domain: p | loss: 0.2567 | Acc: 92.87%
2023-11-19 13:44 before_fed Round:  27 | Epochs: 135 | Domain: a | loss: 0.2499 | Acc: 92.79%
2023-11-19 13:44 before_fed Round:  27 | Epochs: 135 | Domain: c | loss: 0.2758 | Acc: 92.41%
2023-11-19 13:44 before_fed Round:  27 | Epochs: 135 | Domain: s | loss: 0.1336 | Acc: 95.73%
2023-11-19 13:44 after_fed Round:  27 | Epochs: 135 | Domain: a | loss: 0.4055 | Acc: 88.46%
2023-11-19 13:44 after_fed Round:  27 | Epochs: 135 | Domain: c | loss: 0.3287 | Acc: 91.14%
2023-11-19 13:44 after_fed Round:  27 | Epochs: 135 | Domain: s | loss: 0.1771 | Acc: 94.72%
2023-11-19 13:44 test_domain Round:  27 | Epochs: 135 | Domain: p | loss: 0.2567 | Acc: 92.75%
2023-11-19 13:44 before_fed Round:  28 | Epochs: 140 | Domain: a | loss: 0.2955 | Acc: 92.31%
2023-11-19 13:45 before_fed Round:  28 | Epochs: 140 | Domain: c | loss: 0.2014 | Acc: 94.94%
2023-11-19 13:45 before_fed Round:  28 | Epochs: 140 | Domain: s | loss: 0.1494 | Acc: 95.73%
2023-11-19 13:45 after_fed Round:  28 | Epochs: 140 | Domain: a | loss: 0.3977 | Acc: 87.98%
2023-11-19 13:45 after_fed Round:  28 | Epochs: 140 | Domain: c | loss: 0.3110 | Acc: 91.98%
2023-11-19 13:45 after_fed Round:  28 | Epochs: 140 | Domain: s | loss: 0.1516 | Acc: 94.97%
2023-11-19 13:45 test_domain Round:  28 | Epochs: 140 | Domain: p | loss: 0.2395 | Acc: 92.75%
2023-11-19 13:45 before_fed Round:  29 | Epochs: 145 | Domain: a | loss: 0.2347 | Acc: 93.75%
2023-11-19 13:45 before_fed Round:  29 | Epochs: 145 | Domain: c | loss: 0.2467 | Acc: 94.51%
2023-11-19 13:46 before_fed Round:  29 | Epochs: 145 | Domain: s | loss: 0.1625 | Acc: 95.23%
2023-11-19 13:46 after_fed Round:  29 | Epochs: 145 | Domain: a | loss: 0.4612 | Acc: 88.46%
2023-11-19 13:46 after_fed Round:  29 | Epochs: 145 | Domain: c | loss: 0.3362 | Acc: 91.98%
2023-11-19 13:46 after_fed Round:  29 | Epochs: 145 | Domain: s | loss: 0.1653 | Acc: 95.73%
2023-11-19 13:46 test_domain Round:  29 | Epochs: 145 | Domain: p | loss: 0.2936 | Acc: 91.92%
2023-11-19 13:46 before_fed Round:  30 | Epochs: 150 | Domain: a | loss: 0.2469 | Acc: 94.23%
2023-11-19 13:46 before_fed Round:  30 | Epochs: 150 | Domain: c | loss: 0.2280 | Acc: 96.20%
2023-11-19 13:47 before_fed Round:  30 | Epochs: 150 | Domain: s | loss: 0.1468 | Acc: 95.48%
2023-11-19 13:47 after_fed Round:  30 | Epochs: 150 | Domain: a | loss: 0.4292 | Acc: 89.90%
2023-11-19 13:47 after_fed Round:  30 | Epochs: 150 | Domain: c | loss: 0.3394 | Acc: 91.56%
2023-11-19 13:47 after_fed Round:  30 | Epochs: 150 | Domain: s | loss: 0.1399 | Acc: 94.97%
2023-11-19 13:47 test_domain Round:  30 | Epochs: 150 | Domain: p | loss: 0.2585 | Acc: 92.87%
2023-11-19 13:47 before_fed Round:  31 | Epochs: 155 | Domain: a | loss: 0.2824 | Acc: 92.79%
2023-11-19 13:47 before_fed Round:  31 | Epochs: 155 | Domain: c | loss: 0.1882 | Acc: 95.78%
2023-11-19 13:47 before_fed Round:  31 | Epochs: 155 | Domain: s | loss: 0.1434 | Acc: 95.23%
2023-11-19 13:47 after_fed Round:  31 | Epochs: 155 | Domain: a | loss: 0.3917 | Acc: 88.94%
2023-11-19 13:47 after_fed Round:  31 | Epochs: 155 | Domain: c | loss: 0.3127 | Acc: 91.14%
2023-11-19 13:47 after_fed Round:  31 | Epochs: 155 | Domain: s | loss: 0.1467 | Acc: 94.72%
2023-11-19 13:47 test_domain Round:  31 | Epochs: 155 | Domain: p | loss: 0.2700 | Acc: 92.40%
2023-11-19 13:48 before_fed Round:  32 | Epochs: 160 | Domain: a | loss: 0.2169 | Acc: 94.23%
2023-11-19 13:48 before_fed Round:  32 | Epochs: 160 | Domain: c | loss: 0.2455 | Acc: 92.83%
2023-11-19 13:48 before_fed Round:  32 | Epochs: 160 | Domain: s | loss: 0.1914 | Acc: 94.22%
2023-11-19 13:48 after_fed Round:  32 | Epochs: 160 | Domain: a | loss: 0.4160 | Acc: 87.02%
2023-11-19 13:48 after_fed Round:  32 | Epochs: 160 | Domain: c | loss: 0.3459 | Acc: 91.14%
2023-11-19 13:48 after_fed Round:  32 | Epochs: 160 | Domain: s | loss: 0.1557 | Acc: 94.22%
2023-11-19 13:48 test_domain Round:  32 | Epochs: 160 | Domain: p | loss: 0.2628 | Acc: 92.28%
2023-11-19 13:48 before_fed Round:  33 | Epochs: 165 | Domain: a | loss: 0.3501 | Acc: 91.35%
2023-11-19 13:49 before_fed Round:  33 | Epochs: 165 | Domain: c | loss: 0.2533 | Acc: 94.51%
2023-11-19 13:49 before_fed Round:  33 | Epochs: 165 | Domain: s | loss: 0.1831 | Acc: 93.22%
2023-11-19 13:49 after_fed Round:  33 | Epochs: 165 | Domain: a | loss: 0.4028 | Acc: 88.46%
2023-11-19 13:49 after_fed Round:  33 | Epochs: 165 | Domain: c | loss: 0.3178 | Acc: 91.56%
2023-11-19 13:49 after_fed Round:  33 | Epochs: 165 | Domain: s | loss: 0.1655 | Acc: 94.97%
2023-11-19 13:49 test_domain Round:  33 | Epochs: 165 | Domain: p | loss: 0.2836 | Acc: 92.46%
2023-11-19 13:49 before_fed Round:  34 | Epochs: 170 | Domain: a | loss: 0.2702 | Acc: 93.27%
2023-11-19 13:49 before_fed Round:  34 | Epochs: 170 | Domain: c | loss: 0.2329 | Acc: 93.67%
2023-11-19 13:50 before_fed Round:  34 | Epochs: 170 | Domain: s | loss: 0.1520 | Acc: 94.97%
2023-11-19 13:50 after_fed Round:  34 | Epochs: 170 | Domain: a | loss: 0.4014 | Acc: 87.98%
2023-11-19 13:50 after_fed Round:  34 | Epochs: 170 | Domain: c | loss: 0.3318 | Acc: 92.41%
2023-11-19 13:50 after_fed Round:  34 | Epochs: 170 | Domain: s | loss: 0.1602 | Acc: 94.97%
2023-11-19 13:50 test_domain Round:  34 | Epochs: 170 | Domain: p | loss: 0.3089 | Acc: 91.08%
2023-11-19 13:50 before_fed Round:  35 | Epochs: 175 | Domain: a | loss: 0.2522 | Acc: 93.27%
2023-11-19 13:50 before_fed Round:  35 | Epochs: 175 | Domain: c | loss: 0.2575 | Acc: 94.09%
2023-11-19 13:51 before_fed Round:  35 | Epochs: 175 | Domain: s | loss: 0.1495 | Acc: 94.97%
2023-11-19 13:51 after_fed Round:  35 | Epochs: 175 | Domain: a | loss: 0.4505 | Acc: 87.02%
2023-11-19 13:51 after_fed Round:  35 | Epochs: 175 | Domain: c | loss: 0.3481 | Acc: 91.98%
2023-11-19 13:51 after_fed Round:  35 | Epochs: 175 | Domain: s | loss: 0.1524 | Acc: 94.97%
2023-11-19 13:51 test_domain Round:  35 | Epochs: 175 | Domain: p | loss: 0.2861 | Acc: 92.10%
2023-11-19 13:51 before_fed Round:  36 | Epochs: 180 | Domain: a | loss: 0.2638 | Acc: 92.79%
2023-11-19 13:51 before_fed Round:  36 | Epochs: 180 | Domain: c | loss: 0.2271 | Acc: 94.51%
2023-11-19 13:51 before_fed Round:  36 | Epochs: 180 | Domain: s | loss: 0.2106 | Acc: 93.47%
2023-11-19 13:51 after_fed Round:  36 | Epochs: 180 | Domain: a | loss: 0.3808 | Acc: 89.42%
2023-11-19 13:51 after_fed Round:  36 | Epochs: 180 | Domain: c | loss: 0.3127 | Acc: 94.09%
2023-11-19 13:51 after_fed Round:  36 | Epochs: 180 | Domain: s | loss: 0.1847 | Acc: 93.97%
2023-11-19 13:51 test_domain Round:  36 | Epochs: 180 | Domain: p | loss: 0.3394 | Acc: 91.20%
2023-11-19 13:52 before_fed Round:  37 | Epochs: 185 | Domain: a | loss: 0.2602 | Acc: 93.27%
2023-11-19 13:52 before_fed Round:  37 | Epochs: 185 | Domain: c | loss: 0.2546 | Acc: 93.25%
2023-11-19 13:52 before_fed Round:  37 | Epochs: 185 | Domain: s | loss: 0.1387 | Acc: 95.48%
2023-11-19 13:52 after_fed Round:  37 | Epochs: 185 | Domain: a | loss: 0.4102 | Acc: 87.98%
2023-11-19 13:52 after_fed Round:  37 | Epochs: 185 | Domain: c | loss: 0.3747 | Acc: 90.72%
2023-11-19 13:52 after_fed Round:  37 | Epochs: 185 | Domain: s | loss: 0.1584 | Acc: 93.97%
2023-11-19 13:52 test_domain Round:  37 | Epochs: 185 | Domain: p | loss: 0.2895 | Acc: 92.16%
2023-11-19 13:53 before_fed Round:  38 | Epochs: 190 | Domain: a | loss: 0.3031 | Acc: 92.31%
2023-11-19 13:53 before_fed Round:  38 | Epochs: 190 | Domain: c | loss: 0.2751 | Acc: 93.25%
2023-11-19 13:53 before_fed Round:  38 | Epochs: 190 | Domain: s | loss: 0.1716 | Acc: 93.97%
2023-11-19 13:53 after_fed Round:  38 | Epochs: 190 | Domain: a | loss: 0.4063 | Acc: 87.50%
2023-11-19 13:53 after_fed Round:  38 | Epochs: 190 | Domain: c | loss: 0.3261 | Acc: 92.41%
2023-11-19 13:53 after_fed Round:  38 | Epochs: 190 | Domain: s | loss: 0.1656 | Acc: 94.72%
2023-11-19 13:53 test_domain Round:  38 | Epochs: 190 | Domain: p | loss: 0.3132 | Acc: 91.50%
2023-11-19 13:53 before_fed Round:  39 | Epochs: 195 | Domain: a | loss: 0.2787 | Acc: 92.31%
2023-11-19 13:54 before_fed Round:  39 | Epochs: 195 | Domain: c | loss: 0.2099 | Acc: 94.94%
2023-11-19 13:54 before_fed Round:  39 | Epochs: 195 | Domain: s | loss: 0.2095 | Acc: 94.97%
2023-11-19 13:54 after_fed Round:  39 | Epochs: 195 | Domain: a | loss: 0.3955 | Acc: 89.42%
2023-11-19 13:54 after_fed Round:  39 | Epochs: 195 | Domain: c | loss: 0.3359 | Acc: 93.67%
2023-11-19 13:54 after_fed Round:  39 | Epochs: 195 | Domain: s | loss: 0.1732 | Acc: 94.22%
2023-11-19 13:54 test_domain Round:  39 | Epochs: 195 | Domain: p | loss: 0.3210 | Acc: 91.74%
2023-11-19 13:54 before_fed Round:  40 | Epochs: 200 | Domain: a | loss: 0.2598 | Acc: 93.27%
2023-11-19 13:54 before_fed Round:  40 | Epochs: 200 | Domain: c | loss: 0.2556 | Acc: 95.36%
2023-11-19 13:55 before_fed Round:  40 | Epochs: 200 | Domain: s | loss: 0.1318 | Acc: 96.23%
2023-11-19 13:55 after_fed Round:  40 | Epochs: 200 | Domain: a | loss: 0.3963 | Acc: 88.46%
2023-11-19 13:55 after_fed Round:  40 | Epochs: 200 | Domain: c | loss: 0.3380 | Acc: 93.67%
2023-11-19 13:55 after_fed Round:  40 | Epochs: 200 | Domain: s | loss: 0.1555 | Acc: 94.97%
2023-11-19 13:55 test_domain Round:  40 | Epochs: 200 | Domain: p | loss: 0.3215 | Acc: 91.80%
