2023-11-20 17:57 before_fed Round:   0 | Epochs:   0 | Domain: p | loss: 0.0559 | Acc: 97.66%
2023-11-20 17:57 before_fed Round:   0 | Epochs:   0 | Domain: a | loss: 0.3632 | Acc: 87.02%
2023-11-20 17:57 before_fed Round:   0 | Epochs:   0 | Domain: c | loss: 0.2431 | Acc: 91.14%
2023-11-20 17:57 after_fed Round:   0 | Epochs:   0 | Domain: p | loss: 0.1249 | Acc: 98.83%
2023-11-20 17:57 after_fed Round:   0 | Epochs:   0 | Domain: a | loss: 0.5227 | Acc: 83.65%
2023-11-20 17:57 after_fed Round:   0 | Epochs:   0 | Domain: c | loss: 0.6809 | Acc: 77.22%
2023-11-20 17:57 Model saved! Best Val Acc: 85.35%
2023-11-20 17:57 test_domain Round:   0 | Epochs:   0 | Domain: s | loss: 1.1193 | Acc: 56.83%
2023-11-20 17:58 before_fed Round:   1 | Epochs:   5 | Domain: p | loss: 0.0397 | Acc: 99.42%
2023-11-20 17:58 before_fed Round:   1 | Epochs:   5 | Domain: a | loss: 0.2628 | Acc: 92.31%
2023-11-20 17:58 before_fed Round:   1 | Epochs:   5 | Domain: c | loss: 0.1796 | Acc: 94.94%
2023-11-20 17:58 after_fed Round:   1 | Epochs:   5 | Domain: p | loss: 0.0487 | Acc: 98.83%
2023-11-20 17:58 after_fed Round:   1 | Epochs:   5 | Domain: a | loss: 0.3780 | Acc: 88.94%
2023-11-20 17:58 after_fed Round:   1 | Epochs:   5 | Domain: c | loss: 0.4660 | Acc: 85.23%
2023-11-20 17:58 Model saved! Best Val Acc: 90.23%
2023-11-20 17:58 test_domain Round:   1 | Epochs:   5 | Domain: s | loss: 0.8320 | Acc: 70.48%
2023-11-20 17:58 before_fed Round:   2 | Epochs:  10 | Domain: p | loss: 0.0309 | Acc: 98.83%
2023-11-20 17:58 before_fed Round:   2 | Epochs:  10 | Domain: a | loss: 0.2584 | Acc: 90.38%
2023-11-20 17:59 before_fed Round:   2 | Epochs:  10 | Domain: c | loss: 0.1822 | Acc: 93.25%
2023-11-20 17:59 after_fed Round:   2 | Epochs:  10 | Domain: p | loss: 0.0380 | Acc: 99.42%
2023-11-20 17:59 after_fed Round:   2 | Epochs:  10 | Domain: a | loss: 0.3444 | Acc: 89.90%
2023-11-20 17:59 after_fed Round:   2 | Epochs:  10 | Domain: c | loss: 0.3480 | Acc: 89.45%
2023-11-20 17:59 Model saved! Best Val Acc: 92.35%
2023-11-20 17:59 test_domain Round:   2 | Epochs:  10 | Domain: s | loss: 0.7658 | Acc: 71.95%
2023-11-20 17:59 before_fed Round:   3 | Epochs:  15 | Domain: p | loss: 0.0205 | Acc: 99.42%
2023-11-20 17:59 before_fed Round:   3 | Epochs:  15 | Domain: a | loss: 0.2726 | Acc: 90.38%
2023-11-20 17:59 before_fed Round:   3 | Epochs:  15 | Domain: c | loss: 0.1806 | Acc: 94.09%
2023-11-20 17:59 after_fed Round:   3 | Epochs:  15 | Domain: p | loss: 0.0319 | Acc: 98.83%
2023-11-20 17:59 after_fed Round:   3 | Epochs:  15 | Domain: a | loss: 0.3271 | Acc: 89.42%
2023-11-20 17:59 after_fed Round:   3 | Epochs:  15 | Domain: c | loss: 0.3234 | Acc: 89.87%
2023-11-20 17:59 test_domain Round:   3 | Epochs:  15 | Domain: s | loss: 0.6258 | Acc: 77.58%
2023-11-20 18:00 before_fed Round:   4 | Epochs:  20 | Domain: p | loss: 0.0257 | Acc: 99.42%
2023-11-20 18:00 before_fed Round:   4 | Epochs:  20 | Domain: a | loss: 0.2308 | Acc: 94.23%
2023-11-20 18:00 before_fed Round:   4 | Epochs:  20 | Domain: c | loss: 0.2062 | Acc: 94.09%
2023-11-20 18:00 after_fed Round:   4 | Epochs:  20 | Domain: p | loss: 0.0339 | Acc: 98.83%
2023-11-20 18:00 after_fed Round:   4 | Epochs:  20 | Domain: a | loss: 0.3469 | Acc: 89.42%
2023-11-20 18:00 after_fed Round:   4 | Epochs:  20 | Domain: c | loss: 0.2931 | Acc: 91.98%
2023-11-20 18:00 Model saved! Best Val Acc: 93.00%
2023-11-20 18:00 test_domain Round:   4 | Epochs:  20 | Domain: s | loss: 0.7445 | Acc: 74.40%
2023-11-20 18:00 before_fed Round:   5 | Epochs:  25 | Domain: p | loss: 0.0304 | Acc: 99.42%
2023-11-20 18:00 before_fed Round:   5 | Epochs:  25 | Domain: a | loss: 0.2371 | Acc: 92.31%
2023-11-20 18:01 before_fed Round:   5 | Epochs:  25 | Domain: c | loss: 0.1975 | Acc: 94.51%
2023-11-20 18:01 after_fed Round:   5 | Epochs:  25 | Domain: p | loss: 0.0342 | Acc: 99.42%
2023-11-20 18:01 after_fed Round:   5 | Epochs:  25 | Domain: a | loss: 0.3417 | Acc: 88.94%
2023-11-20 18:01 after_fed Round:   5 | Epochs:  25 | Domain: c | loss: 0.3139 | Acc: 91.14%
2023-11-20 18:01 test_domain Round:   5 | Epochs:  25 | Domain: s | loss: 0.6191 | Acc: 78.37%
2023-11-20 18:01 before_fed Round:   6 | Epochs:  30 | Domain: p | loss: 0.0397 | Acc: 99.42%
2023-11-20 18:01 before_fed Round:   6 | Epochs:  30 | Domain: a | loss: 0.2375 | Acc: 92.79%
2023-11-20 18:01 before_fed Round:   6 | Epochs:  30 | Domain: c | loss: 0.2148 | Acc: 93.67%
2023-11-20 18:01 after_fed Round:   6 | Epochs:  30 | Domain: p | loss: 0.0375 | Acc: 99.42%
2023-11-20 18:01 after_fed Round:   6 | Epochs:  30 | Domain: a | loss: 0.2925 | Acc: 90.38%
2023-11-20 18:01 after_fed Round:   6 | Epochs:  30 | Domain: c | loss: 0.3296 | Acc: 90.72%
2023-11-20 18:01 test_domain Round:   6 | Epochs:  30 | Domain: s | loss: 0.6199 | Acc: 79.08%
2023-11-20 18:02 before_fed Round:   7 | Epochs:  35 | Domain: p | loss: 0.0206 | Acc: 99.42%
2023-11-20 18:02 before_fed Round:   7 | Epochs:  35 | Domain: a | loss: 0.2173 | Acc: 93.27%
2023-11-20 18:02 before_fed Round:   7 | Epochs:  35 | Domain: c | loss: 0.1464 | Acc: 95.78%
2023-11-20 18:02 after_fed Round:   7 | Epochs:  35 | Domain: p | loss: 0.0268 | Acc: 99.42%
2023-11-20 18:02 after_fed Round:   7 | Epochs:  35 | Domain: a | loss: 0.2804 | Acc: 90.87%
2023-11-20 18:02 after_fed Round:   7 | Epochs:  35 | Domain: c | loss: 0.2948 | Acc: 92.83%
2023-11-20 18:02 Model saved! Best Val Acc: 93.98%
2023-11-20 18:02 test_domain Round:   7 | Epochs:  35 | Domain: s | loss: 0.6125 | Acc: 79.23%
2023-11-20 18:02 before_fed Round:   8 | Epochs:  40 | Domain: p | loss: 0.0231 | Acc: 99.42%
2023-11-20 18:02 before_fed Round:   8 | Epochs:  40 | Domain: a | loss: 0.2982 | Acc: 91.35%
2023-11-20 18:03 before_fed Round:   8 | Epochs:  40 | Domain: c | loss: 0.1438 | Acc: 95.36%
2023-11-20 18:03 after_fed Round:   8 | Epochs:  40 | Domain: p | loss: 0.0299 | Acc: 98.83%
2023-11-20 18:03 after_fed Round:   8 | Epochs:  40 | Domain: a | loss: 0.2991 | Acc: 90.87%
2023-11-20 18:03 after_fed Round:   8 | Epochs:  40 | Domain: c | loss: 0.3057 | Acc: 91.14%
2023-11-20 18:03 test_domain Round:   8 | Epochs:  40 | Domain: s | loss: 0.6774 | Acc: 77.76%
2023-11-20 18:03 before_fed Round:   9 | Epochs:  45 | Domain: p | loss: 0.0311 | Acc: 99.42%
2023-11-20 18:03 before_fed Round:   9 | Epochs:  45 | Domain: a | loss: 0.2931 | Acc: 91.35%
2023-11-20 18:03 before_fed Round:   9 | Epochs:  45 | Domain: c | loss: 0.1675 | Acc: 95.78%
2023-11-20 18:03 after_fed Round:   9 | Epochs:  45 | Domain: p | loss: 0.0337 | Acc: 98.25%
2023-11-20 18:03 after_fed Round:   9 | Epochs:  45 | Domain: a | loss: 0.3326 | Acc: 90.87%
2023-11-20 18:03 after_fed Round:   9 | Epochs:  45 | Domain: c | loss: 0.3080 | Acc: 91.98%
2023-11-20 18:03 test_domain Round:   9 | Epochs:  45 | Domain: s | loss: 0.6290 | Acc: 79.13%
2023-11-20 18:03 before_fed Round:  10 | Epochs:  50 | Domain: p | loss: 0.0178 | Acc: 99.42%
2023-11-20 18:04 before_fed Round:  10 | Epochs:  50 | Domain: a | loss: 0.3145 | Acc: 92.31%
2023-11-20 18:04 before_fed Round:  10 | Epochs:  50 | Domain: c | loss: 0.1906 | Acc: 94.51%
2023-11-20 18:04 after_fed Round:  10 | Epochs:  50 | Domain: p | loss: 0.0285 | Acc: 99.42%
2023-11-20 18:04 after_fed Round:  10 | Epochs:  50 | Domain: a | loss: 0.3005 | Acc: 90.87%
2023-11-20 18:04 after_fed Round:  10 | Epochs:  50 | Domain: c | loss: 0.2920 | Acc: 91.56%
2023-11-20 18:04 test_domain Round:  10 | Epochs:  50 | Domain: s | loss: 0.6795 | Acc: 77.86%
2023-11-20 18:04 before_fed Round:  11 | Epochs:  55 | Domain: p | loss: 0.0332 | Acc: 99.42%
2023-11-20 18:04 before_fed Round:  11 | Epochs:  55 | Domain: a | loss: 0.2868 | Acc: 91.83%
2023-11-20 18:05 before_fed Round:  11 | Epochs:  55 | Domain: c | loss: 0.1950 | Acc: 94.51%
2023-11-20 18:05 after_fed Round:  11 | Epochs:  55 | Domain: p | loss: 0.0301 | Acc: 98.83%
2023-11-20 18:05 after_fed Round:  11 | Epochs:  55 | Domain: a | loss: 0.3011 | Acc: 90.87%
2023-11-20 18:05 after_fed Round:  11 | Epochs:  55 | Domain: c | loss: 0.3185 | Acc: 91.98%
2023-11-20 18:05 test_domain Round:  11 | Epochs:  55 | Domain: s | loss: 0.6239 | Acc: 79.69%
2023-11-20 18:05 before_fed Round:  12 | Epochs:  60 | Domain: p | loss: 0.0058 | Acc: 100.00%
2023-11-20 18:05 before_fed Round:  12 | Epochs:  60 | Domain: a | loss: 0.2580 | Acc: 92.79%
2023-11-20 18:05 before_fed Round:  12 | Epochs:  60 | Domain: c | loss: 0.1606 | Acc: 94.09%
2023-11-20 18:05 after_fed Round:  12 | Epochs:  60 | Domain: p | loss: 0.0336 | Acc: 98.25%
2023-11-20 18:05 after_fed Round:  12 | Epochs:  60 | Domain: a | loss: 0.3081 | Acc: 91.35%
2023-11-20 18:05 after_fed Round:  12 | Epochs:  60 | Domain: c | loss: 0.2993 | Acc: 92.41%
2023-11-20 18:05 test_domain Round:  12 | Epochs:  60 | Domain: s | loss: 0.5648 | Acc: 81.06%
2023-11-20 18:05 before_fed Round:  13 | Epochs:  65 | Domain: p | loss: 0.0174 | Acc: 99.42%
2023-11-20 18:06 before_fed Round:  13 | Epochs:  65 | Domain: a | loss: 0.2537 | Acc: 92.31%
2023-11-20 18:06 before_fed Round:  13 | Epochs:  65 | Domain: c | loss: 0.1626 | Acc: 96.62%
2023-11-20 18:06 after_fed Round:  13 | Epochs:  65 | Domain: p | loss: 0.0300 | Acc: 98.83%
2023-11-20 18:06 after_fed Round:  13 | Epochs:  65 | Domain: a | loss: 0.2618 | Acc: 91.35%
2023-11-20 18:06 after_fed Round:  13 | Epochs:  65 | Domain: c | loss: 0.2886 | Acc: 92.41%
2023-11-20 18:06 test_domain Round:  13 | Epochs:  65 | Domain: s | loss: 0.5945 | Acc: 80.43%
2023-11-20 18:06 before_fed Round:  14 | Epochs:  70 | Domain: p | loss: 0.0405 | Acc: 99.42%
2023-11-20 18:06 before_fed Round:  14 | Epochs:  70 | Domain: a | loss: 0.2894 | Acc: 91.83%
2023-11-20 18:06 before_fed Round:  14 | Epochs:  70 | Domain: c | loss: 0.1741 | Acc: 95.36%
2023-11-20 18:06 after_fed Round:  14 | Epochs:  70 | Domain: p | loss: 0.0413 | Acc: 98.25%
2023-11-20 18:06 after_fed Round:  14 | Epochs:  70 | Domain: a | loss: 0.3091 | Acc: 91.83%
2023-11-20 18:06 after_fed Round:  14 | Epochs:  70 | Domain: c | loss: 0.3763 | Acc: 90.30%
2023-11-20 18:07 test_domain Round:  14 | Epochs:  70 | Domain: s | loss: 0.5801 | Acc: 80.81%
2023-11-20 18:07 before_fed Round:  15 | Epochs:  75 | Domain: p | loss: 0.0405 | Acc: 99.42%
2023-11-20 18:07 before_fed Round:  15 | Epochs:  75 | Domain: a | loss: 0.2551 | Acc: 91.83%
2023-11-20 18:07 before_fed Round:  15 | Epochs:  75 | Domain: c | loss: 0.2039 | Acc: 95.36%
2023-11-20 18:07 after_fed Round:  15 | Epochs:  75 | Domain: p | loss: 0.0484 | Acc: 97.66%
2023-11-20 18:07 after_fed Round:  15 | Epochs:  75 | Domain: a | loss: 0.2568 | Acc: 93.27%
2023-11-20 18:07 after_fed Round:  15 | Epochs:  75 | Domain: c | loss: 0.3071 | Acc: 91.14%
2023-11-20 18:07 test_domain Round:  15 | Epochs:  75 | Domain: s | loss: 0.6508 | Acc: 79.41%
2023-11-20 18:07 before_fed Round:  16 | Epochs:  80 | Domain: p | loss: 0.0054 | Acc: 100.00%
2023-11-20 18:08 before_fed Round:  16 | Epochs:  80 | Domain: a | loss: 0.2233 | Acc: 93.75%
2023-11-20 18:08 before_fed Round:  16 | Epochs:  80 | Domain: c | loss: 0.1928 | Acc: 94.94%
2023-11-20 18:08 after_fed Round:  16 | Epochs:  80 | Domain: p | loss: 0.0237 | Acc: 98.83%
2023-11-20 18:08 after_fed Round:  16 | Epochs:  80 | Domain: a | loss: 0.2752 | Acc: 91.83%
2023-11-20 18:08 after_fed Round:  16 | Epochs:  80 | Domain: c | loss: 0.3431 | Acc: 89.87%
2023-11-20 18:08 test_domain Round:  16 | Epochs:  80 | Domain: s | loss: 0.6088 | Acc: 81.22%
2023-11-20 18:08 before_fed Round:  17 | Epochs:  85 | Domain: p | loss: 0.0288 | Acc: 99.42%
2023-11-20 18:08 before_fed Round:  17 | Epochs:  85 | Domain: a | loss: 0.2619 | Acc: 92.31%
2023-11-20 18:08 before_fed Round:  17 | Epochs:  85 | Domain: c | loss: 0.1737 | Acc: 95.36%
2023-11-20 18:08 after_fed Round:  17 | Epochs:  85 | Domain: p | loss: 0.0291 | Acc: 98.25%
2023-11-20 18:08 after_fed Round:  17 | Epochs:  85 | Domain: a | loss: 0.2632 | Acc: 91.83%
2023-11-20 18:08 after_fed Round:  17 | Epochs:  85 | Domain: c | loss: 0.3146 | Acc: 92.83%
2023-11-20 18:08 Model saved! Best Val Acc: 93.98%
2023-11-20 18:08 test_domain Round:  17 | Epochs:  85 | Domain: s | loss: 0.6556 | Acc: 79.56%
2023-11-20 18:09 before_fed Round:  18 | Epochs:  90 | Domain: p | loss: 0.0118 | Acc: 99.42%
2023-11-20 18:09 before_fed Round:  18 | Epochs:  90 | Domain: a | loss: 0.2595 | Acc: 93.27%
2023-11-20 18:09 before_fed Round:  18 | Epochs:  90 | Domain: c | loss: 0.1795 | Acc: 95.36%
2023-11-20 18:09 after_fed Round:  18 | Epochs:  90 | Domain: p | loss: 0.0261 | Acc: 98.83%
2023-11-20 18:09 after_fed Round:  18 | Epochs:  90 | Domain: a | loss: 0.2889 | Acc: 91.35%
2023-11-20 18:09 after_fed Round:  18 | Epochs:  90 | Domain: c | loss: 0.3102 | Acc: 92.41%
2023-11-20 18:09 test_domain Round:  18 | Epochs:  90 | Domain: s | loss: 0.6639 | Acc: 80.30%
2023-11-20 18:09 before_fed Round:  19 | Epochs:  95 | Domain: p | loss: 0.0142 | Acc: 99.42%
2023-11-20 18:09 before_fed Round:  19 | Epochs:  95 | Domain: a | loss: 0.3023 | Acc: 92.31%
2023-11-20 18:10 before_fed Round:  19 | Epochs:  95 | Domain: c | loss: 0.2104 | Acc: 94.51%
2023-11-20 18:10 after_fed Round:  19 | Epochs:  95 | Domain: p | loss: 0.0299 | Acc: 99.42%
2023-11-20 18:10 after_fed Round:  19 | Epochs:  95 | Domain: a | loss: 0.2899 | Acc: 91.83%
2023-11-20 18:10 after_fed Round:  19 | Epochs:  95 | Domain: c | loss: 0.3075 | Acc: 93.25%
2023-11-20 18:10 Model saved! Best Val Acc: 94.47%
2023-11-20 18:10 test_domain Round:  19 | Epochs:  95 | Domain: s | loss: 0.6840 | Acc: 79.61%
2023-11-20 18:10 before_fed Round:  20 | Epochs: 100 | Domain: p | loss: 0.0095 | Acc: 99.42%
2023-11-20 18:10 before_fed Round:  20 | Epochs: 100 | Domain: a | loss: 0.2553 | Acc: 92.79%
2023-11-20 18:10 before_fed Round:  20 | Epochs: 100 | Domain: c | loss: 0.1807 | Acc: 94.94%
2023-11-20 18:10 after_fed Round:  20 | Epochs: 100 | Domain: p | loss: 0.0227 | Acc: 98.83%
2023-11-20 18:10 after_fed Round:  20 | Epochs: 100 | Domain: a | loss: 0.2831 | Acc: 91.83%
2023-11-20 18:10 after_fed Round:  20 | Epochs: 100 | Domain: c | loss: 0.3187 | Acc: 92.83%
2023-11-20 18:10 test_domain Round:  20 | Epochs: 100 | Domain: s | loss: 0.6475 | Acc: 79.99%
2023-11-20 18:11 before_fed Round:  21 | Epochs: 105 | Domain: p | loss: 0.0045 | Acc: 100.00%
2023-11-20 18:11 before_fed Round:  21 | Epochs: 105 | Domain: a | loss: 0.2419 | Acc: 93.27%
2023-11-20 18:11 before_fed Round:  21 | Epochs: 105 | Domain: c | loss: 0.2165 | Acc: 95.78%
2023-11-20 18:11 after_fed Round:  21 | Epochs: 105 | Domain: p | loss: 0.0259 | Acc: 98.25%
2023-11-20 18:11 after_fed Round:  21 | Epochs: 105 | Domain: a | loss: 0.2568 | Acc: 92.79%
2023-11-20 18:11 after_fed Round:  21 | Epochs: 105 | Domain: c | loss: 0.3178 | Acc: 92.83%
2023-11-20 18:11 test_domain Round:  21 | Epochs: 105 | Domain: s | loss: 0.6649 | Acc: 80.22%
2023-11-20 18:11 before_fed Round:  22 | Epochs: 110 | Domain: p | loss: 0.0121 | Acc: 99.42%
2023-11-20 18:11 before_fed Round:  22 | Epochs: 110 | Domain: a | loss: 0.3179 | Acc: 91.83%
2023-11-20 18:12 before_fed Round:  22 | Epochs: 110 | Domain: c | loss: 0.1899 | Acc: 96.62%
2023-11-20 18:12 after_fed Round:  22 | Epochs: 110 | Domain: p | loss: 0.0237 | Acc: 99.42%
2023-11-20 18:12 after_fed Round:  22 | Epochs: 110 | Domain: a | loss: 0.2510 | Acc: 93.75%
2023-11-20 18:12 after_fed Round:  22 | Epochs: 110 | Domain: c | loss: 0.3135 | Acc: 93.25%
2023-11-20 18:12 Model saved! Best Val Acc: 95.12%
2023-11-20 18:12 test_domain Round:  22 | Epochs: 110 | Domain: s | loss: 0.6318 | Acc: 80.73%
2023-11-20 18:12 before_fed Round:  23 | Epochs: 115 | Domain: p | loss: 0.0127 | Acc: 99.42%
2023-11-20 18:12 before_fed Round:  23 | Epochs: 115 | Domain: a | loss: 0.2501 | Acc: 92.31%
2023-11-20 18:12 before_fed Round:  23 | Epochs: 115 | Domain: c | loss: 0.1837 | Acc: 95.36%
2023-11-20 18:12 after_fed Round:  23 | Epochs: 115 | Domain: p | loss: 0.0223 | Acc: 99.42%
2023-11-20 18:12 after_fed Round:  23 | Epochs: 115 | Domain: a | loss: 0.2617 | Acc: 92.79%
2023-11-20 18:12 after_fed Round:  23 | Epochs: 115 | Domain: c | loss: 0.3463 | Acc: 91.14%
2023-11-20 18:12 test_domain Round:  23 | Epochs: 115 | Domain: s | loss: 0.6076 | Acc: 81.55%
2023-11-20 18:13 before_fed Round:  24 | Epochs: 120 | Domain: p | loss: 0.0113 | Acc: 99.42%
2023-11-20 18:13 before_fed Round:  24 | Epochs: 120 | Domain: a | loss: 0.2363 | Acc: 93.75%
2023-11-20 18:13 before_fed Round:  24 | Epochs: 120 | Domain: c | loss: 0.2032 | Acc: 94.94%
2023-11-20 18:13 after_fed Round:  24 | Epochs: 120 | Domain: p | loss: 0.0357 | Acc: 98.83%
2023-11-20 18:13 after_fed Round:  24 | Epochs: 120 | Domain: a | loss: 0.2588 | Acc: 92.31%
2023-11-20 18:13 after_fed Round:  24 | Epochs: 120 | Domain: c | loss: 0.3072 | Acc: 91.98%
2023-11-20 18:13 test_domain Round:  24 | Epochs: 120 | Domain: s | loss: 0.6205 | Acc: 81.52%
2023-11-20 18:13 before_fed Round:  25 | Epochs: 125 | Domain: p | loss: 0.0173 | Acc: 99.42%
2023-11-20 18:13 before_fed Round:  25 | Epochs: 125 | Domain: a | loss: 0.2412 | Acc: 91.83%
2023-11-20 18:14 before_fed Round:  25 | Epochs: 125 | Domain: c | loss: 0.2193 | Acc: 95.36%
2023-11-20 18:14 after_fed Round:  25 | Epochs: 125 | Domain: p | loss: 0.0445 | Acc: 98.25%
2023-11-20 18:14 after_fed Round:  25 | Epochs: 125 | Domain: a | loss: 0.2317 | Acc: 92.79%
2023-11-20 18:14 after_fed Round:  25 | Epochs: 125 | Domain: c | loss: 0.3138 | Acc: 92.83%
2023-11-20 18:14 test_domain Round:  25 | Epochs: 125 | Domain: s | loss: 0.6223 | Acc: 81.47%
2023-11-20 18:14 before_fed Round:  26 | Epochs: 130 | Domain: p | loss: 0.0165 | Acc: 99.42%
2023-11-20 18:14 before_fed Round:  26 | Epochs: 130 | Domain: a | loss: 0.2519 | Acc: 93.27%
2023-11-20 18:14 before_fed Round:  26 | Epochs: 130 | Domain: c | loss: 0.1860 | Acc: 95.78%
2023-11-20 18:14 after_fed Round:  26 | Epochs: 130 | Domain: p | loss: 0.0408 | Acc: 98.25%
2023-11-20 18:14 after_fed Round:  26 | Epochs: 130 | Domain: a | loss: 0.2339 | Acc: 92.79%
2023-11-20 18:14 after_fed Round:  26 | Epochs: 130 | Domain: c | loss: 0.2979 | Acc: 93.67%
2023-11-20 18:14 test_domain Round:  26 | Epochs: 130 | Domain: s | loss: 0.6762 | Acc: 80.33%
2023-11-20 18:14 before_fed Round:  27 | Epochs: 135 | Domain: p | loss: 0.0238 | Acc: 99.42%
2023-11-20 18:15 before_fed Round:  27 | Epochs: 135 | Domain: a | loss: 0.2685 | Acc: 93.27%
2023-11-20 18:15 before_fed Round:  27 | Epochs: 135 | Domain: c | loss: 0.1668 | Acc: 96.62%
2023-11-20 18:15 after_fed Round:  27 | Epochs: 135 | Domain: p | loss: 0.0506 | Acc: 98.25%
2023-11-20 18:15 after_fed Round:  27 | Epochs: 135 | Domain: a | loss: 0.2573 | Acc: 93.27%
2023-11-20 18:15 after_fed Round:  27 | Epochs: 135 | Domain: c | loss: 0.2859 | Acc: 93.67%
2023-11-20 18:15 test_domain Round:  27 | Epochs: 135 | Domain: s | loss: 0.6427 | Acc: 81.04%
2023-11-20 18:15 before_fed Round:  28 | Epochs: 140 | Domain: p | loss: 0.0161 | Acc: 99.42%
2023-11-20 18:15 before_fed Round:  28 | Epochs: 140 | Domain: a | loss: 0.2794 | Acc: 93.27%
2023-11-20 18:16 before_fed Round:  28 | Epochs: 140 | Domain: c | loss: 0.1731 | Acc: 96.20%
2023-11-20 18:16 after_fed Round:  28 | Epochs: 140 | Domain: p | loss: 0.0482 | Acc: 98.83%
2023-11-20 18:16 after_fed Round:  28 | Epochs: 140 | Domain: a | loss: 0.2647 | Acc: 92.79%
2023-11-20 18:16 after_fed Round:  28 | Epochs: 140 | Domain: c | loss: 0.2949 | Acc: 93.67%
2023-11-20 18:16 test_domain Round:  28 | Epochs: 140 | Domain: s | loss: 0.6150 | Acc: 81.32%
2023-11-20 18:16 before_fed Round:  29 | Epochs: 145 | Domain: p | loss: 0.0249 | Acc: 99.42%
2023-11-20 18:16 before_fed Round:  29 | Epochs: 145 | Domain: a | loss: 0.2962 | Acc: 90.87%
2023-11-20 18:16 before_fed Round:  29 | Epochs: 145 | Domain: c | loss: 0.1963 | Acc: 94.94%
2023-11-20 18:16 after_fed Round:  29 | Epochs: 145 | Domain: p | loss: 0.0542 | Acc: 97.66%
2023-11-20 18:16 after_fed Round:  29 | Epochs: 145 | Domain: a | loss: 0.2567 | Acc: 92.79%
2023-11-20 18:16 after_fed Round:  29 | Epochs: 145 | Domain: c | loss: 0.2821 | Acc: 93.25%
2023-11-20 18:16 test_domain Round:  29 | Epochs: 145 | Domain: s | loss: 0.6249 | Acc: 80.63%
2023-11-20 18:16 before_fed Round:  30 | Epochs: 150 | Domain: p | loss: 0.0076 | Acc: 99.42%
2023-11-20 18:17 before_fed Round:  30 | Epochs: 150 | Domain: a | loss: 0.3363 | Acc: 90.38%
2023-11-20 18:17 before_fed Round:  30 | Epochs: 150 | Domain: c | loss: 0.1681 | Acc: 96.20%
2023-11-20 18:17 after_fed Round:  30 | Epochs: 150 | Domain: p | loss: 0.0280 | Acc: 98.83%
2023-11-20 18:17 after_fed Round:  30 | Epochs: 150 | Domain: a | loss: 0.2896 | Acc: 91.83%
2023-11-20 18:17 after_fed Round:  30 | Epochs: 150 | Domain: c | loss: 0.2970 | Acc: 92.41%
2023-11-20 18:17 test_domain Round:  30 | Epochs: 150 | Domain: s | loss: 0.6342 | Acc: 81.06%
2023-11-20 18:17 before_fed Round:  31 | Epochs: 155 | Domain: p | loss: 0.0082 | Acc: 99.42%
2023-11-20 18:17 before_fed Round:  31 | Epochs: 155 | Domain: a | loss: 0.2569 | Acc: 92.79%
2023-11-20 18:18 before_fed Round:  31 | Epochs: 155 | Domain: c | loss: 0.1601 | Acc: 97.47%
2023-11-20 18:18 after_fed Round:  31 | Epochs: 155 | Domain: p | loss: 0.0279 | Acc: 98.83%
2023-11-20 18:18 after_fed Round:  31 | Epochs: 155 | Domain: a | loss: 0.2563 | Acc: 91.83%
2023-11-20 18:18 after_fed Round:  31 | Epochs: 155 | Domain: c | loss: 0.3104 | Acc: 92.83%
2023-11-20 18:18 test_domain Round:  31 | Epochs: 155 | Domain: s | loss: 0.5778 | Acc: 82.23%
2023-11-20 18:18 before_fed Round:  32 | Epochs: 160 | Domain: p | loss: 0.0211 | Acc: 98.83%
2023-11-20 18:18 before_fed Round:  32 | Epochs: 160 | Domain: a | loss: 0.2391 | Acc: 93.27%
2023-11-20 18:18 before_fed Round:  32 | Epochs: 160 | Domain: c | loss: 0.1684 | Acc: 96.20%
2023-11-20 18:18 after_fed Round:  32 | Epochs: 160 | Domain: p | loss: 0.0362 | Acc: 98.25%
2023-11-20 18:18 after_fed Round:  32 | Epochs: 160 | Domain: a | loss: 0.2702 | Acc: 91.35%
2023-11-20 18:18 after_fed Round:  32 | Epochs: 160 | Domain: c | loss: 0.2658 | Acc: 93.25%
2023-11-20 18:18 test_domain Round:  32 | Epochs: 160 | Domain: s | loss: 0.6768 | Acc: 80.89%
2023-11-20 18:18 before_fed Round:  33 | Epochs: 165 | Domain: p | loss: 0.0094 | Acc: 99.42%
2023-11-20 18:19 before_fed Round:  33 | Epochs: 165 | Domain: a | loss: 0.2919 | Acc: 93.27%
2023-11-20 18:19 before_fed Round:  33 | Epochs: 165 | Domain: c | loss: 0.1814 | Acc: 94.94%
2023-11-20 18:19 after_fed Round:  33 | Epochs: 165 | Domain: p | loss: 0.0406 | Acc: 97.66%
2023-11-20 18:19 after_fed Round:  33 | Epochs: 165 | Domain: a | loss: 0.2915 | Acc: 91.83%
2023-11-20 18:19 after_fed Round:  33 | Epochs: 165 | Domain: c | loss: 0.2610 | Acc: 93.67%
2023-11-20 18:19 test_domain Round:  33 | Epochs: 165 | Domain: s | loss: 0.6681 | Acc: 80.35%
2023-11-20 18:19 before_fed Round:  34 | Epochs: 170 | Domain: p | loss: 0.0250 | Acc: 99.42%
2023-11-20 18:19 before_fed Round:  34 | Epochs: 170 | Domain: a | loss: 0.2733 | Acc: 92.79%
2023-11-20 18:19 before_fed Round:  34 | Epochs: 170 | Domain: c | loss: 0.1981 | Acc: 95.36%
2023-11-20 18:19 after_fed Round:  34 | Epochs: 170 | Domain: p | loss: 0.0408 | Acc: 98.25%
2023-11-20 18:19 after_fed Round:  34 | Epochs: 170 | Domain: a | loss: 0.2846 | Acc: 91.35%
2023-11-20 18:19 after_fed Round:  34 | Epochs: 170 | Domain: c | loss: 0.2758 | Acc: 93.25%
2023-11-20 18:20 test_domain Round:  34 | Epochs: 170 | Domain: s | loss: 0.6943 | Acc: 80.45%
2023-11-20 18:20 before_fed Round:  35 | Epochs: 175 | Domain: p | loss: 0.0240 | Acc: 99.42%
2023-11-20 18:20 before_fed Round:  35 | Epochs: 175 | Domain: a | loss: 0.2193 | Acc: 93.75%
2023-11-20 18:20 before_fed Round:  35 | Epochs: 175 | Domain: c | loss: 0.1844 | Acc: 96.62%
2023-11-20 18:20 after_fed Round:  35 | Epochs: 175 | Domain: p | loss: 0.0328 | Acc: 98.83%
2023-11-20 18:20 after_fed Round:  35 | Epochs: 175 | Domain: a | loss: 0.2607 | Acc: 92.79%
2023-11-20 18:20 after_fed Round:  35 | Epochs: 175 | Domain: c | loss: 0.2979 | Acc: 91.56%
2023-11-20 18:20 test_domain Round:  35 | Epochs: 175 | Domain: s | loss: 0.6987 | Acc: 79.59%
2023-11-20 18:20 before_fed Round:  36 | Epochs: 180 | Domain: p | loss: 0.0141 | Acc: 99.42%
2023-11-20 18:21 before_fed Round:  36 | Epochs: 180 | Domain: a | loss: 0.2531 | Acc: 93.27%
2023-11-20 18:21 before_fed Round:  36 | Epochs: 180 | Domain: c | loss: 0.1786 | Acc: 96.20%
2023-11-20 18:21 after_fed Round:  36 | Epochs: 180 | Domain: p | loss: 0.0411 | Acc: 98.25%
2023-11-20 18:21 after_fed Round:  36 | Epochs: 180 | Domain: a | loss: 0.2750 | Acc: 92.31%
2023-11-20 18:21 after_fed Round:  36 | Epochs: 180 | Domain: c | loss: 0.2964 | Acc: 91.98%
2023-11-20 18:21 test_domain Round:  36 | Epochs: 180 | Domain: s | loss: 0.6617 | Acc: 80.63%
2023-11-20 18:21 before_fed Round:  37 | Epochs: 185 | Domain: p | loss: 0.0346 | Acc: 98.83%
2023-11-20 18:21 before_fed Round:  37 | Epochs: 185 | Domain: a | loss: 0.2353 | Acc: 92.79%
2023-11-20 18:21 before_fed Round:  37 | Epochs: 185 | Domain: c | loss: 0.2043 | Acc: 95.78%
2023-11-20 18:21 after_fed Round:  37 | Epochs: 185 | Domain: p | loss: 0.0416 | Acc: 98.25%
2023-11-20 18:21 after_fed Round:  37 | Epochs: 185 | Domain: a | loss: 0.2830 | Acc: 91.83%
2023-11-20 18:21 after_fed Round:  37 | Epochs: 185 | Domain: c | loss: 0.2992 | Acc: 92.83%
2023-11-20 18:21 test_domain Round:  37 | Epochs: 185 | Domain: s | loss: 0.7432 | Acc: 78.88%
2023-11-20 18:22 before_fed Round:  38 | Epochs: 190 | Domain: p | loss: 0.0189 | Acc: 99.42%
2023-11-20 18:22 before_fed Round:  38 | Epochs: 190 | Domain: a | loss: 0.2695 | Acc: 93.75%
2023-11-20 18:22 before_fed Round:  38 | Epochs: 190 | Domain: c | loss: 0.1840 | Acc: 96.62%
2023-11-20 18:22 after_fed Round:  38 | Epochs: 190 | Domain: p | loss: 0.0377 | Acc: 98.25%
2023-11-20 18:22 after_fed Round:  38 | Epochs: 190 | Domain: a | loss: 0.2632 | Acc: 93.27%
2023-11-20 18:22 after_fed Round:  38 | Epochs: 190 | Domain: c | loss: 0.2912 | Acc: 91.98%
2023-11-20 18:22 test_domain Round:  38 | Epochs: 190 | Domain: s | loss: 0.7547 | Acc: 79.23%
2023-11-20 18:22 before_fed Round:  39 | Epochs: 195 | Domain: p | loss: 0.0201 | Acc: 99.42%
2023-11-20 18:22 before_fed Round:  39 | Epochs: 195 | Domain: a | loss: 0.2678 | Acc: 92.31%
2023-11-20 18:23 before_fed Round:  39 | Epochs: 195 | Domain: c | loss: 0.1663 | Acc: 96.20%
2023-11-20 18:23 after_fed Round:  39 | Epochs: 195 | Domain: p | loss: 0.0357 | Acc: 98.83%
2023-11-20 18:23 after_fed Round:  39 | Epochs: 195 | Domain: a | loss: 0.2518 | Acc: 92.79%
2023-11-20 18:23 after_fed Round:  39 | Epochs: 195 | Domain: c | loss: 0.3134 | Acc: 91.14%
2023-11-20 18:23 test_domain Round:  39 | Epochs: 195 | Domain: s | loss: 0.7596 | Acc: 78.95%
2023-11-20 18:23 before_fed Round:  40 | Epochs: 200 | Domain: p | loss: 0.0166 | Acc: 99.42%
2023-11-20 18:23 before_fed Round:  40 | Epochs: 200 | Domain: a | loss: 0.2644 | Acc: 94.23%
2023-11-20 18:23 before_fed Round:  40 | Epochs: 200 | Domain: c | loss: 0.1638 | Acc: 95.78%
2023-11-20 18:23 after_fed Round:  40 | Epochs: 200 | Domain: p | loss: 0.0402 | Acc: 98.25%
2023-11-20 18:23 after_fed Round:  40 | Epochs: 200 | Domain: a | loss: 0.2618 | Acc: 92.79%
2023-11-20 18:23 after_fed Round:  40 | Epochs: 200 | Domain: c | loss: 0.2852 | Acc: 91.56%
2023-11-20 18:23 test_domain Round:  40 | Epochs: 200 | Domain: s | loss: 0.7852 | Acc: 78.98%
