2023-11-19 09:13 before_fed Round:   0 | Epochs:   0 | Domain: p | loss: 0.0497 | Acc: 99.42%
2023-11-19 09:13 before_fed Round:   0 | Epochs:   0 | Domain: a | loss: 0.2836 | Acc: 91.35%
2023-11-19 09:14 before_fed Round:   0 | Epochs:   0 | Domain: c | loss: 0.2384 | Acc: 92.41%
2023-11-19 09:14 after_fed Round:   0 | Epochs:   0 | Domain: p | loss: 0.0846 | Acc: 99.42%
2023-11-19 09:14 after_fed Round:   0 | Epochs:   0 | Domain: a | loss: 0.5817 | Acc: 80.77%
2023-11-19 09:14 after_fed Round:   0 | Epochs:   0 | Domain: c | loss: 0.7087 | Acc: 75.53%
2023-11-19 09:14 Model saved! Best Val Acc: 85.24%
2023-11-19 09:14 test_domain Round:   0 | Epochs:   0 | Domain: s | loss: 1.2166 | Acc: 52.15%
2023-11-19 09:14 Round 0 FedAvg weight: {'p': 0.2999877048308477, 'a': 0.33852711084798087, 'c': 0.36148518432117144}
2023-11-19 09:14 before_fed Round:   1 | Epochs:   5 | Domain: p | loss: 0.0326 | Acc: 98.25%
2023-11-19 09:14 before_fed Round:   1 | Epochs:   5 | Domain: a | loss: 0.2485 | Acc: 90.38%
2023-11-19 09:14 before_fed Round:   1 | Epochs:   5 | Domain: c | loss: 0.2073 | Acc: 94.09%
2023-11-19 09:14 after_fed Round:   1 | Epochs:   5 | Domain: p | loss: 0.0467 | Acc: 99.42%
2023-11-19 09:14 after_fed Round:   1 | Epochs:   5 | Domain: a | loss: 0.4284 | Acc: 85.10%
2023-11-19 09:14 after_fed Round:   1 | Epochs:   5 | Domain: c | loss: 0.4709 | Acc: 83.54%
2023-11-19 09:14 Model saved! Best Val Acc: 88.83%
2023-11-19 09:14 test_domain Round:   1 | Epochs:   5 | Domain: s | loss: 0.8726 | Acc: 68.39%
2023-11-19 09:14 Round 1 FedAvg weight: {'p': 0.2677738135473693, 'a': 0.34039616742435586, 'c': 0.39183001902827486}
2023-11-19 09:14 before_fed Round:   2 | Epochs:  10 | Domain: p | loss: 0.0314 | Acc: 99.42%
2023-11-19 09:15 before_fed Round:   2 | Epochs:  10 | Domain: a | loss: 0.2664 | Acc: 90.38%
2023-11-19 09:15 before_fed Round:   2 | Epochs:  10 | Domain: c | loss: 0.1829 | Acc: 93.25%
2023-11-19 09:15 after_fed Round:   2 | Epochs:  10 | Domain: p | loss: 0.0432 | Acc: 99.42%
2023-11-19 09:15 after_fed Round:   2 | Epochs:  10 | Domain: a | loss: 0.3649 | Acc: 87.98%
2023-11-19 09:15 after_fed Round:   2 | Epochs:  10 | Domain: c | loss: 0.3191 | Acc: 90.72%
2023-11-19 09:15 Model saved! Best Val Acc: 92.11%
2023-11-19 09:15 test_domain Round:   2 | Epochs:  10 | Domain: s | loss: 0.7075 | Acc: 74.14%
2023-11-19 09:15 Round 2 FedAvg weight: {'p': 0.23765807886606066, 'a': 0.35689023318761304, 'c': 0.4054516879463263}
2023-11-19 09:15 before_fed Round:   3 | Epochs:  15 | Domain: p | loss: 0.0371 | Acc: 98.83%
2023-11-19 09:15 before_fed Round:   3 | Epochs:  15 | Domain: a | loss: 0.2698 | Acc: 90.87%
2023-11-19 09:16 before_fed Round:   3 | Epochs:  15 | Domain: c | loss: 0.2026 | Acc: 93.25%
2023-11-19 09:16 after_fed Round:   3 | Epochs:  15 | Domain: p | loss: 0.0502 | Acc: 98.83%
2023-11-19 09:16 after_fed Round:   3 | Epochs:  15 | Domain: a | loss: 0.3385 | Acc: 90.87%
2023-11-19 09:16 after_fed Round:   3 | Epochs:  15 | Domain: c | loss: 0.2864 | Acc: 91.56%
2023-11-19 09:16 Model saved! Best Val Acc: 93.04%
2023-11-19 09:16 test_domain Round:   3 | Epochs:  15 | Domain: s | loss: 0.6245 | Acc: 77.04%
2023-11-19 09:16 Round 3 FedAvg weight: {'p': 0.22350289548532354, 'a': 0.33563344813882107, 'c': 0.44086365637585545}
2023-11-19 09:16 before_fed Round:   4 | Epochs:  20 | Domain: p | loss: 0.0329 | Acc: 99.42%
2023-11-19 09:16 before_fed Round:   4 | Epochs:  20 | Domain: a | loss: 0.2114 | Acc: 94.23%
2023-11-19 09:16 before_fed Round:   4 | Epochs:  20 | Domain: c | loss: 0.1703 | Acc: 94.09%
2023-11-19 09:16 after_fed Round:   4 | Epochs:  20 | Domain: p | loss: 0.0557 | Acc: 98.83%
2023-11-19 09:16 after_fed Round:   4 | Epochs:  20 | Domain: a | loss: 0.3452 | Acc: 91.35%
2023-11-19 09:16 after_fed Round:   4 | Epochs:  20 | Domain: c | loss: 0.2430 | Acc: 91.98%
2023-11-19 09:16 Model saved! Best Val Acc: 93.30%
2023-11-19 09:16 test_domain Round:   4 | Epochs:  20 | Domain: s | loss: 0.6741 | Acc: 76.38%
2023-11-19 09:16 Round 4 FedAvg weight: {'p': 0.21085592591312854, 'a': 0.3549638947688213, 'c': 0.43418017931805003}
2023-11-19 09:16 before_fed Round:   5 | Epochs:  25 | Domain: p | loss: 0.0415 | Acc: 99.42%
2023-11-19 09:17 before_fed Round:   5 | Epochs:  25 | Domain: a | loss: 0.2852 | Acc: 91.83%
2023-11-19 09:17 before_fed Round:   5 | Epochs:  25 | Domain: c | loss: 0.2181 | Acc: 93.25%
2023-11-19 09:17 after_fed Round:   5 | Epochs:  25 | Domain: p | loss: 0.0586 | Acc: 98.83%
2023-11-19 09:17 after_fed Round:   5 | Epochs:  25 | Domain: a | loss: 0.3517 | Acc: 88.94%
2023-11-19 09:17 after_fed Round:   5 | Epochs:  25 | Domain: c | loss: 0.2783 | Acc: 92.41%
2023-11-19 09:17 test_domain Round:   5 | Epochs:  25 | Domain: s | loss: 0.6281 | Acc: 78.49%
2023-11-19 09:17 Round 5 FedAvg weight: {'p': 0.20465843328096722, 'a': 0.3807998689239445, 'c': 0.41454169779508837}
2023-11-19 09:17 before_fed Round:   6 | Epochs:  30 | Domain: p | loss: 0.0319 | Acc: 99.42%
2023-11-19 09:17 before_fed Round:   6 | Epochs:  30 | Domain: a | loss: 0.2479 | Acc: 91.35%
2023-11-19 09:17 before_fed Round:   6 | Epochs:  30 | Domain: c | loss: 0.1742 | Acc: 94.09%
2023-11-19 09:17 after_fed Round:   6 | Epochs:  30 | Domain: p | loss: 0.0635 | Acc: 98.83%
2023-11-19 09:17 after_fed Round:   6 | Epochs:  30 | Domain: a | loss: 0.3414 | Acc: 92.31%
2023-11-19 09:18 after_fed Round:   6 | Epochs:  30 | Domain: c | loss: 0.2889 | Acc: 91.98%
2023-11-19 09:18 Model saved! Best Val Acc: 93.51%
2023-11-19 09:18 test_domain Round:   6 | Epochs:  30 | Domain: s | loss: 0.6095 | Acc: 79.31%
2023-11-19 09:18 Round 6 FedAvg weight: {'p': 0.21073057638630296, 'a': 0.338016787750011, 'c': 0.4512526358636861}
2023-11-19 09:18 before_fed Round:   7 | Epochs:  35 | Domain: p | loss: 0.0412 | Acc: 99.42%
2023-11-19 09:18 before_fed Round:   7 | Epochs:  35 | Domain: a | loss: 0.2976 | Acc: 91.83%
2023-11-19 09:18 before_fed Round:   7 | Epochs:  35 | Domain: c | loss: 0.1474 | Acc: 94.94%
2023-11-19 09:18 after_fed Round:   7 | Epochs:  35 | Domain: p | loss: 0.0567 | Acc: 98.25%
2023-11-19 09:18 after_fed Round:   7 | Epochs:  35 | Domain: a | loss: 0.3186 | Acc: 91.83%
2023-11-19 09:18 after_fed Round:   7 | Epochs:  35 | Domain: c | loss: 0.2523 | Acc: 92.41%
2023-11-19 09:18 test_domain Round:   7 | Epochs:  35 | Domain: s | loss: 0.5966 | Acc: 79.92%
2023-11-19 09:18 Round 7 FedAvg weight: {'p': 0.21878449268438066, 'a': 0.3121559174001001, 'c': 0.46905958991551927}
2023-11-19 09:18 before_fed Round:   8 | Epochs:  40 | Domain: p | loss: 0.0476 | Acc: 99.42%
2023-11-19 09:19 before_fed Round:   8 | Epochs:  40 | Domain: a | loss: 0.2334 | Acc: 92.31%
2023-11-19 09:19 before_fed Round:   8 | Epochs:  40 | Domain: c | loss: 0.1575 | Acc: 94.94%
2023-11-19 09:19 after_fed Round:   8 | Epochs:  40 | Domain: p | loss: 0.0733 | Acc: 98.25%
2023-11-19 09:19 after_fed Round:   8 | Epochs:  40 | Domain: a | loss: 0.3285 | Acc: 91.35%
2023-11-19 09:19 after_fed Round:   8 | Epochs:  40 | Domain: c | loss: 0.2050 | Acc: 94.94%
2023-11-19 09:19 Model saved! Best Val Acc: 94.54%
2023-11-19 09:19 test_domain Round:   8 | Epochs:  40 | Domain: s | loss: 0.6348 | Acc: 78.98%
2023-11-19 09:19 Round 8 FedAvg weight: {'p': 0.24884605072582383, 'a': 0.32481999090747393, 'c': 0.42633395836670224}
2023-11-19 09:19 before_fed Round:   9 | Epochs:  45 | Domain: p | loss: 0.0375 | Acc: 98.83%
2023-11-19 09:19 before_fed Round:   9 | Epochs:  45 | Domain: a | loss: 0.2615 | Acc: 92.31%
2023-11-19 09:19 before_fed Round:   9 | Epochs:  45 | Domain: c | loss: 0.1769 | Acc: 94.51%
2023-11-19 09:19 after_fed Round:   9 | Epochs:  45 | Domain: p | loss: 0.0693 | Acc: 98.83%
2023-11-19 09:19 after_fed Round:   9 | Epochs:  45 | Domain: a | loss: 0.3706 | Acc: 90.38%
2023-11-19 09:19 after_fed Round:   9 | Epochs:  45 | Domain: c | loss: 0.2707 | Acc: 91.98%
2023-11-19 09:20 test_domain Round:   9 | Epochs:  45 | Domain: s | loss: 0.5370 | Acc: 81.45%
2023-11-19 09:20 Round 9 FedAvg weight: {'p': 0.2274963895524409, 'a': 0.3339892087527305, 'c': 0.4385144016948286}
2023-11-19 09:20 before_fed Round:  10 | Epochs:  50 | Domain: p | loss: 0.0387 | Acc: 99.42%
2023-11-19 09:20 before_fed Round:  10 | Epochs:  50 | Domain: a | loss: 0.2236 | Acc: 93.27%
2023-11-19 09:20 before_fed Round:  10 | Epochs:  50 | Domain: c | loss: 0.1867 | Acc: 94.09%
2023-11-19 09:20 after_fed Round:  10 | Epochs:  50 | Domain: p | loss: 0.0729 | Acc: 98.25%
2023-11-19 09:20 after_fed Round:  10 | Epochs:  50 | Domain: a | loss: 0.3333 | Acc: 90.87%
2023-11-19 09:20 after_fed Round:  10 | Epochs:  50 | Domain: c | loss: 0.2781 | Acc: 91.98%
2023-11-19 09:20 test_domain Round:  10 | Epochs:  50 | Domain: s | loss: 0.6150 | Acc: 79.08%
2023-11-19 09:20 Round 10 FedAvg weight: {'p': 0.22513466930636344, 'a': 0.3436759743045305, 'c': 0.4311893563891061}
2023-11-19 09:20 before_fed Round:  11 | Epochs:  55 | Domain: p | loss: 0.0531 | Acc: 99.42%
2023-11-19 09:21 before_fed Round:  11 | Epochs:  55 | Domain: a | loss: 0.3008 | Acc: 90.38%
2023-11-19 09:21 before_fed Round:  11 | Epochs:  55 | Domain: c | loss: 0.1627 | Acc: 94.51%
2023-11-19 09:21 after_fed Round:  11 | Epochs:  55 | Domain: p | loss: 0.0718 | Acc: 98.83%
2023-11-19 09:21 after_fed Round:  11 | Epochs:  55 | Domain: a | loss: 0.3256 | Acc: 90.38%
2023-11-19 09:21 after_fed Round:  11 | Epochs:  55 | Domain: c | loss: 0.2626 | Acc: 91.98%
2023-11-19 09:21 test_domain Round:  11 | Epochs:  55 | Domain: s | loss: 0.5775 | Acc: 79.84%
2023-11-19 09:21 Round 11 FedAvg weight: {'p': 0.22296118138762222, 'a': 0.323749299578982, 'c': 0.4532895190333956}
2023-11-19 09:21 before_fed Round:  12 | Epochs:  60 | Domain: p | loss: 0.0524 | Acc: 99.42%
2023-11-19 09:21 before_fed Round:  12 | Epochs:  60 | Domain: a | loss: 0.2074 | Acc: 93.27%
2023-11-19 09:21 before_fed Round:  12 | Epochs:  60 | Domain: c | loss: 0.1627 | Acc: 94.51%
2023-11-19 09:21 after_fed Round:  12 | Epochs:  60 | Domain: p | loss: 0.0845 | Acc: 98.25%
2023-11-19 09:21 after_fed Round:  12 | Epochs:  60 | Domain: a | loss: 0.2865 | Acc: 90.87%
2023-11-19 09:21 after_fed Round:  12 | Epochs:  60 | Domain: c | loss: 0.2368 | Acc: 93.67%
2023-11-19 09:22 test_domain Round:  12 | Epochs:  60 | Domain: s | loss: 0.6467 | Acc: 79.10%
2023-11-19 09:22 Round 12 FedAvg weight: {'p': 0.22637194793941592, 'a': 0.34173092786554693, 'c': 0.43189712419503723}
2023-11-19 09:22 before_fed Round:  13 | Epochs:  65 | Domain: p | loss: 0.0565 | Acc: 99.42%
2023-11-19 09:22 before_fed Round:  13 | Epochs:  65 | Domain: a | loss: 0.2269 | Acc: 91.83%
2023-11-19 09:22 before_fed Round:  13 | Epochs:  65 | Domain: c | loss: 0.1756 | Acc: 94.51%
2023-11-19 09:22 after_fed Round:  13 | Epochs:  65 | Domain: p | loss: 0.0737 | Acc: 97.66%
2023-11-19 09:22 after_fed Round:  13 | Epochs:  65 | Domain: a | loss: 0.3032 | Acc: 91.83%
2023-11-19 09:22 after_fed Round:  13 | Epochs:  65 | Domain: c | loss: 0.2502 | Acc: 93.25%
2023-11-19 09:22 test_domain Round:  13 | Epochs:  65 | Domain: s | loss: 0.5504 | Acc: 81.70%
2023-11-19 09:22 Round 13 FedAvg weight: {'p': 0.2527345401563879, 'a': 0.31631866077228016, 'c': 0.4309467990713318}
2023-11-19 09:22 before_fed Round:  14 | Epochs:  70 | Domain: p | loss: 0.0556 | Acc: 99.42%
2023-11-19 09:23 before_fed Round:  14 | Epochs:  70 | Domain: a | loss: 0.3108 | Acc: 91.35%
2023-11-19 09:23 before_fed Round:  14 | Epochs:  70 | Domain: c | loss: 0.1322 | Acc: 96.20%
2023-11-19 09:23 after_fed Round:  14 | Epochs:  70 | Domain: p | loss: 0.0751 | Acc: 97.66%
2023-11-19 09:23 after_fed Round:  14 | Epochs:  70 | Domain: a | loss: 0.3141 | Acc: 91.83%
2023-11-19 09:23 after_fed Round:  14 | Epochs:  70 | Domain: c | loss: 0.2322 | Acc: 93.67%
2023-11-19 09:23 test_domain Round:  14 | Epochs:  70 | Domain: s | loss: 0.5484 | Acc: 81.65%
2023-11-19 09:23 Round 14 FedAvg weight: {'p': 0.2659315308727901, 'a': 0.28827452072930254, 'c': 0.4457939483979074}
2023-11-19 09:23 before_fed Round:  15 | Epochs:  75 | Domain: p | loss: 0.0571 | Acc: 99.42%
2023-11-19 09:23 before_fed Round:  15 | Epochs:  75 | Domain: a | loss: 0.2403 | Acc: 94.23%
2023-11-19 09:23 before_fed Round:  15 | Epochs:  75 | Domain: c | loss: 0.1534 | Acc: 95.78%
2023-11-19 09:23 after_fed Round:  15 | Epochs:  75 | Domain: p | loss: 0.0790 | Acc: 98.25%
2023-11-19 09:23 after_fed Round:  15 | Epochs:  75 | Domain: a | loss: 0.3048 | Acc: 90.38%
2023-11-19 09:23 after_fed Round:  15 | Epochs:  75 | Domain: c | loss: 0.2125 | Acc: 94.94%
2023-11-19 09:23 test_domain Round:  15 | Epochs:  75 | Domain: s | loss: 0.5312 | Acc: 81.70%
2023-11-19 09:23 Round 15 FedAvg weight: {'p': 0.2618237207793517, 'a': 0.3110714002535602, 'c': 0.42710487896708815}
2023-11-19 09:24 before_fed Round:  16 | Epochs:  80 | Domain: p | loss: 0.0319 | Acc: 99.42%
2023-11-19 09:24 before_fed Round:  16 | Epochs:  80 | Domain: a | loss: 0.2626 | Acc: 92.79%
2023-11-19 09:24 before_fed Round:  16 | Epochs:  80 | Domain: c | loss: 0.1572 | Acc: 94.94%
2023-11-19 09:24 after_fed Round:  16 | Epochs:  80 | Domain: p | loss: 0.0794 | Acc: 98.25%
2023-11-19 09:24 after_fed Round:  16 | Epochs:  80 | Domain: a | loss: 0.3180 | Acc: 88.94%
2023-11-19 09:24 after_fed Round:  16 | Epochs:  80 | Domain: c | loss: 0.2410 | Acc: 94.09%
2023-11-19 09:24 test_domain Round:  16 | Epochs:  80 | Domain: s | loss: 0.5437 | Acc: 82.03%
2023-11-19 09:24 Round 16 FedAvg weight: {'p': 0.2581096687505932, 'a': 0.3316830630910602, 'c': 0.41020726815834657}
2023-11-19 09:24 before_fed Round:  17 | Epochs:  85 | Domain: p | loss: 0.0795 | Acc: 98.83%
2023-11-19 09:25 before_fed Round:  17 | Epochs:  85 | Domain: a | loss: 0.3097 | Acc: 91.83%
2023-11-19 09:25 before_fed Round:  17 | Epochs:  85 | Domain: c | loss: 0.1771 | Acc: 94.09%
2023-11-19 09:25 after_fed Round:  17 | Epochs:  85 | Domain: p | loss: 0.0762 | Acc: 98.83%
2023-11-19 09:25 after_fed Round:  17 | Epochs:  85 | Domain: a | loss: 0.2996 | Acc: 91.83%
2023-11-19 09:25 after_fed Round:  17 | Epochs:  85 | Domain: c | loss: 0.2178 | Acc: 94.09%
2023-11-19 09:25 Model saved! Best Val Acc: 94.56%
2023-11-19 09:25 test_domain Round:  17 | Epochs:  85 | Domain: s | loss: 0.6305 | Acc: 79.84%
2023-11-19 09:25 Round 17 FedAvg weight: {'p': nan, 'a': nan, 'c': nan}
2023-11-19 09:25 before_fed Round:  18 | Epochs:  90 | Domain: p | loss: 0.0401 | Acc: 99.42%
2023-11-19 09:25 before_fed Round:  18 | Epochs:  90 | Domain: a | loss: 0.2035 | Acc: 93.75%
2023-11-19 09:25 before_fed Round:  18 | Epochs:  90 | Domain: c | loss: 0.1642 | Acc: 93.25%
2023-11-19 09:25 after_fed Round:  18 | Epochs:  90 | Domain: p | loss: nan | Acc: 11.11%
2023-11-19 09:25 after_fed Round:  18 | Epochs:  90 | Domain: a | loss: nan | Acc: 18.27%
2023-11-19 09:25 after_fed Round:  18 | Epochs:  90 | Domain: c | loss: nan | Acc: 16.46%
2023-11-19 09:25 test_domain Round:  18 | Epochs:  90 | Domain: s | loss: nan | Acc: 19.65%
2023-11-19 09:25 Round 18 FedAvg weight: {'p': nan, 'a': nan, 'c': nan}
2023-11-19 09:26 before_fed Round:  19 | Epochs:  95 | Domain: p | loss: nan | Acc: 11.11%
2023-11-19 09:26 before_fed Round:  19 | Epochs:  95 | Domain: a | loss: nan | Acc: 18.27%
2023-11-19 09:26 before_fed Round:  19 | Epochs:  95 | Domain: c | loss: nan | Acc: 16.46%
2023-11-19 09:26 after_fed Round:  19 | Epochs:  95 | Domain: p | loss: nan | Acc: 11.11%
2023-11-19 09:26 after_fed Round:  19 | Epochs:  95 | Domain: a | loss: nan | Acc: 18.27%
2023-11-19 09:26 after_fed Round:  19 | Epochs:  95 | Domain: c | loss: nan | Acc: 16.46%
2023-11-19 09:26 test_domain Round:  19 | Epochs:  95 | Domain: s | loss: nan | Acc: 19.65%
2023-11-19 09:26 Round 19 FedAvg weight: {'p': nan, 'a': nan, 'c': nan}
2023-11-19 09:26 before_fed Round:  20 | Epochs: 100 | Domain: p | loss: nan | Acc: 11.11%
2023-11-19 09:27 before_fed Round:  20 | Epochs: 100 | Domain: a | loss: nan | Acc: 18.27%
2023-11-19 09:27 before_fed Round:  20 | Epochs: 100 | Domain: c | loss: nan | Acc: 16.46%
2023-11-19 09:27 after_fed Round:  20 | Epochs: 100 | Domain: p | loss: nan | Acc: 11.11%
2023-11-19 09:27 after_fed Round:  20 | Epochs: 100 | Domain: a | loss: nan | Acc: 18.27%
2023-11-19 09:27 after_fed Round:  20 | Epochs: 100 | Domain: c | loss: nan | Acc: 16.46%
2023-11-19 09:27 test_domain Round:  20 | Epochs: 100 | Domain: s | loss: nan | Acc: 19.65%
2023-11-19 09:27 Round 20 FedAvg weight: {'p': nan, 'a': nan, 'c': nan}
2023-11-19 09:27 before_fed Round:  21 | Epochs: 105 | Domain: p | loss: nan | Acc: 11.11%
2023-11-19 09:27 before_fed Round:  21 | Epochs: 105 | Domain: a | loss: nan | Acc: 18.27%
2023-11-19 09:27 before_fed Round:  21 | Epochs: 105 | Domain: c | loss: nan | Acc: 16.46%
2023-11-19 09:27 after_fed Round:  21 | Epochs: 105 | Domain: p | loss: nan | Acc: 11.11%
2023-11-19 09:27 after_fed Round:  21 | Epochs: 105 | Domain: a | loss: nan | Acc: 18.27%
2023-11-19 09:27 after_fed Round:  21 | Epochs: 105 | Domain: c | loss: nan | Acc: 16.46%
2023-11-19 09:27 test_domain Round:  21 | Epochs: 105 | Domain: s | loss: nan | Acc: 19.65%
2023-11-19 09:27 Round 21 FedAvg weight: {'p': nan, 'a': nan, 'c': nan}
2023-11-19 09:28 before_fed Round:  22 | Epochs: 110 | Domain: p | loss: nan | Acc: 11.11%
2023-11-19 09:28 before_fed Round:  22 | Epochs: 110 | Domain: a | loss: nan | Acc: 18.27%
2023-11-19 09:28 before_fed Round:  22 | Epochs: 110 | Domain: c | loss: nan | Acc: 16.46%
2023-11-19 09:28 after_fed Round:  22 | Epochs: 110 | Domain: p | loss: nan | Acc: 11.11%
2023-11-19 09:28 after_fed Round:  22 | Epochs: 110 | Domain: a | loss: nan | Acc: 18.27%
2023-11-19 09:28 after_fed Round:  22 | Epochs: 110 | Domain: c | loss: nan | Acc: 16.46%
2023-11-19 09:28 test_domain Round:  22 | Epochs: 110 | Domain: s | loss: nan | Acc: 19.65%
2023-11-19 09:28 Round 22 FedAvg weight: {'p': nan, 'a': nan, 'c': nan}
2023-11-19 09:28 before_fed Round:  23 | Epochs: 115 | Domain: p | loss: nan | Acc: 11.11%
2023-11-19 09:28 before_fed Round:  23 | Epochs: 115 | Domain: a | loss: nan | Acc: 18.27%
2023-11-19 09:29 before_fed Round:  23 | Epochs: 115 | Domain: c | loss: nan | Acc: 16.46%
2023-11-19 09:29 after_fed Round:  23 | Epochs: 115 | Domain: p | loss: nan | Acc: 11.11%
2023-11-19 09:29 after_fed Round:  23 | Epochs: 115 | Domain: a | loss: nan | Acc: 18.27%
2023-11-19 09:29 after_fed Round:  23 | Epochs: 115 | Domain: c | loss: nan | Acc: 16.46%
2023-11-19 09:29 test_domain Round:  23 | Epochs: 115 | Domain: s | loss: nan | Acc: 19.65%
2023-11-19 09:29 Round 23 FedAvg weight: {'p': nan, 'a': nan, 'c': nan}
2023-11-19 09:29 before_fed Round:  24 | Epochs: 120 | Domain: p | loss: nan | Acc: 11.11%
2023-11-19 09:29 before_fed Round:  24 | Epochs: 120 | Domain: a | loss: nan | Acc: 18.27%
2023-11-19 09:29 before_fed Round:  24 | Epochs: 120 | Domain: c | loss: nan | Acc: 16.46%
2023-11-19 09:29 after_fed Round:  24 | Epochs: 120 | Domain: p | loss: nan | Acc: 11.11%
2023-11-19 09:29 after_fed Round:  24 | Epochs: 120 | Domain: a | loss: nan | Acc: 18.27%
2023-11-19 09:29 after_fed Round:  24 | Epochs: 120 | Domain: c | loss: nan | Acc: 16.46%
2023-11-19 09:29 test_domain Round:  24 | Epochs: 120 | Domain: s | loss: nan | Acc: 19.65%
2023-11-19 09:29 Round 24 FedAvg weight: {'p': nan, 'a': nan, 'c': nan}
2023-11-19 09:30 before_fed Round:  25 | Epochs: 125 | Domain: p | loss: nan | Acc: 11.11%
2023-11-19 09:30 before_fed Round:  25 | Epochs: 125 | Domain: a | loss: nan | Acc: 18.27%
2023-11-19 09:30 before_fed Round:  25 | Epochs: 125 | Domain: c | loss: nan | Acc: 16.46%
2023-11-19 09:30 after_fed Round:  25 | Epochs: 125 | Domain: p | loss: nan | Acc: 11.11%
2023-11-19 09:30 after_fed Round:  25 | Epochs: 125 | Domain: a | loss: nan | Acc: 18.27%
2023-11-19 09:30 after_fed Round:  25 | Epochs: 125 | Domain: c | loss: nan | Acc: 16.46%
2023-11-19 09:30 test_domain Round:  25 | Epochs: 125 | Domain: s | loss: nan | Acc: 19.65%
2023-11-19 09:30 Round 25 FedAvg weight: {'p': nan, 'a': nan, 'c': nan}
2023-11-19 09:30 before_fed Round:  26 | Epochs: 130 | Domain: p | loss: nan | Acc: 11.11%
2023-11-19 09:30 before_fed Round:  26 | Epochs: 130 | Domain: a | loss: nan | Acc: 18.27%
2023-11-19 09:31 before_fed Round:  26 | Epochs: 130 | Domain: c | loss: nan | Acc: 16.46%
2023-11-19 09:31 after_fed Round:  26 | Epochs: 130 | Domain: p | loss: nan | Acc: 11.11%
2023-11-19 09:31 after_fed Round:  26 | Epochs: 130 | Domain: a | loss: nan | Acc: 18.27%
2023-11-19 09:31 after_fed Round:  26 | Epochs: 130 | Domain: c | loss: nan | Acc: 16.46%
2023-11-19 09:31 test_domain Round:  26 | Epochs: 130 | Domain: s | loss: nan | Acc: 19.65%
2023-11-19 09:31 Round 26 FedAvg weight: {'p': nan, 'a': nan, 'c': nan}
2023-11-19 09:31 before_fed Round:  27 | Epochs: 135 | Domain: p | loss: nan | Acc: 11.11%
2023-11-19 09:31 before_fed Round:  27 | Epochs: 135 | Domain: a | loss: nan | Acc: 18.27%
2023-11-19 09:31 before_fed Round:  27 | Epochs: 135 | Domain: c | loss: nan | Acc: 16.46%
2023-11-19 09:31 after_fed Round:  27 | Epochs: 135 | Domain: p | loss: nan | Acc: 11.11%
2023-11-19 09:31 after_fed Round:  27 | Epochs: 135 | Domain: a | loss: nan | Acc: 18.27%
2023-11-19 09:31 after_fed Round:  27 | Epochs: 135 | Domain: c | loss: nan | Acc: 16.46%
2023-11-19 09:31 test_domain Round:  27 | Epochs: 135 | Domain: s | loss: nan | Acc: 19.65%
2023-11-19 09:31 Round 27 FedAvg weight: {'p': nan, 'a': nan, 'c': nan}
2023-11-19 09:32 before_fed Round:  28 | Epochs: 140 | Domain: p | loss: nan | Acc: 11.11%
2023-11-19 09:32 before_fed Round:  28 | Epochs: 140 | Domain: a | loss: nan | Acc: 18.27%
2023-11-19 09:32 before_fed Round:  28 | Epochs: 140 | Domain: c | loss: nan | Acc: 16.46%
2023-11-19 09:32 after_fed Round:  28 | Epochs: 140 | Domain: p | loss: nan | Acc: 11.11%
2023-11-19 09:32 after_fed Round:  28 | Epochs: 140 | Domain: a | loss: nan | Acc: 18.27%
2023-11-19 09:32 after_fed Round:  28 | Epochs: 140 | Domain: c | loss: nan | Acc: 16.46%
2023-11-19 09:32 test_domain Round:  28 | Epochs: 140 | Domain: s | loss: nan | Acc: 19.65%
2023-11-19 09:32 Round 28 FedAvg weight: {'p': nan, 'a': nan, 'c': nan}
2023-11-19 09:32 before_fed Round:  29 | Epochs: 145 | Domain: p | loss: nan | Acc: 11.11%
2023-11-19 09:32 before_fed Round:  29 | Epochs: 145 | Domain: a | loss: nan | Acc: 18.27%
2023-11-19 09:33 before_fed Round:  29 | Epochs: 145 | Domain: c | loss: nan | Acc: 16.46%
2023-11-19 09:33 after_fed Round:  29 | Epochs: 145 | Domain: p | loss: nan | Acc: 11.11%
2023-11-19 09:33 after_fed Round:  29 | Epochs: 145 | Domain: a | loss: nan | Acc: 18.27%
2023-11-19 09:33 after_fed Round:  29 | Epochs: 145 | Domain: c | loss: nan | Acc: 16.46%
2023-11-19 09:33 test_domain Round:  29 | Epochs: 145 | Domain: s | loss: nan | Acc: 19.65%
2023-11-19 09:33 Round 29 FedAvg weight: {'p': nan, 'a': nan, 'c': nan}
2023-11-19 09:33 before_fed Round:  30 | Epochs: 150 | Domain: p | loss: nan | Acc: 11.11%
2023-11-19 09:33 before_fed Round:  30 | Epochs: 150 | Domain: a | loss: nan | Acc: 18.27%
2023-11-19 09:33 before_fed Round:  30 | Epochs: 150 | Domain: c | loss: nan | Acc: 16.46%
2023-11-19 09:33 after_fed Round:  30 | Epochs: 150 | Domain: p | loss: nan | Acc: 11.11%
2023-11-19 09:33 after_fed Round:  30 | Epochs: 150 | Domain: a | loss: nan | Acc: 18.27%
2023-11-19 09:33 after_fed Round:  30 | Epochs: 150 | Domain: c | loss: nan | Acc: 16.46%
2023-11-19 09:33 test_domain Round:  30 | Epochs: 150 | Domain: s | loss: nan | Acc: 19.65%
2023-11-19 09:33 Round 30 FedAvg weight: {'p': nan, 'a': nan, 'c': nan}
2023-11-19 09:34 before_fed Round:  31 | Epochs: 155 | Domain: p | loss: nan | Acc: 11.11%
2023-11-19 09:34 before_fed Round:  31 | Epochs: 155 | Domain: a | loss: nan | Acc: 18.27%
2023-11-19 09:34 before_fed Round:  31 | Epochs: 155 | Domain: c | loss: nan | Acc: 16.46%
2023-11-19 09:34 after_fed Round:  31 | Epochs: 155 | Domain: p | loss: nan | Acc: 11.11%
2023-11-19 09:34 after_fed Round:  31 | Epochs: 155 | Domain: a | loss: nan | Acc: 18.27%
2023-11-19 09:34 after_fed Round:  31 | Epochs: 155 | Domain: c | loss: nan | Acc: 16.46%
2023-11-19 09:34 test_domain Round:  31 | Epochs: 155 | Domain: s | loss: nan | Acc: 19.65%
2023-11-19 09:34 Round 31 FedAvg weight: {'p': nan, 'a': nan, 'c': nan}
2023-11-19 09:34 before_fed Round:  32 | Epochs: 160 | Domain: p | loss: nan | Acc: 11.11%
2023-11-19 09:34 before_fed Round:  32 | Epochs: 160 | Domain: a | loss: nan | Acc: 18.27%
2023-11-19 09:35 before_fed Round:  32 | Epochs: 160 | Domain: c | loss: nan | Acc: 16.46%
2023-11-19 09:35 after_fed Round:  32 | Epochs: 160 | Domain: p | loss: nan | Acc: 11.11%
2023-11-19 09:35 after_fed Round:  32 | Epochs: 160 | Domain: a | loss: nan | Acc: 18.27%
2023-11-19 09:35 after_fed Round:  32 | Epochs: 160 | Domain: c | loss: nan | Acc: 16.46%
2023-11-19 09:35 test_domain Round:  32 | Epochs: 160 | Domain: s | loss: nan | Acc: 19.65%
2023-11-19 09:35 Round 32 FedAvg weight: {'p': nan, 'a': nan, 'c': nan}
2023-11-19 09:35 before_fed Round:  33 | Epochs: 165 | Domain: p | loss: nan | Acc: 11.11%
2023-11-19 09:35 before_fed Round:  33 | Epochs: 165 | Domain: a | loss: nan | Acc: 18.27%
2023-11-19 09:35 before_fed Round:  33 | Epochs: 165 | Domain: c | loss: nan | Acc: 16.46%
2023-11-19 09:35 after_fed Round:  33 | Epochs: 165 | Domain: p | loss: nan | Acc: 11.11%
2023-11-19 09:35 after_fed Round:  33 | Epochs: 165 | Domain: a | loss: nan | Acc: 18.27%
2023-11-19 09:35 after_fed Round:  33 | Epochs: 165 | Domain: c | loss: nan | Acc: 16.46%
2023-11-19 09:35 test_domain Round:  33 | Epochs: 165 | Domain: s | loss: nan | Acc: 19.65%
2023-11-19 09:35 Round 33 FedAvg weight: {'p': nan, 'a': nan, 'c': nan}
2023-11-19 09:36 before_fed Round:  34 | Epochs: 170 | Domain: p | loss: nan | Acc: 11.11%
2023-11-19 09:36 before_fed Round:  34 | Epochs: 170 | Domain: a | loss: nan | Acc: 18.27%
2023-11-19 09:36 before_fed Round:  34 | Epochs: 170 | Domain: c | loss: nan | Acc: 16.46%
2023-11-19 09:36 after_fed Round:  34 | Epochs: 170 | Domain: p | loss: nan | Acc: 11.11%
2023-11-19 09:36 after_fed Round:  34 | Epochs: 170 | Domain: a | loss: nan | Acc: 18.27%
2023-11-19 09:36 after_fed Round:  34 | Epochs: 170 | Domain: c | loss: nan | Acc: 16.46%
2023-11-19 09:36 test_domain Round:  34 | Epochs: 170 | Domain: s | loss: nan | Acc: 19.65%
2023-11-19 09:36 Round 34 FedAvg weight: {'p': nan, 'a': nan, 'c': nan}
2023-11-19 09:36 before_fed Round:  35 | Epochs: 175 | Domain: p | loss: nan | Acc: 11.11%
2023-11-19 09:36 before_fed Round:  35 | Epochs: 175 | Domain: a | loss: nan | Acc: 18.27%
2023-11-19 09:37 before_fed Round:  35 | Epochs: 175 | Domain: c | loss: nan | Acc: 16.46%
2023-11-19 09:37 after_fed Round:  35 | Epochs: 175 | Domain: p | loss: nan | Acc: 11.11%
2023-11-19 09:37 after_fed Round:  35 | Epochs: 175 | Domain: a | loss: nan | Acc: 18.27%
2023-11-19 09:37 after_fed Round:  35 | Epochs: 175 | Domain: c | loss: nan | Acc: 16.46%
2023-11-19 09:37 test_domain Round:  35 | Epochs: 175 | Domain: s | loss: nan | Acc: 19.65%
2023-11-19 09:37 Round 35 FedAvg weight: {'p': nan, 'a': nan, 'c': nan}
2023-11-19 09:37 before_fed Round:  36 | Epochs: 180 | Domain: p | loss: nan | Acc: 11.11%
2023-11-19 09:37 before_fed Round:  36 | Epochs: 180 | Domain: a | loss: nan | Acc: 18.27%
2023-11-19 09:37 before_fed Round:  36 | Epochs: 180 | Domain: c | loss: nan | Acc: 16.46%
2023-11-19 09:37 after_fed Round:  36 | Epochs: 180 | Domain: p | loss: nan | Acc: 11.11%
2023-11-19 09:37 after_fed Round:  36 | Epochs: 180 | Domain: a | loss: nan | Acc: 18.27%
2023-11-19 09:37 after_fed Round:  36 | Epochs: 180 | Domain: c | loss: nan | Acc: 16.46%
2023-11-19 09:37 test_domain Round:  36 | Epochs: 180 | Domain: s | loss: nan | Acc: 19.65%
2023-11-19 09:37 Round 36 FedAvg weight: {'p': nan, 'a': nan, 'c': nan}
2023-11-19 09:38 before_fed Round:  37 | Epochs: 185 | Domain: p | loss: nan | Acc: 11.11%
2023-11-19 09:38 before_fed Round:  37 | Epochs: 185 | Domain: a | loss: nan | Acc: 18.27%
2023-11-19 09:38 before_fed Round:  37 | Epochs: 185 | Domain: c | loss: nan | Acc: 16.46%
2023-11-19 09:38 after_fed Round:  37 | Epochs: 185 | Domain: p | loss: nan | Acc: 11.11%
2023-11-19 09:38 after_fed Round:  37 | Epochs: 185 | Domain: a | loss: nan | Acc: 18.27%
2023-11-19 09:38 after_fed Round:  37 | Epochs: 185 | Domain: c | loss: nan | Acc: 16.46%
2023-11-19 09:38 test_domain Round:  37 | Epochs: 185 | Domain: s | loss: nan | Acc: 19.65%
2023-11-19 09:38 Round 37 FedAvg weight: {'p': nan, 'a': nan, 'c': nan}
2023-11-19 09:38 before_fed Round:  38 | Epochs: 190 | Domain: p | loss: nan | Acc: 11.11%
2023-11-19 09:38 before_fed Round:  38 | Epochs: 190 | Domain: a | loss: nan | Acc: 18.27%
2023-11-19 09:39 before_fed Round:  38 | Epochs: 190 | Domain: c | loss: nan | Acc: 16.46%
2023-11-19 09:39 after_fed Round:  38 | Epochs: 190 | Domain: p | loss: nan | Acc: 11.11%
2023-11-19 09:39 after_fed Round:  38 | Epochs: 190 | Domain: a | loss: nan | Acc: 18.27%
2023-11-19 09:39 after_fed Round:  38 | Epochs: 190 | Domain: c | loss: nan | Acc: 16.46%
2023-11-19 09:39 test_domain Round:  38 | Epochs: 190 | Domain: s | loss: nan | Acc: 19.65%
2023-11-19 09:39 Round 38 FedAvg weight: {'p': nan, 'a': nan, 'c': nan}
2023-11-19 09:39 before_fed Round:  39 | Epochs: 195 | Domain: p | loss: nan | Acc: 11.11%
2023-11-19 09:39 before_fed Round:  39 | Epochs: 195 | Domain: a | loss: nan | Acc: 18.27%
2023-11-19 09:39 before_fed Round:  39 | Epochs: 195 | Domain: c | loss: nan | Acc: 16.46%
2023-11-19 09:39 after_fed Round:  39 | Epochs: 195 | Domain: p | loss: nan | Acc: 11.11%
2023-11-19 09:39 after_fed Round:  39 | Epochs: 195 | Domain: a | loss: nan | Acc: 18.27%
2023-11-19 09:39 after_fed Round:  39 | Epochs: 195 | Domain: c | loss: nan | Acc: 16.46%
2023-11-19 09:39 test_domain Round:  39 | Epochs: 195 | Domain: s | loss: nan | Acc: 19.65%
2023-11-19 09:39 Round 39 FedAvg weight: {'p': nan, 'a': nan, 'c': nan}
2023-11-19 09:39 before_fed Round:  40 | Epochs: 200 | Domain: p | loss: nan | Acc: 11.11%
2023-11-19 09:40 before_fed Round:  40 | Epochs: 200 | Domain: a | loss: nan | Acc: 18.27%
2023-11-19 09:40 before_fed Round:  40 | Epochs: 200 | Domain: c | loss: nan | Acc: 16.46%
2023-11-19 09:40 after_fed Round:  40 | Epochs: 200 | Domain: p | loss: nan | Acc: 11.11%
2023-11-19 09:40 after_fed Round:  40 | Epochs: 200 | Domain: a | loss: nan | Acc: 18.27%
2023-11-19 09:40 after_fed Round:  40 | Epochs: 200 | Domain: c | loss: nan | Acc: 16.46%
2023-11-19 09:40 test_domain Round:  40 | Epochs: 200 | Domain: s | loss: nan | Acc: 19.65%
2023-11-19 09:40 Round 40 FedAvg weight: {'p': nan, 'a': nan, 'c': nan}
