2023-11-19 12:45 before_fed Round:   0 | Epochs:   0 | Domain: p | loss: 0.0478 | Acc: 98.83%
2023-11-19 12:45 before_fed Round:   0 | Epochs:   0 | Domain: a | loss: 0.2881 | Acc: 90.38%
2023-11-19 12:46 before_fed Round:   0 | Epochs:   0 | Domain: c | loss: 0.1812 | Acc: 93.67%
2023-11-19 12:46 after_fed Round:   0 | Epochs:   0 | Domain: p | loss: 0.0612 | Acc: 99.42%
2023-11-19 12:46 after_fed Round:   0 | Epochs:   0 | Domain: a | loss: 0.5234 | Acc: 82.21%
2023-11-19 12:46 after_fed Round:   0 | Epochs:   0 | Domain: c | loss: 0.6321 | Acc: 76.79%
2023-11-19 12:46 Model saved! Best Val Acc: 86.14%
2023-11-19 12:46 test_domain Round:   0 | Epochs:   0 | Domain: s | loss: 1.0410 | Acc: 63.07%
2023-11-19 12:46 Round 0 FedAvg weight: {'p': 0.3011361807708947, 'a': 0.3333987977056278, 'c': 0.36546502152347754}
2023-11-19 12:46 before_fed Round:   1 | Epochs:   5 | Domain: p | loss: 0.0324 | Acc: 98.83%
2023-11-19 12:46 before_fed Round:   1 | Epochs:   5 | Domain: a | loss: 0.2525 | Acc: 92.79%
2023-11-19 12:46 before_fed Round:   1 | Epochs:   5 | Domain: c | loss: 0.1586 | Acc: 94.51%
2023-11-19 12:46 after_fed Round:   1 | Epochs:   5 | Domain: p | loss: 0.0408 | Acc: 98.25%
2023-11-19 12:46 after_fed Round:   1 | Epochs:   5 | Domain: a | loss: 0.4075 | Acc: 85.58%
2023-11-19 12:46 after_fed Round:   1 | Epochs:   5 | Domain: c | loss: 0.3542 | Acc: 90.30%
2023-11-19 12:46 Model saved! Best Val Acc: 91.12%
2023-11-19 12:46 test_domain Round:   1 | Epochs:   5 | Domain: s | loss: 0.8076 | Acc: 70.27%
2023-11-19 12:46 Round 1 FedAvg weight: {'p': 0.27589606563686025, 'a': 0.3600693663170027, 'c': 0.3640345680461371}
2023-11-19 12:47 before_fed Round:   2 | Epochs:  10 | Domain: p | loss: 0.0201 | Acc: 98.83%
2023-11-19 12:47 before_fed Round:   2 | Epochs:  10 | Domain: a | loss: 0.2655 | Acc: 91.35%
2023-11-19 12:47 before_fed Round:   2 | Epochs:  10 | Domain: c | loss: 0.1763 | Acc: 95.78%
2023-11-19 12:47 after_fed Round:   2 | Epochs:  10 | Domain: p | loss: 0.0244 | Acc: 99.42%
2023-11-19 12:47 after_fed Round:   2 | Epochs:  10 | Domain: a | loss: 0.3629 | Acc: 88.94%
2023-11-19 12:47 after_fed Round:   2 | Epochs:  10 | Domain: c | loss: 0.3897 | Acc: 85.65%
2023-11-19 12:47 test_domain Round:   2 | Epochs:  10 | Domain: s | loss: 0.8021 | Acc: 70.55%
2023-11-19 12:47 Round 2 FedAvg weight: {'p': 0.25276165015655194, 'a': 0.3487576972758563, 'c': 0.3984806525675917}
2023-11-19 12:47 before_fed Round:   3 | Epochs:  15 | Domain: p | loss: 0.0230 | Acc: 98.83%
2023-11-19 12:47 before_fed Round:   3 | Epochs:  15 | Domain: a | loss: 0.2324 | Acc: 92.79%
2023-11-19 12:48 before_fed Round:   3 | Epochs:  15 | Domain: c | loss: 0.1791 | Acc: 94.94%
2023-11-19 12:48 after_fed Round:   3 | Epochs:  15 | Domain: p | loss: 0.0262 | Acc: 99.42%
2023-11-19 12:48 after_fed Round:   3 | Epochs:  15 | Domain: a | loss: 0.3394 | Acc: 91.35%
2023-11-19 12:48 after_fed Round:   3 | Epochs:  15 | Domain: c | loss: 0.3057 | Acc: 90.30%
2023-11-19 12:48 Model saved! Best Val Acc: 92.97%
2023-11-19 12:48 test_domain Round:   3 | Epochs:  15 | Domain: s | loss: 0.7442 | Acc: 73.91%
2023-11-19 12:48 Round 3 FedAvg weight: {'p': 0.22769674542086654, 'a': 0.34272262740278353, 'c': 0.4295806271763499}
2023-11-19 12:48 before_fed Round:   4 | Epochs:  20 | Domain: p | loss: 0.0197 | Acc: 99.42%
2023-11-19 12:48 before_fed Round:   4 | Epochs:  20 | Domain: a | loss: 0.2609 | Acc: 92.31%
2023-11-19 12:48 before_fed Round:   4 | Epochs:  20 | Domain: c | loss: 0.1317 | Acc: 96.20%
2023-11-19 12:48 after_fed Round:   4 | Epochs:  20 | Domain: p | loss: 0.0545 | Acc: 98.25%
2023-11-19 12:48 after_fed Round:   4 | Epochs:  20 | Domain: a | loss: 0.3559 | Acc: 89.90%
2023-11-19 12:48 after_fed Round:   4 | Epochs:  20 | Domain: c | loss: 0.2172 | Acc: 92.41%
2023-11-19 12:48 test_domain Round:   4 | Epochs:  20 | Domain: s | loss: 0.8389 | Acc: 73.10%
2023-11-19 12:48 Round 4 FedAvg weight: {'p': 0.2203185060888728, 'a': 0.3409484836376226, 'c': 0.43873301027350453}
2023-11-19 12:49 before_fed Round:   5 | Epochs:  25 | Domain: p | loss: 0.0144 | Acc: 99.42%
2023-11-19 12:49 before_fed Round:   5 | Epochs:  25 | Domain: a | loss: 0.2502 | Acc: 91.83%
2023-11-19 12:49 before_fed Round:   5 | Epochs:  25 | Domain: c | loss: 0.1498 | Acc: 95.78%
2023-11-19 12:49 after_fed Round:   5 | Epochs:  25 | Domain: p | loss: 0.0568 | Acc: 98.25%
2023-11-19 12:49 after_fed Round:   5 | Epochs:  25 | Domain: a | loss: 0.3382 | Acc: 90.87%
2023-11-19 12:49 after_fed Round:   5 | Epochs:  25 | Domain: c | loss: 0.2304 | Acc: 92.41%
2023-11-19 12:49 Model saved! Best Val Acc: 93.17%
2023-11-19 12:49 test_domain Round:   5 | Epochs:  25 | Domain: s | loss: 0.7815 | Acc: 74.12%
2023-11-19 12:49 Round 5 FedAvg weight: {'p': 0.21961216137162148, 'a': 0.3261190316124491, 'c': 0.4542688070159295}
2023-11-19 12:49 before_fed Round:   6 | Epochs:  30 | Domain: p | loss: 0.0394 | Acc: 99.42%
2023-11-19 12:49 before_fed Round:   6 | Epochs:  30 | Domain: a | loss: 0.2145 | Acc: 93.75%
2023-11-19 12:50 before_fed Round:   6 | Epochs:  30 | Domain: c | loss: 0.1649 | Acc: 95.78%
2023-11-19 12:50 after_fed Round:   6 | Epochs:  30 | Domain: p | loss: 0.0315 | Acc: 98.83%
2023-11-19 12:50 after_fed Round:   6 | Epochs:  30 | Domain: a | loss: 0.3273 | Acc: 90.87%
2023-11-19 12:50 after_fed Round:   6 | Epochs:  30 | Domain: c | loss: 0.2596 | Acc: 92.41%
2023-11-19 12:50 Model saved! Best Val Acc: 93.31%
2023-11-19 12:50 test_domain Round:   6 | Epochs:  30 | Domain: s | loss: 0.6832 | Acc: 76.33%
2023-11-19 12:50 Round 6 FedAvg weight: {'p': 0.20541929468276138, 'a': 0.336200000129266, 'c': 0.45838070518797275}
2023-11-19 12:50 before_fed Round:   7 | Epochs:  35 | Domain: p | loss: 0.0439 | Acc: 99.42%
2023-11-19 12:50 before_fed Round:   7 | Epochs:  35 | Domain: a | loss: 0.3076 | Acc: 90.38%
2023-11-19 12:50 before_fed Round:   7 | Epochs:  35 | Domain: c | loss: 0.1812 | Acc: 93.67%
2023-11-19 12:50 after_fed Round:   7 | Epochs:  35 | Domain: p | loss: 0.0381 | Acc: 98.83%
2023-11-19 12:50 after_fed Round:   7 | Epochs:  35 | Domain: a | loss: 0.3831 | Acc: 89.42%
2023-11-19 12:50 after_fed Round:   7 | Epochs:  35 | Domain: c | loss: 0.2521 | Acc: 92.83%
2023-11-19 12:50 test_domain Round:   7 | Epochs:  35 | Domain: s | loss: 0.7636 | Acc: 75.41%
2023-11-19 12:50 Round 7 FedAvg weight: {'p': 0.2102646447892673, 'a': 0.34435908400008824, 'c': 0.44537627121064444}
2023-11-19 12:51 before_fed Round:   8 | Epochs:  40 | Domain: p | loss: 0.0146 | Acc: 99.42%
2023-11-19 12:51 before_fed Round:   8 | Epochs:  40 | Domain: a | loss: 0.2442 | Acc: 91.35%
2023-11-19 12:51 before_fed Round:   8 | Epochs:  40 | Domain: c | loss: 0.1810 | Acc: 95.78%
2023-11-19 12:51 after_fed Round:   8 | Epochs:  40 | Domain: p | loss: 0.0259 | Acc: 99.42%
2023-11-19 12:51 after_fed Round:   8 | Epochs:  40 | Domain: a | loss: 0.3592 | Acc: 90.87%
2023-11-19 12:51 after_fed Round:   8 | Epochs:  40 | Domain: c | loss: 0.2907 | Acc: 93.25%
2023-11-19 12:51 Model saved! Best Val Acc: 93.72%
2023-11-19 12:51 test_domain Round:   8 | Epochs:  40 | Domain: s | loss: 0.6801 | Acc: 78.90%
2023-11-19 12:51 Round 8 FedAvg weight: {'p': 0.1973491843473071, 'a': 0.3330100489458779, 'c': 0.469640766706815}
2023-11-19 12:51 before_fed Round:   9 | Epochs:  45 | Domain: p | loss: 0.0381 | Acc: 99.42%
2023-11-19 12:51 before_fed Round:   9 | Epochs:  45 | Domain: a | loss: 0.2434 | Acc: 92.79%
2023-11-19 12:52 before_fed Round:   9 | Epochs:  45 | Domain: c | loss: 0.1436 | Acc: 95.78%
2023-11-19 12:52 after_fed Round:   9 | Epochs:  45 | Domain: p | loss: 0.0493 | Acc: 98.25%
2023-11-19 12:52 after_fed Round:   9 | Epochs:  45 | Domain: a | loss: 0.3484 | Acc: 89.90%
2023-11-19 12:52 after_fed Round:   9 | Epochs:  45 | Domain: c | loss: 0.2536 | Acc: 92.83%
2023-11-19 12:52 test_domain Round:   9 | Epochs:  45 | Domain: s | loss: 0.8640 | Acc: 75.57%
2023-11-19 12:52 Round 9 FedAvg weight: {'p': 0.19392876581585078, 'a': 0.341841140190119, 'c': 0.4642300939940301}
2023-11-19 12:52 before_fed Round:  10 | Epochs:  50 | Domain: p | loss: 0.0394 | Acc: 99.42%
2023-11-19 12:52 before_fed Round:  10 | Epochs:  50 | Domain: a | loss: 0.3297 | Acc: 91.35%
2023-11-19 12:52 before_fed Round:  10 | Epochs:  50 | Domain: c | loss: 0.1609 | Acc: 94.94%
2023-11-19 12:52 after_fed Round:  10 | Epochs:  50 | Domain: p | loss: 0.0615 | Acc: 98.25%
2023-11-19 12:52 after_fed Round:  10 | Epochs:  50 | Domain: a | loss: 0.3225 | Acc: 91.35%
2023-11-19 12:52 after_fed Round:  10 | Epochs:  50 | Domain: c | loss: 0.1924 | Acc: 94.94%
2023-11-19 12:52 Model saved! Best Val Acc: 94.35%
2023-11-19 12:52 test_domain Round:  10 | Epochs:  50 | Domain: s | loss: 0.8635 | Acc: 74.83%
2023-11-19 12:52 Round 10 FedAvg weight: {'p': 0.23352972977735417, 'a': 0.32504704297000225, 'c': 0.44142322725264355}
2023-11-19 12:53 before_fed Round:  11 | Epochs:  55 | Domain: p | loss: 0.0493 | Acc: 98.83%
2023-11-19 12:53 before_fed Round:  11 | Epochs:  55 | Domain: a | loss: 0.2600 | Acc: 92.79%
2023-11-19 12:53 before_fed Round:  11 | Epochs:  55 | Domain: c | loss: 0.1359 | Acc: 96.20%
2023-11-19 12:53 after_fed Round:  11 | Epochs:  55 | Domain: p | loss: 0.0494 | Acc: 98.25%
2023-11-19 12:53 after_fed Round:  11 | Epochs:  55 | Domain: a | loss: 0.3341 | Acc: 92.31%
2023-11-19 12:53 after_fed Round:  11 | Epochs:  55 | Domain: c | loss: 0.1984 | Acc: 95.78%
2023-11-19 12:53 Model saved! Best Val Acc: 95.23%
2023-11-19 12:53 test_domain Round:  11 | Epochs:  55 | Domain: s | loss: 0.8370 | Acc: 75.92%
2023-11-19 12:53 Round 11 FedAvg weight: {'p': 0.25153861626681384, 'a': 0.3248392039716913, 'c': 0.4236221797614949}
2023-11-19 12:53 before_fed Round:  12 | Epochs:  60 | Domain: p | loss: 0.0570 | Acc: 98.83%
2023-11-19 12:53 before_fed Round:  12 | Epochs:  60 | Domain: a | loss: 0.2654 | Acc: 92.79%
2023-11-19 12:54 before_fed Round:  12 | Epochs:  60 | Domain: c | loss: 0.1731 | Acc: 94.51%
2023-11-19 12:54 after_fed Round:  12 | Epochs:  60 | Domain: p | loss: 0.0603 | Acc: 98.83%
2023-11-19 12:54 after_fed Round:  12 | Epochs:  60 | Domain: a | loss: 0.3287 | Acc: 91.35%
2023-11-19 12:54 after_fed Round:  12 | Epochs:  60 | Domain: c | loss: 0.2280 | Acc: 94.09%
2023-11-19 12:54 test_domain Round:  12 | Epochs:  60 | Domain: s | loss: 0.7762 | Acc: 77.96%
2023-11-19 12:54 Round 12 FedAvg weight: {'p': 0.23674823375882856, 'a': 0.35123012285537936, 'c': 0.4120216433857921}
2023-11-19 12:54 before_fed Round:  13 | Epochs:  65 | Domain: p | loss: 0.0503 | Acc: 99.42%
2023-11-19 12:54 before_fed Round:  13 | Epochs:  65 | Domain: a | loss: 0.2981 | Acc: 91.35%
2023-11-19 12:54 before_fed Round:  13 | Epochs:  65 | Domain: c | loss: 0.1498 | Acc: 96.20%
2023-11-19 12:54 after_fed Round:  13 | Epochs:  65 | Domain: p | loss: 0.0557 | Acc: 97.66%
2023-11-19 12:54 after_fed Round:  13 | Epochs:  65 | Domain: a | loss: 0.2887 | Acc: 93.27%
2023-11-19 12:54 after_fed Round:  13 | Epochs:  65 | Domain: c | loss: 0.2257 | Acc: 94.51%
2023-11-19 12:54 test_domain Round:  13 | Epochs:  65 | Domain: s | loss: 0.6884 | Acc: 79.31%
2023-11-19 12:54 Round 13 FedAvg weight: {'p': 0.2693908244209682, 'a': 0.2937355325454395, 'c': 0.4368736430335923}
2023-11-19 12:55 before_fed Round:  14 | Epochs:  70 | Domain: p | loss: 0.0147 | Acc: 100.00%
2023-11-19 12:55 before_fed Round:  14 | Epochs:  70 | Domain: a | loss: 0.2605 | Acc: 91.83%
2023-11-19 12:55 before_fed Round:  14 | Epochs:  70 | Domain: c | loss: 0.1325 | Acc: 95.78%
2023-11-19 12:55 after_fed Round:  14 | Epochs:  70 | Domain: p | loss: 0.0480 | Acc: 98.25%
2023-11-19 12:55 after_fed Round:  14 | Epochs:  70 | Domain: a | loss: 0.3074 | Acc: 90.87%
2023-11-19 12:55 after_fed Round:  14 | Epochs:  70 | Domain: c | loss: 0.2224 | Acc: 94.94%
2023-11-19 12:55 test_domain Round:  14 | Epochs:  70 | Domain: s | loss: 0.7635 | Acc: 78.29%
2023-11-19 12:55 Round 14 FedAvg weight: {'p': 0.2880859733078162, 'a': 0.2917587823366914, 'c': 0.42015524435549245}
2023-11-19 12:55 before_fed Round:  15 | Epochs:  75 | Domain: p | loss: 0.0290 | Acc: 99.42%
2023-11-19 12:55 before_fed Round:  15 | Epochs:  75 | Domain: a | loss: 0.2584 | Acc: 91.83%
2023-11-19 12:56 before_fed Round:  15 | Epochs:  75 | Domain: c | loss: 0.1252 | Acc: 95.78%
2023-11-19 12:56 after_fed Round:  15 | Epochs:  75 | Domain: p | loss: 0.0516 | Acc: 97.66%
2023-11-19 12:56 after_fed Round:  15 | Epochs:  75 | Domain: a | loss: 0.2669 | Acc: 93.27%
2023-11-19 12:56 after_fed Round:  15 | Epochs:  75 | Domain: c | loss: 0.2387 | Acc: 92.83%
2023-11-19 12:56 test_domain Round:  15 | Epochs:  75 | Domain: s | loss: 0.7498 | Acc: 77.48%
2023-11-19 12:56 Round 15 FedAvg weight: {'p': 0.29947679904050434, 'a': 0.2582259545308709, 'c': 0.44229724642862484}
2023-11-19 12:56 before_fed Round:  16 | Epochs:  80 | Domain: p | loss: 0.0358 | Acc: 99.42%
2023-11-19 12:56 before_fed Round:  16 | Epochs:  80 | Domain: a | loss: 0.2437 | Acc: 94.71%
2023-11-19 12:56 before_fed Round:  16 | Epochs:  80 | Domain: c | loss: 0.1366 | Acc: 95.78%
2023-11-19 12:56 after_fed Round:  16 | Epochs:  80 | Domain: p | loss: 0.0458 | Acc: 98.83%
2023-11-19 12:56 after_fed Round:  16 | Epochs:  80 | Domain: a | loss: 0.2591 | Acc: 92.31%
2023-11-19 12:56 after_fed Round:  16 | Epochs:  80 | Domain: c | loss: 0.2619 | Acc: 92.83%
2023-11-19 12:56 test_domain Round:  16 | Epochs:  80 | Domain: s | loss: 0.8053 | Acc: 77.83%
2023-11-19 12:56 Round 16 FedAvg weight: {'p': 0.2839257061490227, 'a': 0.26954220933529716, 'c': 0.4465320845156802}
2023-11-19 12:56 before_fed Round:  17 | Epochs:  85 | Domain: p | loss: 0.0389 | Acc: 99.42%
2023-11-19 12:57 before_fed Round:  17 | Epochs:  85 | Domain: a | loss: 0.1715 | Acc: 93.75%
2023-11-19 12:57 before_fed Round:  17 | Epochs:  85 | Domain: c | loss: 0.1455 | Acc: 95.78%
2023-11-19 12:57 after_fed Round:  17 | Epochs:  85 | Domain: p | loss: 0.0569 | Acc: 98.25%
2023-11-19 12:57 after_fed Round:  17 | Epochs:  85 | Domain: a | loss: 0.2256 | Acc: 94.71%
2023-11-19 12:57 after_fed Round:  17 | Epochs:  85 | Domain: c | loss: 0.2501 | Acc: 91.98%
2023-11-19 12:57 test_domain Round:  17 | Epochs:  85 | Domain: s | loss: 0.7030 | Acc: 79.79%
2023-11-19 12:57 Round 17 FedAvg weight: {'p': 0.28425236542025895, 'a': 0.24891203626525144, 'c': 0.4668355983144897}
2023-11-19 12:57 before_fed Round:  18 | Epochs:  90 | Domain: p | loss: 0.0479 | Acc: 99.42%
2023-11-19 12:57 before_fed Round:  18 | Epochs:  90 | Domain: a | loss: 0.2122 | Acc: 93.75%
2023-11-19 12:58 before_fed Round:  18 | Epochs:  90 | Domain: c | loss: 0.1375 | Acc: 95.36%
2023-11-19 12:58 after_fed Round:  18 | Epochs:  90 | Domain: p | loss: 0.0573 | Acc: 98.83%
2023-11-19 12:58 after_fed Round:  18 | Epochs:  90 | Domain: a | loss: 0.2699 | Acc: 92.31%
2023-11-19 12:58 after_fed Round:  18 | Epochs:  90 | Domain: c | loss: 0.2310 | Acc: 93.67%
2023-11-19 12:58 test_domain Round:  18 | Epochs:  90 | Domain: s | loss: 0.6979 | Acc: 79.84%
2023-11-19 12:58 Round 18 FedAvg weight: {'p': 0.2743837031411524, 'a': 0.2597539898273244, 'c': 0.46586230703152315}
2023-11-19 12:58 before_fed Round:  19 | Epochs:  95 | Domain: p | loss: 0.0193 | Acc: 99.42%
2023-11-19 12:58 before_fed Round:  19 | Epochs:  95 | Domain: a | loss: 0.2056 | Acc: 94.71%
2023-11-19 12:58 before_fed Round:  19 | Epochs:  95 | Domain: c | loss: 0.1358 | Acc: 97.05%
2023-11-19 12:58 after_fed Round:  19 | Epochs:  95 | Domain: p | loss: 0.0506 | Acc: 98.83%
2023-11-19 12:58 after_fed Round:  19 | Epochs:  95 | Domain: a | loss: 0.2940 | Acc: 91.35%
2023-11-19 12:58 after_fed Round:  19 | Epochs:  95 | Domain: c | loss: 0.2344 | Acc: 93.25%
2023-11-19 12:58 test_domain Round:  19 | Epochs:  95 | Domain: s | loss: 0.7750 | Acc: 78.98%
2023-11-19 12:58 Round 19 FedAvg weight: {'p': 0.2605398046244949, 'a': 0.27190780971130984, 'c': 0.4675523856641954}
2023-11-19 12:58 before_fed Round:  20 | Epochs: 100 | Domain: p | loss: 0.0441 | Acc: 99.42%
2023-11-19 12:59 before_fed Round:  20 | Epochs: 100 | Domain: a | loss: 0.2536 | Acc: 93.27%
2023-11-19 12:59 before_fed Round:  20 | Epochs: 100 | Domain: c | loss: 0.1498 | Acc: 94.51%
2023-11-19 12:59 after_fed Round:  20 | Epochs: 100 | Domain: p | loss: 0.0538 | Acc: 98.25%
2023-11-19 12:59 after_fed Round:  20 | Epochs: 100 | Domain: a | loss: 0.2770 | Acc: 92.31%
2023-11-19 12:59 after_fed Round:  20 | Epochs: 100 | Domain: c | loss: 0.2198 | Acc: 95.36%
2023-11-19 12:59 Model saved! Best Val Acc: 95.28%
2023-11-19 12:59 test_domain Round:  20 | Epochs: 100 | Domain: s | loss: 0.8931 | Acc: 77.42%
2023-11-19 12:59 Round 20 FedAvg weight: {'p': 0.2845776257855462, 'a': 0.2895289403691621, 'c': 0.42589343384529177}
2023-11-19 12:59 before_fed Round:  21 | Epochs: 105 | Domain: p | loss: 0.0300 | Acc: 99.42%
2023-11-19 12:59 before_fed Round:  21 | Epochs: 105 | Domain: a | loss: 0.2326 | Acc: 91.83%
2023-11-19 13:00 before_fed Round:  21 | Epochs: 105 | Domain: c | loss: 0.1732 | Acc: 95.36%
2023-11-19 13:00 after_fed Round:  21 | Epochs: 105 | Domain: p | loss: 0.0385 | Acc: 98.83%
2023-11-19 13:00 after_fed Round:  21 | Epochs: 105 | Domain: a | loss: 0.2750 | Acc: 92.31%
2023-11-19 13:00 after_fed Round:  21 | Epochs: 105 | Domain: c | loss: 0.2851 | Acc: 92.83%
2023-11-19 13:00 test_domain Round:  21 | Epochs: 105 | Domain: s | loss: 0.7590 | Acc: 79.54%
2023-11-19 13:00 Round 21 FedAvg weight: {'p': 0.2824747081757164, 'a': 0.2737005782077221, 'c': 0.4438247136165614}
2023-11-19 13:00 before_fed Round:  22 | Epochs: 110 | Domain: p | loss: 0.0552 | Acc: 98.83%
2023-11-19 13:00 before_fed Round:  22 | Epochs: 110 | Domain: a | loss: 0.2577 | Acc: 93.27%
2023-11-19 13:00 before_fed Round:  22 | Epochs: 110 | Domain: c | loss: 0.1288 | Acc: 95.36%
2023-11-19 13:00 after_fed Round:  22 | Epochs: 110 | Domain: p | loss: 0.0557 | Acc: 98.83%
2023-11-19 13:00 after_fed Round:  22 | Epochs: 110 | Domain: a | loss: 0.3435 | Acc: 91.35%
2023-11-19 13:00 after_fed Round:  22 | Epochs: 110 | Domain: c | loss: 0.2427 | Acc: 92.41%
2023-11-19 13:00 test_domain Round:  22 | Epochs: 110 | Domain: s | loss: 0.7528 | Acc: 79.10%
2023-11-19 13:00 Round 22 FedAvg weight: {'p': 0.2684394078190944, 'a': 0.27969491765505256, 'c': 0.451865674525853}
2023-11-19 13:00 before_fed Round:  23 | Epochs: 115 | Domain: p | loss: 0.0346 | Acc: 99.42%
2023-11-19 13:01 before_fed Round:  23 | Epochs: 115 | Domain: a | loss: 0.2287 | Acc: 93.27%
2023-11-19 13:01 before_fed Round:  23 | Epochs: 115 | Domain: c | loss: 0.1601 | Acc: 95.36%
2023-11-19 13:01 after_fed Round:  23 | Epochs: 115 | Domain: p | loss: 0.0452 | Acc: 98.83%
2023-11-19 13:01 after_fed Round:  23 | Epochs: 115 | Domain: a | loss: 0.2733 | Acc: 92.31%
2023-11-19 13:01 after_fed Round:  23 | Epochs: 115 | Domain: c | loss: 0.2340 | Acc: 93.67%
2023-11-19 13:01 test_domain Round:  23 | Epochs: 115 | Domain: s | loss: 0.8175 | Acc: 77.50%
2023-11-19 13:01 Round 23 FedAvg weight: {'p': 0.26367642009173103, 'a': 0.2806526426977431, 'c': 0.4556709372105258}
2023-11-19 13:01 before_fed Round:  24 | Epochs: 120 | Domain: p | loss: 0.0217 | Acc: 99.42%
2023-11-19 13:01 before_fed Round:  24 | Epochs: 120 | Domain: a | loss: 0.2649 | Acc: 93.75%
2023-11-19 13:02 before_fed Round:  24 | Epochs: 120 | Domain: c | loss: 0.1318 | Acc: 95.78%
2023-11-19 13:02 after_fed Round:  24 | Epochs: 120 | Domain: p | loss: 0.0307 | Acc: 99.42%
2023-11-19 13:02 after_fed Round:  24 | Epochs: 120 | Domain: a | loss: 0.3145 | Acc: 93.27%
2023-11-19 13:02 after_fed Round:  24 | Epochs: 120 | Domain: c | loss: 0.2312 | Acc: 92.83%
2023-11-19 13:02 test_domain Round:  24 | Epochs: 120 | Domain: s | loss: 0.8161 | Acc: 78.47%
2023-11-19 13:02 Round 24 FedAvg weight: {'p': 0.2552665898241832, 'a': 0.2761662187709497, 'c': 0.46856719140486713}
2023-11-19 13:02 before_fed Round:  25 | Epochs: 125 | Domain: p | loss: 0.0257 | Acc: 99.42%
2023-11-19 13:02 before_fed Round:  25 | Epochs: 125 | Domain: a | loss: 0.3014 | Acc: 92.31%
2023-11-19 13:02 before_fed Round:  25 | Epochs: 125 | Domain: c | loss: 0.1343 | Acc: 95.36%
2023-11-19 13:02 after_fed Round:  25 | Epochs: 125 | Domain: p | loss: 0.0419 | Acc: 98.83%
2023-11-19 13:02 after_fed Round:  25 | Epochs: 125 | Domain: a | loss: 0.2927 | Acc: 92.79%
2023-11-19 13:02 after_fed Round:  25 | Epochs: 125 | Domain: c | loss: 0.2194 | Acc: 94.94%
2023-11-19 13:02 Model saved! Best Val Acc: 95.34%
2023-11-19 13:02 test_domain Round:  25 | Epochs: 125 | Domain: s | loss: 0.7441 | Acc: 79.21%
2023-11-19 13:02 Round 25 FedAvg weight: {'p': 0.2753297219870418, 'a': 0.24828817441889364, 'c': 0.47638210359406463}
2023-11-19 13:02 before_fed Round:  26 | Epochs: 130 | Domain: p | loss: 0.0632 | Acc: 98.83%
2023-11-19 13:03 before_fed Round:  26 | Epochs: 130 | Domain: a | loss: 0.2901 | Acc: 93.75%
2023-11-19 13:03 before_fed Round:  26 | Epochs: 130 | Domain: c | loss: 0.1655 | Acc: 96.20%
2023-11-19 13:03 after_fed Round:  26 | Epochs: 130 | Domain: p | loss: 0.0428 | Acc: 98.83%
2023-11-19 13:03 after_fed Round:  26 | Epochs: 130 | Domain: a | loss: 0.3147 | Acc: 92.79%
2023-11-19 13:03 after_fed Round:  26 | Epochs: 130 | Domain: c | loss: 0.2062 | Acc: 94.94%
2023-11-19 13:03 Model saved! Best Val Acc: 95.48%
2023-11-19 13:03 test_domain Round:  26 | Epochs: 130 | Domain: s | loss: 0.8778 | Acc: 78.06%
2023-11-19 13:03 Round 26 FedAvg weight: {'p': 0.2637282163173138, 'a': 0.25601630338074993, 'c': 0.4802554803019362}
2023-11-19 13:03 before_fed Round:  27 | Epochs: 135 | Domain: p | loss: 0.0571 | Acc: 99.42%
2023-11-19 13:03 before_fed Round:  27 | Epochs: 135 | Domain: a | loss: 0.2599 | Acc: 92.79%
2023-11-19 13:04 before_fed Round:  27 | Epochs: 135 | Domain: c | loss: 0.1132 | Acc: 97.05%
2023-11-19 13:04 after_fed Round:  27 | Epochs: 135 | Domain: p | loss: 0.0318 | Acc: 98.83%
2023-11-19 13:04 after_fed Round:  27 | Epochs: 135 | Domain: a | loss: 0.2710 | Acc: 91.83%
2023-11-19 13:04 after_fed Round:  27 | Epochs: 135 | Domain: c | loss: 0.2177 | Acc: 95.36%
2023-11-19 13:04 test_domain Round:  27 | Epochs: 135 | Domain: s | loss: 0.8263 | Acc: 79.26%
2023-11-19 13:04 Round 27 FedAvg weight: {'p': 0.26018000013117437, 'a': 0.25778370290258257, 'c': 0.48203629696624317}
2023-11-19 13:04 before_fed Round:  28 | Epochs: 140 | Domain: p | loss: 0.0432 | Acc: 98.83%
2023-11-19 13:04 before_fed Round:  28 | Epochs: 140 | Domain: a | loss: 0.2788 | Acc: 92.31%
2023-11-19 13:04 before_fed Round:  28 | Epochs: 140 | Domain: c | loss: 0.1129 | Acc: 96.62%
2023-11-19 13:04 after_fed Round:  28 | Epochs: 140 | Domain: p | loss: 0.0427 | Acc: 98.25%
2023-11-19 13:04 after_fed Round:  28 | Epochs: 140 | Domain: a | loss: 0.3108 | Acc: 90.87%
2023-11-19 13:04 after_fed Round:  28 | Epochs: 140 | Domain: c | loss: 0.2119 | Acc: 95.36%
2023-11-19 13:04 test_domain Round:  28 | Epochs: 140 | Domain: s | loss: 0.8973 | Acc: 76.76%
2023-11-19 13:04 Round 28 FedAvg weight: {'p': 0.25628715265272456, 'a': 0.2662783610769765, 'c': 0.477434486270299}
2023-11-19 13:04 before_fed Round:  29 | Epochs: 145 | Domain: p | loss: 0.0248 | Acc: 99.42%
2023-11-19 13:05 before_fed Round:  29 | Epochs: 145 | Domain: a | loss: 0.2257 | Acc: 93.27%
2023-11-19 13:05 before_fed Round:  29 | Epochs: 145 | Domain: c | loss: 0.1479 | Acc: 95.78%
2023-11-19 13:05 after_fed Round:  29 | Epochs: 145 | Domain: p | loss: 0.0323 | Acc: 98.83%
2023-11-19 13:05 after_fed Round:  29 | Epochs: 145 | Domain: a | loss: 0.2724 | Acc: 90.87%
2023-11-19 13:05 after_fed Round:  29 | Epochs: 145 | Domain: c | loss: 0.2263 | Acc: 95.78%
2023-11-19 13:05 test_domain Round:  29 | Epochs: 145 | Domain: s | loss: 0.8143 | Acc: 78.11%
2023-11-19 13:05 Round 29 FedAvg weight: {'p': 0.25481651053121157, 'a': 0.2793326167128648, 'c': 0.46585087275592363}
2023-11-19 13:05 before_fed Round:  30 | Epochs: 150 | Domain: p | loss: 0.0324 | Acc: 99.42%
2023-11-19 13:05 before_fed Round:  30 | Epochs: 150 | Domain: a | loss: 0.3051 | Acc: 91.83%
2023-11-19 13:05 before_fed Round:  30 | Epochs: 150 | Domain: c | loss: 0.1670 | Acc: 96.20%
2023-11-19 13:06 after_fed Round:  30 | Epochs: 150 | Domain: p | loss: 0.0385 | Acc: 98.25%
2023-11-19 13:06 after_fed Round:  30 | Epochs: 150 | Domain: a | loss: 0.3054 | Acc: 90.38%
2023-11-19 13:06 after_fed Round:  30 | Epochs: 150 | Domain: c | loss: 0.2352 | Acc: 94.51%
2023-11-19 13:06 test_domain Round:  30 | Epochs: 150 | Domain: s | loss: 0.8119 | Acc: 78.65%
2023-11-19 13:06 Round 30 FedAvg weight: {'p': 0.2555841127172604, 'a': 0.28183648855643206, 'c': 0.46257939872630766}
2023-11-19 13:06 before_fed Round:  31 | Epochs: 155 | Domain: p | loss: 0.0386 | Acc: 99.42%
2023-11-19 13:06 before_fed Round:  31 | Epochs: 155 | Domain: a | loss: 0.2270 | Acc: 93.75%
2023-11-19 13:06 before_fed Round:  31 | Epochs: 155 | Domain: c | loss: 0.1838 | Acc: 94.51%
2023-11-19 13:06 after_fed Round:  31 | Epochs: 155 | Domain: p | loss: 0.0507 | Acc: 98.25%
2023-11-19 13:06 after_fed Round:  31 | Epochs: 155 | Domain: a | loss: 0.2900 | Acc: 92.31%
2023-11-19 13:06 after_fed Round:  31 | Epochs: 155 | Domain: c | loss: 0.2401 | Acc: 93.25%
2023-11-19 13:06 test_domain Round:  31 | Epochs: 155 | Domain: s | loss: 0.7299 | Acc: 79.28%
2023-11-19 13:06 Round 31 FedAvg weight: {'p': 0.2575583912822805, 'a': 0.2857011107718324, 'c': 0.4567404979458871}
2023-11-19 13:06 before_fed Round:  32 | Epochs: 160 | Domain: p | loss: 0.0197 | Acc: 99.42%
2023-11-19 13:07 before_fed Round:  32 | Epochs: 160 | Domain: a | loss: 0.1689 | Acc: 93.75%
2023-11-19 13:07 before_fed Round:  32 | Epochs: 160 | Domain: c | loss: 0.1551 | Acc: 96.20%
2023-11-19 13:07 after_fed Round:  32 | Epochs: 160 | Domain: p | loss: 0.0388 | Acc: 98.25%
2023-11-19 13:07 after_fed Round:  32 | Epochs: 160 | Domain: a | loss: 0.2910 | Acc: 92.31%
2023-11-19 13:07 after_fed Round:  32 | Epochs: 160 | Domain: c | loss: 0.2396 | Acc: 94.94%
2023-11-19 13:07 test_domain Round:  32 | Epochs: 160 | Domain: s | loss: 0.7590 | Acc: 79.82%
2023-11-19 13:07 Round 32 FedAvg weight: {'p': 0.25926636241899975, 'a': 0.2890444399834125, 'c': 0.4516891975975876}
2023-11-19 13:07 before_fed Round:  33 | Epochs: 165 | Domain: p | loss: 0.0413 | Acc: 98.25%
2023-11-19 13:07 before_fed Round:  33 | Epochs: 165 | Domain: a | loss: 0.2729 | Acc: 92.31%
2023-11-19 13:07 before_fed Round:  33 | Epochs: 165 | Domain: c | loss: 0.1792 | Acc: 95.78%
2023-11-19 13:07 after_fed Round:  33 | Epochs: 165 | Domain: p | loss: 0.0318 | Acc: 98.25%
2023-11-19 13:07 after_fed Round:  33 | Epochs: 165 | Domain: a | loss: 0.3292 | Acc: 90.38%
2023-11-19 13:07 after_fed Round:  33 | Epochs: 165 | Domain: c | loss: 0.2519 | Acc: 94.51%
2023-11-19 13:08 test_domain Round:  33 | Epochs: 165 | Domain: s | loss: 0.7154 | Acc: 80.20%
2023-11-19 13:08 Round 33 FedAvg weight: {'p': 0.2536580576837143, 'a': 0.2958369066878665, 'c': 0.45050503562841915}
2023-11-19 13:08 before_fed Round:  34 | Epochs: 170 | Domain: p | loss: 0.0165 | Acc: 99.42%
2023-11-19 13:08 before_fed Round:  34 | Epochs: 170 | Domain: a | loss: 0.2218 | Acc: 91.35%
2023-11-19 13:08 before_fed Round:  34 | Epochs: 170 | Domain: c | loss: 0.1256 | Acc: 97.47%
2023-11-19 13:08 after_fed Round:  34 | Epochs: 170 | Domain: p | loss: 0.0220 | Acc: 99.42%
2023-11-19 13:08 after_fed Round:  34 | Epochs: 170 | Domain: a | loss: 0.2849 | Acc: 91.35%
2023-11-19 13:08 after_fed Round:  34 | Epochs: 170 | Domain: c | loss: 0.2457 | Acc: 95.36%
2023-11-19 13:08 test_domain Round:  34 | Epochs: 170 | Domain: s | loss: 0.6537 | Acc: 80.81%
2023-11-19 13:08 Round 34 FedAvg weight: {'p': 0.25073284120301254, 'a': 0.2924252784394068, 'c': 0.4568418803575808}
2023-11-19 13:08 before_fed Round:  35 | Epochs: 175 | Domain: p | loss: 0.0418 | Acc: 99.42%
2023-11-19 13:09 before_fed Round:  35 | Epochs: 175 | Domain: a | loss: 0.2770 | Acc: 92.79%
2023-11-19 13:09 before_fed Round:  35 | Epochs: 175 | Domain: c | loss: 0.1694 | Acc: 95.78%
2023-11-19 13:09 after_fed Round:  35 | Epochs: 175 | Domain: p | loss: 0.0321 | Acc: 98.83%
2023-11-19 13:09 after_fed Round:  35 | Epochs: 175 | Domain: a | loss: 0.2787 | Acc: 92.79%
2023-11-19 13:09 after_fed Round:  35 | Epochs: 175 | Domain: c | loss: 0.2598 | Acc: 94.94%
2023-11-19 13:09 test_domain Round:  35 | Epochs: 175 | Domain: s | loss: 0.6629 | Acc: 80.63%
2023-11-19 13:09 Round 35 FedAvg weight: {'p': 0.25337310357235765, 'a': 0.287556989063162, 'c': 0.45906990736448033}
2023-11-19 13:09 before_fed Round:  36 | Epochs: 180 | Domain: p | loss: 0.0273 | Acc: 99.42%
2023-11-19 13:09 before_fed Round:  36 | Epochs: 180 | Domain: a | loss: 0.3358 | Acc: 93.27%
2023-11-19 13:09 before_fed Round:  36 | Epochs: 180 | Domain: c | loss: 0.1528 | Acc: 96.20%
2023-11-19 13:09 after_fed Round:  36 | Epochs: 180 | Domain: p | loss: 0.0303 | Acc: 98.83%
2023-11-19 13:09 after_fed Round:  36 | Epochs: 180 | Domain: a | loss: 0.2906 | Acc: 93.27%
2023-11-19 13:09 after_fed Round:  36 | Epochs: 180 | Domain: c | loss: 0.2235 | Acc: 95.36%
2023-11-19 13:09 Model saved! Best Val Acc: 95.64%
2023-11-19 13:10 test_domain Round:  36 | Epochs: 180 | Domain: s | loss: 0.6913 | Acc: 79.74%
2023-11-19 13:10 Round 36 FedAvg weight: {'p': 0.2555427129582536, 'a': 0.28355652060722675, 'c': 0.4609007664345197}
2023-11-19 13:10 before_fed Round:  37 | Epochs: 185 | Domain: p | loss: 0.0280 | Acc: 99.42%
2023-11-19 13:10 before_fed Round:  37 | Epochs: 185 | Domain: a | loss: 0.2777 | Acc: 91.83%
2023-11-19 13:10 before_fed Round:  37 | Epochs: 185 | Domain: c | loss: 0.1207 | Acc: 97.05%
2023-11-19 13:10 after_fed Round:  37 | Epochs: 185 | Domain: p | loss: 0.0288 | Acc: 98.83%
2023-11-19 13:10 after_fed Round:  37 | Epochs: 185 | Domain: a | loss: 0.2899 | Acc: 92.31%
2023-11-19 13:10 after_fed Round:  37 | Epochs: 185 | Domain: c | loss: 0.2353 | Acc: 94.51%
2023-11-19 13:10 test_domain Round:  37 | Epochs: 185 | Domain: s | loss: 0.6579 | Acc: 80.30%
2023-11-19 13:10 Round 37 FedAvg weight: {'p': 0.2553106642549196, 'a': 0.2803447337355331, 'c': 0.4643446020095474}
2023-11-19 13:10 before_fed Round:  38 | Epochs: 190 | Domain: p | loss: 0.0241 | Acc: 99.42%
2023-11-19 13:11 before_fed Round:  38 | Epochs: 190 | Domain: a | loss: 0.2924 | Acc: 91.35%
2023-11-19 13:11 before_fed Round:  38 | Epochs: 190 | Domain: c | loss: 0.1637 | Acc: 94.94%
2023-11-19 13:11 after_fed Round:  38 | Epochs: 190 | Domain: p | loss: 0.0315 | Acc: 98.83%
2023-11-19 13:11 after_fed Round:  38 | Epochs: 190 | Domain: a | loss: 0.3093 | Acc: 92.31%
2023-11-19 13:11 after_fed Round:  38 | Epochs: 190 | Domain: c | loss: 0.2373 | Acc: 95.36%
2023-11-19 13:11 test_domain Round:  38 | Epochs: 190 | Domain: s | loss: 0.6656 | Acc: 80.89%
2023-11-19 13:11 Round 38 FedAvg weight: {'p': 0.25942904954061624, 'a': 0.27649305283608594, 'c': 0.4640778976232979}
2023-11-19 13:11 before_fed Round:  39 | Epochs: 195 | Domain: p | loss: 0.0206 | Acc: 99.42%
2023-11-19 13:11 before_fed Round:  39 | Epochs: 195 | Domain: a | loss: 0.3206 | Acc: 92.31%
2023-11-19 13:11 before_fed Round:  39 | Epochs: 195 | Domain: c | loss: 0.1655 | Acc: 94.09%
2023-11-19 13:11 after_fed Round:  39 | Epochs: 195 | Domain: p | loss: 0.0335 | Acc: 99.42%
2023-11-19 13:11 after_fed Round:  39 | Epochs: 195 | Domain: a | loss: 0.3431 | Acc: 91.83%
2023-11-19 13:11 after_fed Round:  39 | Epochs: 195 | Domain: c | loss: 0.2228 | Acc: 93.67%
2023-11-19 13:12 test_domain Round:  39 | Epochs: 195 | Domain: s | loss: 0.6766 | Acc: 80.22%
2023-11-19 13:12 Round 39 FedAvg weight: {'p': 0.2578154367508256, 'a': 0.27808590476826767, 'c': 0.4640986584809068}
2023-11-19 13:12 before_fed Round:  40 | Epochs: 200 | Domain: p | loss: 0.0175 | Acc: 99.42%
2023-11-19 13:12 before_fed Round:  40 | Epochs: 200 | Domain: a | loss: 0.2791 | Acc: 92.79%
2023-11-19 13:12 before_fed Round:  40 | Epochs: 200 | Domain: c | loss: 0.1388 | Acc: 96.20%
2023-11-19 13:12 after_fed Round:  40 | Epochs: 200 | Domain: p | loss: 0.0319 | Acc: 99.42%
2023-11-19 13:12 after_fed Round:  40 | Epochs: 200 | Domain: a | loss: 0.3076 | Acc: 91.83%
2023-11-19 13:12 after_fed Round:  40 | Epochs: 200 | Domain: c | loss: 0.2431 | Acc: 93.67%
2023-11-19 13:12 test_domain Round:  40 | Epochs: 200 | Domain: s | loss: 0.6862 | Acc: 80.02%
2023-11-19 13:12 Round 40 FedAvg weight: {'p': 0.2572239042146908, 'a': 0.27807942404150554, 'c': 0.4646966717438037}
